[2.761s] Invoking command in '/home/raspberry/Auv_ws/src/auv_teleop': PYTHONPATH=/home/raspberry/Auv_ws/build/auv_teleop/prefix_override:/usr/lib/python3/dist-packages/colcon_core/task/python/colcon_distutils_commands:/home/raspberry/Auv_ws/install/auv_teleop/lib/python3.10/site-packages:${PYTHONPATH} /usr/bin/python3 -W ignore:setup.py install is deprecated -W ignore:easy_install command is deprecated setup.py egg_info --egg-base ../../build/auv_teleop build --build-base /home/raspberry/Auv_ws/build/auv_teleop/build install --record /home/raspberry/Auv_ws/build/auv_teleop/install.log --single-version-externally-managed install_data
[3.822s] running egg_info
[3.825s] writing ../../build/auv_teleop/auv_teleop.egg-info/PKG-INFO
[3.826s] writing dependency_links to ../../build/auv_teleop/auv_teleop.egg-info/dependency_links.txt
[3.828s] writing entry points to ../../build/auv_teleop/auv_teleop.egg-info/entry_points.txt
[3.829s] writing requirements to ../../build/auv_teleop/auv_teleop.egg-info/requires.txt
[3.829s] writing top-level names to ../../build/auv_teleop/auv_teleop.egg-info/top_level.txt
[3.839s] reading manifest file '../../build/auv_teleop/auv_teleop.egg-info/SOURCES.txt'
[3.843s] writing manifest file '../../build/auv_teleop/auv_teleop.egg-info/SOURCES.txt'
[3.843s] running build
[3.844s] running build_py
[3.845s] running install
[3.847s] running install_lib
[3.853s] running install_data
[3.854s] running install_egg_info
[3.861s] removing '/home/raspberry/Auv_ws/install/auv_teleop/lib/python3.10/site-packages/auv_teleop-0.0.0-py3.10.egg-info' (and everything under it)
[3.863s] Copying ../../build/auv_teleop/auv_teleop.egg-info to /home/raspberry/Auv_ws/install/auv_teleop/lib/python3.10/site-packages/auv_teleop-0.0.0-py3.10.egg-info
[3.868s] running install_scripts
[3.950s] Installing teleop_xbox_node script to /home/raspberry/Auv_ws/install/auv_teleop/lib/auv_teleop
[3.951s] Installing xbox_node script to /home/raspberry/Auv_ws/install/auv_teleop/lib/auv_teleop
[3.953s] writing list of installed files to '/home/raspberry/Auv_ws/build/auv_teleop/install.log'
[4.065s] Invoked command in '/home/raspberry/Auv_ws/src/auv_teleop' returned '0': PYTHONPATH=/home/raspberry/Auv_ws/build/auv_teleop/prefix_override:/usr/lib/python3/dist-packages/colcon_core/task/python/colcon_distutils_commands:/home/raspberry/Auv_ws/install/auv_teleop/lib/python3.10/site-packages:${PYTHONPATH} /usr/bin/python3 -W ignore:setup.py install is deprecated -W ignore:easy_install command is deprecated setup.py egg_info --egg-base ../../build/auv_teleop build --build-base /home/raspberry/Auv_ws/build/auv_teleop/build install --record /home/raspberry/Auv_ws/build/auv_teleop/install.log --single-version-externally-managed install_data
