[2.842s] Invoking command in '/home/raspberry/Auv_ws/src/serial_bridge': PYTHONPATH=/home/raspberry/Auv_ws/build/serial_bridge/prefix_override:/usr/lib/python3/dist-packages/colcon_core/task/python/colcon_distutils_commands:/home/raspberry/Auv_ws/install/serial_bridge/lib/python3.10/site-packages:${PYTHONPATH} /usr/bin/python3 -W ignore:setup.py install is deprecated -W ignore:easy_install command is deprecated setup.py egg_info --egg-base ../../build/serial_bridge build --build-base /home/raspberry/Auv_ws/build/serial_bridge/build install --record /home/raspberry/Auv_ws/build/serial_bridge/install.log --single-version-externally-managed install_data
[3.855s] running egg_info
[3.858s] writing ../../build/serial_bridge/serial_bridge.egg-info/PKG-INFO
[3.859s] writing dependency_links to ../../build/serial_bridge/serial_bridge.egg-info/dependency_links.txt
[3.861s] writing entry points to ../../build/serial_bridge/serial_bridge.egg-info/entry_points.txt
[3.862s] writing requirements to ../../build/serial_bridge/serial_bridge.egg-info/requires.txt
[3.862s] writing top-level names to ../../build/serial_bridge/serial_bridge.egg-info/top_level.txt
[3.870s] reading manifest file '../../build/serial_bridge/serial_bridge.egg-info/SOURCES.txt'
[3.874s] writing manifest file '../../build/serial_bridge/serial_bridge.egg-info/SOURCES.txt'
[3.874s] running build
[3.875s] running build_py
[3.877s] running install
[3.878s] running install_lib
[3.884s] running install_data
[3.885s] running install_egg_info
[3.892s] removing '/home/raspberry/Auv_ws/install/serial_bridge/lib/python3.10/site-packages/serial_bridge-0.0.0-py3.10.egg-info' (and everything under it)
[3.894s] Copying ../../build/serial_bridge/serial_bridge.egg-info to /home/raspberry/Auv_ws/install/serial_bridge/lib/python3.10/site-packages/serial_bridge-0.0.0-py3.10.egg-info
[3.900s] running install_scripts
[3.982s] Installing arduino_bridge script to /home/raspberry/Auv_ws/install/serial_bridge/lib/serial_bridge
[3.983s] Installing imu_dashboard_adapter script to /home/raspberry/Auv_ws/install/serial_bridge/lib/serial_bridge
[3.985s] writing list of installed files to '/home/raspberry/Auv_ws/build/serial_bridge/install.log'
[4.100s] Invoked command in '/home/raspberry/Auv_ws/src/serial_bridge' returned '0': PYTHONPATH=/home/raspberry/Auv_ws/build/serial_bridge/prefix_override:/usr/lib/python3/dist-packages/colcon_core/task/python/colcon_distutils_commands:/home/raspberry/Auv_ws/install/serial_bridge/lib/python3.10/site-packages:${PYTHONPATH} /usr/bin/python3 -W ignore:setup.py install is deprecated -W ignore:easy_install command is deprecated setup.py egg_info --egg-base ../../build/serial_bridge build --build-base /home/raspberry/Auv_ws/build/serial_bridge/build install --record /home/raspberry/Auv_ws/build/serial_bridge/install.log --single-version-externally-managed install_data
