[0.451s] DEBUG:colcon:Command line arguments: ['/usr/bin/colcon', 'build']
[0.451s] DEBUG:colcon:Parsed command line arguments: Namespace(log_base=None, log_level=None, verb_name='build', build_base='build', install_base='install', merge_install=False, symlink_install=False, test_result_base=None, continue_on_error=False, executor='parallel', parallel_workers=4, event_handlers=None, ignore_user_meta=False, metas=['./colcon.meta'], base_paths=['.'], packages_ignore=None, packages_ignore_regex=None, paths=None, packages_up_to=None, packages_up_to_regex=None, packages_above=None, packages_above_and_dependencies=None, packages_above_depth=None, packages_select_by_dep=None, packages_skip_by_dep=None, packages_skip_up_to=None, packages_select_build_failed=False, packages_skip_build_finished=False, packages_select_test_failures=False, packages_skip_test_passed=False, packages_select=None, packages_skip=None, packages_select_regex=None, packages_skip_regex=None, packages_start=None, packages_end=None, allow_overriding=[], cmake_args=None, cmake_target=None, cmake_target_skip_unavailable=False, cmake_clean_cache=False, cmake_clean_first=False, cmake_force_configure=False, ament_cmake_args=None, catkin_cmake_args=None, catkin_skip_building_tests=False, mixin_files=None, mixin=None, verb_parser=<colcon_mixin.mixin.mixin_argument.MixinArgumentDecorator object at 0xffffa8db8df0>, verb_extension=<colcon_core.verb.build.BuildVerb object at 0xffffa8ec1d50>, main=<bound method BuildVerb.main of <colcon_core.verb.build.BuildVerb object at 0xffffa8ec1d50>>, mixin_verb=('build',))
[1.124s] Level 1:colcon.colcon_core.package_discovery:discover_packages(colcon_meta) check parameters
[1.124s] Level 1:colcon.colcon_core.package_discovery:discover_packages(recursive) check parameters
[1.124s] Level 1:colcon.colcon_core.package_discovery:discover_packages(ignore) check parameters
[1.125s] Level 1:colcon.colcon_core.package_discovery:discover_packages(path) check parameters
[1.125s] Level 1:colcon.colcon_core.package_discovery:discover_packages(colcon_meta) discover
[1.125s] Level 1:colcon.colcon_core.package_discovery:discover_packages(recursive) discover
[1.125s] INFO:colcon.colcon_core.package_discovery:Crawling recursively for packages in '/home/raspberry/Auv_ws'
[1.126s] Level 1:colcon.colcon_core.package_identification:_identify(.) by extensions ['ignore', 'ignore_ament_install']
[1.126s] Level 1:colcon.colcon_core.package_identification:_identify(.) by extension 'ignore'
[1.126s] Level 1:colcon.colcon_core.package_identification:_identify(.) by extension 'ignore_ament_install'
[1.127s] Level 1:colcon.colcon_core.package_identification:_identify(.) by extensions ['colcon_pkg']
[1.127s] Level 1:colcon.colcon_core.package_identification:_identify(.) by extension 'colcon_pkg'
[1.127s] Level 1:colcon.colcon_core.package_identification:_identify(.) by extensions ['colcon_meta']
[1.127s] Level 1:colcon.colcon_core.package_identification:_identify(.) by extension 'colcon_meta'
[1.127s] Level 1:colcon.colcon_core.package_identification:_identify(.) by extensions ['ros']
[1.127s] Level 1:colcon.colcon_core.package_identification:_identify(.) by extension 'ros'
[1.175s] Level 1:colcon.colcon_core.package_identification:_identify(.) by extensions ['cmake', 'python']
[1.176s] Level 1:colcon.colcon_core.package_identification:_identify(.) by extension 'cmake'
[1.176s] Level 1:colcon.colcon_core.package_identification:_identify(.) by extension 'python'
[1.176s] Level 1:colcon.colcon_core.package_identification:_identify(.) by extensions ['python_setup_py']
[1.176s] Level 1:colcon.colcon_core.package_identification:_identify(.) by extension 'python_setup_py'
[1.177s] Level 1:colcon.colcon_core.package_identification:_identify(build) by extensions ['ignore', 'ignore_ament_install']
[1.177s] Level 1:colcon.colcon_core.package_identification:_identify(build) by extension 'ignore'
[1.177s] Level 1:colcon.colcon_core.package_identification:_identify(build) ignored
[1.178s] Level 1:colcon.colcon_core.package_identification:_identify(install) by extensions ['ignore', 'ignore_ament_install']
[1.179s] Level 1:colcon.colcon_core.package_identification:_identify(install) by extension 'ignore'
[1.179s] Level 1:colcon.colcon_core.package_identification:_identify(install) ignored
[1.180s] Level 1:colcon.colcon_core.package_identification:_identify(log) by extensions ['ignore', 'ignore_ament_install']
[1.180s] Level 1:colcon.colcon_core.package_identification:_identify(log) by extension 'ignore'
[1.180s] Level 1:colcon.colcon_core.package_identification:_identify(log) ignored
[1.181s] Level 1:colcon.colcon_core.package_identification:_identify(src) by extensions ['ignore', 'ignore_ament_install']
[1.181s] Level 1:colcon.colcon_core.package_identification:_identify(src) by extension 'ignore'
[1.181s] Level 1:colcon.colcon_core.package_identification:_identify(src) by extension 'ignore_ament_install'
[1.181s] Level 1:colcon.colcon_core.package_identification:_identify(src) by extensions ['colcon_pkg']
[1.182s] Level 1:colcon.colcon_core.package_identification:_identify(src) by extension 'colcon_pkg'
[1.182s] Level 1:colcon.colcon_core.package_identification:_identify(src) by extensions ['colcon_meta']
[1.182s] Level 1:colcon.colcon_core.package_identification:_identify(src) by extension 'colcon_meta'
[1.182s] Level 1:colcon.colcon_core.package_identification:_identify(src) by extensions ['ros']
[1.182s] Level 1:colcon.colcon_core.package_identification:_identify(src) by extension 'ros'
[1.183s] Level 1:colcon.colcon_core.package_identification:_identify(src) by extensions ['cmake', 'python']
[1.183s] Level 1:colcon.colcon_core.package_identification:_identify(src) by extension 'cmake'
[1.183s] Level 1:colcon.colcon_core.package_identification:_identify(src) by extension 'python'
[1.183s] Level 1:colcon.colcon_core.package_identification:_identify(src) by extensions ['python_setup_py']
[1.183s] Level 1:colcon.colcon_core.package_identification:_identify(src) by extension 'python_setup_py'
[1.184s] Level 1:colcon.colcon_core.package_identification:_identify(src/Auv_control) by extensions ['ignore', 'ignore_ament_install']
[1.184s] Level 1:colcon.colcon_core.package_identification:_identify(src/Auv_control) by extension 'ignore'
[1.184s] Level 1:colcon.colcon_core.package_identification:_identify(src/Auv_control) by extension 'ignore_ament_install'
[1.185s] Level 1:colcon.colcon_core.package_identification:_identify(src/Auv_control) by extensions ['colcon_pkg']
[1.185s] Level 1:colcon.colcon_core.package_identification:_identify(src/Auv_control) by extension 'colcon_pkg'
[1.185s] Level 1:colcon.colcon_core.package_identification:_identify(src/Auv_control) by extensions ['colcon_meta']
[1.185s] Level 1:colcon.colcon_core.package_identification:_identify(src/Auv_control) by extension 'colcon_meta'
[1.185s] Level 1:colcon.colcon_core.package_identification:_identify(src/Auv_control) by extensions ['ros']
[1.186s] Level 1:colcon.colcon_core.package_identification:_identify(src/Auv_control) by extension 'ros'
[1.195s] DEBUG:colcon.colcon_core.package_identification:Package 'src/Auv_control' with type 'ros.ament_python' and name 'Auv_control'
[1.195s] Level 1:colcon.colcon_core.package_identification:_identify(src/Auv_teleop) by extensions ['ignore', 'ignore_ament_install']
[1.196s] Level 1:colcon.colcon_core.package_identification:_identify(src/Auv_teleop) by extension 'ignore'
[1.196s] Level 1:colcon.colcon_core.package_identification:_identify(src/Auv_teleop) by extension 'ignore_ament_install'
[1.196s] Level 1:colcon.colcon_core.package_identification:_identify(src/Auv_teleop) by extensions ['colcon_pkg']
[1.196s] Level 1:colcon.colcon_core.package_identification:_identify(src/Auv_teleop) by extension 'colcon_pkg'
[1.197s] Level 1:colcon.colcon_core.package_identification:_identify(src/Auv_teleop) by extensions ['colcon_meta']
[1.197s] Level 1:colcon.colcon_core.package_identification:_identify(src/Auv_teleop) by extension 'colcon_meta'
[1.197s] Level 1:colcon.colcon_core.package_identification:_identify(src/Auv_teleop) by extensions ['ros']
[1.197s] Level 1:colcon.colcon_core.package_identification:_identify(src/Auv_teleop) by extension 'ros'
[1.200s] DEBUG:colcon.colcon_core.package_identification:Package 'src/Auv_teleop' with type 'ros.ament_python' and name 'Auv_teleop'
[1.200s] Level 1:colcon.colcon_core.package_identification:_identify(src/serial_bridge) by extensions ['ignore', 'ignore_ament_install']
[1.201s] Level 1:colcon.colcon_core.package_identification:_identify(src/serial_bridge) by extension 'ignore'
[1.201s] Level 1:colcon.colcon_core.package_identification:_identify(src/serial_bridge) by extension 'ignore_ament_install'
[1.201s] Level 1:colcon.colcon_core.package_identification:_identify(src/serial_bridge) by extensions ['colcon_pkg']
[1.202s] Level 1:colcon.colcon_core.package_identification:_identify(src/serial_bridge) by extension 'colcon_pkg'
[1.202s] Level 1:colcon.colcon_core.package_identification:_identify(src/serial_bridge) by extensions ['colcon_meta']
[1.202s] Level 1:colcon.colcon_core.package_identification:_identify(src/serial_bridge) by extension 'colcon_meta'
[1.203s] Level 1:colcon.colcon_core.package_identification:_identify(src/serial_bridge) by extensions ['ros']
[1.203s] Level 1:colcon.colcon_core.package_identification:_identify(src/serial_bridge) by extension 'ros'
[1.205s] DEBUG:colcon.colcon_core.package_identification:Package 'src/serial_bridge' with type 'ros.ament_python' and name 'serial_bridge'
[1.205s] Level 1:colcon.colcon_core.package_discovery:discover_packages(recursive) using defaults
[1.206s] Level 1:colcon.colcon_core.package_discovery:discover_packages(ignore) discover
[1.206s] Level 1:colcon.colcon_core.package_discovery:discover_packages(ignore) using defaults
[1.206s] Level 1:colcon.colcon_core.package_discovery:discover_packages(path) discover
[1.206s] Level 1:colcon.colcon_core.package_discovery:discover_packages(path) using defaults
[1.285s] Level 1:colcon.colcon_core.package_discovery:discover_packages(prefix_path) check parameters
[1.286s] Level 1:colcon.colcon_core.package_discovery:discover_packages(prefix_path) discover
[1.295s] DEBUG:colcon.colcon_installed_package_information.package_discovery:Found 3 installed packages in /home/raspberry/Auv_ws/install
[1.301s] DEBUG:colcon.colcon_installed_package_information.package_discovery:Found 184 installed packages in /opt/ros/humble
[1.305s] Level 1:colcon.colcon_core.package_discovery:discover_packages(prefix_path) using defaults
[1.455s] Level 5:colcon.colcon_core.verb:set package 'Auv_control' build argument 'cmake_args' from command line to 'None'
[1.456s] Level 5:colcon.colcon_core.verb:set package 'Auv_control' build argument 'cmake_target' from command line to 'None'
[1.456s] Level 5:colcon.colcon_core.verb:set package 'Auv_control' build argument 'cmake_target_skip_unavailable' from command line to 'False'
[1.456s] Level 5:colcon.colcon_core.verb:set package 'Auv_control' build argument 'cmake_clean_cache' from command line to 'False'
[1.456s] Level 5:colcon.colcon_core.verb:set package 'Auv_control' build argument 'cmake_clean_first' from command line to 'False'
[1.456s] Level 5:colcon.colcon_core.verb:set package 'Auv_control' build argument 'cmake_force_configure' from command line to 'False'
[1.456s] Level 5:colcon.colcon_core.verb:set package 'Auv_control' build argument 'ament_cmake_args' from command line to 'None'
[1.456s] Level 5:colcon.colcon_core.verb:set package 'Auv_control' build argument 'catkin_cmake_args' from command line to 'None'
[1.456s] Level 5:colcon.colcon_core.verb:set package 'Auv_control' build argument 'catkin_skip_building_tests' from command line to 'False'
[1.457s] DEBUG:colcon.colcon_core.verb:Building package 'Auv_control' with the following arguments: {'ament_cmake_args': None, 'build_base': '/home/raspberry/Auv_ws/build/Auv_control', 'catkin_cmake_args': None, 'catkin_skip_building_tests': False, 'cmake_args': None, 'cmake_clean_cache': False, 'cmake_clean_first': False, 'cmake_force_configure': False, 'cmake_target': None, 'cmake_target_skip_unavailable': False, 'install_base': '/home/raspberry/Auv_ws/install/Auv_control', 'merge_install': False, 'path': '/home/raspberry/Auv_ws/src/Auv_control', 'symlink_install': False, 'test_result_base': None}
[1.458s] Level 5:colcon.colcon_core.verb:set package 'Auv_teleop' build argument 'cmake_args' from command line to 'None'
[1.458s] Level 5:colcon.colcon_core.verb:set package 'Auv_teleop' build argument 'cmake_target' from command line to 'None'
[1.459s] Level 5:colcon.colcon_core.verb:set package 'Auv_teleop' build argument 'cmake_target_skip_unavailable' from command line to 'False'
[1.459s] Level 5:colcon.colcon_core.verb:set package 'Auv_teleop' build argument 'cmake_clean_cache' from command line to 'False'
[1.459s] Level 5:colcon.colcon_core.verb:set package 'Auv_teleop' build argument 'cmake_clean_first' from command line to 'False'
[1.459s] Level 5:colcon.colcon_core.verb:set package 'Auv_teleop' build argument 'cmake_force_configure' from command line to 'False'
[1.459s] Level 5:colcon.colcon_core.verb:set package 'Auv_teleop' build argument 'ament_cmake_args' from command line to 'None'
[1.459s] Level 5:colcon.colcon_core.verb:set package 'Auv_teleop' build argument 'catkin_cmake_args' from command line to 'None'
[1.459s] Level 5:colcon.colcon_core.verb:set package 'Auv_teleop' build argument 'catkin_skip_building_tests' from command line to 'False'
[1.459s] DEBUG:colcon.colcon_core.verb:Building package 'Auv_teleop' with the following arguments: {'ament_cmake_args': None, 'build_base': '/home/raspberry/Auv_ws/build/Auv_teleop', 'catkin_cmake_args': None, 'catkin_skip_building_tests': False, 'cmake_args': None, 'cmake_clean_cache': False, 'cmake_clean_first': False, 'cmake_force_configure': False, 'cmake_target': None, 'cmake_target_skip_unavailable': False, 'install_base': '/home/raspberry/Auv_ws/install/Auv_teleop', 'merge_install': False, 'path': '/home/raspberry/Auv_ws/src/Auv_teleop', 'symlink_install': False, 'test_result_base': None}
[1.461s] Level 5:colcon.colcon_core.verb:set package 'serial_bridge' build argument 'cmake_args' from command line to 'None'
[1.461s] Level 5:colcon.colcon_core.verb:set package 'serial_bridge' build argument 'cmake_target' from command line to 'None'
[1.461s] Level 5:colcon.colcon_core.verb:set package 'serial_bridge' build argument 'cmake_target_skip_unavailable' from command line to 'False'
[1.461s] Level 5:colcon.colcon_core.verb:set package 'serial_bridge' build argument 'cmake_clean_cache' from command line to 'False'
[1.461s] Level 5:colcon.colcon_core.verb:set package 'serial_bridge' build argument 'cmake_clean_first' from command line to 'False'
[1.461s] Level 5:colcon.colcon_core.verb:set package 'serial_bridge' build argument 'cmake_force_configure' from command line to 'False'
[1.461s] Level 5:colcon.colcon_core.verb:set package 'serial_bridge' build argument 'ament_cmake_args' from command line to 'None'
[1.462s] Level 5:colcon.colcon_core.verb:set package 'serial_bridge' build argument 'catkin_cmake_args' from command line to 'None'
[1.462s] Level 5:colcon.colcon_core.verb:set package 'serial_bridge' build argument 'catkin_skip_building_tests' from command line to 'False'
[1.462s] DEBUG:colcon.colcon_core.verb:Building package 'serial_bridge' with the following arguments: {'ament_cmake_args': None, 'build_base': '/home/raspberry/Auv_ws/build/serial_bridge', 'catkin_cmake_args': None, 'catkin_skip_building_tests': False, 'cmake_args': None, 'cmake_clean_cache': False, 'cmake_clean_first': False, 'cmake_force_configure': False, 'cmake_target': None, 'cmake_target_skip_unavailable': False, 'install_base': '/home/raspberry/Auv_ws/install/serial_bridge', 'merge_install': False, 'path': '/home/raspberry/Auv_ws/src/serial_bridge', 'symlink_install': False, 'test_result_base': None}
[1.462s] INFO:colcon.colcon_core.executor:Executing jobs using 'parallel' executor
[1.466s] DEBUG:colcon.colcon_parallel_executor.executor.parallel:run_until_complete
[1.467s] INFO:colcon.colcon_ros.task.ament_python.build:Building ROS package in '/home/raspberry/Auv_ws/src/Auv_control' with build type 'ament_python'
[1.467s] Level 1:colcon.colcon_core.shell:create_environment_hook('Auv_control', 'ament_prefix_path')
[1.476s] INFO:colcon.colcon_core.plugin_system:Skipping extension 'colcon_core.shell.bat': Not used on non-Windows systems
[1.477s] INFO:colcon.colcon_core.shell:Creating environment hook '/home/raspberry/Auv_ws/install/Auv_control/share/Auv_control/hook/ament_prefix_path.ps1'
[1.480s] INFO:colcon.colcon_core.shell:Creating environment descriptor '/home/raspberry/Auv_ws/install/Auv_control/share/Auv_control/hook/ament_prefix_path.dsv'
[1.483s] INFO:colcon.colcon_core.shell:Creating environment hook '/home/raspberry/Auv_ws/install/Auv_control/share/Auv_control/hook/ament_prefix_path.sh'
[1.486s] INFO:colcon.colcon_core.shell:Skip shell extension 'powershell' for command environment: Not usable outside of PowerShell
[1.486s] DEBUG:colcon.colcon_core.shell:Skip shell extension 'dsv' for command environment
[1.502s] INFO:colcon.colcon_ros.task.ament_python.build:Building ROS package in '/home/raspberry/Auv_ws/src/Auv_teleop' with build type 'ament_python'
[1.503s] Level 1:colcon.colcon_core.shell:create_environment_hook('Auv_teleop', 'ament_prefix_path')
[1.504s] INFO:colcon.colcon_core.shell:Creating environment hook '/home/raspberry/Auv_ws/install/Auv_teleop/share/Auv_teleop/hook/ament_prefix_path.ps1'
[1.506s] INFO:colcon.colcon_core.shell:Creating environment descriptor '/home/raspberry/Auv_ws/install/Auv_teleop/share/Auv_teleop/hook/ament_prefix_path.dsv'
[1.509s] INFO:colcon.colcon_core.shell:Creating environment hook '/home/raspberry/Auv_ws/install/Auv_teleop/share/Auv_teleop/hook/ament_prefix_path.sh'
[1.512s] INFO:colcon.colcon_core.shell:Skip shell extension 'powershell' for command environment: Not usable outside of PowerShell
[1.512s] DEBUG:colcon.colcon_core.shell:Skip shell extension 'dsv' for command environment
[1.527s] INFO:colcon.colcon_ros.task.ament_python.build:Building ROS package in '/home/raspberry/Auv_ws/src/serial_bridge' with build type 'ament_python'
[1.528s] Level 1:colcon.colcon_core.shell:create_environment_hook('serial_bridge', 'ament_prefix_path')
[1.529s] INFO:colcon.colcon_core.shell:Creating environment hook '/home/raspberry/Auv_ws/install/serial_bridge/share/serial_bridge/hook/ament_prefix_path.ps1'
[1.532s] INFO:colcon.colcon_core.shell:Creating environment descriptor '/home/raspberry/Auv_ws/install/serial_bridge/share/serial_bridge/hook/ament_prefix_path.dsv'
[1.534s] INFO:colcon.colcon_core.shell:Creating environment hook '/home/raspberry/Auv_ws/install/serial_bridge/share/serial_bridge/hook/ament_prefix_path.sh'
[1.537s] INFO:colcon.colcon_core.shell:Skip shell extension 'powershell' for command environment: Not usable outside of PowerShell
[1.537s] DEBUG:colcon.colcon_core.shell:Skip shell extension 'dsv' for command environment
[2.607s] INFO:colcon.colcon_core.task.python.build:Building Python package in '/home/raspberry/Auv_ws/src/Auv_control'
[2.608s] INFO:colcon.colcon_core.shell:Skip shell extension 'powershell' for command environment: Not usable outside of PowerShell
[2.608s] DEBUG:colcon.colcon_core.shell:Skip shell extension 'dsv' for command environment
[3.675s] INFO:colcon.colcon_core.task.python.build:Building Python package in '/home/raspberry/Auv_ws/src/Auv_teleop'
[3.676s] INFO:colcon.colcon_core.shell:Skip shell extension 'powershell' for command environment: Not usable outside of PowerShell
[3.677s] DEBUG:colcon.colcon_core.shell:Skip shell extension 'dsv' for command environment
[4.744s] INFO:colcon.colcon_core.task.python.build:Building Python package in '/home/raspberry/Auv_ws/src/serial_bridge'
[4.745s] INFO:colcon.colcon_core.shell:Skip shell extension 'powershell' for command environment: Not usable outside of PowerShell
[4.745s] DEBUG:colcon.colcon_core.shell:Skip shell extension 'dsv' for command environment
[6.720s] DEBUG:colcon.colcon_core.event_handler.log_command:Invoking command in '/home/raspberry/Auv_ws/src/Auv_control': PYTHONPATH=/home/raspberry/Auv_ws/build/Auv_control/prefix_override:/usr/lib/python3/dist-packages/colcon_core/task/python/colcon_distutils_commands:/home/raspberry/Auv_ws/install/Auv_control/lib/python3.10/site-packages:${PYTHONPATH} /usr/bin/python3 -W ignore:setup.py install is deprecated -W ignore:easy_install command is deprecated setup.py egg_info --egg-base ../../build/Auv_control build --build-base /home/raspberry/Auv_ws/build/Auv_control/build install --record /home/raspberry/Auv_ws/build/Auv_control/install.log --single-version-externally-managed install_data
[6.755s] DEBUG:colcon.colcon_core.event_handler.log_command:Invoking command in '/home/raspberry/Auv_ws/src/Auv_teleop': PYTHONPATH=/home/raspberry/Auv_ws/build/Auv_teleop/prefix_override:/usr/lib/python3/dist-packages/colcon_core/task/python/colcon_distutils_commands:/home/raspberry/Auv_ws/install/Auv_teleop/lib/python3.10/site-packages:${PYTHONPATH} /usr/bin/python3 -W ignore:setup.py install is deprecated -W ignore:easy_install command is deprecated setup.py egg_info --egg-base ../../build/Auv_teleop build --build-base /home/raspberry/Auv_ws/build/Auv_teleop/build install --record /home/raspberry/Auv_ws/build/Auv_teleop/install.log --single-version-externally-managed install_data
[6.791s] DEBUG:colcon.colcon_core.event_handler.log_command:Invoking command in '/home/raspberry/Auv_ws/src/serial_bridge': PYTHONPATH=/home/raspberry/Auv_ws/build/serial_bridge/prefix_override:/usr/lib/python3/dist-packages/colcon_core/task/python/colcon_distutils_commands:/home/raspberry/Auv_ws/install/serial_bridge/lib/python3.10/site-packages:${PYTHONPATH} /usr/bin/python3 -W ignore:setup.py install is deprecated -W ignore:easy_install command is deprecated setup.py egg_info --egg-base ../../build/serial_bridge build --build-base /home/raspberry/Auv_ws/build/serial_bridge/build install --record /home/raspberry/Auv_ws/build/serial_bridge/install.log --single-version-externally-managed install_data
[8.413s] DEBUG:colcon.colcon_core.event_handler.log_command:Invoked command in '/home/raspberry/Auv_ws/src/Auv_control' returned '0': PYTHONPATH=/home/raspberry/Auv_ws/build/Auv_control/prefix_override:/usr/lib/python3/dist-packages/colcon_core/task/python/colcon_distutils_commands:/home/raspberry/Auv_ws/install/Auv_control/lib/python3.10/site-packages:${PYTHONPATH} /usr/bin/python3 -W ignore:setup.py install is deprecated -W ignore:easy_install command is deprecated setup.py egg_info --egg-base ../../build/Auv_control build --build-base /home/raspberry/Auv_ws/build/Auv_control/build install --record /home/raspberry/Auv_ws/build/Auv_control/install.log --single-version-externally-managed install_data
[8.431s] Level 1:colcon.colcon_core.environment:checking '/home/raspberry/Auv_ws/install/Auv_control' for CMake module files
[8.435s] Level 1:colcon.colcon_core.environment:checking '/home/raspberry/Auv_ws/install/Auv_control' for CMake config files
[8.440s] Level 1:colcon.colcon_core.environment:checking '/home/raspberry/Auv_ws/install/Auv_control/lib'
[8.441s] Level 1:colcon.colcon_core.environment:checking '/home/raspberry/Auv_ws/install/Auv_control/bin'
[8.441s] Level 1:colcon.colcon_core.environment:checking '/home/raspberry/Auv_ws/install/Auv_control/lib/pkgconfig/Auv_control.pc'
[8.443s] Level 1:colcon.colcon_core.environment:checking '/home/raspberry/Auv_ws/install/Auv_control/lib/python3.10/site-packages'
[8.444s] Level 1:colcon.colcon_core.shell:create_environment_hook('Auv_control', 'pythonpath')
[8.445s] INFO:colcon.colcon_core.shell:Creating environment hook '/home/raspberry/Auv_ws/install/Auv_control/share/Auv_control/hook/pythonpath.ps1'
[8.447s] INFO:colcon.colcon_core.shell:Creating environment descriptor '/home/raspberry/Auv_ws/install/Auv_control/share/Auv_control/hook/pythonpath.dsv'
[8.449s] INFO:colcon.colcon_core.shell:Creating environment hook '/home/raspberry/Auv_ws/install/Auv_control/share/Auv_control/hook/pythonpath.sh'
[8.452s] Level 1:colcon.colcon_core.environment:checking '/home/raspberry/Auv_ws/install/Auv_control/bin'
[8.453s] Level 1:colcon.colcon_core.environment:create_environment_scripts_only(Auv_control)
[8.454s] INFO:colcon.colcon_core.shell:Creating package script '/home/raspberry/Auv_ws/install/Auv_control/share/Auv_control/package.ps1'
[8.460s] INFO:colcon.colcon_core.shell:Creating package descriptor '/home/raspberry/Auv_ws/install/Auv_control/share/Auv_control/package.dsv'
[8.465s] INFO:colcon.colcon_core.shell:Creating package script '/home/raspberry/Auv_ws/install/Auv_control/share/Auv_control/package.sh'
[8.470s] INFO:colcon.colcon_core.shell:Creating package script '/home/raspberry/Auv_ws/install/Auv_control/share/Auv_control/package.bash'
[8.474s] INFO:colcon.colcon_core.shell:Creating package script '/home/raspberry/Auv_ws/install/Auv_control/share/Auv_control/package.zsh'
[8.478s] Level 1:colcon.colcon_core.environment:create_file_with_runtime_dependencies(/home/raspberry/Auv_ws/install/Auv_control/share/colcon-core/packages/Auv_control)
[8.485s] Level 1:colcon.colcon_core.environment:checking '/home/raspberry/Auv_ws/install/Auv_teleop' for CMake module files
[8.487s] DEBUG:colcon.colcon_core.event_handler.log_command:Invoked command in '/home/raspberry/Auv_ws/src/Auv_teleop' returned '0': PYTHONPATH=/home/raspberry/Auv_ws/build/Auv_teleop/prefix_override:/usr/lib/python3/dist-packages/colcon_core/task/python/colcon_distutils_commands:/home/raspberry/Auv_ws/install/Auv_teleop/lib/python3.10/site-packages:${PYTHONPATH} /usr/bin/python3 -W ignore:setup.py install is deprecated -W ignore:easy_install command is deprecated setup.py egg_info --egg-base ../../build/Auv_teleop build --build-base /home/raspberry/Auv_ws/build/Auv_teleop/build install --record /home/raspberry/Auv_ws/build/Auv_teleop/install.log --single-version-externally-managed install_data
[8.489s] Level 1:colcon.colcon_core.environment:checking '/home/raspberry/Auv_ws/install/Auv_teleop' for CMake config files
[8.492s] Level 1:colcon.colcon_core.environment:checking '/home/raspberry/Auv_ws/install/Auv_teleop/lib'
[8.493s] Level 1:colcon.colcon_core.environment:checking '/home/raspberry/Auv_ws/install/Auv_teleop/bin'
[8.493s] Level 1:colcon.colcon_core.environment:checking '/home/raspberry/Auv_ws/install/Auv_teleop/lib/pkgconfig/Auv_teleop.pc'
[8.494s] Level 1:colcon.colcon_core.environment:checking '/home/raspberry/Auv_ws/install/Auv_teleop/lib/python3.10/site-packages'
[8.494s] Level 1:colcon.colcon_core.shell:create_environment_hook('Auv_teleop', 'pythonpath')
[8.495s] INFO:colcon.colcon_core.shell:Creating environment hook '/home/raspberry/Auv_ws/install/Auv_teleop/share/Auv_teleop/hook/pythonpath.ps1'
[8.497s] INFO:colcon.colcon_core.shell:Creating environment descriptor '/home/raspberry/Auv_ws/install/Auv_teleop/share/Auv_teleop/hook/pythonpath.dsv'
[8.499s] INFO:colcon.colcon_core.shell:Creating environment hook '/home/raspberry/Auv_ws/install/Auv_teleop/share/Auv_teleop/hook/pythonpath.sh'
[8.503s] Level 1:colcon.colcon_core.environment:checking '/home/raspberry/Auv_ws/install/Auv_teleop/bin'
[8.503s] Level 1:colcon.colcon_core.environment:create_environment_scripts_only(Auv_teleop)
[8.504s] INFO:colcon.colcon_core.shell:Creating package script '/home/raspberry/Auv_ws/install/Auv_teleop/share/Auv_teleop/package.ps1'
[8.507s] INFO:colcon.colcon_core.shell:Creating package descriptor '/home/raspberry/Auv_ws/install/Auv_teleop/share/Auv_teleop/package.dsv'
[8.509s] INFO:colcon.colcon_core.shell:Creating package script '/home/raspberry/Auv_ws/install/Auv_teleop/share/Auv_teleop/package.sh'
[8.511s] INFO:colcon.colcon_core.shell:Creating package script '/home/raspberry/Auv_ws/install/Auv_teleop/share/Auv_teleop/package.bash'
[8.513s] INFO:colcon.colcon_core.shell:Creating package script '/home/raspberry/Auv_ws/install/Auv_teleop/share/Auv_teleop/package.zsh'
[8.515s] Level 1:colcon.colcon_core.environment:create_file_with_runtime_dependencies(/home/raspberry/Auv_ws/install/Auv_teleop/share/colcon-core/packages/Auv_teleop)
[8.517s] Level 1:colcon.colcon_core.environment:checking '/home/raspberry/Auv_ws/install/serial_bridge' for CMake module files
[8.521s] DEBUG:colcon.colcon_core.event_handler.log_command:Invoked command in '/home/raspberry/Auv_ws/src/serial_bridge' returned '0': PYTHONPATH=/home/raspberry/Auv_ws/build/serial_bridge/prefix_override:/usr/lib/python3/dist-packages/colcon_core/task/python/colcon_distutils_commands:/home/raspberry/Auv_ws/install/serial_bridge/lib/python3.10/site-packages:${PYTHONPATH} /usr/bin/python3 -W ignore:setup.py install is deprecated -W ignore:easy_install command is deprecated setup.py egg_info --egg-base ../../build/serial_bridge build --build-base /home/raspberry/Auv_ws/build/serial_bridge/build install --record /home/raspberry/Auv_ws/build/serial_bridge/install.log --single-version-externally-managed install_data
[8.522s] Level 1:colcon.colcon_core.environment:checking '/home/raspberry/Auv_ws/install/serial_bridge' for CMake config files
[8.525s] Level 1:colcon.colcon_core.environment:checking '/home/raspberry/Auv_ws/install/serial_bridge/lib'
[8.526s] Level 1:colcon.colcon_core.environment:checking '/home/raspberry/Auv_ws/install/serial_bridge/bin'
[8.526s] Level 1:colcon.colcon_core.environment:checking '/home/raspberry/Auv_ws/install/serial_bridge/lib/pkgconfig/serial_bridge.pc'
[8.527s] Level 1:colcon.colcon_core.environment:checking '/home/raspberry/Auv_ws/install/serial_bridge/lib/python3.10/site-packages'
[8.527s] Level 1:colcon.colcon_core.shell:create_environment_hook('serial_bridge', 'pythonpath')
[8.528s] INFO:colcon.colcon_core.shell:Creating environment hook '/home/raspberry/Auv_ws/install/serial_bridge/share/serial_bridge/hook/pythonpath.ps1'
[8.531s] INFO:colcon.colcon_core.shell:Creating environment descriptor '/home/raspberry/Auv_ws/install/serial_bridge/share/serial_bridge/hook/pythonpath.dsv'
[8.533s] INFO:colcon.colcon_core.shell:Creating environment hook '/home/raspberry/Auv_ws/install/serial_bridge/share/serial_bridge/hook/pythonpath.sh'
[8.536s] Level 1:colcon.colcon_core.environment:checking '/home/raspberry/Auv_ws/install/serial_bridge/bin'
[8.536s] Level 1:colcon.colcon_core.environment:create_environment_scripts_only(serial_bridge)
[8.538s] INFO:colcon.colcon_core.shell:Creating package script '/home/raspberry/Auv_ws/install/serial_bridge/share/serial_bridge/package.ps1'
[8.540s] INFO:colcon.colcon_core.shell:Creating package descriptor '/home/raspberry/Auv_ws/install/serial_bridge/share/serial_bridge/package.dsv'
[8.543s] INFO:colcon.colcon_core.shell:Creating package script '/home/raspberry/Auv_ws/install/serial_bridge/share/serial_bridge/package.sh'
[8.545s] INFO:colcon.colcon_core.shell:Creating package script '/home/raspberry/Auv_ws/install/serial_bridge/share/serial_bridge/package.bash'
[8.547s] INFO:colcon.colcon_core.shell:Creating package script '/home/raspberry/Auv_ws/install/serial_bridge/share/serial_bridge/package.zsh'
[8.549s] Level 1:colcon.colcon_core.environment:create_file_with_runtime_dependencies(/home/raspberry/Auv_ws/install/serial_bridge/share/colcon-core/packages/serial_bridge)
[8.550s] DEBUG:colcon.colcon_parallel_executor.executor.parallel:closing loop
[8.551s] DEBUG:colcon.colcon_parallel_executor.executor.parallel:loop closed
[8.552s] DEBUG:colcon.colcon_parallel_executor.executor.parallel:run_until_complete finished with '0'
[8.552s] DEBUG:colcon.colcon_core.event_reactor:joining thread
[8.574s] INFO:colcon.colcon_core.plugin_system:Skipping extension 'colcon_notification.desktop_notification.notify_send': Could not find 'notify-send'
[8.574s] INFO:colcon.colcon_core.plugin_system:Skipping extension 'colcon_notification.desktop_notification.terminal_notifier': Not used on non-Darwin systems
[8.575s] INFO:colcon.colcon_core.plugin_system:Skipping extension 'colcon_notification.desktop_notification.win32': Not used on non-Windows systems
[8.575s] INFO:colcon.colcon_notification.desktop_notification:Sending desktop notification using 'notify2'
[8.578s] DEBUG:colcon.colcon_notification.desktop_notification.notify2:Failed to initialize notify2: org.freedesktop.DBus.Error.ServiceUnknown: The name org.freedesktop.Notifications was not provided by any .service files
[8.578s] DEBUG:colcon.colcon_core.event_reactor:joined thread
[8.579s] INFO:colcon.colcon_core.shell:Creating prefix script '/home/raspberry/Auv_ws/install/local_setup.ps1'
[8.583s] INFO:colcon.colcon_core.shell:Creating prefix util module '/home/raspberry/Auv_ws/install/_local_setup_util_ps1.py'
[8.590s] INFO:colcon.colcon_core.shell:Creating prefix chain script '/home/raspberry/Auv_ws/install/setup.ps1'
[8.595s] INFO:colcon.colcon_core.shell:Creating prefix script '/home/raspberry/Auv_ws/install/local_setup.sh'
[8.598s] INFO:colcon.colcon_core.shell:Creating prefix util module '/home/raspberry/Auv_ws/install/_local_setup_util_sh.py'
[8.601s] INFO:colcon.colcon_core.shell:Creating prefix chain script '/home/raspberry/Auv_ws/install/setup.sh'
[8.606s] INFO:colcon.colcon_core.shell:Creating prefix script '/home/raspberry/Auv_ws/install/local_setup.bash'
[8.609s] INFO:colcon.colcon_core.shell:Creating prefix chain script '/home/raspberry/Auv_ws/install/setup.bash'
[8.614s] INFO:colcon.colcon_core.shell:Creating prefix script '/home/raspberry/Auv_ws/install/local_setup.zsh'
[8.616s] INFO:colcon.colcon_core.shell:Creating prefix chain script '/home/raspberry/Auv_ws/install/setup.zsh'
