running develop
Removing /home/raspberry/Auv_ws/install/serial_bridge/lib/python3.10/site-packages/serial-bridge.egg-link (link to .)
running egg_info
writing ../../build/serial_bridge/serial_bridge.egg-info/PKG-INFO
writing dependency_links to ../../build/serial_bridge/serial_bridge.egg-info/dependency_links.txt
writing entry points to ../../build/serial_bridge/serial_bridge.egg-info/entry_points.txt
writing requirements to ../../build/serial_bridge/serial_bridge.egg-info/requires.txt
writing top-level names to ../../build/serial_bridge/serial_bridge.egg-info/top_level.txt
reading manifest file '../../build/serial_bridge/serial_bridge.egg-info/SOURCES.txt'
writing manifest file '../../build/serial_bridge/serial_bridge.egg-info/SOURCES.txt'
running build
running build_py
copying serial_bridge/arduino_bridge.py -> /home/raspberry/Auv_ws/build/serial_bridge/build/lib/serial_bridge
running install
running install_lib
creating /home/raspberry/Auv_ws/install/serial_bridge/lib/python3.10/site-packages/serial_bridge
copying /home/raspberry/Auv_ws/build/serial_bridge/build/lib/serial_bridge/__init__.py -> /home/raspberry/Auv_ws/install/serial_bridge/lib/python3.10/site-packages/serial_bridge
copying /home/raspberry/Auv_ws/build/serial_bridge/build/lib/serial_bridge/arduino_bridge.py -> /home/raspberry/Auv_ws/install/serial_bridge/lib/python3.10/site-packages/serial_bridge
byte-compiling /home/raspberry/Auv_ws/install/serial_bridge/lib/python3.10/site-packages/serial_bridge/__init__.py to __init__.cpython-310.pyc
byte-compiling /home/raspberry/Auv_ws/install/serial_bridge/lib/python3.10/site-packages/serial_bridge/arduino_bridge.py to arduino_bridge.cpython-310.pyc
running install_data
copying resource/serial_bridge -> /home/raspberry/Auv_ws/install/serial_bridge/share/ament_index/resource_index/packages
copying package.xml -> /home/raspberry/Auv_ws/install/serial_bridge/share/serial_bridge
running install_egg_info
Copying ../../build/serial_bridge/serial_bridge.egg-info to /home/raspberry/Auv_ws/install/serial_bridge/lib/python3.10/site-packages/serial_bridge-0.0.0-py3.10.egg-info
running install_scripts
Installing arduino_bridge script to /home/raspberry/Auv_ws/install/serial_bridge/lib/serial_bridge
writing list of installed files to '/home/raspberry/Auv_ws/build/serial_bridge/install.log'
