[3.862s] Invoking command in '/home/raspberry/Auv_ws/src/Auv_teleop': PYTHONPATH=/home/raspberry/Auv_ws/build/Auv_teleop/prefix_override:/usr/lib/python3/dist-packages/colcon_core/task/python/colcon_distutils_commands:/home/raspberry/Auv_ws/install/Auv_teleop/lib/python3.10/site-packages:${PYTHONPATH} /usr/bin/python3 -W ignore:setup.py install is deprecated -W ignore:easy_install command is deprecated setup.py egg_info --egg-base ../../build/Auv_teleop build --build-base /home/raspberry/Auv_ws/build/Auv_teleop/build install --record /home/raspberry/Auv_ws/build/Auv_teleop/install.log --single-version-externally-managed install_data
[4.942s] running egg_info
[4.946s] writing ../../build/Auv_teleop/Auv_teleop.egg-info/PKG-INFO
[4.947s] writing dependency_links to ../../build/Auv_teleop/Auv_teleop.egg-info/dependency_links.txt
[4.948s] writing entry points to ../../build/Auv_teleop/Auv_teleop.egg-info/entry_points.txt
[4.949s] writing requirements to ../../build/Auv_teleop/Auv_teleop.egg-info/requires.txt
[4.950s] writing top-level names to ../../build/Auv_teleop/Auv_teleop.egg-info/top_level.txt
[4.960s] reading manifest file '../../build/Auv_teleop/Auv_teleop.egg-info/SOURCES.txt'
[4.964s] writing manifest file '../../build/Auv_teleop/Auv_teleop.egg-info/SOURCES.txt'
[4.965s] running build
[4.966s] running build_py
[4.968s] running install
[4.969s] running install_lib
[4.975s] running install_data
[4.976s] running install_egg_info
[4.984s] removing '/home/raspberry/Auv_ws/install/Auv_teleop/lib/python3.10/site-packages/Auv_teleop-0.0.0-py3.10.egg-info' (and everything under it)
[4.986s] Copying ../../build/Auv_teleop/Auv_teleop.egg-info to /home/raspberry/Auv_ws/install/Auv_teleop/lib/python3.10/site-packages/Auv_teleop-0.0.0-py3.10.egg-info
[4.994s] running install_scripts
[5.092s] Installing teleop_xbox_node script to /home/raspberry/Auv_ws/install/Auv_teleop/lib/Auv_teleop
[5.096s] writing list of installed files to '/home/raspberry/Auv_ws/build/Auv_teleop/install.log'
[5.320s] Invoked command in '/home/raspberry/Auv_ws/src/Auv_teleop' returned '0': PYTHONPATH=/home/raspberry/Auv_ws/build/Auv_teleop/prefix_override:/usr/lib/python3/dist-packages/colcon_core/task/python/colcon_distutils_commands:/home/raspberry/Auv_ws/install/Auv_teleop/lib/python3.10/site-packages:${PYTHONPATH} /usr/bin/python3 -W ignore:setup.py install is deprecated -W ignore:easy_install command is deprecated setup.py egg_info --egg-base ../../build/Auv_teleop build --build-base /home/raspberry/Auv_ws/build/Auv_teleop/build install --record /home/raspberry/Auv_ws/build/Auv_teleop/install.log --single-version-externally-managed install_data
