[7.976s] Invoking command in '/home/raspberry/Auv_ws/src/auv_teleop': PYTHONPATH=/home/raspberry/Auv_ws/build/auv_teleop/prefix_override:/usr/lib/python3/dist-packages/colcon_core/task/python/colcon_distutils_commands:/home/raspberry/Auv_ws/install/auv_teleop/lib/python3.10/site-packages:${PYTHONPATH} /usr/bin/python3 -W ignore:setup.py install is deprecated -W ignore:easy_install command is deprecated setup.py egg_info --egg-base ../../build/auv_teleop build --build-base /home/raspberry/Auv_ws/build/auv_teleop/build install --record /home/raspberry/Auv_ws/build/auv_teleop/install.log --single-version-externally-managed install_data
[10.294s] running egg_info
[10.298s] writing ../../build/auv_teleop/auv_teleop.egg-info/PKG-INFO
[10.302s] writing dependency_links to ../../build/auv_teleop/auv_teleop.egg-info/dependency_links.txt
[10.305s] writing entry points to ../../build/auv_teleop/auv_teleop.egg-info/entry_points.txt
[10.307s] writing requirements to ../../build/auv_teleop/auv_teleop.egg-info/requires.txt
[10.308s] writing top-level names to ../../build/auv_teleop/auv_teleop.egg-info/top_level.txt
[10.319s] reading manifest file '../../build/auv_teleop/auv_teleop.egg-info/SOURCES.txt'
[10.324s] writing manifest file '../../build/auv_teleop/auv_teleop.egg-info/SOURCES.txt'
[10.324s] running build
[10.325s] running build_py
[10.326s] copying auv_teleop/xbox_node.py -> /home/raspberry/Auv_ws/build/auv_teleop/build/lib/auv_teleop
[10.328s] running install
[10.330s] running install_lib
[10.334s] copying /home/raspberry/Auv_ws/build/auv_teleop/build/lib/auv_teleop/xbox_node.py -> /home/raspberry/Auv_ws/install/auv_teleop/lib/python3.10/site-packages/auv_teleop
[10.339s] byte-compiling /home/raspberry/Auv_ws/install/auv_teleop/lib/python3.10/site-packages/auv_teleop/xbox_node.py to xbox_node.cpython-310.pyc
[10.344s] running install_data
[10.345s] running install_egg_info
[10.354s] removing '/home/raspberry/Auv_ws/install/auv_teleop/lib/python3.10/site-packages/auv_teleop-0.0.0-py3.10.egg-info' (and everything under it)
[10.357s] Copying ../../build/auv_teleop/auv_teleop.egg-info to /home/raspberry/Auv_ws/install/auv_teleop/lib/python3.10/site-packages/auv_teleop-0.0.0-py3.10.egg-info
[10.365s] running install_scripts
[10.479s] Installing teleop_xbox_node script to /home/raspberry/Auv_ws/install/auv_teleop/lib/auv_teleop
[10.481s] Installing xbox_node script to /home/raspberry/Auv_ws/install/auv_teleop/lib/auv_teleop
[10.483s] writing list of installed files to '/home/raspberry/Auv_ws/build/auv_teleop/install.log'
[10.701s] Invoked command in '/home/raspberry/Auv_ws/src/auv_teleop' returned '0': PYTHONPATH=/home/raspberry/Auv_ws/build/auv_teleop/prefix_override:/usr/lib/python3/dist-packages/colcon_core/task/python/colcon_distutils_commands:/home/raspberry/Auv_ws/install/auv_teleop/lib/python3.10/site-packages:${PYTHONPATH} /usr/bin/python3 -W ignore:setup.py install is deprecated -W ignore:easy_install command is deprecated setup.py egg_info --egg-base ../../build/auv_teleop build --build-base /home/raspberry/Auv_ws/build/auv_teleop/build install --record /home/raspberry/Auv_ws/build/auv_teleop/install.log --single-version-externally-managed install_data
