[7.740s] Invoking command in '/home/raspberry/Auv_ws/src/auv_control': PYTHONPATH=/home/raspberry/Auv_ws/build/auv_control/prefix_override:/usr/lib/python3/dist-packages/colcon_core/task/python/colcon_distutils_commands:/home/raspberry/Auv_ws/install/auv_control/lib/python3.10/site-packages:${PYTHONPATH} /usr/bin/python3 -W ignore:setup.py install is deprecated -W ignore:easy_install command is deprecated setup.py egg_info --egg-base ../../build/auv_control build --build-base /home/raspberry/Auv_ws/build/auv_control/build install --record /home/raspberry/Auv_ws/build/auv_control/install.log --single-version-externally-managed install_data
[9.310s] running egg_info
[9.314s] writing ../../build/auv_control/auv_control.egg-info/PKG-INFO
[9.316s] writing dependency_links to ../../build/auv_control/auv_control.egg-info/dependency_links.txt
[9.318s] writing entry points to ../../build/auv_control/auv_control.egg-info/entry_points.txt
[9.320s] writing requirements to ../../build/auv_control/auv_control.egg-info/requires.txt
[9.320s] writing top-level names to ../../build/auv_control/auv_control.egg-info/top_level.txt
[9.338s] reading manifest file '../../build/auv_control/auv_control.egg-info/SOURCES.txt'
[9.339s] writing manifest file '../../build/auv_control/auv_control.egg-info/SOURCES.txt'
[9.340s] running build
[9.341s] running build_py
[9.342s] running install
[9.343s] running install_lib
[9.349s] byte-compiling /home/raspberry/Auv_ws/install/auv_control/lib/python3.10/site-packages/auv_control/path_planning.py to path_planning.cpython-310.pyc
[9.351s] Sorry: IndentationError: unindent does not match any outer indentation level (path_planning.py, line 150)
[9.352s] running install_data
[9.353s] running install_egg_info
[9.361s] removing '/home/raspberry/Auv_ws/install/auv_control/lib/python3.10/site-packages/auv_control-0.0.0-py3.10.egg-info' (and everything under it)
[9.367s] Copying ../../build/auv_control/auv_control.egg-info to /home/raspberry/Auv_ws/install/auv_control/lib/python3.10/site-packages/auv_control-0.0.0-py3.10.egg-info
[9.371s] running install_scripts
[9.482s] Installing heading_controller script to /home/raspberry/Auv_ws/install/auv_control/lib/auv_control
[9.484s] writing list of installed files to '/home/raspberry/Auv_ws/build/auv_control/install.log'
[9.697s] Invoked command in '/home/raspberry/Auv_ws/src/auv_control' returned '0': PYTHONPATH=/home/raspberry/Auv_ws/build/auv_control/prefix_override:/usr/lib/python3/dist-packages/colcon_core/task/python/colcon_distutils_commands:/home/raspberry/Auv_ws/install/auv_control/lib/python3.10/site-packages:${PYTHONPATH} /usr/bin/python3 -W ignore:setup.py install is deprecated -W ignore:easy_install command is deprecated setup.py egg_info --egg-base ../../build/auv_control build --build-base /home/raspberry/Auv_ws/build/auv_control/build install --record /home/raspberry/Auv_ws/build/auv_control/install.log --single-version-externally-managed install_data
