running egg_info
writing ../../build/auv_camera_stream/auv_camera_stream.egg-info/PKG-INFO
writing dependency_links to ../../build/auv_camera_stream/auv_camera_stream.egg-info/dependency_links.txt
writing entry points to ../../build/auv_camera_stream/auv_camera_stream.egg-info/entry_points.txt
writing requirements to ../../build/auv_camera_stream/auv_camera_stream.egg-info/requires.txt
writing top-level names to ../../build/auv_camera_stream/auv_camera_stream.egg-info/top_level.txt
reading manifest file '../../build/auv_camera_stream/auv_camera_stream.egg-info/SOURCES.txt'
writing manifest file '../../build/auv_camera_stream/auv_camera_stream.egg-info/SOURCES.txt'
running build
running build_py
running install
running install_lib
running install_data
copying package.xml -> /home/raspberry/Auv_ws/install/auv_camera_stream/share/auv_camera_stream
running install_egg_info
removing '/home/raspberry/Auv_ws/install/auv_camera_stream/lib/python3.10/site-packages/auv_camera_stream-0.0.0-py3.10.egg-info' (and everything under it)
Copying ../../build/auv_camera_stream/auv_camera_stream.egg-info to /home/raspberry/Auv_ws/install/auv_camera_stream/lib/python3.10/site-packages/auv_camera_stream-0.0.0-py3.10.egg-info
running install_scripts
Installing camera_node script to /home/raspberry/Auv_ws/install/auv_camera_stream/lib/auv_camera_stream
writing list of installed files to '/home/raspberry/Auv_ws/build/auv_camera_stream/install.log'
