[9.240s] Invoking command in '/home/raspberry/Auv_ws/src/auv_control': PYTHONPATH=/home/raspberry/Auv_ws/build/auv_control/prefix_override:/usr/lib/python3/dist-packages/colcon_core/task/python/colcon_distutils_commands:/home/raspberry/Auv_ws/install/auv_control/lib/python3.10/site-packages:${PYTHONPATH} /usr/bin/python3 -W ignore:setup.py install is deprecated -W ignore:easy_install command is deprecated setup.py egg_info --egg-base ../../build/auv_control build --build-base /home/raspberry/Auv_ws/build/auv_control/build install --record /home/raspberry/Auv_ws/build/auv_control/install.log --single-version-externally-managed install_data
[11.607s] running egg_info
[11.613s] writing ../../build/auv_control/auv_control.egg-info/PKG-INFO
[11.616s] writing dependency_links to ../../build/auv_control/auv_control.egg-info/dependency_links.txt
[11.619s] writing entry points to ../../build/auv_control/auv_control.egg-info/entry_points.txt
[11.625s] writing requirements to ../../build/auv_control/auv_control.egg-info/requires.txt
[11.626s] writing top-level names to ../../build/auv_control/auv_control.egg-info/top_level.txt
[11.640s] reading manifest file '../../build/auv_control/auv_control.egg-info/SOURCES.txt'
[11.646s] writing manifest file '../../build/auv_control/auv_control.egg-info/SOURCES.txt'
[11.647s] running build
[11.649s] running build_py
[11.655s] running install
[11.663s] running install_lib
[11.669s] byte-compiling /home/raspberry/Auv_ws/install/auv_control/lib/python3.10/site-packages/auv_control/path_planning.py to path_planning.cpython-310.pyc
[11.674s] Sorry: IndentationError: unindent does not match any outer indentation level (path_planning.py, line 150)
[11.676s] running install_data
[11.677s] running install_egg_info
[11.688s] removing '/home/raspberry/Auv_ws/install/auv_control/lib/python3.10/site-packages/auv_control-0.0.0-py3.10.egg-info' (and everything under it)
[11.700s] Copying ../../build/auv_control/auv_control.egg-info to /home/raspberry/Auv_ws/install/auv_control/lib/python3.10/site-packages/auv_control-0.0.0-py3.10.egg-info
[11.711s] running install_scripts
[11.824s] Installing heading_controller script to /home/raspberry/Auv_ws/install/auv_control/lib/auv_control
[11.827s] writing list of installed files to '/home/raspberry/Auv_ws/build/auv_control/install.log'
[13.235s] Invoked command in '/home/raspberry/Auv_ws/src/auv_control' returned '0': PYTHONPATH=/home/raspberry/Auv_ws/build/auv_control/prefix_override:/usr/lib/python3/dist-packages/colcon_core/task/python/colcon_distutils_commands:/home/raspberry/Auv_ws/install/auv_control/lib/python3.10/site-packages:${PYTHONPATH} /usr/bin/python3 -W ignore:setup.py install is deprecated -W ignore:easy_install command is deprecated setup.py egg_info --egg-base ../../build/auv_control build --build-base /home/raspberry/Auv_ws/build/auv_control/build install --record /home/raspberry/Auv_ws/build/auv_control/install.log --single-version-externally-managed install_data
