[6.205s] Invoking command in '/home/raspberry/Auv_ws/src/serial_bridge': PYTHONPATH=/home/raspberry/Auv_ws/build/serial_bridge/prefix_override:/usr/lib/python3/dist-packages/colcon_core/task/python/colcon_distutils_commands:/home/raspberry/Auv_ws/install/serial_bridge/lib/python3.10/site-packages:${PYTHONPATH} /usr/bin/python3 -W ignore:setup.py install is deprecated -W ignore:easy_install command is deprecated setup.py egg_info --egg-base ../../build/serial_bridge build --build-base /home/raspberry/Auv_ws/build/serial_bridge/build install --record /home/raspberry/Auv_ws/build/serial_bridge/install.log --single-version-externally-managed install_data
[7.794s] running egg_info
[7.802s] writing ../../build/serial_bridge/serial_bridge.egg-info/PKG-INFO
[7.806s] writing dependency_links to ../../build/serial_bridge/serial_bridge.egg-info/dependency_links.txt
[7.811s] writing entry points to ../../build/serial_bridge/serial_bridge.egg-info/entry_points.txt
[7.815s] writing requirements to ../../build/serial_bridge/serial_bridge.egg-info/requires.txt
[7.816s] writing top-level names to ../../build/serial_bridge/serial_bridge.egg-info/top_level.txt
[7.830s] reading manifest file '../../build/serial_bridge/serial_bridge.egg-info/SOURCES.txt'
[7.840s] writing manifest file '../../build/serial_bridge/serial_bridge.egg-info/SOURCES.txt'
[7.841s] running build
[7.844s] running build_py
[7.846s] copying serial_bridge/arduino_bridge.py -> /home/raspberry/Auv_ws/build/serial_bridge/build/lib/serial_bridge
[7.847s] running install
[7.848s] running install_lib
[7.852s] copying /home/raspberry/Auv_ws/build/serial_bridge/build/lib/serial_bridge/arduino_bridge.py -> /home/raspberry/Auv_ws/install/serial_bridge/lib/python3.10/site-packages/serial_bridge
[7.856s] byte-compiling /home/raspberry/Auv_ws/install/serial_bridge/lib/python3.10/site-packages/serial_bridge/arduino_bridge.py to arduino_bridge.cpython-310.pyc
[7.864s] running install_data
[7.865s] running install_egg_info
[7.892s] removing '/home/raspberry/Auv_ws/install/serial_bridge/lib/python3.10/site-packages/serial_bridge-0.0.0-py3.10.egg-info' (and everything under it)
[7.893s] Copying ../../build/serial_bridge/serial_bridge.egg-info to /home/raspberry/Auv_ws/install/serial_bridge/lib/python3.10/site-packages/serial_bridge-0.0.0-py3.10.egg-info
[7.894s] running install_scripts
[8.016s] Installing arduino_bridge script to /home/raspberry/Auv_ws/install/serial_bridge/lib/serial_bridge
[8.019s] writing list of installed files to '/home/raspberry/Auv_ws/build/serial_bridge/install.log'
[8.233s] Invoked command in '/home/raspberry/Auv_ws/src/serial_bridge' returned '0': PYTHONPATH=/home/raspberry/Auv_ws/build/serial_bridge/prefix_override:/usr/lib/python3/dist-packages/colcon_core/task/python/colcon_distutils_commands:/home/raspberry/Auv_ws/install/serial_bridge/lib/python3.10/site-packages:${PYTHONPATH} /usr/bin/python3 -W ignore:setup.py install is deprecated -W ignore:easy_install command is deprecated setup.py egg_info --egg-base ../../build/serial_bridge build --build-base /home/raspberry/Auv_ws/build/serial_bridge/build install --record /home/raspberry/Auv_ws/build/serial_bridge/install.log --single-version-externally-managed install_data
