[4.422s] Invoking command in '/home/raspberry/Auv_ws/src/auv_bringup': AMENT_PREFIX_PATH=/home/raspberry/Auv_ws/src/install/auv_teleop:${AMENT_PREFIX_PATH} PYTHONPATH=/home/raspberry/Auv_ws/src/build/auv_bringup/prefix_override:/usr/lib/python3/dist-packages/colcon_core/task/python/colcon_distutils_commands:/home/raspberry/Auv_ws/src/install/auv_bringup/lib/python3.10/site-packages:/home/raspberry/Auv_ws/src/install/auv_teleop/lib/python3.10/site-packages:${PYTHONPATH} /usr/bin/python3 -W ignore:setup.py install is deprecated -W ignore:easy_install command is deprecated setup.py egg_info --egg-base ../build/auv_bringup build --build-base /home/raspberry/Auv_ws/src/build/auv_bringup/build install --record /home/raspberry/Auv_ws/src/build/auv_bringup/install.log --single-version-externally-managed install_data
[5.803s] running egg_info
[5.806s] creating ../build/auv_bringup/auv_bringup.egg-info
[5.807s] writing ../build/auv_bringup/auv_bringup.egg-info/PKG-INFO
[5.808s] writing dependency_links to ../build/auv_bringup/auv_bringup.egg-info/dependency_links.txt
[5.809s] writing entry points to ../build/auv_bringup/auv_bringup.egg-info/entry_points.txt
[5.810s] writing requirements to ../build/auv_bringup/auv_bringup.egg-info/requires.txt
[5.810s] writing top-level names to ../build/auv_bringup/auv_bringup.egg-info/top_level.txt
[5.811s] writing manifest file '../build/auv_bringup/auv_bringup.egg-info/SOURCES.txt'
[5.819s] reading manifest file '../build/auv_bringup/auv_bringup.egg-info/SOURCES.txt'
[5.823s] writing manifest file '../build/auv_bringup/auv_bringup.egg-info/SOURCES.txt'
[5.825s] running build
[5.826s] running build_py
[5.827s] creating /home/raspberry/Auv_ws/src/build/auv_bringup/build
[5.827s] creating /home/raspberry/Auv_ws/src/build/auv_bringup/build/lib
[5.828s] creating /home/raspberry/Auv_ws/src/build/auv_bringup/build/lib/auv_bringup
[5.829s] copying auv_bringup/__init__.py -> /home/raspberry/Auv_ws/src/build/auv_bringup/build/lib/auv_bringup
[5.830s] running install
[5.830s] running install_lib
[5.833s] creating /home/raspberry/Auv_ws/src/install/auv_bringup/lib/python3.10/site-packages/auv_bringup
[5.834s] copying /home/raspberry/Auv_ws/src/build/auv_bringup/build/lib/auv_bringup/__init__.py -> /home/raspberry/Auv_ws/src/install/auv_bringup/lib/python3.10/site-packages/auv_bringup
[5.837s] byte-compiling /home/raspberry/Auv_ws/src/install/auv_bringup/lib/python3.10/site-packages/auv_bringup/__init__.py to __init__.cpython-310.pyc
[5.838s] running install_data
[5.840s] creating /home/raspberry/Auv_ws/src/install/auv_bringup/share/ament_index
[5.841s] creating /home/raspberry/Auv_ws/src/install/auv_bringup/share/ament_index/resource_index
[5.842s] creating /home/raspberry/Auv_ws/src/install/auv_bringup/share/ament_index/resource_index/packages
[5.843s] copying resource/auv_bringup -> /home/raspberry/Auv_ws/src/install/auv_bringup/share/ament_index/resource_index/packages
[5.844s] copying package.xml -> /home/raspberry/Auv_ws/src/install/auv_bringup/share/auv_bringup
[5.844s] creating /home/raspberry/Auv_ws/src/install/auv_bringup/share/auv_bringup/launch
[5.845s] copying launch/launchphase1.xml -> /home/raspberry/Auv_ws/src/install/auv_bringup/share/auv_bringup/launch
[5.846s] copying launch/launch_pixhawk.xml -> /home/raspberry/Auv_ws/src/install/auv_bringup/share/auv_bringup/launch
[5.848s] running install_egg_info
[5.856s] Copying ../build/auv_bringup/auv_bringup.egg-info to /home/raspberry/Auv_ws/src/install/auv_bringup/lib/python3.10/site-packages/auv_bringup-0.0.0-py3.10.egg-info
[5.864s] running install_scripts
[5.958s] writing list of installed files to '/home/raspberry/Auv_ws/src/build/auv_bringup/install.log'
[6.092s] Invoked command in '/home/raspberry/Auv_ws/src/auv_bringup' returned '0': AMENT_PREFIX_PATH=/home/raspberry/Auv_ws/src/install/auv_teleop:${AMENT_PREFIX_PATH} PYTHONPATH=/home/raspberry/Auv_ws/src/build/auv_bringup/prefix_override:/usr/lib/python3/dist-packages/colcon_core/task/python/colcon_distutils_commands:/home/raspberry/Auv_ws/src/install/auv_bringup/lib/python3.10/site-packages:/home/raspberry/Auv_ws/src/install/auv_teleop/lib/python3.10/site-packages:${PYTHONPATH} /usr/bin/python3 -W ignore:setup.py install is deprecated -W ignore:easy_install command is deprecated setup.py egg_info --egg-base ../build/auv_bringup build --build-base /home/raspberry/Auv_ws/src/build/auv_bringup/build install --record /home/raspberry/Auv_ws/src/build/auv_bringup/install.log --single-version-externally-managed install_data
