[3.869s] Invoking command in '/home/raspberry/Auv_ws/src/Auv_control': PYTHONPATH=/home/raspberry/Auv_ws/build/Auv_control/prefix_override:/usr/lib/python3/dist-packages/colcon_core/task/python/colcon_distutils_commands:/home/raspberry/Auv_ws/install/Auv_control/lib/python3.10/site-packages:${PYTHONPATH} /usr/bin/python3 -W ignore:setup.py install is deprecated -W ignore:easy_install command is deprecated setup.py egg_info --egg-base ../../build/Auv_control build --build-base /home/raspberry/Auv_ws/build/Auv_control/build install --record /home/raspberry/Auv_ws/build/Auv_control/install.log --single-version-externally-managed install_data
[4.938s] running egg_info
[4.946s] writing ../../build/Auv_control/Auv_control.egg-info/PKG-INFO
[4.947s] writing dependency_links to ../../build/Auv_control/Auv_control.egg-info/dependency_links.txt
[4.947s] writing entry points to ../../build/Auv_control/Auv_control.egg-info/entry_points.txt
[4.948s] writing requirements to ../../build/Auv_control/Auv_control.egg-info/requires.txt
[4.948s] writing top-level names to ../../build/Auv_control/Auv_control.egg-info/top_level.txt
[4.955s] reading manifest file '../../build/Auv_control/Auv_control.egg-info/SOURCES.txt'
[4.959s] writing manifest file '../../build/Auv_control/Auv_control.egg-info/SOURCES.txt'
[4.960s] running build
[4.961s] running build_py
[4.964s] running install
[4.964s] running install_lib
[4.970s] running install_data
[4.970s] running install_egg_info
[4.979s] removing '/home/raspberry/Auv_ws/install/Auv_control/lib/python3.10/site-packages/Auv_control-0.0.0-py3.10.egg-info' (and everything under it)
[4.980s] Copying ../../build/Auv_control/Auv_control.egg-info to /home/raspberry/Auv_ws/install/Auv_control/lib/python3.10/site-packages/Auv_control-0.0.0-py3.10.egg-info
[4.987s] running install_scripts
[5.077s] Installing heading_controller script to /home/raspberry/Auv_ws/install/Auv_control/lib/Auv_control
[5.079s] writing list of installed files to '/home/raspberry/Auv_ws/build/Auv_control/install.log'
[5.305s] Invoked command in '/home/raspberry/Auv_ws/src/Auv_control' returned '0': PYTHONPATH=/home/raspberry/Auv_ws/build/Auv_control/prefix_override:/usr/lib/python3/dist-packages/colcon_core/task/python/colcon_distutils_commands:/home/raspberry/Auv_ws/install/Auv_control/lib/python3.10/site-packages:${PYTHONPATH} /usr/bin/python3 -W ignore:setup.py install is deprecated -W ignore:easy_install command is deprecated setup.py egg_info --egg-base ../../build/Auv_control build --build-base /home/raspberry/Auv_ws/build/Auv_control/build install --record /home/raspberry/Auv_ws/build/Auv_control/install.log --single-version-externally-managed install_data
