[5.335s] Invoking command in '/home/raspberry/Auv_ws/build/Auv_control': PYTHONPATH=/home/raspberry/Auv_ws/build/Auv_control/prefix_override:/usr/lib/python3/dist-packages/colcon_core/task/python/colcon_distutils_commands:/home/raspberry/Auv_ws/install/Auv_control/lib/python3.10/site-packages:${PYTHONPATH} /usr/bin/python3 -W ignore:setup.py install is deprecated -W ignore:easy_install command is deprecated setup.py develop --uninstall --editable --build-directory /home/raspberry/Auv_ws/build/Auv_control/build
[6.702s] running develop
[7.682s] Removing /home/raspberry/Auv_ws/install/Auv_control/lib/python3.10/site-packages/Auv-control.egg-link (link to .)
[7.822s] Invoked command in '/home/raspberry/Auv_ws/build/Auv_control' returned '0': PYTHONPATH=/home/raspberry/Auv_ws/build/Auv_control/prefix_override:/usr/lib/python3/dist-packages/colcon_core/task/python/colcon_distutils_commands:/home/raspberry/Auv_ws/install/Auv_control/lib/python3.10/site-packages:${PYTHONPATH} /usr/bin/python3 -W ignore:setup.py install is deprecated -W ignore:easy_install command is deprecated setup.py develop --uninstall --editable --build-directory /home/raspberry/Auv_ws/build/Auv_control/build
[7.833s] Invoking command in '/home/raspberry/Auv_ws/src/Auv_control': PYTHONPATH=/home/raspberry/Auv_ws/build/Auv_control/prefix_override:/usr/lib/python3/dist-packages/colcon_core/task/python/colcon_distutils_commands:/home/raspberry/Auv_ws/install/Auv_control/lib/python3.10/site-packages:${PYTHONPATH} /usr/bin/python3 -W ignore:setup.py install is deprecated -W ignore:easy_install command is deprecated setup.py egg_info --egg-base ../../build/Auv_control build --build-base /home/raspberry/Auv_ws/build/Auv_control/build install --record /home/raspberry/Auv_ws/build/Auv_control/install.log --single-version-externally-managed install_data --force
[9.100s] running egg_info
[9.105s] writing ../../build/Auv_control/Auv_control.egg-info/PKG-INFO
[9.106s] writing dependency_links to ../../build/Auv_control/Auv_control.egg-info/dependency_links.txt
[9.109s] writing entry points to ../../build/Auv_control/Auv_control.egg-info/entry_points.txt
[9.112s] writing requirements to ../../build/Auv_control/Auv_control.egg-info/requires.txt
[9.113s] writing top-level names to ../../build/Auv_control/Auv_control.egg-info/top_level.txt
[9.122s] reading manifest file '../../build/Auv_control/Auv_control.egg-info/SOURCES.txt'
[9.128s] writing manifest file '../../build/Auv_control/Auv_control.egg-info/SOURCES.txt'
[9.129s] running build
[9.130s] running build_py
[9.132s] copying Auv_control/heading_controller.py -> /home/raspberry/Auv_ws/build/Auv_control/build/lib/Auv_control
[9.134s] running install
[9.135s] running install_lib
[9.139s] creating /home/raspberry/Auv_ws/install/Auv_control/lib/python3.10/site-packages/Auv_control
[9.140s] copying /home/raspberry/Auv_ws/build/Auv_control/build/lib/Auv_control/__init__.py -> /home/raspberry/Auv_ws/install/Auv_control/lib/python3.10/site-packages/Auv_control
[9.141s] copying /home/raspberry/Auv_ws/build/Auv_control/build/lib/Auv_control/depth_controller.py -> /home/raspberry/Auv_ws/install/Auv_control/lib/python3.10/site-packages/Auv_control
[9.143s] copying /home/raspberry/Auv_ws/build/Auv_control/build/lib/Auv_control/heading_controller.py -> /home/raspberry/Auv_ws/install/Auv_control/lib/python3.10/site-packages/Auv_control
[9.148s] byte-compiling /home/raspberry/Auv_ws/install/Auv_control/lib/python3.10/site-packages/Auv_control/__init__.py to __init__.cpython-310.pyc
[9.150s] byte-compiling /home/raspberry/Auv_ws/install/Auv_control/lib/python3.10/site-packages/Auv_control/depth_controller.py to depth_controller.cpython-310.pyc
[9.151s] byte-compiling /home/raspberry/Auv_ws/install/Auv_control/lib/python3.10/site-packages/Auv_control/heading_controller.py to heading_controller.cpython-310.pyc
[9.156s] running install_data
[9.162s] copying resource/Auv_control -> /home/raspberry/Auv_ws/install/Auv_control/share/ament_index/resource_index/packages
[9.164s] copying package.xml -> /home/raspberry/Auv_ws/install/Auv_control/share/Auv_control
[9.165s] running install_egg_info
[9.175s] Copying ../../build/Auv_control/Auv_control.egg-info to /home/raspberry/Auv_ws/install/Auv_control/lib/python3.10/site-packages/Auv_control-0.0.0-py3.10.egg-info
[9.192s] running install_scripts
[9.368s] Installing heading_controller script to /home/raspberry/Auv_ws/install/Auv_control/lib/Auv_control
[9.369s] writing list of installed files to '/home/raspberry/Auv_ws/build/Auv_control/install.log'
[9.512s] Invoked command in '/home/raspberry/Auv_ws/src/Auv_control' returned '0': PYTHONPATH=/home/raspberry/Auv_ws/build/Auv_control/prefix_override:/usr/lib/python3/dist-packages/colcon_core/task/python/colcon_distutils_commands:/home/raspberry/Auv_ws/install/Auv_control/lib/python3.10/site-packages:${PYTHONPATH} /usr/bin/python3 -W ignore:setup.py install is deprecated -W ignore:easy_install command is deprecated setup.py egg_info --egg-base ../../build/Auv_control build --build-base /home/raspberry/Auv_ws/build/Auv_control/build install --record /home/raspberry/Auv_ws/build/Auv_control/install.log --single-version-externally-managed install_data --force
