[9.137s] Invoking command in '/home/raspberry/Auv_ws/src/auv_control': PYTHONPATH=/home/raspberry/Auv_ws/build/auv_control/prefix_override:/usr/lib/python3/dist-packages/colcon_core/task/python/colcon_distutils_commands:/home/raspberry/Auv_ws/install/auv_control/lib/python3.10/site-packages:${PYTHONPATH} /usr/bin/python3 -W ignore:setup.py install is deprecated -W ignore:easy_install command is deprecated setup.py egg_info --egg-base ../../build/auv_control build --build-base /home/raspberry/Auv_ws/build/auv_control/build install --record /home/raspberry/Auv_ws/build/auv_control/install.log --single-version-externally-managed install_data
[11.030s] running egg_info
[11.035s] writing ../../build/auv_control/auv_control.egg-info/PKG-INFO
[11.043s] writing dependency_links to ../../build/auv_control/auv_control.egg-info/dependency_links.txt
[11.044s] writing entry points to ../../build/auv_control/auv_control.egg-info/entry_points.txt
[11.046s] writing requirements to ../../build/auv_control/auv_control.egg-info/requires.txt
[11.050s] writing top-level names to ../../build/auv_control/auv_control.egg-info/top_level.txt
[11.061s] reading manifest file '../../build/auv_control/auv_control.egg-info/SOURCES.txt'
[11.071s] writing manifest file '../../build/auv_control/auv_control.egg-info/SOURCES.txt'
[11.076s] running build
[11.077s] running build_py
[11.082s] running install
[11.084s] running install_lib
[11.105s] byte-compiling /home/raspberry/Auv_ws/install/auv_control/lib/python3.10/site-packages/auv_control/path_planning.py to path_planning.cpython-310.pyc
[11.111s] Sorry: IndentationError: unindent does not match any outer indentation level (path_planning.py, line 150)
[11.116s] running install_data
[11.125s] running install_egg_info
[11.132s] removing '/home/raspberry/Auv_ws/install/auv_control/lib/python3.10/site-packages/auv_control-0.0.0-py3.10.egg-info' (and everything under it)
[11.146s] Copying ../../build/auv_control/auv_control.egg-info to /home/raspberry/Auv_ws/install/auv_control/lib/python3.10/site-packages/auv_control-0.0.0-py3.10.egg-info
[11.167s] running install_scripts
[11.422s] Installing heading_controller script to /home/raspberry/Auv_ws/install/auv_control/lib/auv_control
[11.432s] writing list of installed files to '/home/raspberry/Auv_ws/build/auv_control/install.log'
[11.760s] Invoked command in '/home/raspberry/Auv_ws/src/auv_control' returned '0': PYTHONPATH=/home/raspberry/Auv_ws/build/auv_control/prefix_override:/usr/lib/python3/dist-packages/colcon_core/task/python/colcon_distutils_commands:/home/raspberry/Auv_ws/install/auv_control/lib/python3.10/site-packages:${PYTHONPATH} /usr/bin/python3 -W ignore:setup.py install is deprecated -W ignore:easy_install command is deprecated setup.py egg_info --egg-base ../../build/auv_control build --build-base /home/raspberry/Auv_ws/build/auv_control/build install --record /home/raspberry/Auv_ws/build/auv_control/install.log --single-version-externally-managed install_data
