[7.509s] Invoking command in '/home/raspberry/Auv_ws/build/auv_bringup': PYTHONPATH=/home/raspberry/Auv_ws/build/auv_bringup/prefix_override:/usr/lib/python3/dist-packages/colcon_core/task/python/colcon_distutils_commands:/home/raspberry/Auv_ws/install/auv_bringup/lib/python3.10/site-packages:${PYTHONPATH} /usr/bin/python3 -W ignore:setup.py install is deprecated -W ignore:easy_install command is deprecated setup.py develop --uninstall --editable --build-directory /home/raspberry/Auv_ws/build/auv_bringup/build
[8.985s] running develop
[9.970s] Removing /home/raspberry/Auv_ws/install/auv_bringup/lib/python3.10/site-packages/auv-bringup.egg-link (link to .)
[10.319s] Invoked command in '/home/raspberry/Auv_ws/build/auv_bringup' returned '0': PYTHONPATH=/home/raspberry/Auv_ws/build/auv_bringup/prefix_override:/usr/lib/python3/dist-packages/colcon_core/task/python/colcon_distutils_commands:/home/raspberry/Auv_ws/install/auv_bringup/lib/python3.10/site-packages:${PYTHONPATH} /usr/bin/python3 -W ignore:setup.py install is deprecated -W ignore:easy_install command is deprecated setup.py develop --uninstall --editable --build-directory /home/raspberry/Auv_ws/build/auv_bringup/build
[10.321s] Invoking command in '/home/raspberry/Auv_ws/src/auv_bringup': PYTHONPATH=/home/raspberry/Auv_ws/build/auv_bringup/prefix_override:/usr/lib/python3/dist-packages/colcon_core/task/python/colcon_distutils_commands:/home/raspberry/Auv_ws/install/auv_bringup/lib/python3.10/site-packages:${PYTHONPATH} /usr/bin/python3 -W ignore:setup.py install is deprecated -W ignore:easy_install command is deprecated setup.py egg_info --egg-base ../../build/auv_bringup build --build-base /home/raspberry/Auv_ws/build/auv_bringup/build install --record /home/raspberry/Auv_ws/build/auv_bringup/install.log --single-version-externally-managed install_data --force
[11.810s] running egg_info
[11.814s] writing ../../build/auv_bringup/auv_bringup.egg-info/PKG-INFO
[11.816s] writing dependency_links to ../../build/auv_bringup/auv_bringup.egg-info/dependency_links.txt
[11.818s] writing entry points to ../../build/auv_bringup/auv_bringup.egg-info/entry_points.txt
[11.825s] writing requirements to ../../build/auv_bringup/auv_bringup.egg-info/requires.txt
[11.826s] writing top-level names to ../../build/auv_bringup/auv_bringup.egg-info/top_level.txt
[11.836s] reading manifest file '../../build/auv_bringup/auv_bringup.egg-info/SOURCES.txt'
[11.842s] writing manifest file '../../build/auv_bringup/auv_bringup.egg-info/SOURCES.txt'
[11.844s] running build
[11.844s] running build_py
[11.846s] running install
[11.847s] running install_lib
[11.851s] creating /home/raspberry/Auv_ws/install/auv_bringup/lib/python3.10/site-packages/auv_bringup
[11.852s] copying /home/raspberry/Auv_ws/build/auv_bringup/build/lib/auv_bringup/__init__.py -> /home/raspberry/Auv_ws/install/auv_bringup/lib/python3.10/site-packages/auv_bringup
[11.854s] byte-compiling /home/raspberry/Auv_ws/install/auv_bringup/lib/python3.10/site-packages/auv_bringup/__init__.py to __init__.cpython-310.pyc
[11.856s] running install_data
[11.857s] copying resource/auv_bringup -> /home/raspberry/Auv_ws/install/auv_bringup/share/ament_index/resource_index/packages
[11.858s] copying package.xml -> /home/raspberry/Auv_ws/install/auv_bringup/share/auv_bringup
[11.859s] copying launch/launchphase1.xml -> /home/raspberry/Auv_ws/install/auv_bringup/share/auv_bringup/launch
[11.861s] running install_egg_info
[11.883s] Copying ../../build/auv_bringup/auv_bringup.egg-info to /home/raspberry/Auv_ws/install/auv_bringup/lib/python3.10/site-packages/auv_bringup-0.0.0-py3.10.egg-info
[11.893s] running install_scripts
[12.030s] writing list of installed files to '/home/raspberry/Auv_ws/build/auv_bringup/install.log'
[12.389s] Invoked command in '/home/raspberry/Auv_ws/src/auv_bringup' returned '0': PYTHONPATH=/home/raspberry/Auv_ws/build/auv_bringup/prefix_override:/usr/lib/python3/dist-packages/colcon_core/task/python/colcon_distutils_commands:/home/raspberry/Auv_ws/install/auv_bringup/lib/python3.10/site-packages:${PYTHONPATH} /usr/bin/python3 -W ignore:setup.py install is deprecated -W ignore:easy_install command is deprecated setup.py egg_info --egg-base ../../build/auv_bringup build --build-base /home/raspberry/Auv_ws/build/auv_bringup/build install --record /home/raspberry/Auv_ws/build/auv_bringup/install.log --single-version-externally-managed install_data --force
