[7.910s] Invoking command in '/home/raspberry/Auv_ws/src/auv_bringup': PYTHONPATH=/home/raspberry/Auv_ws/build/auv_bringup/prefix_override:/usr/lib/python3/dist-packages/colcon_core/task/python/colcon_distutils_commands:/home/raspberry/Auv_ws/install/auv_bringup/lib/python3.10/site-packages:${PYTHONPATH} /usr/bin/python3 -W ignore:setup.py install is deprecated -W ignore:easy_install command is deprecated setup.py egg_info --egg-base ../../build/auv_bringup build --build-base /home/raspberry/Auv_ws/build/auv_bringup/build install --record /home/raspberry/Auv_ws/build/auv_bringup/install.log --single-version-externally-managed install_data
[9.456s] running egg_info
[9.462s] writing ../../build/auv_bringup/auv_bringup.egg-info/PKG-INFO
[9.467s] writing dependency_links to ../../build/auv_bringup/auv_bringup.egg-info/dependency_links.txt
[9.471s] writing entry points to ../../build/auv_bringup/auv_bringup.egg-info/entry_points.txt
[9.474s] writing requirements to ../../build/auv_bringup/auv_bringup.egg-info/requires.txt
[9.478s] writing top-level names to ../../build/auv_bringup/auv_bringup.egg-info/top_level.txt
[9.488s] reading manifest file '../../build/auv_bringup/auv_bringup.egg-info/SOURCES.txt'
[9.495s] writing manifest file '../../build/auv_bringup/auv_bringup.egg-info/SOURCES.txt'
[9.497s] running build
[9.498s] running build_py
[9.501s] running install
[9.504s] running install_lib
[9.515s] running install_data
[9.520s] running install_egg_info
[9.534s] removing '/home/raspberry/Auv_ws/install/auv_bringup/lib/python3.10/site-packages/auv_bringup-0.0.0-py3.10.egg-info' (and everything under it)
[9.538s] Copying ../../build/auv_bringup/auv_bringup.egg-info to /home/raspberry/Auv_ws/install/auv_bringup/lib/python3.10/site-packages/auv_bringup-0.0.0-py3.10.egg-info
[9.548s] running install_scripts
[9.773s] writing list of installed files to '/home/raspberry/Auv_ws/build/auv_bringup/install.log'
[10.038s] Invoked command in '/home/raspberry/Auv_ws/src/auv_bringup' returned '0': PYTHONPATH=/home/raspberry/Auv_ws/build/auv_bringup/prefix_override:/usr/lib/python3/dist-packages/colcon_core/task/python/colcon_distutils_commands:/home/raspberry/Auv_ws/install/auv_bringup/lib/python3.10/site-packages:${PYTHONPATH} /usr/bin/python3 -W ignore:setup.py install is deprecated -W ignore:easy_install command is deprecated setup.py egg_info --egg-base ../../build/auv_bringup build --build-base /home/raspberry/Auv_ws/build/auv_bringup/build install --record /home/raspberry/Auv_ws/build/auv_bringup/install.log --single-version-externally-managed install_data
