[2.946s] Invoking command in '/home/raspberry/Auv_ws/src/serial_bridge': PYTHONPATH=/home/raspberry/Auv_ws/build/serial_bridge/prefix_override:/usr/lib/python3/dist-packages/colcon_core/task/python/colcon_distutils_commands:/home/raspberry/Auv_ws/install/serial_bridge/lib/python3.10/site-packages:${PYTHONPATH} /usr/bin/python3 -W ignore:setup.py install is deprecated -W ignore:easy_install command is deprecated setup.py egg_info --egg-base ../../build/serial_bridge build --build-base /home/raspberry/Auv_ws/build/serial_bridge/build install --record /home/raspberry/Auv_ws/build/serial_bridge/install.log --single-version-externally-managed install_data
[3.984s] running egg_info
[3.987s] writing ../../build/serial_bridge/serial_bridge.egg-info/PKG-INFO
[3.988s] writing dependency_links to ../../build/serial_bridge/serial_bridge.egg-info/dependency_links.txt
[3.990s] writing entry points to ../../build/serial_bridge/serial_bridge.egg-info/entry_points.txt
[3.990s] writing requirements to ../../build/serial_bridge/serial_bridge.egg-info/requires.txt
[3.991s] writing top-level names to ../../build/serial_bridge/serial_bridge.egg-info/top_level.txt
[3.999s] reading manifest file '../../build/serial_bridge/serial_bridge.egg-info/SOURCES.txt'
[4.003s] writing manifest file '../../build/serial_bridge/serial_bridge.egg-info/SOURCES.txt'
[4.003s] running build
[4.004s] running build_py
[4.005s] copying serial_bridge/imu_dashboard_adapter.py -> /home/raspberry/Auv_ws/build/serial_bridge/build/lib/serial_bridge
[4.007s] running install
[4.008s] running install_lib
[4.012s] copying /home/raspberry/Auv_ws/build/serial_bridge/build/lib/serial_bridge/imu_dashboard_adapter.py -> /home/raspberry/Auv_ws/install/serial_bridge/lib/python3.10/site-packages/serial_bridge
[4.015s] byte-compiling /home/raspberry/Auv_ws/install/serial_bridge/lib/python3.10/site-packages/serial_bridge/imu_dashboard_adapter.py to imu_dashboard_adapter.cpython-310.pyc
[4.021s] running install_data
[4.021s] running install_egg_info
[4.028s] removing '/home/raspberry/Auv_ws/install/serial_bridge/lib/python3.10/site-packages/serial_bridge-0.0.0-py3.10.egg-info' (and everything under it)
[4.030s] Copying ../../build/serial_bridge/serial_bridge.egg-info to /home/raspberry/Auv_ws/install/serial_bridge/lib/python3.10/site-packages/serial_bridge-0.0.0-py3.10.egg-info
[4.037s] running install_scripts
[4.121s] Installing arduino_bridge script to /home/raspberry/Auv_ws/install/serial_bridge/lib/serial_bridge
[4.122s] Installing imu_dashboard_adapter script to /home/raspberry/Auv_ws/install/serial_bridge/lib/serial_bridge
[4.123s] writing list of installed files to '/home/raspberry/Auv_ws/build/serial_bridge/install.log'
[4.244s] Invoked command in '/home/raspberry/Auv_ws/src/serial_bridge' returned '0': PYTHONPATH=/home/raspberry/Auv_ws/build/serial_bridge/prefix_override:/usr/lib/python3/dist-packages/colcon_core/task/python/colcon_distutils_commands:/home/raspberry/Auv_ws/install/serial_bridge/lib/python3.10/site-packages:${PYTHONPATH} /usr/bin/python3 -W ignore:setup.py install is deprecated -W ignore:easy_install command is deprecated setup.py egg_info --egg-base ../../build/serial_bridge build --build-base /home/raspberry/Auv_ws/build/serial_bridge/build install --record /home/raspberry/Auv_ws/build/serial_bridge/install.log --single-version-externally-managed install_data
