[7.373s] Invoking command in '/home/raspberry/Auv_ws/src/auv_control': PYTHONPATH=/home/raspberry/Auv_ws/build/auv_control/prefix_override:/usr/lib/python3/dist-packages/colcon_core/task/python/colcon_distutils_commands:/home/raspberry/Auv_ws/install/auv_control/lib/python3.10/site-packages:${PYTHONPATH} /usr/bin/python3 -W ignore:setup.py install is deprecated -W ignore:easy_install command is deprecated setup.py egg_info --egg-base ../../build/auv_control build --build-base /home/raspberry/Auv_ws/build/auv_control/build install --record /home/raspberry/Auv_ws/build/auv_control/install.log --single-version-externally-managed install_data
[8.985s] running egg_info
[8.991s] writing ../../build/auv_control/auv_control.egg-info/PKG-INFO
[8.998s] writing dependency_links to ../../build/auv_control/auv_control.egg-info/dependency_links.txt
[8.999s] writing entry points to ../../build/auv_control/auv_control.egg-info/entry_points.txt
[9.000s] writing requirements to ../../build/auv_control/auv_control.egg-info/requires.txt
[9.007s] writing top-level names to ../../build/auv_control/auv_control.egg-info/top_level.txt
[9.021s] reading manifest file '../../build/auv_control/auv_control.egg-info/SOURCES.txt'
[9.034s] writing manifest file '../../build/auv_control/auv_control.egg-info/SOURCES.txt'
[9.035s] running build
[9.035s] running build_py
[9.047s] running install
[9.048s] running install_lib
[9.060s] running install_data
[9.062s] running install_egg_info
[9.072s] removing '/home/raspberry/Auv_ws/install/auv_control/lib/python3.10/site-packages/auv_control-0.0.0-py3.10.egg-info' (and everything under it)
[9.081s] Copying ../../build/auv_control/auv_control.egg-info to /home/raspberry/Auv_ws/install/auv_control/lib/python3.10/site-packages/auv_control-0.0.0-py3.10.egg-info
[9.112s] running install_scripts
[9.361s] Installing heading_controller script to /home/raspberry/Auv_ws/install/auv_control/lib/auv_control
[9.366s] writing list of installed files to '/home/raspberry/Auv_ws/build/auv_control/install.log'
[9.618s] Invoked command in '/home/raspberry/Auv_ws/src/auv_control' returned '0': PYTHONPATH=/home/raspberry/Auv_ws/build/auv_control/prefix_override:/usr/lib/python3/dist-packages/colcon_core/task/python/colcon_distutils_commands:/home/raspberry/Auv_ws/install/auv_control/lib/python3.10/site-packages:${PYTHONPATH} /usr/bin/python3 -W ignore:setup.py install is deprecated -W ignore:easy_install command is deprecated setup.py egg_info --egg-base ../../build/auv_control build --build-base /home/raspberry/Auv_ws/build/auv_control/build install --record /home/raspberry/Auv_ws/build/auv_control/install.log --single-version-externally-managed install_data
