[6.902s] Invoking command in '/home/raspberry/Auv_ws/src/auv_control': PYTHONPATH=/home/raspberry/Auv_ws/build/auv_control/prefix_override:/usr/lib/python3/dist-packages/colcon_core/task/python/colcon_distutils_commands:/home/raspberry/Auv_ws/install/auv_control/lib/python3.10/site-packages:${PYTHONPATH} /usr/bin/python3 -W ignore:setup.py install is deprecated -W ignore:easy_install command is deprecated setup.py egg_info --egg-base ../../build/auv_control build --build-base /home/raspberry/Auv_ws/build/auv_control/build install --record /home/raspberry/Auv_ws/build/auv_control/install.log --single-version-externally-managed install_data
[8.422s] running egg_info
[8.426s] writing ../../build/auv_control/auv_control.egg-info/PKG-INFO
[8.428s] writing dependency_links to ../../build/auv_control/auv_control.egg-info/dependency_links.txt
[8.429s] writing entry points to ../../build/auv_control/auv_control.egg-info/entry_points.txt
[8.430s] writing requirements to ../../build/auv_control/auv_control.egg-info/requires.txt
[8.430s] writing top-level names to ../../build/auv_control/auv_control.egg-info/top_level.txt
[8.442s] reading manifest file '../../build/auv_control/auv_control.egg-info/SOURCES.txt'
[8.445s] writing manifest file '../../build/auv_control/auv_control.egg-info/SOURCES.txt'
[8.445s] running build
[8.448s] running build_py
[8.453s] running install
[8.454s] running install_lib
[8.456s] running install_data
[8.458s] running install_egg_info
[8.467s] removing '/home/raspberry/Auv_ws/install/auv_control/lib/python3.10/site-packages/auv_control-0.0.0-py3.10.egg-info' (and everything under it)
[8.472s] Copying ../../build/auv_control/auv_control.egg-info to /home/raspberry/Auv_ws/install/auv_control/lib/python3.10/site-packages/auv_control-0.0.0-py3.10.egg-info
[8.482s] running install_scripts
[8.595s] Installing heading_controller script to /home/raspberry/Auv_ws/install/auv_control/lib/auv_control
[8.600s] writing list of installed files to '/home/raspberry/Auv_ws/build/auv_control/install.log'
[9.004s] Invoked command in '/home/raspberry/Auv_ws/src/auv_control' returned '0': PYTHONPATH=/home/raspberry/Auv_ws/build/auv_control/prefix_override:/usr/lib/python3/dist-packages/colcon_core/task/python/colcon_distutils_commands:/home/raspberry/Auv_ws/install/auv_control/lib/python3.10/site-packages:${PYTHONPATH} /usr/bin/python3 -W ignore:setup.py install is deprecated -W ignore:easy_install command is deprecated setup.py egg_info --egg-base ../../build/auv_control build --build-base /home/raspberry/Auv_ws/build/auv_control/build install --record /home/raspberry/Auv_ws/build/auv_control/install.log --single-version-externally-managed install_data
