[6.732s] Invoking command in '/home/raspberry/Auv_ws/build/auv_control': PYTHONPATH=/home/raspberry/Auv_ws/build/auv_control/prefix_override:/usr/lib/python3/dist-packages/colcon_core/task/python/colcon_distutils_commands:/home/raspberry/Auv_ws/install/auv_control/lib/python3.10/site-packages:${PYTHONPATH} /usr/bin/python3 -W ignore:setup.py install is deprecated -W ignore:easy_install command is deprecated setup.py develop --uninstall --editable --build-directory /home/raspberry/Auv_ws/build/auv_control/build
[8.309s] running develop
[9.403s] Removing /home/raspberry/Auv_ws/install/auv_control/lib/python3.10/site-packages/auv-control.egg-link (link to .)
[10.324s] Invoked command in '/home/raspberry/Auv_ws/build/auv_control' returned '0': PYTHONPATH=/home/raspberry/Auv_ws/build/auv_control/prefix_override:/usr/lib/python3/dist-packages/colcon_core/task/python/colcon_distutils_commands:/home/raspberry/Auv_ws/install/auv_control/lib/python3.10/site-packages:${PYTHONPATH} /usr/bin/python3 -W ignore:setup.py install is deprecated -W ignore:easy_install command is deprecated setup.py develop --uninstall --editable --build-directory /home/raspberry/Auv_ws/build/auv_control/build
[10.335s] Invoking command in '/home/raspberry/Auv_ws/src/auv_control': PYTHONPATH=/home/raspberry/Auv_ws/build/auv_control/prefix_override:/usr/lib/python3/dist-packages/colcon_core/task/python/colcon_distutils_commands:/home/raspberry/Auv_ws/install/auv_control/lib/python3.10/site-packages:${PYTHONPATH} /usr/bin/python3 -W ignore:setup.py install is deprecated -W ignore:easy_install command is deprecated setup.py egg_info --egg-base ../../build/auv_control build --build-base /home/raspberry/Auv_ws/build/auv_control/build install --record /home/raspberry/Auv_ws/build/auv_control/install.log --single-version-externally-managed install_data --force
[11.769s] running egg_info
[11.773s] writing ../../build/auv_control/auv_control.egg-info/PKG-INFO
[11.775s] writing dependency_links to ../../build/auv_control/auv_control.egg-info/dependency_links.txt
[11.776s] writing entry points to ../../build/auv_control/auv_control.egg-info/entry_points.txt
[11.777s] writing requirements to ../../build/auv_control/auv_control.egg-info/requires.txt
[11.778s] writing top-level names to ../../build/auv_control/auv_control.egg-info/top_level.txt
[11.789s] reading manifest file '../../build/auv_control/auv_control.egg-info/SOURCES.txt'
[11.793s] writing manifest file '../../build/auv_control/auv_control.egg-info/SOURCES.txt'
[11.795s] running build
[11.795s] running build_py
[11.797s] running install
[11.799s] running install_lib
[11.802s] creating /home/raspberry/Auv_ws/install/auv_control/lib/python3.10/site-packages/auv_control
[11.804s] copying /home/raspberry/Auv_ws/build/auv_control/build/lib/auv_control/__init__.py -> /home/raspberry/Auv_ws/install/auv_control/lib/python3.10/site-packages/auv_control
[11.806s] copying /home/raspberry/Auv_ws/build/auv_control/build/lib/auv_control/depth_controller.py -> /home/raspberry/Auv_ws/install/auv_control/lib/python3.10/site-packages/auv_control
[11.807s] copying /home/raspberry/Auv_ws/build/auv_control/build/lib/auv_control/heading_controller.py -> /home/raspberry/Auv_ws/install/auv_control/lib/python3.10/site-packages/auv_control
[11.811s] byte-compiling /home/raspberry/Auv_ws/install/auv_control/lib/python3.10/site-packages/auv_control/__init__.py to __init__.cpython-310.pyc
[11.814s] byte-compiling /home/raspberry/Auv_ws/install/auv_control/lib/python3.10/site-packages/auv_control/depth_controller.py to depth_controller.cpython-310.pyc
[11.821s] byte-compiling /home/raspberry/Auv_ws/install/auv_control/lib/python3.10/site-packages/auv_control/heading_controller.py to heading_controller.cpython-310.pyc
[11.838s] running install_data
[11.839s] copying resource/auv_control -> /home/raspberry/Auv_ws/install/auv_control/share/ament_index/resource_index/packages
[11.849s] copying package.xml -> /home/raspberry/Auv_ws/install/auv_control/share/auv_control
[11.850s] running install_egg_info
[11.874s] Copying ../../build/auv_control/auv_control.egg-info to /home/raspberry/Auv_ws/install/auv_control/lib/python3.10/site-packages/auv_control-0.0.0-py3.10.egg-info
[11.889s] running install_scripts
[12.054s] Installing heading_controller script to /home/raspberry/Auv_ws/install/auv_control/lib/auv_control
[12.057s] writing list of installed files to '/home/raspberry/Auv_ws/build/auv_control/install.log'
[12.277s] Invoked command in '/home/raspberry/Auv_ws/src/auv_control' returned '0': PYTHONPATH=/home/raspberry/Auv_ws/build/auv_control/prefix_override:/usr/lib/python3/dist-packages/colcon_core/task/python/colcon_distutils_commands:/home/raspberry/Auv_ws/install/auv_control/lib/python3.10/site-packages:${PYTHONPATH} /usr/bin/python3 -W ignore:setup.py install is deprecated -W ignore:easy_install command is deprecated setup.py egg_info --egg-base ../../build/auv_control build --build-base /home/raspberry/Auv_ws/build/auv_control/build install --record /home/raspberry/Auv_ws/build/auv_control/install.log --single-version-externally-managed install_data --force
