[9.374s] Invoking command in '/home/raspberry/Auv_ws/src/auv_control': PYTHONPATH=/home/raspberry/Auv_ws/build/auv_control/prefix_override:/usr/lib/python3/dist-packages/colcon_core/task/python/colcon_distutils_commands:/home/raspberry/Auv_ws/install/auv_control/lib/python3.10/site-packages:${PYTHONPATH} /usr/bin/python3 -W ignore:setup.py install is deprecated -W ignore:easy_install command is deprecated setup.py egg_info --egg-base ../../build/auv_control build --build-base /home/raspberry/Auv_ws/build/auv_control/build install --record /home/raspberry/Auv_ws/build/auv_control/install.log --single-version-externally-managed install_data
[11.689s] running egg_info
[11.694s] writing ../../build/auv_control/auv_control.egg-info/PKG-INFO
[11.695s] writing dependency_links to ../../build/auv_control/auv_control.egg-info/dependency_links.txt
[11.696s] writing entry points to ../../build/auv_control/auv_control.egg-info/entry_points.txt
[11.697s] writing requirements to ../../build/auv_control/auv_control.egg-info/requires.txt
[11.698s] writing top-level names to ../../build/auv_control/auv_control.egg-info/top_level.txt
[11.708s] reading manifest file '../../build/auv_control/auv_control.egg-info/SOURCES.txt'
[11.713s] writing manifest file '../../build/auv_control/auv_control.egg-info/SOURCES.txt'
[11.714s] running build
[11.714s] running build_py
[11.716s] running install
[11.718s] running install_lib
[11.725s] byte-compiling /home/raspberry/Auv_ws/install/auv_control/lib/python3.10/site-packages/auv_control/path_planning.py to path_planning.cpython-310.pyc
[11.729s] Sorry: IndentationError: unindent does not match any outer indentation level (path_planning.py, line 150)
[11.729s] running install_data
[11.730s] running install_egg_info
[11.739s] removing '/home/raspberry/Auv_ws/install/auv_control/lib/python3.10/site-packages/auv_control-0.0.0-py3.10.egg-info' (and everything under it)
[11.741s] Copying ../../build/auv_control/auv_control.egg-info to /home/raspberry/Auv_ws/install/auv_control/lib/python3.10/site-packages/auv_control-0.0.0-py3.10.egg-info
[11.750s] running install_scripts
[11.858s] Installing heading_controller script to /home/raspberry/Auv_ws/install/auv_control/lib/auv_control
[11.861s] writing list of installed files to '/home/raspberry/Auv_ws/build/auv_control/install.log'
[13.154s] Invoked command in '/home/raspberry/Auv_ws/src/auv_control' returned '0': PYTHONPATH=/home/raspberry/Auv_ws/build/auv_control/prefix_override:/usr/lib/python3/dist-packages/colcon_core/task/python/colcon_distutils_commands:/home/raspberry/Auv_ws/install/auv_control/lib/python3.10/site-packages:${PYTHONPATH} /usr/bin/python3 -W ignore:setup.py install is deprecated -W ignore:easy_install command is deprecated setup.py egg_info --egg-base ../../build/auv_control build --build-base /home/raspberry/Auv_ws/build/auv_control/build install --record /home/raspberry/Auv_ws/build/auv_control/install.log --single-version-externally-managed install_data
