[5.259s] Invoking command in '/home/raspberry/Auv_ws/build/serial_bridge': PYTHONPATH=/home/raspberry/Auv_ws/build/serial_bridge/prefix_override:/usr/lib/python3/dist-packages/colcon_core/task/python/colcon_distutils_commands:/home/raspberry/Auv_ws/install/serial_bridge/lib/python3.10/site-packages:${PYTHONPATH} /usr/bin/python3 -W ignore:setup.py install is deprecated -W ignore:easy_install command is deprecated setup.py develop --uninstall --editable --build-directory /home/raspberry/Auv_ws/build/serial_bridge/build
[6.582s] running develop
[7.405s] Removing /home/raspberry/Auv_ws/install/serial_bridge/lib/python3.10/site-packages/serial-bridge.egg-link (link to .)
[7.639s] Invoked command in '/home/raspberry/Auv_ws/build/serial_bridge' returned '0': PYTHONPATH=/home/raspberry/Auv_ws/build/serial_bridge/prefix_override:/usr/lib/python3/dist-packages/colcon_core/task/python/colcon_distutils_commands:/home/raspberry/Auv_ws/install/serial_bridge/lib/python3.10/site-packages:${PYTHONPATH} /usr/bin/python3 -W ignore:setup.py install is deprecated -W ignore:easy_install command is deprecated setup.py develop --uninstall --editable --build-directory /home/raspberry/Auv_ws/build/serial_bridge/build
[7.642s] Invoking command in '/home/raspberry/Auv_ws/src/serial_bridge': PYTHONPATH=/home/raspberry/Auv_ws/build/serial_bridge/prefix_override:/usr/lib/python3/dist-packages/colcon_core/task/python/colcon_distutils_commands:/home/raspberry/Auv_ws/install/serial_bridge/lib/python3.10/site-packages:${PYTHONPATH} /usr/bin/python3 -W ignore:setup.py install is deprecated -W ignore:easy_install command is deprecated setup.py egg_info --egg-base ../../build/serial_bridge build --build-base /home/raspberry/Auv_ws/build/serial_bridge/build install --record /home/raspberry/Auv_ws/build/serial_bridge/install.log --single-version-externally-managed install_data --force
[8.929s] running egg_info
[8.933s] writing ../../build/serial_bridge/serial_bridge.egg-info/PKG-INFO
[8.934s] writing dependency_links to ../../build/serial_bridge/serial_bridge.egg-info/dependency_links.txt
[8.935s] writing entry points to ../../build/serial_bridge/serial_bridge.egg-info/entry_points.txt
[8.936s] writing requirements to ../../build/serial_bridge/serial_bridge.egg-info/requires.txt
[8.937s] writing top-level names to ../../build/serial_bridge/serial_bridge.egg-info/top_level.txt
[8.947s] reading manifest file '../../build/serial_bridge/serial_bridge.egg-info/SOURCES.txt'
[8.952s] writing manifest file '../../build/serial_bridge/serial_bridge.egg-info/SOURCES.txt'
[8.953s] running build
[8.954s] running build_py
[8.954s] copying serial_bridge/arduino_bridge.py -> /home/raspberry/Auv_ws/build/serial_bridge/build/lib/serial_bridge
[8.955s] running install
[8.956s] running install_lib
[8.960s] creating /home/raspberry/Auv_ws/install/serial_bridge/lib/python3.10/site-packages/serial_bridge
[8.961s] copying /home/raspberry/Auv_ws/build/serial_bridge/build/lib/serial_bridge/__init__.py -> /home/raspberry/Auv_ws/install/serial_bridge/lib/python3.10/site-packages/serial_bridge
[8.961s] copying /home/raspberry/Auv_ws/build/serial_bridge/build/lib/serial_bridge/arduino_bridge.py -> /home/raspberry/Auv_ws/install/serial_bridge/lib/python3.10/site-packages/serial_bridge
[8.965s] byte-compiling /home/raspberry/Auv_ws/install/serial_bridge/lib/python3.10/site-packages/serial_bridge/__init__.py to __init__.cpython-310.pyc
[8.966s] byte-compiling /home/raspberry/Auv_ws/install/serial_bridge/lib/python3.10/site-packages/serial_bridge/arduino_bridge.py to arduino_bridge.cpython-310.pyc
[8.975s] running install_data
[8.975s] copying resource/serial_bridge -> /home/raspberry/Auv_ws/install/serial_bridge/share/ament_index/resource_index/packages
[8.976s] copying package.xml -> /home/raspberry/Auv_ws/install/serial_bridge/share/serial_bridge
[8.981s] running install_egg_info
[8.990s] Copying ../../build/serial_bridge/serial_bridge.egg-info to /home/raspberry/Auv_ws/install/serial_bridge/lib/python3.10/site-packages/serial_bridge-0.0.0-py3.10.egg-info
[8.994s] running install_scripts
[9.092s] Installing arduino_bridge script to /home/raspberry/Auv_ws/install/serial_bridge/lib/serial_bridge
[9.094s] writing list of installed files to '/home/raspberry/Auv_ws/build/serial_bridge/install.log'
[9.301s] Invoked command in '/home/raspberry/Auv_ws/src/serial_bridge' returned '0': PYTHONPATH=/home/raspberry/Auv_ws/build/serial_bridge/prefix_override:/usr/lib/python3/dist-packages/colcon_core/task/python/colcon_distutils_commands:/home/raspberry/Auv_ws/install/serial_bridge/lib/python3.10/site-packages:${PYTHONPATH} /usr/bin/python3 -W ignore:setup.py install is deprecated -W ignore:easy_install command is deprecated setup.py egg_info --egg-base ../../build/serial_bridge build --build-base /home/raspberry/Auv_ws/build/serial_bridge/build install --record /home/raspberry/Auv_ws/build/serial_bridge/install.log --single-version-externally-managed install_data --force
