[5.199s] Invoking command in '/home/raspberry/Auv_ws/src/serial_bridge': PYTHONPATH=/home/raspberry/Auv_ws/build/serial_bridge/prefix_override:/usr/lib/python3/dist-packages/colcon_core/task/python/colcon_distutils_commands:/home/raspberry/Auv_ws/install/serial_bridge/lib/python3.10/site-packages:${PYTHONPATH} /usr/bin/python3 -W ignore:setup.py install is deprecated -W ignore:easy_install command is deprecated setup.py egg_info --egg-base ../../build/serial_bridge build --build-base /home/raspberry/Auv_ws/build/serial_bridge/build install --record /home/raspberry/Auv_ws/build/serial_bridge/install.log --single-version-externally-managed install_data
[6.449s] running egg_info
[6.454s] writing ../../build/serial_bridge/serial_bridge.egg-info/PKG-INFO
[6.456s] writing dependency_links to ../../build/serial_bridge/serial_bridge.egg-info/dependency_links.txt
[6.458s] writing entry points to ../../build/serial_bridge/serial_bridge.egg-info/entry_points.txt
[6.459s] writing requirements to ../../build/serial_bridge/serial_bridge.egg-info/requires.txt
[6.460s] writing top-level names to ../../build/serial_bridge/serial_bridge.egg-info/top_level.txt
[6.468s] reading manifest file '../../build/serial_bridge/serial_bridge.egg-info/SOURCES.txt'
[6.476s] writing manifest file '../../build/serial_bridge/serial_bridge.egg-info/SOURCES.txt'
[6.480s] running build
[6.481s] running build_py
[6.482s] running install
[6.484s] running install_lib
[6.487s] running install_data
[6.489s] running install_egg_info
[6.496s] removing '/home/raspberry/Auv_ws/install/serial_bridge/lib/python3.10/site-packages/serial_bridge-0.0.0-py3.10.egg-info' (and everything under it)
[6.498s] Copying ../../build/serial_bridge/serial_bridge.egg-info to /home/raspberry/Auv_ws/install/serial_bridge/lib/python3.10/site-packages/serial_bridge-0.0.0-py3.10.egg-info
[6.503s] running install_scripts
[6.607s] Installing arduino_bridge script to /home/raspberry/Auv_ws/install/serial_bridge/lib/serial_bridge
[6.611s] writing list of installed files to '/home/raspberry/Auv_ws/build/serial_bridge/install.log'
[6.868s] Invoked command in '/home/raspberry/Auv_ws/src/serial_bridge' returned '0': PYTHONPATH=/home/raspberry/Auv_ws/build/serial_bridge/prefix_override:/usr/lib/python3/dist-packages/colcon_core/task/python/colcon_distutils_commands:/home/raspberry/Auv_ws/install/serial_bridge/lib/python3.10/site-packages:${PYTHONPATH} /usr/bin/python3 -W ignore:setup.py install is deprecated -W ignore:easy_install command is deprecated setup.py egg_info --egg-base ../../build/serial_bridge build --build-base /home/raspberry/Auv_ws/build/serial_bridge/build install --record /home/raspberry/Auv_ws/build/serial_bridge/install.log --single-version-externally-managed install_data
