[3.734s] Invoking command in '/home/raspberry/Auv_ws/build/auv_teleop': PYTHONPATH=/home/raspberry/Auv_ws/build/auv_teleop/prefix_override:/usr/lib/python3/dist-packages/colcon_core/task/python/colcon_distutils_commands:/home/raspberry/Auv_ws/install/auv_teleop/lib/python3.10/site-packages:${PYTHONPATH} /usr/bin/python3 -W ignore:setup.py install is deprecated -W ignore:easy_install command is deprecated setup.py develop --editable --build-directory /home/raspberry/Auv_ws/build/auv_teleop/build --no-deps symlink_data --force
[4.881s] running develop
[5.543s] running egg_info
[5.543s] writing auv_teleop.egg-info/PKG-INFO
[5.544s] writing dependency_links to auv_teleop.egg-info/dependency_links.txt
[5.545s] writing entry points to auv_teleop.egg-info/entry_points.txt
[5.546s] writing requirements to auv_teleop.egg-info/requires.txt
[5.547s] writing top-level names to auv_teleop.egg-info/top_level.txt
[5.555s] reading manifest file 'auv_teleop.egg-info/SOURCES.txt'
[5.558s] writing manifest file 'auv_teleop.egg-info/SOURCES.txt'
[5.565s] running build_ext
[5.565s] Creating /home/raspberry/Auv_ws/install/auv_teleop/lib/python3.10/site-packages/auv-teleop.egg-link (link to .)
[5.569s] Installing teleop_xbox_node script to /home/raspberry/Auv_ws/install/auv_teleop/lib/auv_teleop
[5.570s] Installing xbox_node script to /home/raspberry/Auv_ws/install/auv_teleop/lib/auv_teleop
[5.571s] 
[5.572s] Installed /home/raspberry/Auv_ws/build/auv_teleop
[5.572s] running symlink_data
[5.573s] symbolically linking /home/raspberry/Auv_ws/build/auv_teleop/resource/auv_teleop -> /home/raspberry/Auv_ws/install/auv_teleop/share/ament_index/resource_index/packages
[5.574s] symbolically linking /home/raspberry/Auv_ws/build/auv_teleop/package.xml -> /home/raspberry/Auv_ws/install/auv_teleop/share/auv_teleop
[5.574s] symbolically linking /home/raspberry/Auv_ws/build/auv_teleop/config/mapping.yaml -> /home/raspberry/Auv_ws/install/auv_teleop/share/auv_teleop/config
[5.700s] Invoked command in '/home/raspberry/Auv_ws/build/auv_teleop' returned '0': PYTHONPATH=/home/raspberry/Auv_ws/build/auv_teleop/prefix_override:/usr/lib/python3/dist-packages/colcon_core/task/python/colcon_distutils_commands:/home/raspberry/Auv_ws/install/auv_teleop/lib/python3.10/site-packages:${PYTHONPATH} /usr/bin/python3 -W ignore:setup.py install is deprecated -W ignore:easy_install command is deprecated setup.py develop --editable --build-directory /home/raspberry/Auv_ws/build/auv_teleop/build --no-deps symlink_data --force
