[3.457s] Invoking command in '/home/raspberry/Auv_ws/build/auv_bringup': AMENT_PREFIX_PATH=/home/raspberry/Auv_ws/install/auv_teleop:/home/raspberry/Auv_ws/install/serial_bridge:/home/raspberry/Auv_ws/install/auv_bringup:/home/raspberry/Auv_ws/install/auv_control:/home/raspberry/Auv_ws/install/auv_camera_stream:/home/raspberry/Auv_ws/install/Auv_teleop:/home/raspberry/Auv_ws/install/Auv_control:/home/raspberry/Auv_ws/install/Auv_camera_stream:/opt/ros/humble PYTHONPATH=/home/raspberry/Auv_ws/build/auv_bringup/prefix_override:/usr/lib/python3/dist-packages/colcon_core/task/python/colcon_distutils_commands:/home/raspberry/Auv_ws/install/auv_bringup/lib/python3.10/site-packages:/home/raspberry/Auv_ws/build/auv_teleop:/home/raspberry/Auv_ws/install/auv_teleop/lib/python3.10/site-packages:/home/raspberry/Auv_ws/install/serial_bridge/lib/python3.10/site-packages:/home/raspberry/Auv_ws/install/auv_bringup/lib/python3.10/site-packages:/home/raspberry/Auv_ws/install/auv_control/lib/python3.10/site-packages:/home/raspberry/Auv_ws/install/auv_camera_stream/lib/python3.10/site-packages:/home/raspberry/Auv_ws/install/Auv_teleop/lib/python3.10/site-packages:/home/raspberry/Auv_ws/install/Auv_control/lib/python3.10/site-packages:/home/raspberry/Auv_ws/install/Auv_camera_stream/lib/python3.10/site-packages:/opt/ros/humble/lib/python3.10/site-packages:/opt/ros/humble/local/lib/python3.10/dist-packages /usr/bin/python3 -W ignore:setup.py install is deprecated -W ignore:easy_install command is deprecated setup.py develop --editable --build-directory /home/raspberry/Auv_ws/build/auv_bringup/build --no-deps symlink_data --force
[4.909s] running develop
[5.850s] running egg_info
[5.851s] writing auv_bringup.egg-info/PKG-INFO
[5.852s] writing dependency_links to auv_bringup.egg-info/dependency_links.txt
[5.853s] writing entry points to auv_bringup.egg-info/entry_points.txt
[5.854s] writing requirements to auv_bringup.egg-info/requires.txt
[5.855s] writing top-level names to auv_bringup.egg-info/top_level.txt
[5.864s] reading manifest file 'auv_bringup.egg-info/SOURCES.txt'
[5.868s] writing manifest file 'auv_bringup.egg-info/SOURCES.txt'
[5.875s] running build_ext
[5.876s] Creating /home/raspberry/Auv_ws/install/auv_bringup/lib/python3.10/site-packages/auv-bringup.egg-link (link to .)
[5.881s] 
[5.881s] Installed /home/raspberry/Auv_ws/build/auv_bringup
[5.882s] running symlink_data
[5.883s] symbolically linking /home/raspberry/Auv_ws/build/auv_bringup/resource/auv_bringup -> /home/raspberry/Auv_ws/install/auv_bringup/share/ament_index/resource_index/packages
[5.883s] symbolically linking /home/raspberry/Auv_ws/build/auv_bringup/package.xml -> /home/raspberry/Auv_ws/install/auv_bringup/share/auv_bringup
[5.884s] symbolically linking /home/raspberry/Auv_ws/build/auv_bringup/launch/launchphase1.xml -> /home/raspberry/Auv_ws/install/auv_bringup/share/auv_bringup/launch
[5.885s] symbolically linking /home/raspberry/Auv_ws/build/auv_bringup/launch/launch_pixhawk.xml -> /home/raspberry/Auv_ws/install/auv_bringup/share/auv_bringup/launch
[6.031s] Invoked command in '/home/raspberry/Auv_ws/build/auv_bringup' returned '0': AMENT_PREFIX_PATH=/home/raspberry/Auv_ws/install/auv_teleop:/home/raspberry/Auv_ws/install/serial_bridge:/home/raspberry/Auv_ws/install/auv_bringup:/home/raspberry/Auv_ws/install/auv_control:/home/raspberry/Auv_ws/install/auv_camera_stream:/home/raspberry/Auv_ws/install/Auv_teleop:/home/raspberry/Auv_ws/install/Auv_control:/home/raspberry/Auv_ws/install/Auv_camera_stream:/opt/ros/humble PYTHONPATH=/home/raspberry/Auv_ws/build/auv_bringup/prefix_override:/usr/lib/python3/dist-packages/colcon_core/task/python/colcon_distutils_commands:/home/raspberry/Auv_ws/install/auv_bringup/lib/python3.10/site-packages:/home/raspberry/Auv_ws/build/auv_teleop:/home/raspberry/Auv_ws/install/auv_teleop/lib/python3.10/site-packages:/home/raspberry/Auv_ws/install/serial_bridge/lib/python3.10/site-packages:/home/raspberry/Auv_ws/install/auv_bringup/lib/python3.10/site-packages:/home/raspberry/Auv_ws/install/auv_control/lib/python3.10/site-packages:/home/raspberry/Auv_ws/install/auv_camera_stream/lib/python3.10/site-packages:/home/raspberry/Auv_ws/install/Auv_teleop/lib/python3.10/site-packages:/home/raspberry/Auv_ws/install/Auv_control/lib/python3.10/site-packages:/home/raspberry/Auv_ws/install/Auv_camera_stream/lib/python3.10/site-packages:/opt/ros/humble/lib/python3.10/site-packages:/opt/ros/humble/local/lib/python3.10/dist-packages /usr/bin/python3 -W ignore:setup.py install is deprecated -W ignore:easy_install command is deprecated setup.py develop --editable --build-directory /home/raspberry/Auv_ws/build/auv_bringup/build --no-deps symlink_data --force
