[7.707s] Invoking command in '/home/raspberry/Auv_ws/src/serial_bridge': PYTHONPATH=/home/raspberry/Auv_ws/build/serial_bridge/prefix_override:/usr/lib/python3/dist-packages/colcon_core/task/python/colcon_distutils_commands:/home/raspberry/Auv_ws/install/serial_bridge/lib/python3.10/site-packages:${PYTHONPATH} /usr/bin/python3 -W ignore:setup.py install is deprecated -W ignore:easy_install command is deprecated setup.py egg_info --egg-base ../../build/serial_bridge build --build-base /home/raspberry/Auv_ws/build/serial_bridge/build install --record /home/raspberry/Auv_ws/build/serial_bridge/install.log --single-version-externally-managed install_data
[9.502s] running egg_info
[9.506s] writing ../../build/serial_bridge/serial_bridge.egg-info/PKG-INFO
[9.508s] writing dependency_links to ../../build/serial_bridge/serial_bridge.egg-info/dependency_links.txt
[9.509s] writing entry points to ../../build/serial_bridge/serial_bridge.egg-info/entry_points.txt
[9.510s] writing requirements to ../../build/serial_bridge/serial_bridge.egg-info/requires.txt
[9.511s] writing top-level names to ../../build/serial_bridge/serial_bridge.egg-info/top_level.txt
[9.520s] reading manifest file '../../build/serial_bridge/serial_bridge.egg-info/SOURCES.txt'
[9.524s] writing manifest file '../../build/serial_bridge/serial_bridge.egg-info/SOURCES.txt'
[9.525s] running build
[9.526s] running build_py
[9.528s] running install
[9.530s] running install_lib
[9.537s] running install_data
[9.538s] running install_egg_info
[9.547s] removing '/home/raspberry/Auv_ws/install/serial_bridge/lib/python3.10/site-packages/serial_bridge-0.0.0-py3.10.egg-info' (and everything under it)
[9.548s] Copying ../../build/serial_bridge/serial_bridge.egg-info to /home/raspberry/Auv_ws/install/serial_bridge/lib/python3.10/site-packages/serial_bridge-0.0.0-py3.10.egg-info
[9.556s] running install_scripts
[9.651s] Installing arduino_bridge script to /home/raspberry/Auv_ws/install/serial_bridge/lib/serial_bridge
[9.653s] Installing imu_dashboard_adapter script to /home/raspberry/Auv_ws/install/serial_bridge/lib/serial_bridge
[9.656s] writing list of installed files to '/home/raspberry/Auv_ws/build/serial_bridge/install.log'
[9.846s] Invoked command in '/home/raspberry/Auv_ws/src/serial_bridge' returned '0': PYTHONPATH=/home/raspberry/Auv_ws/build/serial_bridge/prefix_override:/usr/lib/python3/dist-packages/colcon_core/task/python/colcon_distutils_commands:/home/raspberry/Auv_ws/install/serial_bridge/lib/python3.10/site-packages:${PYTHONPATH} /usr/bin/python3 -W ignore:setup.py install is deprecated -W ignore:easy_install command is deprecated setup.py egg_info --egg-base ../../build/serial_bridge build --build-base /home/raspberry/Auv_ws/build/serial_bridge/build install --record /home/raspberry/Auv_ws/build/serial_bridge/install.log --single-version-externally-managed install_data
