[9.292s] Invoking command in '/home/raspberry/Auv_ws/src/auv_teleop': PYTHONPATH=/home/raspberry/Auv_ws/build/auv_teleop/prefix_override:/usr/lib/python3/dist-packages/colcon_core/task/python/colcon_distutils_commands:/home/raspberry/Auv_ws/install/auv_teleop/lib/python3.10/site-packages:${PYTHONPATH} /usr/bin/python3 -W ignore:setup.py install is deprecated -W ignore:easy_install command is deprecated setup.py egg_info --egg-base ../../build/auv_teleop build --build-base /home/raspberry/Auv_ws/build/auv_teleop/build install --record /home/raspberry/Auv_ws/build/auv_teleop/install.log --single-version-externally-managed install_data
[11.637s] running egg_info
[11.641s] writing ../../build/auv_teleop/auv_teleop.egg-info/PKG-INFO
[11.647s] writing dependency_links to ../../build/auv_teleop/auv_teleop.egg-info/dependency_links.txt
[11.655s] writing entry points to ../../build/auv_teleop/auv_teleop.egg-info/entry_points.txt
[11.664s] writing requirements to ../../build/auv_teleop/auv_teleop.egg-info/requires.txt
[11.665s] writing top-level names to ../../build/auv_teleop/auv_teleop.egg-info/top_level.txt
[11.681s] reading manifest file '../../build/auv_teleop/auv_teleop.egg-info/SOURCES.txt'
[11.686s] writing manifest file '../../build/auv_teleop/auv_teleop.egg-info/SOURCES.txt'
[11.687s] running build
[11.688s] running build_py
[11.696s] copying auv_teleop/xbox_node.py -> /home/raspberry/Auv_ws/build/auv_teleop/build/lib/auv_teleop
[11.701s] running install
[11.703s] running install_lib
[11.718s] copying /home/raspberry/Auv_ws/build/auv_teleop/build/lib/auv_teleop/xbox_node.py -> /home/raspberry/Auv_ws/install/auv_teleop/lib/python3.10/site-packages/auv_teleop
[11.734s] byte-compiling /home/raspberry/Auv_ws/install/auv_teleop/lib/python3.10/site-packages/auv_teleop/xbox_node.py to xbox_node.cpython-310.pyc
[11.757s] running install_data
[11.776s] running install_egg_info
[11.797s] removing '/home/raspberry/Auv_ws/install/auv_teleop/lib/python3.10/site-packages/auv_teleop-0.0.0-py3.10.egg-info' (and everything under it)
[11.798s] Copying ../../build/auv_teleop/auv_teleop.egg-info to /home/raspberry/Auv_ws/install/auv_teleop/lib/python3.10/site-packages/auv_teleop-0.0.0-py3.10.egg-info
[11.818s] running install_scripts
[11.959s] Installing teleop_xbox_node script to /home/raspberry/Auv_ws/install/auv_teleop/lib/auv_teleop
[11.960s] Installing xbox_node script to /home/raspberry/Auv_ws/install/auv_teleop/lib/auv_teleop
[11.965s] writing list of installed files to '/home/raspberry/Auv_ws/build/auv_teleop/install.log'
[12.096s] Invoked command in '/home/raspberry/Auv_ws/src/auv_teleop' returned '0': PYTHONPATH=/home/raspberry/Auv_ws/build/auv_teleop/prefix_override:/usr/lib/python3/dist-packages/colcon_core/task/python/colcon_distutils_commands:/home/raspberry/Auv_ws/install/auv_teleop/lib/python3.10/site-packages:${PYTHONPATH} /usr/bin/python3 -W ignore:setup.py install is deprecated -W ignore:easy_install command is deprecated setup.py egg_info --egg-base ../../build/auv_teleop build --build-base /home/raspberry/Auv_ws/build/auv_teleop/build install --record /home/raspberry/Auv_ws/build/auv_teleop/install.log --single-version-externally-managed install_data
