[2.706s] Invoking command in '/home/raspberry/Auv_ws/src/auv_bringup': PYTHONPATH=/home/raspberry/Auv_ws/build/auv_bringup/prefix_override:/usr/lib/python3/dist-packages/colcon_core/task/python/colcon_distutils_commands:/home/raspberry/Auv_ws/install/auv_bringup/lib/python3.10/site-packages:${PYTHONPATH} /usr/bin/python3 -W ignore:setup.py install is deprecated -W ignore:easy_install command is deprecated setup.py egg_info --egg-base ../../build/auv_bringup build --build-base /home/raspberry/Auv_ws/build/auv_bringup/build install --record /home/raspberry/Auv_ws/build/auv_bringup/install.log --single-version-externally-managed install_data
[3.742s] running egg_info
[3.745s] writing ../../build/auv_bringup/auv_bringup.egg-info/PKG-INFO
[3.746s] writing dependency_links to ../../build/auv_bringup/auv_bringup.egg-info/dependency_links.txt
[3.747s] writing entry points to ../../build/auv_bringup/auv_bringup.egg-info/entry_points.txt
[3.749s] writing requirements to ../../build/auv_bringup/auv_bringup.egg-info/requires.txt
[3.749s] writing top-level names to ../../build/auv_bringup/auv_bringup.egg-info/top_level.txt
[3.756s] reading manifest file '../../build/auv_bringup/auv_bringup.egg-info/SOURCES.txt'
[3.761s] writing manifest file '../../build/auv_bringup/auv_bringup.egg-info/SOURCES.txt'
[3.762s] running build
[3.762s] running build_py
[3.763s] running install
[3.764s] running install_lib
[3.769s] running install_data
[3.770s] copying launch/launchphase1.xml -> /home/raspberry/Auv_ws/install/auv_bringup/share/auv_bringup/launch
[3.770s] running install_egg_info
[3.778s] removing '/home/raspberry/Auv_ws/install/auv_bringup/lib/python3.10/site-packages/auv_bringup-0.0.0-py3.10.egg-info' (and everything under it)
[3.780s] Copying ../../build/auv_bringup/auv_bringup.egg-info to /home/raspberry/Auv_ws/install/auv_bringup/lib/python3.10/site-packages/auv_bringup-0.0.0-py3.10.egg-info
[3.785s] running install_scripts
[3.866s] writing list of installed files to '/home/raspberry/Auv_ws/build/auv_bringup/install.log'
[3.980s] Invoked command in '/home/raspberry/Auv_ws/src/auv_bringup' returned '0': PYTHONPATH=/home/raspberry/Auv_ws/build/auv_bringup/prefix_override:/usr/lib/python3/dist-packages/colcon_core/task/python/colcon_distutils_commands:/home/raspberry/Auv_ws/install/auv_bringup/lib/python3.10/site-packages:${PYTHONPATH} /usr/bin/python3 -W ignore:setup.py install is deprecated -W ignore:easy_install command is deprecated setup.py egg_info --egg-base ../../build/auv_bringup build --build-base /home/raspberry/Auv_ws/build/auv_bringup/build install --record /home/raspberry/Auv_ws/build/auv_bringup/install.log --single-version-externally-managed install_data
