[7.893s] Invoking command in '/home/raspberry/Auv_ws/src/serial_bridge': PYTHONPATH=/home/raspberry/Auv_ws/build/serial_bridge/prefix_override:/usr/lib/python3/dist-packages/colcon_core/task/python/colcon_distutils_commands:/home/raspberry/Auv_ws/install/serial_bridge/lib/python3.10/site-packages:${PYTHONPATH} /usr/bin/python3 -W ignore:setup.py install is deprecated -W ignore:easy_install command is deprecated setup.py egg_info --egg-base ../../build/serial_bridge build --build-base /home/raspberry/Auv_ws/build/serial_bridge/build install --record /home/raspberry/Auv_ws/build/serial_bridge/install.log --single-version-externally-managed install_data
[9.583s] running egg_info
[9.588s] writing ../../build/serial_bridge/serial_bridge.egg-info/PKG-INFO
[9.589s] writing dependency_links to ../../build/serial_bridge/serial_bridge.egg-info/dependency_links.txt
[9.591s] writing entry points to ../../build/serial_bridge/serial_bridge.egg-info/entry_points.txt
[9.592s] writing requirements to ../../build/serial_bridge/serial_bridge.egg-info/requires.txt
[9.593s] writing top-level names to ../../build/serial_bridge/serial_bridge.egg-info/top_level.txt
[9.602s] reading manifest file '../../build/serial_bridge/serial_bridge.egg-info/SOURCES.txt'
[9.608s] writing manifest file '../../build/serial_bridge/serial_bridge.egg-info/SOURCES.txt'
[9.611s] running build
[9.612s] running build_py
[9.622s] copying serial_bridge/arduino_bridge.py -> /home/raspberry/Auv_ws/build/serial_bridge/build/lib/serial_bridge
[9.638s] running install
[9.650s] running install_lib
[9.653s] copying /home/raspberry/Auv_ws/build/serial_bridge/build/lib/serial_bridge/arduino_bridge.py -> /home/raspberry/Auv_ws/install/serial_bridge/lib/python3.10/site-packages/serial_bridge
[9.654s] byte-compiling /home/raspberry/Auv_ws/install/serial_bridge/lib/python3.10/site-packages/serial_bridge/arduino_bridge.py to arduino_bridge.cpython-310.pyc
[9.662s] running install_data
[9.665s] running install_egg_info
[9.686s] removing '/home/raspberry/Auv_ws/install/serial_bridge/lib/python3.10/site-packages/serial_bridge-0.0.0-py3.10.egg-info' (and everything under it)
[9.693s] Copying ../../build/serial_bridge/serial_bridge.egg-info to /home/raspberry/Auv_ws/install/serial_bridge/lib/python3.10/site-packages/serial_bridge-0.0.0-py3.10.egg-info
[9.712s] running install_scripts
[9.854s] Installing arduino_bridge script to /home/raspberry/Auv_ws/install/serial_bridge/lib/serial_bridge
[9.856s] Installing imu_dashboard_adapter script to /home/raspberry/Auv_ws/install/serial_bridge/lib/serial_bridge
[9.857s] writing list of installed files to '/home/raspberry/Auv_ws/build/serial_bridge/install.log'
[11.115s] Invoked command in '/home/raspberry/Auv_ws/src/serial_bridge' returned '0': PYTHONPATH=/home/raspberry/Auv_ws/build/serial_bridge/prefix_override:/usr/lib/python3/dist-packages/colcon_core/task/python/colcon_distutils_commands:/home/raspberry/Auv_ws/install/serial_bridge/lib/python3.10/site-packages:${PYTHONPATH} /usr/bin/python3 -W ignore:setup.py install is deprecated -W ignore:easy_install command is deprecated setup.py egg_info --egg-base ../../build/serial_bridge build --build-base /home/raspberry/Auv_ws/build/serial_bridge/build install --record /home/raspberry/Auv_ws/build/serial_bridge/install.log --single-version-externally-managed install_data
