[2.815s] Invoking command in '/home/raspberry/Auv_ws/src/auv_teleop': PYTHONPATH=/home/raspberry/Auv_ws/build/auv_teleop/prefix_override:/usr/lib/python3/dist-packages/colcon_core/task/python/colcon_distutils_commands:/home/raspberry/Auv_ws/install/auv_teleop/lib/python3.10/site-packages:${PYTHONPATH} /usr/bin/python3 -W ignore:setup.py install is deprecated -W ignore:easy_install command is deprecated setup.py egg_info --egg-base ../../build/auv_teleop build --build-base /home/raspberry/Auv_ws/build/auv_teleop/build install --record /home/raspberry/Auv_ws/build/auv_teleop/install.log --single-version-externally-managed install_data
[3.864s] running egg_info
[3.867s] writing ../../build/auv_teleop/auv_teleop.egg-info/PKG-INFO
[3.868s] writing dependency_links to ../../build/auv_teleop/auv_teleop.egg-info/dependency_links.txt
[3.869s] writing entry points to ../../build/auv_teleop/auv_teleop.egg-info/entry_points.txt
[3.869s] writing requirements to ../../build/auv_teleop/auv_teleop.egg-info/requires.txt
[3.870s] writing top-level names to ../../build/auv_teleop/auv_teleop.egg-info/top_level.txt
[3.879s] reading manifest file '../../build/auv_teleop/auv_teleop.egg-info/SOURCES.txt'
[3.882s] writing manifest file '../../build/auv_teleop/auv_teleop.egg-info/SOURCES.txt'
[3.883s] running build
[3.883s] running build_py
[3.884s] copying auv_teleop/xbox_node.py -> /home/raspberry/Auv_ws/build/auv_teleop/build/lib/auv_teleop
[3.886s] running install
[3.887s] running install_lib
[3.891s] copying /home/raspberry/Auv_ws/build/auv_teleop/build/lib/auv_teleop/xbox_node.py -> /home/raspberry/Auv_ws/install/auv_teleop/lib/python3.10/site-packages/auv_teleop
[3.894s] byte-compiling /home/raspberry/Auv_ws/install/auv_teleop/lib/python3.10/site-packages/auv_teleop/xbox_node.py to xbox_node.cpython-310.pyc
[3.900s] running install_data
[3.900s] copying config/mapping.yaml -> /home/raspberry/Auv_ws/install/auv_teleop/share/auv_teleop/config
[3.901s] running install_egg_info
[3.908s] removing '/home/raspberry/Auv_ws/install/auv_teleop/lib/python3.10/site-packages/auv_teleop-0.0.0-py3.10.egg-info' (and everything under it)
[3.910s] Copying ../../build/auv_teleop/auv_teleop.egg-info to /home/raspberry/Auv_ws/install/auv_teleop/lib/python3.10/site-packages/auv_teleop-0.0.0-py3.10.egg-info
[3.916s] running install_scripts
[3.997s] Installing teleop_xbox_node script to /home/raspberry/Auv_ws/install/auv_teleop/lib/auv_teleop
[3.998s] Installing xbox_node script to /home/raspberry/Auv_ws/install/auv_teleop/lib/auv_teleop
[4.000s] writing list of installed files to '/home/raspberry/Auv_ws/build/auv_teleop/install.log'
[4.111s] Invoked command in '/home/raspberry/Auv_ws/src/auv_teleop' returned '0': PYTHONPATH=/home/raspberry/Auv_ws/build/auv_teleop/prefix_override:/usr/lib/python3/dist-packages/colcon_core/task/python/colcon_distutils_commands:/home/raspberry/Auv_ws/install/auv_teleop/lib/python3.10/site-packages:${PYTHONPATH} /usr/bin/python3 -W ignore:setup.py install is deprecated -W ignore:easy_install command is deprecated setup.py egg_info --egg-base ../../build/auv_teleop build --build-base /home/raspberry/Auv_ws/build/auv_teleop/build install --record /home/raspberry/Auv_ws/build/auv_teleop/install.log --single-version-externally-managed install_data
