[2.496s] Invoking command in '/home/raspberry/Auv_ws/src/Auv_control': PYTHONPATH=/home/raspberry/Auv_ws/build/Auv_control/prefix_override:/usr/lib/python3/dist-packages/colcon_core/task/python/colcon_distutils_commands:/home/raspberry/Auv_ws/install/Auv_control/lib/python3.10/site-packages:${PYTHONPATH} /usr/bin/python3 -W ignore:setup.py install is deprecated -W ignore:easy_install command is deprecated setup.py egg_info --egg-base ../../build/Auv_control build --build-base /home/raspberry/Auv_ws/build/Auv_control/build install --record /home/raspberry/Auv_ws/build/Auv_control/install.log --single-version-externally-managed install_data
[3.454s] running egg_info
[3.457s] writing ../../build/Auv_control/Auv_control.egg-info/PKG-INFO
[3.458s] writing dependency_links to ../../build/Auv_control/Auv_control.egg-info/dependency_links.txt
[3.458s] writing entry points to ../../build/Auv_control/Auv_control.egg-info/entry_points.txt
[3.459s] writing requirements to ../../build/Auv_control/Auv_control.egg-info/requires.txt
[3.460s] writing top-level names to ../../build/Auv_control/Auv_control.egg-info/top_level.txt
[3.468s] reading manifest file '../../build/Auv_control/Auv_control.egg-info/SOURCES.txt'
[3.472s] writing manifest file '../../build/Auv_control/Auv_control.egg-info/SOURCES.txt'
[3.472s] running build
[3.473s] running build_py
[3.474s] copying Auv_control/heading_controller.py -> /home/raspberry/Auv_ws/build/Auv_control/build/lib/Auv_control
[3.475s] running install
[3.476s] running install_lib
[3.480s] copying /home/raspberry/Auv_ws/build/Auv_control/build/lib/Auv_control/heading_controller.py -> /home/raspberry/Auv_ws/install/Auv_control/lib/python3.10/site-packages/Auv_control
[3.482s] byte-compiling /home/raspberry/Auv_ws/install/Auv_control/lib/python3.10/site-packages/Auv_control/heading_controller.py to heading_controller.cpython-310.pyc
[3.485s] running install_data
[3.486s] running install_egg_info
[3.493s] removing '/home/raspberry/Auv_ws/install/Auv_control/lib/python3.10/site-packages/Auv_control-0.0.0-py3.10.egg-info' (and everything under it)
[3.495s] Copying ../../build/Auv_control/Auv_control.egg-info to /home/raspberry/Auv_ws/install/Auv_control/lib/python3.10/site-packages/Auv_control-0.0.0-py3.10.egg-info
[3.501s] running install_scripts
[3.579s] Installing heading_controller script to /home/raspberry/Auv_ws/install/Auv_control/lib/Auv_control
[3.581s] writing list of installed files to '/home/raspberry/Auv_ws/build/Auv_control/install.log'
[3.693s] Invoked command in '/home/raspberry/Auv_ws/src/Auv_control' returned '0': PYTHONPATH=/home/raspberry/Auv_ws/build/Auv_control/prefix_override:/usr/lib/python3/dist-packages/colcon_core/task/python/colcon_distutils_commands:/home/raspberry/Auv_ws/install/Auv_control/lib/python3.10/site-packages:${PYTHONPATH} /usr/bin/python3 -W ignore:setup.py install is deprecated -W ignore:easy_install command is deprecated setup.py egg_info --egg-base ../../build/Auv_control build --build-base /home/raspberry/Auv_ws/build/Auv_control/build install --record /home/raspberry/Auv_ws/build/Auv_control/install.log --single-version-externally-managed install_data
