[5.656s] Invoking command in '/home/raspberry/Auv_ws/build/Auv_teleop': PYTHONPATH=/home/raspberry/Auv_ws/build/Auv_teleop/prefix_override:/usr/lib/python3/dist-packages/colcon_core/task/python/colcon_distutils_commands:/home/raspberry/Auv_ws/install/Auv_teleop/lib/python3.10/site-packages:${PYTHONPATH} /usr/bin/python3 -W ignore:setup.py install is deprecated -W ignore:easy_install command is deprecated setup.py develop --uninstall --editable --build-directory /home/raspberry/Auv_ws/build/Auv_teleop/build
[6.983s] running develop
[7.786s] Removing /home/raspberry/Auv_ws/install/Auv_teleop/lib/python3.10/site-packages/Auv-teleop.egg-link (link to .)
[8.034s] Invoked command in '/home/raspberry/Auv_ws/build/Auv_teleop' returned '0': PYTHONPATH=/home/raspberry/Auv_ws/build/Auv_teleop/prefix_override:/usr/lib/python3/dist-packages/colcon_core/task/python/colcon_distutils_commands:/home/raspberry/Auv_ws/install/Auv_teleop/lib/python3.10/site-packages:${PYTHONPATH} /usr/bin/python3 -W ignore:setup.py install is deprecated -W ignore:easy_install command is deprecated setup.py develop --uninstall --editable --build-directory /home/raspberry/Auv_ws/build/Auv_teleop/build
[8.042s] Invoking command in '/home/raspberry/Auv_ws/src/Auv_teleop': PYTHONPATH=/home/raspberry/Auv_ws/build/Auv_teleop/prefix_override:/usr/lib/python3/dist-packages/colcon_core/task/python/colcon_distutils_commands:/home/raspberry/Auv_ws/install/Auv_teleop/lib/python3.10/site-packages:${PYTHONPATH} /usr/bin/python3 -W ignore:setup.py install is deprecated -W ignore:easy_install command is deprecated setup.py egg_info --egg-base ../../build/Auv_teleop build --build-base /home/raspberry/Auv_ws/build/Auv_teleop/build install --record /home/raspberry/Auv_ws/build/Auv_teleop/install.log --single-version-externally-managed install_data --force
[9.248s] running egg_info
[9.253s] writing ../../build/Auv_teleop/Auv_teleop.egg-info/PKG-INFO
[9.254s] writing dependency_links to ../../build/Auv_teleop/Auv_teleop.egg-info/dependency_links.txt
[9.255s] writing entry points to ../../build/Auv_teleop/Auv_teleop.egg-info/entry_points.txt
[9.256s] writing requirements to ../../build/Auv_teleop/Auv_teleop.egg-info/requires.txt
[9.257s] writing top-level names to ../../build/Auv_teleop/Auv_teleop.egg-info/top_level.txt
[9.264s] reading manifest file '../../build/Auv_teleop/Auv_teleop.egg-info/SOURCES.txt'
[9.270s] writing manifest file '../../build/Auv_teleop/Auv_teleop.egg-info/SOURCES.txt'
[9.271s] running build
[9.271s] running build_py
[9.275s] running install
[9.277s] running install_lib
[9.279s] creating /home/raspberry/Auv_ws/install/Auv_teleop/lib/python3.10/site-packages/Auv_teleop
[9.280s] copying /home/raspberry/Auv_ws/build/Auv_teleop/build/lib/Auv_teleop/teleop_xbox_node.py -> /home/raspberry/Auv_ws/install/Auv_teleop/lib/python3.10/site-packages/Auv_teleop
[9.286s] copying /home/raspberry/Auv_ws/build/Auv_teleop/build/lib/Auv_teleop/__init__.py -> /home/raspberry/Auv_ws/install/Auv_teleop/lib/python3.10/site-packages/Auv_teleop
[9.289s] byte-compiling /home/raspberry/Auv_ws/install/Auv_teleop/lib/python3.10/site-packages/Auv_teleop/teleop_xbox_node.py to teleop_xbox_node.cpython-310.pyc
[9.301s] byte-compiling /home/raspberry/Auv_ws/install/Auv_teleop/lib/python3.10/site-packages/Auv_teleop/__init__.py to __init__.cpython-310.pyc
[9.302s] running install_data
[9.303s] copying resource/Auv_teleop -> /home/raspberry/Auv_ws/install/Auv_teleop/share/ament_index/resource_index/packages
[9.306s] copying package.xml -> /home/raspberry/Auv_ws/install/Auv_teleop/share/Auv_teleop
[9.308s] running install_egg_info
[9.309s] Copying ../../build/Auv_teleop/Auv_teleop.egg-info to /home/raspberry/Auv_ws/install/Auv_teleop/lib/python3.10/site-packages/Auv_teleop-0.0.0-py3.10.egg-info
[9.316s] running install_scripts
[9.416s] Installing teleop_xbox_node script to /home/raspberry/Auv_ws/install/Auv_teleop/lib/Auv_teleop
[9.417s] writing list of installed files to '/home/raspberry/Auv_ws/build/Auv_teleop/install.log'
[9.618s] Invoked command in '/home/raspberry/Auv_ws/src/Auv_teleop' returned '0': PYTHONPATH=/home/raspberry/Auv_ws/build/Auv_teleop/prefix_override:/usr/lib/python3/dist-packages/colcon_core/task/python/colcon_distutils_commands:/home/raspberry/Auv_ws/install/Auv_teleop/lib/python3.10/site-packages:${PYTHONPATH} /usr/bin/python3 -W ignore:setup.py install is deprecated -W ignore:easy_install command is deprecated setup.py egg_info --egg-base ../../build/Auv_teleop build --build-base /home/raspberry/Auv_ws/build/Auv_teleop/build install --record /home/raspberry/Auv_ws/build/Auv_teleop/install.log --single-version-externally-managed install_data --force
