[7.050s] Invoking command in '/home/raspberry/Auv_ws/src/serial_bridge': PYTHONPATH=/home/raspberry/Auv_ws/build/serial_bridge/prefix_override:/usr/lib/python3/dist-packages/colcon_core/task/python/colcon_distutils_commands:/home/raspberry/Auv_ws/install/serial_bridge/lib/python3.10/site-packages:${PYTHONPATH} /usr/bin/python3 -W ignore:setup.py install is deprecated -W ignore:easy_install command is deprecated setup.py egg_info --egg-base ../../build/serial_bridge build --build-base /home/raspberry/Auv_ws/build/serial_bridge/build install --record /home/raspberry/Auv_ws/build/serial_bridge/install.log --single-version-externally-managed install_data
[8.633s] running egg_info
[8.638s] writing ../../build/serial_bridge/serial_bridge.egg-info/PKG-INFO
[8.640s] writing dependency_links to ../../build/serial_bridge/serial_bridge.egg-info/dependency_links.txt
[8.642s] writing entry points to ../../build/serial_bridge/serial_bridge.egg-info/entry_points.txt
[8.644s] writing requirements to ../../build/serial_bridge/serial_bridge.egg-info/requires.txt
[8.646s] writing top-level names to ../../build/serial_bridge/serial_bridge.egg-info/top_level.txt
[8.656s] reading manifest file '../../build/serial_bridge/serial_bridge.egg-info/SOURCES.txt'
[8.662s] writing manifest file '../../build/serial_bridge/serial_bridge.egg-info/SOURCES.txt'
[8.663s] running build
[8.667s] running build_py
[8.673s] running install
[8.674s] running install_lib
[8.688s] running install_data
[8.689s] running install_egg_info
[8.700s] removing '/home/raspberry/Auv_ws/install/serial_bridge/lib/python3.10/site-packages/serial_bridge-0.0.0-py3.10.egg-info' (and everything under it)
[8.705s] Copying ../../build/serial_bridge/serial_bridge.egg-info to /home/raspberry/Auv_ws/install/serial_bridge/lib/python3.10/site-packages/serial_bridge-0.0.0-py3.10.egg-info
[8.719s] running install_scripts
[8.903s] Installing arduino_bridge script to /home/raspberry/Auv_ws/install/serial_bridge/lib/serial_bridge
[8.906s] Installing imu_dashboard_adapter script to /home/raspberry/Auv_ws/install/serial_bridge/lib/serial_bridge
[8.907s] writing list of installed files to '/home/raspberry/Auv_ws/build/serial_bridge/install.log'
[9.085s] Invoked command in '/home/raspberry/Auv_ws/src/serial_bridge' returned '0': PYTHONPATH=/home/raspberry/Auv_ws/build/serial_bridge/prefix_override:/usr/lib/python3/dist-packages/colcon_core/task/python/colcon_distutils_commands:/home/raspberry/Auv_ws/install/serial_bridge/lib/python3.10/site-packages:${PYTHONPATH} /usr/bin/python3 -W ignore:setup.py install is deprecated -W ignore:easy_install command is deprecated setup.py egg_info --egg-base ../../build/serial_bridge build --build-base /home/raspberry/Auv_ws/build/serial_bridge/build install --record /home/raspberry/Auv_ws/build/serial_bridge/install.log --single-version-externally-managed install_data
