[9.000s] Invoking command in '/home/raspberry/Auv_ws/src/serial_bridge': PYTHONPATH=/home/raspberry/Auv_ws/build/serial_bridge/prefix_override:/usr/lib/python3/dist-packages/colcon_core/task/python/colcon_distutils_commands:/home/raspberry/Auv_ws/install/serial_bridge/lib/python3.10/site-packages:${PYTHONPATH} /usr/bin/python3 -W ignore:setup.py install is deprecated -W ignore:easy_install command is deprecated setup.py egg_info --egg-base ../../build/serial_bridge build --build-base /home/raspberry/Auv_ws/build/serial_bridge/build install --record /home/raspberry/Auv_ws/build/serial_bridge/install.log --single-version-externally-managed install_data
[10.776s] running egg_info
[10.781s] writing ../../build/serial_bridge/serial_bridge.egg-info/PKG-INFO
[10.783s] writing dependency_links to ../../build/serial_bridge/serial_bridge.egg-info/dependency_links.txt
[10.784s] writing entry points to ../../build/serial_bridge/serial_bridge.egg-info/entry_points.txt
[10.785s] writing requirements to ../../build/serial_bridge/serial_bridge.egg-info/requires.txt
[10.786s] writing top-level names to ../../build/serial_bridge/serial_bridge.egg-info/top_level.txt
[10.795s] reading manifest file '../../build/serial_bridge/serial_bridge.egg-info/SOURCES.txt'
[10.824s] writing manifest file '../../build/serial_bridge/serial_bridge.egg-info/SOURCES.txt'
[10.825s] running build
[10.826s] running build_py
[10.827s] copying serial_bridge/arduino_bridge.py -> /home/raspberry/Auv_ws/build/serial_bridge/build/lib/serial_bridge
[10.829s] copying serial_bridge/pikhawk_bridge.py -> /home/raspberry/Auv_ws/build/serial_bridge/build/lib/serial_bridge
[10.831s] running install
[10.833s] running install_lib
[10.838s] copying /home/raspberry/Auv_ws/build/serial_bridge/build/lib/serial_bridge/arduino_bridge.py -> /home/raspberry/Auv_ws/install/serial_bridge/lib/python3.10/site-packages/serial_bridge
[10.843s] copying /home/raspberry/Auv_ws/build/serial_bridge/build/lib/serial_bridge/pikhawk_bridge.py -> /home/raspberry/Auv_ws/install/serial_bridge/lib/python3.10/site-packages/serial_bridge
[10.844s] byte-compiling /home/raspberry/Auv_ws/install/serial_bridge/lib/python3.10/site-packages/serial_bridge/arduino_bridge.py to arduino_bridge.cpython-310.pyc
[10.852s] byte-compiling /home/raspberry/Auv_ws/install/serial_bridge/lib/python3.10/site-packages/serial_bridge/pikhawk_bridge.py to pikhawk_bridge.cpython-310.pyc
[10.855s] running install_data
[10.856s] running install_egg_info
[10.865s] removing '/home/raspberry/Auv_ws/install/serial_bridge/lib/python3.10/site-packages/serial_bridge-0.0.0-py3.10.egg-info' (and everything under it)
[10.868s] Copying ../../build/serial_bridge/serial_bridge.egg-info to /home/raspberry/Auv_ws/install/serial_bridge/lib/python3.10/site-packages/serial_bridge-0.0.0-py3.10.egg-info
[10.882s] running install_scripts
[10.993s] Installing arduino_bridge script to /home/raspberry/Auv_ws/install/serial_bridge/lib/serial_bridge
[10.995s] Installing imu_dashboard_adapter script to /home/raspberry/Auv_ws/install/serial_bridge/lib/serial_bridge
[10.999s] writing list of installed files to '/home/raspberry/Auv_ws/build/serial_bridge/install.log'
[11.229s] Invoked command in '/home/raspberry/Auv_ws/src/serial_bridge' returned '0': PYTHONPATH=/home/raspberry/Auv_ws/build/serial_bridge/prefix_override:/usr/lib/python3/dist-packages/colcon_core/task/python/colcon_distutils_commands:/home/raspberry/Auv_ws/install/serial_bridge/lib/python3.10/site-packages:${PYTHONPATH} /usr/bin/python3 -W ignore:setup.py install is deprecated -W ignore:easy_install command is deprecated setup.py egg_info --egg-base ../../build/serial_bridge build --build-base /home/raspberry/Auv_ws/build/serial_bridge/build install --record /home/raspberry/Auv_ws/build/serial_bridge/install.log --single-version-externally-managed install_data
