[6.937s] Invoking command in '/home/raspberry/Auv_ws/src/auv_teleop': PYTHONPATH=/home/raspberry/Auv_ws/build/auv_teleop/prefix_override:/usr/lib/python3/dist-packages/colcon_core/task/python/colcon_distutils_commands:/home/raspberry/Auv_ws/install/auv_teleop/lib/python3.10/site-packages:${PYTHONPATH} /usr/bin/python3 -W ignore:setup.py install is deprecated -W ignore:easy_install command is deprecated setup.py egg_info --egg-base ../../build/auv_teleop build --build-base /home/raspberry/Auv_ws/build/auv_teleop/build install --record /home/raspberry/Auv_ws/build/auv_teleop/install.log --single-version-externally-managed install_data
[8.397s] running egg_info
[8.412s] writing ../../build/auv_teleop/auv_teleop.egg-info/PKG-INFO
[8.414s] writing dependency_links to ../../build/auv_teleop/auv_teleop.egg-info/dependency_links.txt
[8.415s] writing entry points to ../../build/auv_teleop/auv_teleop.egg-info/entry_points.txt
[8.417s] writing requirements to ../../build/auv_teleop/auv_teleop.egg-info/requires.txt
[8.419s] writing top-level names to ../../build/auv_teleop/auv_teleop.egg-info/top_level.txt
[8.439s] reading manifest file '../../build/auv_teleop/auv_teleop.egg-info/SOURCES.txt'
[8.441s] writing manifest file '../../build/auv_teleop/auv_teleop.egg-info/SOURCES.txt'
[8.441s] running build
[8.442s] running build_py
[8.442s] copying auv_teleop/xbox_node.py -> /home/raspberry/Auv_ws/build/auv_teleop/build/lib/auv_teleop
[8.447s] running install
[8.448s] running install_lib
[8.449s] copying /home/raspberry/Auv_ws/build/auv_teleop/build/lib/auv_teleop/xbox_node.py -> /home/raspberry/Auv_ws/install/auv_teleop/lib/python3.10/site-packages/auv_teleop
[8.452s] byte-compiling /home/raspberry/Auv_ws/install/auv_teleop/lib/python3.10/site-packages/auv_teleop/xbox_node.py to xbox_node.cpython-310.pyc
[8.452s]   File "/home/raspberry/Auv_ws/install/auv_teleop/lib/python3.10/site-packages/auv_teleop/xbox_node.py", line 80
[8.453s]     """Converts Euler angles to a ROS Geometry Quaternion."""
[8.454s]        ^^^^^^^^
[8.454s] SyntaxError: invalid syntax
[8.460s] 
[8.460s] running install_data
[8.461s] running install_egg_info
[8.463s] removing '/home/raspberry/Auv_ws/install/auv_teleop/lib/python3.10/site-packages/auv_teleop-0.0.0-py3.10.egg-info' (and everything under it)
[8.464s] Copying ../../build/auv_teleop/auv_teleop.egg-info to /home/raspberry/Auv_ws/install/auv_teleop/lib/python3.10/site-packages/auv_teleop-0.0.0-py3.10.egg-info
[8.478s] running install_scripts
[8.662s] Installing teleop_xbox_node script to /home/raspberry/Auv_ws/install/auv_teleop/lib/auv_teleop
[8.665s] Installing xbox_node script to /home/raspberry/Auv_ws/install/auv_teleop/lib/auv_teleop
[8.671s] writing list of installed files to '/home/raspberry/Auv_ws/build/auv_teleop/install.log'
[8.975s] Invoked command in '/home/raspberry/Auv_ws/src/auv_teleop' returned '0': PYTHONPATH=/home/raspberry/Auv_ws/build/auv_teleop/prefix_override:/usr/lib/python3/dist-packages/colcon_core/task/python/colcon_distutils_commands:/home/raspberry/Auv_ws/install/auv_teleop/lib/python3.10/site-packages:${PYTHONPATH} /usr/bin/python3 -W ignore:setup.py install is deprecated -W ignore:easy_install command is deprecated setup.py egg_info --egg-base ../../build/auv_teleop build --build-base /home/raspberry/Auv_ws/build/auv_teleop/build install --record /home/raspberry/Auv_ws/build/auv_teleop/install.log --single-version-externally-managed install_data
