[0.697s] DEBUG:colcon:Command line arguments: ['/usr/bin/colcon', 'build', '--packages-select', 'serial_bridge']
[0.697s] DEBUG:colcon:Parsed command line arguments: Namespace(log_base=None, log_level=None, verb_name='build', build_base='build', install_base='install', merge_install=False, symlink_install=False, test_result_base=None, continue_on_error=False, executor='parallel', parallel_workers=4, event_handlers=None, ignore_user_meta=False, metas=['./colcon.meta'], base_paths=['.'], packages_ignore=None, packages_ignore_regex=None, paths=None, packages_up_to=None, packages_up_to_regex=None, packages_above=None, packages_above_and_dependencies=None, packages_above_depth=None, packages_select_by_dep=None, packages_skip_by_dep=None, packages_skip_up_to=None, packages_select_build_failed=False, packages_skip_build_finished=False, packages_select_test_failures=False, packages_skip_test_passed=False, packages_select=['serial_bridge'], packages_skip=None, packages_select_regex=None, packages_skip_regex=None, packages_start=None, packages_end=None, allow_overriding=[], cmake_args=None, cmake_target=None, cmake_target_skip_unavailable=False, cmake_clean_cache=False, cmake_clean_first=False, cmake_force_configure=False, ament_cmake_args=None, catkin_cmake_args=None, catkin_skip_building_tests=False, mixin_files=None, mixin=None, verb_parser=<colcon_mixin.mixin.mixin_argument.MixinArgumentDecorator object at 0xffffab52bdf0>, verb_extension=<colcon_core.verb.build.BuildVerb object at 0xffffab65ce20>, main=<bound method BuildVerb.main of <colcon_core.verb.build.BuildVerb object at 0xffffab65ce20>>, mixin_verb=('build',))
[1.755s] Level 1:colcon.colcon_core.package_discovery:discover_packages(colcon_meta) check parameters
[1.755s] Level 1:colcon.colcon_core.package_discovery:discover_packages(recursive) check parameters
[1.756s] Level 1:colcon.colcon_core.package_discovery:discover_packages(ignore) check parameters
[1.756s] Level 1:colcon.colcon_core.package_discovery:discover_packages(path) check parameters
[1.756s] Level 1:colcon.colcon_core.package_discovery:discover_packages(colcon_meta) discover
[1.756s] Level 1:colcon.colcon_core.package_discovery:discover_packages(recursive) discover
[1.757s] INFO:colcon.colcon_core.package_discovery:Crawling recursively for packages in '/home/raspberry/Auv_ws'
[1.757s] Level 1:colcon.colcon_core.package_identification:_identify(.) by extensions ['ignore', 'ignore_ament_install']
[1.758s] Level 1:colcon.colcon_core.package_identification:_identify(.) by extension 'ignore'
[1.758s] Level 1:colcon.colcon_core.package_identification:_identify(.) by extension 'ignore_ament_install'
[1.758s] Level 1:colcon.colcon_core.package_identification:_identify(.) by extensions ['colcon_pkg']
[1.759s] Level 1:colcon.colcon_core.package_identification:_identify(.) by extension 'colcon_pkg'
[1.759s] Level 1:colcon.colcon_core.package_identification:_identify(.) by extensions ['colcon_meta']
[1.759s] Level 1:colcon.colcon_core.package_identification:_identify(.) by extension 'colcon_meta'
[1.759s] Level 1:colcon.colcon_core.package_identification:_identify(.) by extensions ['ros']
[1.760s] Level 1:colcon.colcon_core.package_identification:_identify(.) by extension 'ros'
[1.838s] Level 1:colcon.colcon_core.package_identification:_identify(.) by extensions ['cmake', 'python']
[1.838s] Level 1:colcon.colcon_core.package_identification:_identify(.) by extension 'cmake'
[1.838s] Level 1:colcon.colcon_core.package_identification:_identify(.) by extension 'python'
[1.838s] Level 1:colcon.colcon_core.package_identification:_identify(.) by extensions ['python_setup_py']
[1.839s] Level 1:colcon.colcon_core.package_identification:_identify(.) by extension 'python_setup_py'
[1.839s] Level 1:colcon.colcon_core.package_identification:_identify(build) by extensions ['ignore', 'ignore_ament_install']
[1.840s] Level 1:colcon.colcon_core.package_identification:_identify(build) by extension 'ignore'
[1.840s] Level 1:colcon.colcon_core.package_identification:_identify(build) ignored
[1.840s] Level 1:colcon.colcon_core.package_identification:_identify(install) by extensions ['ignore', 'ignore_ament_install']
[1.841s] Level 1:colcon.colcon_core.package_identification:_identify(install) by extension 'ignore'
[1.841s] Level 1:colcon.colcon_core.package_identification:_identify(install) ignored
[1.842s] Level 1:colcon.colcon_core.package_identification:_identify(log) by extensions ['ignore', 'ignore_ament_install']
[1.843s] Level 1:colcon.colcon_core.package_identification:_identify(log) by extension 'ignore'
[1.843s] Level 1:colcon.colcon_core.package_identification:_identify(log) ignored
[1.843s] Level 1:colcon.colcon_core.package_identification:_identify(src) by extensions ['ignore', 'ignore_ament_install']
[1.844s] Level 1:colcon.colcon_core.package_identification:_identify(src) by extension 'ignore'
[1.844s] Level 1:colcon.colcon_core.package_identification:_identify(src) by extension 'ignore_ament_install'
[1.844s] Level 1:colcon.colcon_core.package_identification:_identify(src) by extensions ['colcon_pkg']
[1.844s] Level 1:colcon.colcon_core.package_identification:_identify(src) by extension 'colcon_pkg'
[1.844s] Level 1:colcon.colcon_core.package_identification:_identify(src) by extensions ['colcon_meta']
[1.845s] Level 1:colcon.colcon_core.package_identification:_identify(src) by extension 'colcon_meta'
[1.845s] Level 1:colcon.colcon_core.package_identification:_identify(src) by extensions ['ros']
[1.845s] Level 1:colcon.colcon_core.package_identification:_identify(src) by extension 'ros'
[1.845s] Level 1:colcon.colcon_core.package_identification:_identify(src) by extensions ['cmake', 'python']
[1.845s] Level 1:colcon.colcon_core.package_identification:_identify(src) by extension 'cmake'
[1.846s] Level 1:colcon.colcon_core.package_identification:_identify(src) by extension 'python'
[1.846s] Level 1:colcon.colcon_core.package_identification:_identify(src) by extensions ['python_setup_py']
[1.846s] Level 1:colcon.colcon_core.package_identification:_identify(src) by extension 'python_setup_py'
[1.847s] Level 1:colcon.colcon_core.package_identification:_identify(src/auv_camera_stream) by extensions ['ignore', 'ignore_ament_install']
[1.847s] Level 1:colcon.colcon_core.package_identification:_identify(src/auv_camera_stream) by extension 'ignore'
[1.847s] Level 1:colcon.colcon_core.package_identification:_identify(src/auv_camera_stream) by extension 'ignore_ament_install'
[1.847s] Level 1:colcon.colcon_core.package_identification:_identify(src/auv_camera_stream) by extensions ['colcon_pkg']
[1.848s] Level 1:colcon.colcon_core.package_identification:_identify(src/auv_camera_stream) by extension 'colcon_pkg'
[1.848s] Level 1:colcon.colcon_core.package_identification:_identify(src/auv_camera_stream) by extensions ['colcon_meta']
[1.848s] Level 1:colcon.colcon_core.package_identification:_identify(src/auv_camera_stream) by extension 'colcon_meta'
[1.848s] Level 1:colcon.colcon_core.package_identification:_identify(src/auv_camera_stream) by extensions ['ros']
[1.848s] Level 1:colcon.colcon_core.package_identification:_identify(src/auv_camera_stream) by extension 'ros'
[1.861s] DEBUG:colcon.colcon_core.package_identification:Package 'src/auv_camera_stream' with type 'ros.ament_python' and name 'auv_camera_stream'
[1.862s] Level 1:colcon.colcon_core.package_identification:_identify(src/auv_control) by extensions ['ignore', 'ignore_ament_install']
[1.862s] Level 1:colcon.colcon_core.package_identification:_identify(src/auv_control) by extension 'ignore'
[1.863s] Level 1:colcon.colcon_core.package_identification:_identify(src/auv_control) by extension 'ignore_ament_install'
[1.863s] Level 1:colcon.colcon_core.package_identification:_identify(src/auv_control) by extensions ['colcon_pkg']
[1.863s] Level 1:colcon.colcon_core.package_identification:_identify(src/auv_control) by extension 'colcon_pkg'
[1.864s] Level 1:colcon.colcon_core.package_identification:_identify(src/auv_control) by extensions ['colcon_meta']
[1.864s] Level 1:colcon.colcon_core.package_identification:_identify(src/auv_control) by extension 'colcon_meta'
[1.864s] Level 1:colcon.colcon_core.package_identification:_identify(src/auv_control) by extensions ['ros']
[1.864s] Level 1:colcon.colcon_core.package_identification:_identify(src/auv_control) by extension 'ros'
[1.868s] DEBUG:colcon.colcon_core.package_identification:Package 'src/auv_control' with type 'ros.ament_python' and name 'auv_control'
[1.869s] Level 1:colcon.colcon_core.package_identification:_identify(src/auv_teleop) by extensions ['ignore', 'ignore_ament_install']
[1.869s] Level 1:colcon.colcon_core.package_identification:_identify(src/auv_teleop) by extension 'ignore'
[1.870s] Level 1:colcon.colcon_core.package_identification:_identify(src/auv_teleop) by extension 'ignore_ament_install'
[1.870s] Level 1:colcon.colcon_core.package_identification:_identify(src/auv_teleop) by extensions ['colcon_pkg']
[1.870s] Level 1:colcon.colcon_core.package_identification:_identify(src/auv_teleop) by extension 'colcon_pkg'
[1.870s] Level 1:colcon.colcon_core.package_identification:_identify(src/auv_teleop) by extensions ['colcon_meta']
[1.871s] Level 1:colcon.colcon_core.package_identification:_identify(src/auv_teleop) by extension 'colcon_meta'
[1.871s] Level 1:colcon.colcon_core.package_identification:_identify(src/auv_teleop) by extensions ['ros']
[1.871s] Level 1:colcon.colcon_core.package_identification:_identify(src/auv_teleop) by extension 'ros'
[1.874s] DEBUG:colcon.colcon_core.package_identification:Package 'src/auv_teleop' with type 'ros.ament_python' and name 'auv_teleop'
[1.874s] Level 1:colcon.colcon_core.package_identification:_identify(src/firmare) by extensions ['ignore', 'ignore_ament_install']
[1.875s] Level 1:colcon.colcon_core.package_identification:_identify(src/firmare) by extension 'ignore'
[1.875s] Level 1:colcon.colcon_core.package_identification:_identify(src/firmare) by extension 'ignore_ament_install'
[1.875s] Level 1:colcon.colcon_core.package_identification:_identify(src/firmare) by extensions ['colcon_pkg']
[1.875s] Level 1:colcon.colcon_core.package_identification:_identify(src/firmare) by extension 'colcon_pkg'
[1.876s] Level 1:colcon.colcon_core.package_identification:_identify(src/firmare) by extensions ['colcon_meta']
[1.876s] Level 1:colcon.colcon_core.package_identification:_identify(src/firmare) by extension 'colcon_meta'
[1.876s] Level 1:colcon.colcon_core.package_identification:_identify(src/firmare) by extensions ['ros']
[1.876s] Level 1:colcon.colcon_core.package_identification:_identify(src/firmare) by extension 'ros'
[1.876s] Level 1:colcon.colcon_core.package_identification:_identify(src/firmare) by extensions ['cmake', 'python']
[1.877s] Level 1:colcon.colcon_core.package_identification:_identify(src/firmare) by extension 'cmake'
[1.877s] Level 1:colcon.colcon_core.package_identification:_identify(src/firmare) by extension 'python'
[1.877s] Level 1:colcon.colcon_core.package_identification:_identify(src/firmare) by extensions ['python_setup_py']
[1.877s] Level 1:colcon.colcon_core.package_identification:_identify(src/firmare) by extension 'python_setup_py'
[1.878s] Level 1:colcon.colcon_core.package_identification:_identify(src/serial_bridge) by extensions ['ignore', 'ignore_ament_install']
[1.878s] Level 1:colcon.colcon_core.package_identification:_identify(src/serial_bridge) by extension 'ignore'
[1.878s] Level 1:colcon.colcon_core.package_identification:_identify(src/serial_bridge) by extension 'ignore_ament_install'
[1.879s] Level 1:colcon.colcon_core.package_identification:_identify(src/serial_bridge) by extensions ['colcon_pkg']
[1.879s] Level 1:colcon.colcon_core.package_identification:_identify(src/serial_bridge) by extension 'colcon_pkg'
[1.879s] Level 1:colcon.colcon_core.package_identification:_identify(src/serial_bridge) by extensions ['colcon_meta']
[1.879s] Level 1:colcon.colcon_core.package_identification:_identify(src/serial_bridge) by extension 'colcon_meta'
[1.879s] Level 1:colcon.colcon_core.package_identification:_identify(src/serial_bridge) by extensions ['ros']
[1.879s] Level 1:colcon.colcon_core.package_identification:_identify(src/serial_bridge) by extension 'ros'
[1.882s] DEBUG:colcon.colcon_core.package_identification:Package 'src/serial_bridge' with type 'ros.ament_python' and name 'serial_bridge'
[1.882s] Level 1:colcon.colcon_core.package_discovery:discover_packages(recursive) using defaults
[1.882s] Level 1:colcon.colcon_core.package_discovery:discover_packages(ignore) discover
[1.882s] Level 1:colcon.colcon_core.package_discovery:discover_packages(ignore) using defaults
[1.883s] Level 1:colcon.colcon_core.package_discovery:discover_packages(path) discover
[1.883s] Level 1:colcon.colcon_core.package_discovery:discover_packages(path) using defaults
[2.001s] INFO:colcon.colcon_core.package_selection:Skipping not selected package 'auv_camera_stream' in 'src/auv_camera_stream'
[2.001s] INFO:colcon.colcon_core.package_selection:Skipping not selected package 'auv_control' in 'src/auv_control'
[2.001s] INFO:colcon.colcon_core.package_selection:Skipping not selected package 'auv_teleop' in 'src/auv_teleop'
[2.004s] Level 1:colcon.colcon_core.package_discovery:discover_packages(prefix_path) check parameters
[2.004s] Level 1:colcon.colcon_core.package_discovery:discover_packages(prefix_path) discover
[2.024s] DEBUG:colcon.colcon_installed_package_information.package_discovery:Found 188 installed packages in /opt/ros/humble
[2.029s] Level 1:colcon.colcon_core.package_discovery:discover_packages(prefix_path) using defaults
[2.188s] Level 5:colcon.colcon_core.verb:set package 'serial_bridge' build argument 'cmake_args' from command line to 'None'
[2.188s] Level 5:colcon.colcon_core.verb:set package 'serial_bridge' build argument 'cmake_target' from command line to 'None'
[2.188s] Level 5:colcon.colcon_core.verb:set package 'serial_bridge' build argument 'cmake_target_skip_unavailable' from command line to 'False'
[2.188s] Level 5:colcon.colcon_core.verb:set package 'serial_bridge' build argument 'cmake_clean_cache' from command line to 'False'
[2.188s] Level 5:colcon.colcon_core.verb:set package 'serial_bridge' build argument 'cmake_clean_first' from command line to 'False'
[2.188s] Level 5:colcon.colcon_core.verb:set package 'serial_bridge' build argument 'cmake_force_configure' from command line to 'False'
[2.189s] Level 5:colcon.colcon_core.verb:set package 'serial_bridge' build argument 'ament_cmake_args' from command line to 'None'
[2.189s] Level 5:colcon.colcon_core.verb:set package 'serial_bridge' build argument 'catkin_cmake_args' from command line to 'None'
[2.189s] Level 5:colcon.colcon_core.verb:set package 'serial_bridge' build argument 'catkin_skip_building_tests' from command line to 'False'
[2.189s] DEBUG:colcon.colcon_core.verb:Building package 'serial_bridge' with the following arguments: {'ament_cmake_args': None, 'build_base': '/home/raspberry/Auv_ws/build/serial_bridge', 'catkin_cmake_args': None, 'catkin_skip_building_tests': False, 'cmake_args': None, 'cmake_clean_cache': False, 'cmake_clean_first': False, 'cmake_force_configure': False, 'cmake_target': None, 'cmake_target_skip_unavailable': False, 'install_base': '/home/raspberry/Auv_ws/install/serial_bridge', 'merge_install': False, 'path': '/home/raspberry/Auv_ws/src/serial_bridge', 'symlink_install': False, 'test_result_base': None}
[2.189s] INFO:colcon.colcon_core.executor:Executing jobs using 'parallel' executor
[2.193s] DEBUG:colcon.colcon_parallel_executor.executor.parallel:run_until_complete
[2.194s] INFO:colcon.colcon_ros.task.ament_python.build:Building ROS package in '/home/raspberry/Auv_ws/src/serial_bridge' with build type 'ament_python'
[2.195s] Level 1:colcon.colcon_core.shell:create_environment_hook('serial_bridge', 'ament_prefix_path')
[2.215s] INFO:colcon.colcon_core.plugin_system:Skipping extension 'colcon_core.shell.bat': Not used on non-Windows systems
[2.216s] INFO:colcon.colcon_core.shell:Creating environment hook '/home/raspberry/Auv_ws/install/serial_bridge/share/serial_bridge/hook/ament_prefix_path.ps1'
[2.221s] INFO:colcon.colcon_core.shell:Creating environment descriptor '/home/raspberry/Auv_ws/install/serial_bridge/share/serial_bridge/hook/ament_prefix_path.dsv'
[2.226s] INFO:colcon.colcon_core.shell:Creating environment hook '/home/raspberry/Auv_ws/install/serial_bridge/share/serial_bridge/hook/ament_prefix_path.sh'
[2.232s] INFO:colcon.colcon_core.shell:Skip shell extension 'powershell' for command environment: Not usable outside of PowerShell
[2.233s] DEBUG:colcon.colcon_core.shell:Skip shell extension 'dsv' for command environment
[3.291s] INFO:colcon.colcon_core.task.python.build:Building Python package in '/home/raspberry/Auv_ws/src/serial_bridge'
[3.292s] INFO:colcon.colcon_core.shell:Skip shell extension 'powershell' for command environment: Not usable outside of PowerShell
[3.293s] DEBUG:colcon.colcon_core.shell:Skip shell extension 'dsv' for command environment
[5.241s] DEBUG:colcon.colcon_core.event_handler.log_command:Invoking command in '/home/raspberry/Auv_ws/src/serial_bridge': PYTHONPATH=/home/raspberry/Auv_ws/build/serial_bridge/prefix_override:/usr/lib/python3/dist-packages/colcon_core/task/python/colcon_distutils_commands:/home/raspberry/Auv_ws/install/serial_bridge/lib/python3.10/site-packages:${PYTHONPATH} /usr/bin/python3 -W ignore:setup.py install is deprecated -W ignore:easy_install command is deprecated setup.py egg_info --egg-base ../../build/serial_bridge build --build-base /home/raspberry/Auv_ws/build/serial_bridge/build install --record /home/raspberry/Auv_ws/build/serial_bridge/install.log --single-version-externally-managed install_data
[6.439s] DEBUG:colcon.colcon_core.event_handler.log_command:Invoked command in '/home/raspberry/Auv_ws/src/serial_bridge' returned '0': PYTHONPATH=/home/raspberry/Auv_ws/build/serial_bridge/prefix_override:/usr/lib/python3/dist-packages/colcon_core/task/python/colcon_distutils_commands:/home/raspberry/Auv_ws/install/serial_bridge/lib/python3.10/site-packages:${PYTHONPATH} /usr/bin/python3 -W ignore:setup.py install is deprecated -W ignore:easy_install command is deprecated setup.py egg_info --egg-base ../../build/serial_bridge build --build-base /home/raspberry/Auv_ws/build/serial_bridge/build install --record /home/raspberry/Auv_ws/build/serial_bridge/install.log --single-version-externally-managed install_data
[6.465s] Level 1:colcon.colcon_core.environment:checking '/home/raspberry/Auv_ws/install/serial_bridge' for CMake module files
[6.468s] Level 1:colcon.colcon_core.environment:checking '/home/raspberry/Auv_ws/install/serial_bridge' for CMake config files
[6.473s] Level 1:colcon.colcon_core.environment:checking '/home/raspberry/Auv_ws/install/serial_bridge/lib'
[6.474s] Level 1:colcon.colcon_core.environment:checking '/home/raspberry/Auv_ws/install/serial_bridge/bin'
[6.474s] Level 1:colcon.colcon_core.environment:checking '/home/raspberry/Auv_ws/install/serial_bridge/lib/pkgconfig/serial_bridge.pc'
[6.476s] Level 1:colcon.colcon_core.environment:checking '/home/raspberry/Auv_ws/install/serial_bridge/lib/python3.10/site-packages'
[6.476s] Level 1:colcon.colcon_core.shell:create_environment_hook('serial_bridge', 'pythonpath')
[6.477s] INFO:colcon.colcon_core.shell:Creating environment hook '/home/raspberry/Auv_ws/install/serial_bridge/share/serial_bridge/hook/pythonpath.ps1'
[6.479s] INFO:colcon.colcon_core.shell:Creating environment descriptor '/home/raspberry/Auv_ws/install/serial_bridge/share/serial_bridge/hook/pythonpath.dsv'
[6.481s] INFO:colcon.colcon_core.shell:Creating environment hook '/home/raspberry/Auv_ws/install/serial_bridge/share/serial_bridge/hook/pythonpath.sh'
[6.485s] Level 1:colcon.colcon_core.environment:checking '/home/raspberry/Auv_ws/install/serial_bridge/bin'
[6.485s] Level 1:colcon.colcon_core.environment:create_environment_scripts_only(serial_bridge)
[6.486s] INFO:colcon.colcon_core.shell:Creating package script '/home/raspberry/Auv_ws/install/serial_bridge/share/serial_bridge/package.ps1'
[6.491s] INFO:colcon.colcon_core.shell:Creating package descriptor '/home/raspberry/Auv_ws/install/serial_bridge/share/serial_bridge/package.dsv'
[6.495s] INFO:colcon.colcon_core.shell:Creating package script '/home/raspberry/Auv_ws/install/serial_bridge/share/serial_bridge/package.sh'
[6.500s] INFO:colcon.colcon_core.shell:Creating package script '/home/raspberry/Auv_ws/install/serial_bridge/share/serial_bridge/package.bash'
[6.507s] INFO:colcon.colcon_core.shell:Creating package script '/home/raspberry/Auv_ws/install/serial_bridge/share/serial_bridge/package.zsh'
[6.512s] Level 1:colcon.colcon_core.environment:create_file_with_runtime_dependencies(/home/raspberry/Auv_ws/install/serial_bridge/share/colcon-core/packages/serial_bridge)
[6.514s] DEBUG:colcon.colcon_parallel_executor.executor.parallel:closing loop
[6.515s] DEBUG:colcon.colcon_parallel_executor.executor.parallel:loop closed
[6.515s] DEBUG:colcon.colcon_parallel_executor.executor.parallel:run_until_complete finished with '0'
[6.516s] DEBUG:colcon.colcon_core.event_reactor:joining thread
[6.543s] INFO:colcon.colcon_core.plugin_system:Skipping extension 'colcon_notification.desktop_notification.notify_send': Could not find 'notify-send'
[6.543s] INFO:colcon.colcon_core.plugin_system:Skipping extension 'colcon_notification.desktop_notification.terminal_notifier': Not used on non-Darwin systems
[6.544s] INFO:colcon.colcon_core.plugin_system:Skipping extension 'colcon_notification.desktop_notification.win32': Not used on non-Windows systems
[6.544s] INFO:colcon.colcon_notification.desktop_notification:Sending desktop notification using 'notify2'
[6.628s] DEBUG:colcon.colcon_notification.desktop_notification.notify2:Failed to initialize notify2: org.freedesktop.DBus.Error.ServiceUnknown: The name org.freedesktop.Notifications was not provided by any .service files
[6.628s] DEBUG:colcon.colcon_core.event_reactor:joined thread
[6.630s] INFO:colcon.colcon_core.shell:Creating prefix script '/home/raspberry/Auv_ws/install/local_setup.ps1'
[6.635s] INFO:colcon.colcon_core.shell:Creating prefix util module '/home/raspberry/Auv_ws/install/_local_setup_util_ps1.py'
[6.646s] INFO:colcon.colcon_core.shell:Creating prefix chain script '/home/raspberry/Auv_ws/install/setup.ps1'
[6.652s] INFO:colcon.colcon_core.shell:Creating prefix script '/home/raspberry/Auv_ws/install/local_setup.sh'
[6.658s] INFO:colcon.colcon_core.shell:Creating prefix util module '/home/raspberry/Auv_ws/install/_local_setup_util_sh.py'
[6.662s] INFO:colcon.colcon_core.shell:Creating prefix chain script '/home/raspberry/Auv_ws/install/setup.sh'
[6.668s] INFO:colcon.colcon_core.shell:Creating prefix script '/home/raspberry/Auv_ws/install/local_setup.bash'
[6.672s] INFO:colcon.colcon_core.shell:Creating prefix chain script '/home/raspberry/Auv_ws/install/setup.bash'
[6.678s] INFO:colcon.colcon_core.shell:Creating prefix script '/home/raspberry/Auv_ws/install/local_setup.zsh'
[6.683s] INFO:colcon.colcon_core.shell:Creating prefix chain script '/home/raspberry/Auv_ws/install/setup.zsh'
