[5.311s] Invoking command in '/home/raspberry/Auv_ws/src/Auv_control': PYTHONPATH=/home/raspberry/Auv_ws/build/Auv_control/prefix_override:/usr/lib/python3/dist-packages/colcon_core/task/python/colcon_distutils_commands:/home/raspberry/Auv_ws/install/Auv_control/lib/python3.10/site-packages:${PYTHONPATH} /usr/bin/python3 -W ignore:setup.py install is deprecated -W ignore:easy_install command is deprecated setup.py egg_info --egg-base ../../build/Auv_control build --build-base /home/raspberry/Auv_ws/build/Auv_control/build install --record /home/raspberry/Auv_ws/build/Auv_control/install.log --single-version-externally-managed install_data
[6.581s] running egg_info
[6.585s] writing ../../build/Auv_control/Auv_control.egg-info/PKG-INFO
[6.587s] writing dependency_links to ../../build/Auv_control/Auv_control.egg-info/dependency_links.txt
[6.588s] writing entry points to ../../build/Auv_control/Auv_control.egg-info/entry_points.txt
[6.590s] writing requirements to ../../build/Auv_control/Auv_control.egg-info/requires.txt
[6.592s] writing top-level names to ../../build/Auv_control/Auv_control.egg-info/top_level.txt
[6.601s] reading manifest file '../../build/Auv_control/Auv_control.egg-info/SOURCES.txt'
[6.606s] writing manifest file '../../build/Auv_control/Auv_control.egg-info/SOURCES.txt'
[6.606s] running build
[6.607s] running build_py
[6.609s] running install
[6.611s] running install_lib
[6.617s] running install_data
[6.618s] running install_egg_info
[6.627s] removing '/home/raspberry/Auv_ws/install/Auv_control/lib/python3.10/site-packages/Auv_control-0.0.0-py3.10.egg-info' (and everything under it)
[6.629s] Copying ../../build/Auv_control/Auv_control.egg-info to /home/raspberry/Auv_ws/install/Auv_control/lib/python3.10/site-packages/Auv_control-0.0.0-py3.10.egg-info
[6.637s] running install_scripts
[6.745s] Installing heading_controller script to /home/raspberry/Auv_ws/install/Auv_control/lib/Auv_control
[6.752s] writing list of installed files to '/home/raspberry/Auv_ws/build/Auv_control/install.log'
[7.035s] Invoked command in '/home/raspberry/Auv_ws/src/Auv_control' returned '0': PYTHONPATH=/home/raspberry/Auv_ws/build/Auv_control/prefix_override:/usr/lib/python3/dist-packages/colcon_core/task/python/colcon_distutils_commands:/home/raspberry/Auv_ws/install/Auv_control/lib/python3.10/site-packages:${PYTHONPATH} /usr/bin/python3 -W ignore:setup.py install is deprecated -W ignore:easy_install command is deprecated setup.py egg_info --egg-base ../../build/Auv_control build --build-base /home/raspberry/Auv_ws/build/Auv_control/build install --record /home/raspberry/Auv_ws/build/Auv_control/install.log --single-version-externally-managed install_data
