[6.846s] Invoking command in '/home/raspberry/Auv_ws/src/auv_control': PYTHONPATH=/home/raspberry/Auv_ws/build/auv_control/prefix_override:/usr/lib/python3/dist-packages/colcon_core/task/python/colcon_distutils_commands:/home/raspberry/Auv_ws/install/auv_control/lib/python3.10/site-packages:${PYTHONPATH} /usr/bin/python3 -W ignore:setup.py install is deprecated -W ignore:easy_install command is deprecated setup.py egg_info --egg-base ../../build/auv_control build --build-base /home/raspberry/Auv_ws/build/auv_control/build install --record /home/raspberry/Auv_ws/build/auv_control/install.log --single-version-externally-managed install_data
[8.375s] running egg_info
[8.380s] writing ../../build/auv_control/auv_control.egg-info/PKG-INFO
[8.382s] writing dependency_links to ../../build/auv_control/auv_control.egg-info/dependency_links.txt
[8.383s] writing entry points to ../../build/auv_control/auv_control.egg-info/entry_points.txt
[8.385s] writing requirements to ../../build/auv_control/auv_control.egg-info/requires.txt
[8.388s] writing top-level names to ../../build/auv_control/auv_control.egg-info/top_level.txt
[8.395s] reading manifest file '../../build/auv_control/auv_control.egg-info/SOURCES.txt'
[8.401s] writing manifest file '../../build/auv_control/auv_control.egg-info/SOURCES.txt'
[8.403s] running build
[8.405s] running build_py
[8.407s] running install
[8.408s] running install_lib
[8.415s] byte-compiling /home/raspberry/Auv_ws/install/auv_control/lib/python3.10/site-packages/auv_control/path_planning.py to path_planning.cpython-310.pyc
[8.418s] Sorry: IndentationError: unindent does not match any outer indentation level (path_planning.py, line 150)
[8.419s] running install_data
[8.421s] running install_egg_info
[8.438s] removing '/home/raspberry/Auv_ws/install/auv_control/lib/python3.10/site-packages/auv_control-0.0.0-py3.10.egg-info' (and everything under it)
[8.440s] Copying ../../build/auv_control/auv_control.egg-info to /home/raspberry/Auv_ws/install/auv_control/lib/python3.10/site-packages/auv_control-0.0.0-py3.10.egg-info
[8.447s] running install_scripts
[8.540s] Installing heading_controller script to /home/raspberry/Auv_ws/install/auv_control/lib/auv_control
[8.542s] writing list of installed files to '/home/raspberry/Auv_ws/build/auv_control/install.log'
[8.730s] Invoked command in '/home/raspberry/Auv_ws/src/auv_control' returned '0': PYTHONPATH=/home/raspberry/Auv_ws/build/auv_control/prefix_override:/usr/lib/python3/dist-packages/colcon_core/task/python/colcon_distutils_commands:/home/raspberry/Auv_ws/install/auv_control/lib/python3.10/site-packages:${PYTHONPATH} /usr/bin/python3 -W ignore:setup.py install is deprecated -W ignore:easy_install command is deprecated setup.py egg_info --egg-base ../../build/auv_control build --build-base /home/raspberry/Auv_ws/build/auv_control/build install --record /home/raspberry/Auv_ws/build/auv_control/install.log --single-version-externally-managed install_data
