[10.651s] Invoking command in '/home/raspberry/Auv_ws/src/auv_control': PYTHONPATH=/home/raspberry/Auv_ws/build/auv_control/prefix_override:/usr/lib/python3/dist-packages/colcon_core/task/python/colcon_distutils_commands:/home/raspberry/Auv_ws/install/auv_control/lib/python3.10/site-packages:${PYTHONPATH} /usr/bin/python3 -W ignore:setup.py install is deprecated -W ignore:easy_install command is deprecated setup.py egg_info --egg-base ../../build/auv_control build --build-base /home/raspberry/Auv_ws/build/auv_control/build install --record /home/raspberry/Auv_ws/build/auv_control/install.log --single-version-externally-managed install_data
[12.559s] running egg_info
[12.565s] writing ../../build/auv_control/auv_control.egg-info/PKG-INFO
[12.576s] writing dependency_links to ../../build/auv_control/auv_control.egg-info/dependency_links.txt
[12.579s] writing entry points to ../../build/auv_control/auv_control.egg-info/entry_points.txt
[12.582s] writing requirements to ../../build/auv_control/auv_control.egg-info/requires.txt
[12.591s] writing top-level names to ../../build/auv_control/auv_control.egg-info/top_level.txt
[12.611s] reading manifest file '../../build/auv_control/auv_control.egg-info/SOURCES.txt'
[12.621s] writing manifest file '../../build/auv_control/auv_control.egg-info/SOURCES.txt'
[12.655s] running build
[12.656s] running build_py
[12.667s] running install
[12.669s] running install_lib
[12.696s] running install_data
[12.757s] running install_egg_info
[12.787s] removing '/home/raspberry/Auv_ws/install/auv_control/lib/python3.10/site-packages/auv_control-0.0.0-py3.10.egg-info' (and everything under it)
[12.794s] Copying ../../build/auv_control/auv_control.egg-info to /home/raspberry/Auv_ws/install/auv_control/lib/python3.10/site-packages/auv_control-0.0.0-py3.10.egg-info
[12.856s] running install_scripts
[13.046s] Installing heading_controller script to /home/raspberry/Auv_ws/install/auv_control/lib/auv_control
[13.055s] writing list of installed files to '/home/raspberry/Auv_ws/build/auv_control/install.log'
[13.288s] Invoked command in '/home/raspberry/Auv_ws/src/auv_control' returned '0': PYTHONPATH=/home/raspberry/Auv_ws/build/auv_control/prefix_override:/usr/lib/python3/dist-packages/colcon_core/task/python/colcon_distutils_commands:/home/raspberry/Auv_ws/install/auv_control/lib/python3.10/site-packages:${PYTHONPATH} /usr/bin/python3 -W ignore:setup.py install is deprecated -W ignore:easy_install command is deprecated setup.py egg_info --egg-base ../../build/auv_control build --build-base /home/raspberry/Auv_ws/build/auv_control/build install --record /home/raspberry/Auv_ws/build/auv_control/install.log --single-version-externally-managed install_data
