[7.033s] Invoking command in '/home/raspberry/Auv_ws/src/auv_bringup': PYTHONPATH=/home/raspberry/Auv_ws/build/auv_bringup/prefix_override:/usr/lib/python3/dist-packages/colcon_core/task/python/colcon_distutils_commands:/home/raspberry/Auv_ws/install/auv_bringup/lib/python3.10/site-packages:${PYTHONPATH} /usr/bin/python3 -W ignore:setup.py install is deprecated -W ignore:easy_install command is deprecated setup.py egg_info --egg-base ../../build/auv_bringup build --build-base /home/raspberry/Auv_ws/build/auv_bringup/build install --record /home/raspberry/Auv_ws/build/auv_bringup/install.log --single-version-externally-managed install_data
[8.519s] running egg_info
[8.523s] writing ../../build/auv_bringup/auv_bringup.egg-info/PKG-INFO
[8.524s] writing dependency_links to ../../build/auv_bringup/auv_bringup.egg-info/dependency_links.txt
[8.527s] writing entry points to ../../build/auv_bringup/auv_bringup.egg-info/entry_points.txt
[8.528s] writing requirements to ../../build/auv_bringup/auv_bringup.egg-info/requires.txt
[8.528s] writing top-level names to ../../build/auv_bringup/auv_bringup.egg-info/top_level.txt
[8.538s] reading manifest file '../../build/auv_bringup/auv_bringup.egg-info/SOURCES.txt'
[8.544s] writing manifest file '../../build/auv_bringup/auv_bringup.egg-info/SOURCES.txt'
[8.545s] running build
[8.546s] running build_py
[8.547s] running install
[8.548s] running install_lib
[8.554s] running install_data
[8.555s] creating /home/raspberry/Auv_ws/install/auv_bringup/share/auv_bringup/launch
[8.555s] running install_egg_info
[8.564s] removing '/home/raspberry/Auv_ws/install/auv_bringup/lib/python3.10/site-packages/auv_bringup-0.0.0-py3.10.egg-info' (and everything under it)
[8.567s] Copying ../../build/auv_bringup/auv_bringup.egg-info to /home/raspberry/Auv_ws/install/auv_bringup/lib/python3.10/site-packages/auv_bringup-0.0.0-py3.10.egg-info
[8.575s] running install_scripts
[8.692s] writing list of installed files to '/home/raspberry/Auv_ws/build/auv_bringup/install.log'
[8.962s] Invoked command in '/home/raspberry/Auv_ws/src/auv_bringup' returned '0': PYTHONPATH=/home/raspberry/Auv_ws/build/auv_bringup/prefix_override:/usr/lib/python3/dist-packages/colcon_core/task/python/colcon_distutils_commands:/home/raspberry/Auv_ws/install/auv_bringup/lib/python3.10/site-packages:${PYTHONPATH} /usr/bin/python3 -W ignore:setup.py install is deprecated -W ignore:easy_install command is deprecated setup.py egg_info --egg-base ../../build/auv_bringup build --build-base /home/raspberry/Auv_ws/build/auv_bringup/build install --record /home/raspberry/Auv_ws/build/auv_bringup/install.log --single-version-externally-managed install_data
