[7.140s] Invoking command in '/home/raspberry/Auv_ws/src/Auv_camera_stream': PYTHONPATH=/home/raspberry/Auv_ws/build/Auv_camera_stream/prefix_override:/usr/lib/python3/dist-packages/colcon_core/task/python/colcon_distutils_commands:/home/raspberry/Auv_ws/install/Auv_camera_stream/lib/python3.10/site-packages:${PYTHONPATH} /usr/bin/python3 -W ignore:setup.py install is deprecated -W ignore:easy_install command is deprecated setup.py egg_info --egg-base ../../build/Auv_camera_stream build --build-base /home/raspberry/Auv_ws/build/Auv_camera_stream/build install --record /home/raspberry/Auv_ws/build/Auv_camera_stream/install.log --single-version-externally-managed install_data
[8.621s] running egg_info
[8.624s] creating ../../build/Auv_camera_stream/Auv_camera_stream.egg-info
[8.625s] writing ../../build/Auv_camera_stream/Auv_camera_stream.egg-info/PKG-INFO
[8.626s] writing dependency_links to ../../build/Auv_camera_stream/Auv_camera_stream.egg-info/dependency_links.txt
[8.627s] writing entry points to ../../build/Auv_camera_stream/Auv_camera_stream.egg-info/entry_points.txt
[8.628s] writing requirements to ../../build/Auv_camera_stream/Auv_camera_stream.egg-info/requires.txt
[8.629s] writing top-level names to ../../build/Auv_camera_stream/Auv_camera_stream.egg-info/top_level.txt
[8.630s] writing manifest file '../../build/Auv_camera_stream/Auv_camera_stream.egg-info/SOURCES.txt'
[8.640s] reading manifest file '../../build/Auv_camera_stream/Auv_camera_stream.egg-info/SOURCES.txt'
[8.644s] writing manifest file '../../build/Auv_camera_stream/Auv_camera_stream.egg-info/SOURCES.txt'
[8.645s] running build
[8.646s] running build_py
[8.647s] creating /home/raspberry/Auv_ws/build/Auv_camera_stream/build
[8.648s] creating /home/raspberry/Auv_ws/build/Auv_camera_stream/build/lib
[8.649s] creating /home/raspberry/Auv_ws/build/Auv_camera_stream/build/lib/Auv_camera_stream
[8.649s] copying Auv_camera_stream/__init__.py -> /home/raspberry/Auv_ws/build/Auv_camera_stream/build/lib/Auv_camera_stream
[8.650s] copying Auv_camera_stream/stream_node.py -> /home/raspberry/Auv_ws/build/Auv_camera_stream/build/lib/Auv_camera_stream
[8.653s] running install
[8.654s] running install_lib
[8.657s] creating /home/raspberry/Auv_ws/install/Auv_camera_stream/lib/python3.10/site-packages/Auv_camera_stream
[8.659s] copying /home/raspberry/Auv_ws/build/Auv_camera_stream/build/lib/Auv_camera_stream/__init__.py -> /home/raspberry/Auv_ws/install/Auv_camera_stream/lib/python3.10/site-packages/Auv_camera_stream
[8.663s] copying /home/raspberry/Auv_ws/build/Auv_camera_stream/build/lib/Auv_camera_stream/stream_node.py -> /home/raspberry/Auv_ws/install/Auv_camera_stream/lib/python3.10/site-packages/Auv_camera_stream
[8.667s] byte-compiling /home/raspberry/Auv_ws/install/Auv_camera_stream/lib/python3.10/site-packages/Auv_camera_stream/__init__.py to __init__.cpython-310.pyc
[8.668s] byte-compiling /home/raspberry/Auv_ws/install/Auv_camera_stream/lib/python3.10/site-packages/Auv_camera_stream/stream_node.py to stream_node.cpython-310.pyc
[8.669s] running install_data
[8.670s] creating /home/raspberry/Auv_ws/install/Auv_camera_stream/share/ament_index
[8.670s] creating /home/raspberry/Auv_ws/install/Auv_camera_stream/share/ament_index/resource_index
[8.671s] creating /home/raspberry/Auv_ws/install/Auv_camera_stream/share/ament_index/resource_index/packages
[8.682s] copying resource/Auv_camera_stream -> /home/raspberry/Auv_ws/install/Auv_camera_stream/share/ament_index/resource_index/packages
[8.683s] copying package.xml -> /home/raspberry/Auv_ws/install/Auv_camera_stream/share/Auv_camera_stream
[8.684s] running install_egg_info
[8.685s] Copying ../../build/Auv_camera_stream/Auv_camera_stream.egg-info to /home/raspberry/Auv_ws/install/Auv_camera_stream/lib/python3.10/site-packages/Auv_camera_stream-0.0.0-py3.10.egg-info
[8.688s] running install_scripts
[8.805s] Installing camera_node script to /home/raspberry/Auv_ws/install/Auv_camera_stream/lib/Auv_camera_stream
[8.807s] writing list of installed files to '/home/raspberry/Auv_ws/build/Auv_camera_stream/install.log'
[9.001s] Invoked command in '/home/raspberry/Auv_ws/src/Auv_camera_stream' returned '0': PYTHONPATH=/home/raspberry/Auv_ws/build/Auv_camera_stream/prefix_override:/usr/lib/python3/dist-packages/colcon_core/task/python/colcon_distutils_commands:/home/raspberry/Auv_ws/install/Auv_camera_stream/lib/python3.10/site-packages:${PYTHONPATH} /usr/bin/python3 -W ignore:setup.py install is deprecated -W ignore:easy_install command is deprecated setup.py egg_info --egg-base ../../build/Auv_camera_stream build --build-base /home/raspberry/Auv_ws/build/Auv_camera_stream/build install --record /home/raspberry/Auv_ws/build/Auv_camera_stream/install.log --single-version-externally-managed install_data
