[1.015s] DEBUG:colcon:Command line arguments: ['/usr/bin/colcon', 'build', '--symlink-install']
[1.015s] DEBUG:colcon:Parsed command line arguments: Namespace(log_base=None, log_level=None, verb_name='build', build_base='build', install_base='install', merge_install=False, symlink_install=True, test_result_base=None, continue_on_error=False, executor='parallel', parallel_workers=4, event_handlers=None, ignore_user_meta=False, metas=['./colcon.meta'], base_paths=['.'], packages_ignore=None, packages_ignore_regex=None, paths=None, packages_up_to=None, packages_up_to_regex=None, packages_above=None, packages_above_and_dependencies=None, packages_above_depth=None, packages_select_by_dep=None, packages_skip_by_dep=None, packages_skip_up_to=None, packages_select_build_failed=False, packages_skip_build_finished=False, packages_select_test_failures=False, packages_skip_test_passed=False, packages_select=None, packages_skip=None, packages_select_regex=None, packages_skip_regex=None, packages_start=None, packages_end=None, allow_overriding=[], cmake_args=None, cmake_target=None, cmake_target_skip_unavailable=False, cmake_clean_cache=False, cmake_clean_first=False, cmake_force_configure=False, ament_cmake_args=None, catkin_cmake_args=None, catkin_skip_building_tests=False, mixin_files=None, mixin=None, verb_parser=<colcon_mixin.mixin.mixin_argument.MixinArgumentDecorator object at 0xffff99009360>, verb_extension=<colcon_core.verb.build.BuildVerb object at 0xffff9910e2c0>, main=<bound method BuildVerb.main of <colcon_core.verb.build.BuildVerb object at 0xffff9910e2c0>>, mixin_verb=('build',))
[2.205s] Level 1:colcon.colcon_core.package_discovery:discover_packages(colcon_meta) check parameters
[2.205s] Level 1:colcon.colcon_core.package_discovery:discover_packages(recursive) check parameters
[2.206s] Level 1:colcon.colcon_core.package_discovery:discover_packages(ignore) check parameters
[2.206s] Level 1:colcon.colcon_core.package_discovery:discover_packages(path) check parameters
[2.206s] Level 1:colcon.colcon_core.package_discovery:discover_packages(colcon_meta) discover
[2.206s] Level 1:colcon.colcon_core.package_discovery:discover_packages(recursive) discover
[2.207s] INFO:colcon.colcon_core.package_discovery:Crawling recursively for packages in '/home/raspberry/Auv_ws'
[2.207s] Level 1:colcon.colcon_core.package_identification:_identify(.) by extensions ['ignore', 'ignore_ament_install']
[2.208s] Level 1:colcon.colcon_core.package_identification:_identify(.) by extension 'ignore'
[2.208s] Level 1:colcon.colcon_core.package_identification:_identify(.) by extension 'ignore_ament_install'
[2.208s] Level 1:colcon.colcon_core.package_identification:_identify(.) by extensions ['colcon_pkg']
[2.208s] Level 1:colcon.colcon_core.package_identification:_identify(.) by extension 'colcon_pkg'
[2.209s] Level 1:colcon.colcon_core.package_identification:_identify(.) by extensions ['colcon_meta']
[2.209s] Level 1:colcon.colcon_core.package_identification:_identify(.) by extension 'colcon_meta'
[2.209s] Level 1:colcon.colcon_core.package_identification:_identify(.) by extensions ['ros']
[2.209s] Level 1:colcon.colcon_core.package_identification:_identify(.) by extension 'ros'
[2.289s] Level 1:colcon.colcon_core.package_identification:_identify(.) by extensions ['cmake', 'python']
[2.290s] Level 1:colcon.colcon_core.package_identification:_identify(.) by extension 'cmake'
[2.290s] Level 1:colcon.colcon_core.package_identification:_identify(.) by extension 'python'
[2.290s] Level 1:colcon.colcon_core.package_identification:_identify(.) by extensions ['python_setup_py']
[2.290s] Level 1:colcon.colcon_core.package_identification:_identify(.) by extension 'python_setup_py'
[2.291s] Level 1:colcon.colcon_core.package_identification:_identify(build) by extensions ['ignore', 'ignore_ament_install']
[2.291s] Level 1:colcon.colcon_core.package_identification:_identify(build) by extension 'ignore'
[2.291s] Level 1:colcon.colcon_core.package_identification:_identify(build) ignored
[2.292s] Level 1:colcon.colcon_core.package_identification:_identify(install) by extensions ['ignore', 'ignore_ament_install']
[2.293s] Level 1:colcon.colcon_core.package_identification:_identify(install) by extension 'ignore'
[2.293s] Level 1:colcon.colcon_core.package_identification:_identify(install) ignored
[2.294s] Level 1:colcon.colcon_core.package_identification:_identify(log) by extensions ['ignore', 'ignore_ament_install']
[2.294s] Level 1:colcon.colcon_core.package_identification:_identify(log) by extension 'ignore'
[2.295s] Level 1:colcon.colcon_core.package_identification:_identify(log) ignored
[2.295s] Level 1:colcon.colcon_core.package_identification:_identify(src) by extensions ['ignore', 'ignore_ament_install']
[2.295s] Level 1:colcon.colcon_core.package_identification:_identify(src) by extension 'ignore'
[2.296s] Level 1:colcon.colcon_core.package_identification:_identify(src) by extension 'ignore_ament_install'
[2.296s] Level 1:colcon.colcon_core.package_identification:_identify(src) by extensions ['colcon_pkg']
[2.296s] Level 1:colcon.colcon_core.package_identification:_identify(src) by extension 'colcon_pkg'
[2.296s] Level 1:colcon.colcon_core.package_identification:_identify(src) by extensions ['colcon_meta']
[2.296s] Level 1:colcon.colcon_core.package_identification:_identify(src) by extension 'colcon_meta'
[2.297s] Level 1:colcon.colcon_core.package_identification:_identify(src) by extensions ['ros']
[2.297s] Level 1:colcon.colcon_core.package_identification:_identify(src) by extension 'ros'
[2.297s] Level 1:colcon.colcon_core.package_identification:_identify(src) by extensions ['cmake', 'python']
[2.297s] Level 1:colcon.colcon_core.package_identification:_identify(src) by extension 'cmake'
[2.298s] Level 1:colcon.colcon_core.package_identification:_identify(src) by extension 'python'
[2.298s] Level 1:colcon.colcon_core.package_identification:_identify(src) by extensions ['python_setup_py']
[2.298s] Level 1:colcon.colcon_core.package_identification:_identify(src) by extension 'python_setup_py'
[2.298s] Level 1:colcon.colcon_core.package_identification:_identify(src/auv_camera_stream) by extensions ['ignore', 'ignore_ament_install']
[2.299s] Level 1:colcon.colcon_core.package_identification:_identify(src/auv_camera_stream) by extension 'ignore'
[2.299s] Level 1:colcon.colcon_core.package_identification:_identify(src/auv_camera_stream) by extension 'ignore_ament_install'
[2.299s] Level 1:colcon.colcon_core.package_identification:_identify(src/auv_camera_stream) by extensions ['colcon_pkg']
[2.299s] Level 1:colcon.colcon_core.package_identification:_identify(src/auv_camera_stream) by extension 'colcon_pkg'
[2.300s] Level 1:colcon.colcon_core.package_identification:_identify(src/auv_camera_stream) by extensions ['colcon_meta']
[2.300s] Level 1:colcon.colcon_core.package_identification:_identify(src/auv_camera_stream) by extension 'colcon_meta'
[2.300s] Level 1:colcon.colcon_core.package_identification:_identify(src/auv_camera_stream) by extensions ['ros']
[2.300s] Level 1:colcon.colcon_core.package_identification:_identify(src/auv_camera_stream) by extension 'ros'
[2.313s] DEBUG:colcon.colcon_core.package_identification:Package 'src/auv_camera_stream' with type 'ros.ament_python' and name 'auv_camera_stream'
[2.314s] Level 1:colcon.colcon_core.package_identification:_identify(src/auv_control) by extensions ['ignore', 'ignore_ament_install']
[2.314s] Level 1:colcon.colcon_core.package_identification:_identify(src/auv_control) by extension 'ignore'
[2.315s] Level 1:colcon.colcon_core.package_identification:_identify(src/auv_control) by extension 'ignore_ament_install'
[2.315s] Level 1:colcon.colcon_core.package_identification:_identify(src/auv_control) by extensions ['colcon_pkg']
[2.315s] Level 1:colcon.colcon_core.package_identification:_identify(src/auv_control) by extension 'colcon_pkg'
[2.315s] Level 1:colcon.colcon_core.package_identification:_identify(src/auv_control) by extensions ['colcon_meta']
[2.315s] Level 1:colcon.colcon_core.package_identification:_identify(src/auv_control) by extension 'colcon_meta'
[2.316s] Level 1:colcon.colcon_core.package_identification:_identify(src/auv_control) by extensions ['ros']
[2.316s] Level 1:colcon.colcon_core.package_identification:_identify(src/auv_control) by extension 'ros'
[2.318s] DEBUG:colcon.colcon_core.package_identification:Package 'src/auv_control' with type 'ros.ament_python' and name 'auv_control'
[2.319s] Level 1:colcon.colcon_core.package_identification:_identify(src/auv_teleop) by extensions ['ignore', 'ignore_ament_install']
[2.319s] Level 1:colcon.colcon_core.package_identification:_identify(src/auv_teleop) by extension 'ignore'
[2.320s] Level 1:colcon.colcon_core.package_identification:_identify(src/auv_teleop) by extension 'ignore_ament_install'
[2.320s] Level 1:colcon.colcon_core.package_identification:_identify(src/auv_teleop) by extensions ['colcon_pkg']
[2.320s] Level 1:colcon.colcon_core.package_identification:_identify(src/auv_teleop) by extension 'colcon_pkg'
[2.320s] Level 1:colcon.colcon_core.package_identification:_identify(src/auv_teleop) by extensions ['colcon_meta']
[2.320s] Level 1:colcon.colcon_core.package_identification:_identify(src/auv_teleop) by extension 'colcon_meta'
[2.321s] Level 1:colcon.colcon_core.package_identification:_identify(src/auv_teleop) by extensions ['ros']
[2.321s] Level 1:colcon.colcon_core.package_identification:_identify(src/auv_teleop) by extension 'ros'
[2.323s] DEBUG:colcon.colcon_core.package_identification:Package 'src/auv_teleop' with type 'ros.ament_python' and name 'auv_teleop'
[2.324s] Level 1:colcon.colcon_core.package_identification:_identify(src/firmare) by extensions ['ignore', 'ignore_ament_install']
[2.324s] Level 1:colcon.colcon_core.package_identification:_identify(src/firmare) by extension 'ignore'
[2.324s] Level 1:colcon.colcon_core.package_identification:_identify(src/firmare) by extension 'ignore_ament_install'
[2.325s] Level 1:colcon.colcon_core.package_identification:_identify(src/firmare) by extensions ['colcon_pkg']
[2.325s] Level 1:colcon.colcon_core.package_identification:_identify(src/firmare) by extension 'colcon_pkg'
[2.325s] Level 1:colcon.colcon_core.package_identification:_identify(src/firmare) by extensions ['colcon_meta']
[2.325s] Level 1:colcon.colcon_core.package_identification:_identify(src/firmare) by extension 'colcon_meta'
[2.326s] Level 1:colcon.colcon_core.package_identification:_identify(src/firmare) by extensions ['ros']
[2.326s] Level 1:colcon.colcon_core.package_identification:_identify(src/firmare) by extension 'ros'
[2.326s] Level 1:colcon.colcon_core.package_identification:_identify(src/firmare) by extensions ['cmake', 'python']
[2.326s] Level 1:colcon.colcon_core.package_identification:_identify(src/firmare) by extension 'cmake'
[2.327s] Level 1:colcon.colcon_core.package_identification:_identify(src/firmare) by extension 'python'
[2.327s] Level 1:colcon.colcon_core.package_identification:_identify(src/firmare) by extensions ['python_setup_py']
[2.327s] Level 1:colcon.colcon_core.package_identification:_identify(src/firmare) by extension 'python_setup_py'
[2.328s] Level 1:colcon.colcon_core.package_identification:_identify(src/serial_bridge) by extensions ['ignore', 'ignore_ament_install']
[2.328s] Level 1:colcon.colcon_core.package_identification:_identify(src/serial_bridge) by extension 'ignore'
[2.328s] Level 1:colcon.colcon_core.package_identification:_identify(src/serial_bridge) by extension 'ignore_ament_install'
[2.328s] Level 1:colcon.colcon_core.package_identification:_identify(src/serial_bridge) by extensions ['colcon_pkg']
[2.329s] Level 1:colcon.colcon_core.package_identification:_identify(src/serial_bridge) by extension 'colcon_pkg'
[2.329s] Level 1:colcon.colcon_core.package_identification:_identify(src/serial_bridge) by extensions ['colcon_meta']
[2.329s] Level 1:colcon.colcon_core.package_identification:_identify(src/serial_bridge) by extension 'colcon_meta'
[2.329s] Level 1:colcon.colcon_core.package_identification:_identify(src/serial_bridge) by extensions ['ros']
[2.330s] Level 1:colcon.colcon_core.package_identification:_identify(src/serial_bridge) by extension 'ros'
[2.333s] DEBUG:colcon.colcon_core.package_identification:Package 'src/serial_bridge' with type 'ros.ament_python' and name 'serial_bridge'
[2.334s] Level 1:colcon.colcon_core.package_discovery:discover_packages(recursive) using defaults
[2.334s] Level 1:colcon.colcon_core.package_discovery:discover_packages(ignore) discover
[2.334s] Level 1:colcon.colcon_core.package_discovery:discover_packages(ignore) using defaults
[2.334s] Level 1:colcon.colcon_core.package_discovery:discover_packages(path) discover
[2.334s] Level 1:colcon.colcon_core.package_discovery:discover_packages(path) using defaults
[2.466s] Level 1:colcon.colcon_core.package_discovery:discover_packages(prefix_path) check parameters
[2.466s] Level 1:colcon.colcon_core.package_discovery:discover_packages(prefix_path) discover
[2.483s] DEBUG:colcon.colcon_installed_package_information.package_discovery:Found 7 installed packages in /home/raspberry/Auv_ws/install
[2.491s] DEBUG:colcon.colcon_installed_package_information.package_discovery:Found 188 installed packages in /opt/ros/humble
[2.496s] Level 1:colcon.colcon_core.package_discovery:discover_packages(prefix_path) using defaults
[2.655s] Level 5:colcon.colcon_core.verb:set package 'auv_camera_stream' build argument 'cmake_args' from command line to 'None'
[2.655s] Level 5:colcon.colcon_core.verb:set package 'auv_camera_stream' build argument 'cmake_target' from command line to 'None'
[2.656s] Level 5:colcon.colcon_core.verb:set package 'auv_camera_stream' build argument 'cmake_target_skip_unavailable' from command line to 'False'
[2.656s] Level 5:colcon.colcon_core.verb:set package 'auv_camera_stream' build argument 'cmake_clean_cache' from command line to 'False'
[2.656s] Level 5:colcon.colcon_core.verb:set package 'auv_camera_stream' build argument 'cmake_clean_first' from command line to 'False'
[2.656s] Level 5:colcon.colcon_core.verb:set package 'auv_camera_stream' build argument 'cmake_force_configure' from command line to 'False'
[2.656s] Level 5:colcon.colcon_core.verb:set package 'auv_camera_stream' build argument 'ament_cmake_args' from command line to 'None'
[2.656s] Level 5:colcon.colcon_core.verb:set package 'auv_camera_stream' build argument 'catkin_cmake_args' from command line to 'None'
[2.657s] Level 5:colcon.colcon_core.verb:set package 'auv_camera_stream' build argument 'catkin_skip_building_tests' from command line to 'False'
[2.657s] DEBUG:colcon.colcon_core.verb:Building package 'auv_camera_stream' with the following arguments: {'ament_cmake_args': None, 'build_base': '/home/raspberry/Auv_ws/build/auv_camera_stream', 'catkin_cmake_args': None, 'catkin_skip_building_tests': False, 'cmake_args': None, 'cmake_clean_cache': False, 'cmake_clean_first': False, 'cmake_force_configure': False, 'cmake_target': None, 'cmake_target_skip_unavailable': False, 'install_base': '/home/raspberry/Auv_ws/install/auv_camera_stream', 'merge_install': False, 'path': '/home/raspberry/Auv_ws/src/auv_camera_stream', 'symlink_install': True, 'test_result_base': None}
[2.659s] Level 5:colcon.colcon_core.verb:set package 'auv_control' build argument 'cmake_args' from command line to 'None'
[2.659s] Level 5:colcon.colcon_core.verb:set package 'auv_control' build argument 'cmake_target' from command line to 'None'
[2.659s] Level 5:colcon.colcon_core.verb:set package 'auv_control' build argument 'cmake_target_skip_unavailable' from command line to 'False'
[2.659s] Level 5:colcon.colcon_core.verb:set package 'auv_control' build argument 'cmake_clean_cache' from command line to 'False'
[2.659s] Level 5:colcon.colcon_core.verb:set package 'auv_control' build argument 'cmake_clean_first' from command line to 'False'
[2.659s] Level 5:colcon.colcon_core.verb:set package 'auv_control' build argument 'cmake_force_configure' from command line to 'False'
[2.659s] Level 5:colcon.colcon_core.verb:set package 'auv_control' build argument 'ament_cmake_args' from command line to 'None'
[2.660s] Level 5:colcon.colcon_core.verb:set package 'auv_control' build argument 'catkin_cmake_args' from command line to 'None'
[2.660s] Level 5:colcon.colcon_core.verb:set package 'auv_control' build argument 'catkin_skip_building_tests' from command line to 'False'
[2.660s] DEBUG:colcon.colcon_core.verb:Building package 'auv_control' with the following arguments: {'ament_cmake_args': None, 'build_base': '/home/raspberry/Auv_ws/build/auv_control', 'catkin_cmake_args': None, 'catkin_skip_building_tests': False, 'cmake_args': None, 'cmake_clean_cache': False, 'cmake_clean_first': False, 'cmake_force_configure': False, 'cmake_target': None, 'cmake_target_skip_unavailable': False, 'install_base': '/home/raspberry/Auv_ws/install/auv_control', 'merge_install': False, 'path': '/home/raspberry/Auv_ws/src/auv_control', 'symlink_install': True, 'test_result_base': None}
[2.661s] Level 5:colcon.colcon_core.verb:set package 'auv_teleop' build argument 'cmake_args' from command line to 'None'
[2.662s] Level 5:colcon.colcon_core.verb:set package 'auv_teleop' build argument 'cmake_target' from command line to 'None'
[2.662s] Level 5:colcon.colcon_core.verb:set package 'auv_teleop' build argument 'cmake_target_skip_unavailable' from command line to 'False'
[2.662s] Level 5:colcon.colcon_core.verb:set package 'auv_teleop' build argument 'cmake_clean_cache' from command line to 'False'
[2.662s] Level 5:colcon.colcon_core.verb:set package 'auv_teleop' build argument 'cmake_clean_first' from command line to 'False'
[2.662s] Level 5:colcon.colcon_core.verb:set package 'auv_teleop' build argument 'cmake_force_configure' from command line to 'False'
[2.662s] Level 5:colcon.colcon_core.verb:set package 'auv_teleop' build argument 'ament_cmake_args' from command line to 'None'
[2.662s] Level 5:colcon.colcon_core.verb:set package 'auv_teleop' build argument 'catkin_cmake_args' from command line to 'None'
[2.662s] Level 5:colcon.colcon_core.verb:set package 'auv_teleop' build argument 'catkin_skip_building_tests' from command line to 'False'
[2.662s] DEBUG:colcon.colcon_core.verb:Building package 'auv_teleop' with the following arguments: {'ament_cmake_args': None, 'build_base': '/home/raspberry/Auv_ws/build/auv_teleop', 'catkin_cmake_args': None, 'catkin_skip_building_tests': False, 'cmake_args': None, 'cmake_clean_cache': False, 'cmake_clean_first': False, 'cmake_force_configure': False, 'cmake_target': None, 'cmake_target_skip_unavailable': False, 'install_base': '/home/raspberry/Auv_ws/install/auv_teleop', 'merge_install': False, 'path': '/home/raspberry/Auv_ws/src/auv_teleop', 'symlink_install': True, 'test_result_base': None}
[2.664s] Level 5:colcon.colcon_core.verb:set package 'serial_bridge' build argument 'cmake_args' from command line to 'None'
[2.664s] Level 5:colcon.colcon_core.verb:set package 'serial_bridge' build argument 'cmake_target' from command line to 'None'
[2.664s] Level 5:colcon.colcon_core.verb:set package 'serial_bridge' build argument 'cmake_target_skip_unavailable' from command line to 'False'
[2.664s] Level 5:colcon.colcon_core.verb:set package 'serial_bridge' build argument 'cmake_clean_cache' from command line to 'False'
[2.664s] Level 5:colcon.colcon_core.verb:set package 'serial_bridge' build argument 'cmake_clean_first' from command line to 'False'
[2.665s] Level 5:colcon.colcon_core.verb:set package 'serial_bridge' build argument 'cmake_force_configure' from command line to 'False'
[2.665s] Level 5:colcon.colcon_core.verb:set package 'serial_bridge' build argument 'ament_cmake_args' from command line to 'None'
[2.665s] Level 5:colcon.colcon_core.verb:set package 'serial_bridge' build argument 'catkin_cmake_args' from command line to 'None'
[2.665s] Level 5:colcon.colcon_core.verb:set package 'serial_bridge' build argument 'catkin_skip_building_tests' from command line to 'False'
[2.665s] DEBUG:colcon.colcon_core.verb:Building package 'serial_bridge' with the following arguments: {'ament_cmake_args': None, 'build_base': '/home/raspberry/Auv_ws/build/serial_bridge', 'catkin_cmake_args': None, 'catkin_skip_building_tests': False, 'cmake_args': None, 'cmake_clean_cache': False, 'cmake_clean_first': False, 'cmake_force_configure': False, 'cmake_target': None, 'cmake_target_skip_unavailable': False, 'install_base': '/home/raspberry/Auv_ws/install/serial_bridge', 'merge_install': False, 'path': '/home/raspberry/Auv_ws/src/serial_bridge', 'symlink_install': True, 'test_result_base': None}
[2.666s] INFO:colcon.colcon_core.executor:Executing jobs using 'parallel' executor
[2.669s] DEBUG:colcon.colcon_parallel_executor.executor.parallel:run_until_complete
[2.670s] INFO:colcon.colcon_ros.task.ament_python.build:Building ROS package in '/home/raspberry/Auv_ws/src/auv_camera_stream' with build type 'ament_python'
[2.671s] Level 1:colcon.colcon_core.shell:create_environment_hook('auv_camera_stream', 'ament_prefix_path')
[2.692s] INFO:colcon.colcon_core.plugin_system:Skipping extension 'colcon_core.shell.bat': Not used on non-Windows systems
[2.693s] INFO:colcon.colcon_core.shell:Creating environment hook '/home/raspberry/Auv_ws/install/auv_camera_stream/share/auv_camera_stream/hook/ament_prefix_path.ps1'
[2.698s] INFO:colcon.colcon_core.shell:Creating environment descriptor '/home/raspberry/Auv_ws/install/auv_camera_stream/share/auv_camera_stream/hook/ament_prefix_path.dsv'
[2.702s] INFO:colcon.colcon_core.shell:Creating environment hook '/home/raspberry/Auv_ws/install/auv_camera_stream/share/auv_camera_stream/hook/ament_prefix_path.sh'
[2.707s] INFO:colcon.colcon_core.shell:Skip shell extension 'powershell' for command environment: Not usable outside of PowerShell
[2.707s] DEBUG:colcon.colcon_core.shell:Skip shell extension 'dsv' for command environment
[2.727s] INFO:colcon.colcon_ros.task.ament_python.build:Building ROS package in '/home/raspberry/Auv_ws/src/auv_control' with build type 'ament_python'
[2.728s] Level 1:colcon.colcon_core.shell:create_environment_hook('auv_control', 'ament_prefix_path')
[2.729s] INFO:colcon.colcon_core.shell:Creating environment hook '/home/raspberry/Auv_ws/install/auv_control/share/auv_control/hook/ament_prefix_path.ps1'
[2.731s] INFO:colcon.colcon_core.shell:Creating environment descriptor '/home/raspberry/Auv_ws/install/auv_control/share/auv_control/hook/ament_prefix_path.dsv'
[2.734s] INFO:colcon.colcon_core.shell:Creating environment hook '/home/raspberry/Auv_ws/install/auv_control/share/auv_control/hook/ament_prefix_path.sh'
[2.737s] INFO:colcon.colcon_core.shell:Skip shell extension 'powershell' for command environment: Not usable outside of PowerShell
[2.737s] DEBUG:colcon.colcon_core.shell:Skip shell extension 'dsv' for command environment
[2.755s] INFO:colcon.colcon_ros.task.ament_python.build:Building ROS package in '/home/raspberry/Auv_ws/src/auv_teleop' with build type 'ament_python'
[2.755s] Level 1:colcon.colcon_core.shell:create_environment_hook('auv_teleop', 'ament_prefix_path')
[2.756s] INFO:colcon.colcon_core.shell:Creating environment hook '/home/raspberry/Auv_ws/install/auv_teleop/share/auv_teleop/hook/ament_prefix_path.ps1'
[2.759s] INFO:colcon.colcon_core.shell:Creating environment descriptor '/home/raspberry/Auv_ws/install/auv_teleop/share/auv_teleop/hook/ament_prefix_path.dsv'
[2.761s] INFO:colcon.colcon_core.shell:Creating environment hook '/home/raspberry/Auv_ws/install/auv_teleop/share/auv_teleop/hook/ament_prefix_path.sh'
[2.764s] INFO:colcon.colcon_core.shell:Skip shell extension 'powershell' for command environment: Not usable outside of PowerShell
[2.764s] DEBUG:colcon.colcon_core.shell:Skip shell extension 'dsv' for command environment
[2.782s] INFO:colcon.colcon_ros.task.ament_python.build:Building ROS package in '/home/raspberry/Auv_ws/src/serial_bridge' with build type 'ament_python'
[2.783s] Level 1:colcon.colcon_core.shell:create_environment_hook('serial_bridge', 'ament_prefix_path')
[2.784s] INFO:colcon.colcon_core.shell:Creating environment hook '/home/raspberry/Auv_ws/install/serial_bridge/share/serial_bridge/hook/ament_prefix_path.ps1'
[2.787s] INFO:colcon.colcon_core.shell:Creating environment descriptor '/home/raspberry/Auv_ws/install/serial_bridge/share/serial_bridge/hook/ament_prefix_path.dsv'
[2.789s] INFO:colcon.colcon_core.shell:Creating environment hook '/home/raspberry/Auv_ws/install/serial_bridge/share/serial_bridge/hook/ament_prefix_path.sh'
[2.792s] INFO:colcon.colcon_core.shell:Skip shell extension 'powershell' for command environment: Not usable outside of PowerShell
[2.792s] DEBUG:colcon.colcon_core.shell:Skip shell extension 'dsv' for command environment
[3.904s] INFO:colcon.colcon_core.task.python.build:Building Python package in '/home/raspberry/Auv_ws/src/auv_camera_stream'
[3.905s] INFO:colcon.colcon_core.shell:Skip shell extension 'powershell' for command environment: Not usable outside of PowerShell
[3.906s] DEBUG:colcon.colcon_core.shell:Skip shell extension 'dsv' for command environment
[5.016s] INFO:colcon.colcon_core.task.python.build:Building Python package in '/home/raspberry/Auv_ws/src/auv_control'
[5.017s] INFO:colcon.colcon_core.shell:Skip shell extension 'powershell' for command environment: Not usable outside of PowerShell
[5.017s] DEBUG:colcon.colcon_core.shell:Skip shell extension 'dsv' for command environment
[6.123s] INFO:colcon.colcon_core.task.python.build:Building Python package in '/home/raspberry/Auv_ws/src/auv_teleop'
[6.124s] INFO:colcon.colcon_core.shell:Skip shell extension 'powershell' for command environment: Not usable outside of PowerShell
[6.124s] DEBUG:colcon.colcon_core.shell:Skip shell extension 'dsv' for command environment
[7.238s] INFO:colcon.colcon_core.task.python.build:Building Python package in '/home/raspberry/Auv_ws/src/serial_bridge'
[7.239s] INFO:colcon.colcon_core.shell:Skip shell extension 'powershell' for command environment: Not usable outside of PowerShell
[7.239s] DEBUG:colcon.colcon_core.shell:Skip shell extension 'dsv' for command environment
[10.091s] DEBUG:colcon.colcon_core.task.python.build:While undoing a previous installation files outside the Python library path are being ignored: /home/raspberry/Auv_ws/install/auv_control/share/ament_index/resource_index/packages/auv_control
[10.092s] DEBUG:colcon.colcon_core.task.python.build:While undoing a previous installation files outside the Python library path are being ignored: /home/raspberry/Auv_ws/install/auv_control/share/auv_control/package.xml
[10.096s] DEBUG:colcon.colcon_core.task.python.build:While undoing a previous installation files outside the Python library path are being ignored: /home/raspberry/Auv_ws/install/auv_control/lib/auv_control/heading_controller
[10.109s] DEBUG:colcon.colcon_core.event_handler.log_command:Invoking command in '/home/raspberry/Auv_ws/build/auv_control': PYTHONPATH=/home/raspberry/Auv_ws/build/auv_control/prefix_override:/usr/lib/python3/dist-packages/colcon_core/task/python/colcon_distutils_commands:/home/raspberry/Auv_ws/install/auv_control/lib/python3.10/site-packages:${PYTHONPATH} /usr/bin/python3 -W ignore:setup.py install is deprecated -W ignore:easy_install command is deprecated setup.py develop --editable --build-directory /home/raspberry/Auv_ws/build/auv_control/build --no-deps symlink_data --force
[10.126s] DEBUG:colcon.colcon_core.task.python.build:While undoing a previous installation files outside the Python library path are being ignored: /home/raspberry/Auv_ws/install/auv_teleop/share/ament_index/resource_index/packages/auv_teleop
[10.126s] DEBUG:colcon.colcon_core.task.python.build:While undoing a previous installation files outside the Python library path are being ignored: /home/raspberry/Auv_ws/install/auv_teleop/share/auv_teleop/package.xml
[10.128s] DEBUG:colcon.colcon_core.task.python.build:While undoing a previous installation files outside the Python library path are being ignored: /home/raspberry/Auv_ws/install/auv_teleop/lib/auv_teleop/teleop_xbox_node
[10.143s] DEBUG:colcon.colcon_core.task.python.build:While undoing a previous installation files outside the Python library path are being ignored: /home/raspberry/Auv_ws/install/serial_bridge/share/ament_index/resource_index/packages/serial_bridge
[10.143s] DEBUG:colcon.colcon_core.event_handler.log_command:Invoking command in '/home/raspberry/Auv_ws/build/auv_teleop': PYTHONPATH=/home/raspberry/Auv_ws/build/auv_teleop/prefix_override:/usr/lib/python3/dist-packages/colcon_core/task/python/colcon_distutils_commands:/home/raspberry/Auv_ws/install/auv_teleop/lib/python3.10/site-packages:${PYTHONPATH} /usr/bin/python3 -W ignore:setup.py install is deprecated -W ignore:easy_install command is deprecated setup.py develop --editable --build-directory /home/raspberry/Auv_ws/build/auv_teleop/build --no-deps symlink_data --force
[10.144s] DEBUG:colcon.colcon_core.task.python.build:While undoing a previous installation files outside the Python library path are being ignored: /home/raspberry/Auv_ws/install/serial_bridge/share/serial_bridge/package.xml
[10.147s] DEBUG:colcon.colcon_core.task.python.build:While undoing a previous installation files outside the Python library path are being ignored: /home/raspberry/Auv_ws/install/serial_bridge/lib/serial_bridge/arduino_bridge
[10.147s] DEBUG:colcon.colcon_core.task.python.build:While undoing a previous installation files outside the Python library path are being ignored: /home/raspberry/Auv_ws/install/serial_bridge/lib/serial_bridge/imu_dashboard_adapter
[10.159s] DEBUG:colcon.colcon_core.event_handler.log_command:Invoking command in '/home/raspberry/Auv_ws/build/serial_bridge': PYTHONPATH=/home/raspberry/Auv_ws/build/serial_bridge/prefix_override:/usr/lib/python3/dist-packages/colcon_core/task/python/colcon_distutils_commands:/home/raspberry/Auv_ws/install/serial_bridge/lib/python3.10/site-packages:${PYTHONPATH} /usr/bin/python3 -W ignore:setup.py install is deprecated -W ignore:easy_install command is deprecated setup.py develop --editable --build-directory /home/raspberry/Auv_ws/build/serial_bridge/build --no-deps symlink_data --force
[10.172s] DEBUG:colcon.colcon_core.task.python.build:While undoing a previous installation files outside the Python library path are being ignored: /home/raspberry/Auv_ws/install/auv_camera_stream/share/ament_index/resource_index/packages/auv_camera_stream
[10.173s] DEBUG:colcon.colcon_core.task.python.build:While undoing a previous installation files outside the Python library path are being ignored: /home/raspberry/Auv_ws/install/auv_camera_stream/share/auv_camera_stream/package.xml
[10.175s] DEBUG:colcon.colcon_core.task.python.build:While undoing a previous installation files outside the Python library path are being ignored: /home/raspberry/Auv_ws/install/auv_camera_stream/lib/auv_camera_stream/camera_node
[10.189s] DEBUG:colcon.colcon_core.event_handler.log_command:Invoking command in '/home/raspberry/Auv_ws/build/auv_camera_stream': PYTHONPATH=/home/raspberry/Auv_ws/build/auv_camera_stream/prefix_override:/usr/lib/python3/dist-packages/colcon_core/task/python/colcon_distutils_commands:/home/raspberry/Auv_ws/install/auv_camera_stream/lib/python3.10/site-packages:${PYTHONPATH} /usr/bin/python3 -W ignore:setup.py install is deprecated -W ignore:easy_install command is deprecated setup.py develop --editable --build-directory /home/raspberry/Auv_ws/build/auv_camera_stream/build --no-deps symlink_data --force
[12.987s] Level 1:colcon.colcon_core.shell:create_environment_hook('serial_bridge', 'pythonpath_develop')
[12.989s] INFO:colcon.colcon_core.shell:Creating environment hook '/home/raspberry/Auv_ws/build/serial_bridge/share/serial_bridge/hook/pythonpath_develop.ps1'
[12.992s] DEBUG:colcon.colcon_core.event_handler.log_command:Invoked command in '/home/raspberry/Auv_ws/build/serial_bridge' returned '0': PYTHONPATH=/home/raspberry/Auv_ws/build/serial_bridge/prefix_override:/usr/lib/python3/dist-packages/colcon_core/task/python/colcon_distutils_commands:/home/raspberry/Auv_ws/install/serial_bridge/lib/python3.10/site-packages:${PYTHONPATH} /usr/bin/python3 -W ignore:setup.py install is deprecated -W ignore:easy_install command is deprecated setup.py develop --editable --build-directory /home/raspberry/Auv_ws/build/serial_bridge/build --no-deps symlink_data --force
[12.998s] INFO:colcon.colcon_core.shell:Creating environment descriptor '/home/raspberry/Auv_ws/build/serial_bridge/share/serial_bridge/hook/pythonpath_develop.dsv'
[13.005s] INFO:colcon.colcon_core.shell:Creating environment hook '/home/raspberry/Auv_ws/build/serial_bridge/share/serial_bridge/hook/pythonpath_develop.sh'
[13.073s] Level 1:colcon.colcon_core.environment:checking '/home/raspberry/Auv_ws/install/serial_bridge' for CMake module files
[13.077s] Level 1:colcon.colcon_core.environment:checking '/home/raspberry/Auv_ws/install/serial_bridge' for CMake config files
[13.081s] Level 1:colcon.colcon_core.environment:checking '/home/raspberry/Auv_ws/install/serial_bridge/lib'
[13.082s] Level 1:colcon.colcon_core.environment:checking '/home/raspberry/Auv_ws/install/serial_bridge/bin'
[13.083s] Level 1:colcon.colcon_core.environment:checking '/home/raspberry/Auv_ws/install/serial_bridge/lib/pkgconfig/serial_bridge.pc'
[13.084s] Level 1:colcon.colcon_core.environment:checking '/home/raspberry/Auv_ws/install/serial_bridge/lib/python3.10/site-packages'
[13.084s] Level 1:colcon.colcon_core.shell:create_environment_hook('serial_bridge', 'pythonpath')
[13.085s] INFO:colcon.colcon_core.shell:Creating environment hook '/home/raspberry/Auv_ws/install/serial_bridge/share/serial_bridge/hook/pythonpath.ps1'
[13.088s] INFO:colcon.colcon_core.shell:Creating environment descriptor '/home/raspberry/Auv_ws/install/serial_bridge/share/serial_bridge/hook/pythonpath.dsv'
[13.090s] INFO:colcon.colcon_core.shell:Creating environment hook '/home/raspberry/Auv_ws/install/serial_bridge/share/serial_bridge/hook/pythonpath.sh'
[13.094s] Level 1:colcon.colcon_core.environment:checking '/home/raspberry/Auv_ws/install/serial_bridge/bin'
[13.094s] Level 1:colcon.colcon_core.environment:create_environment_scripts_only(serial_bridge)
[13.096s] INFO:colcon.colcon_core.shell:Creating package script '/home/raspberry/Auv_ws/install/serial_bridge/share/serial_bridge/package.ps1'
[13.101s] INFO:colcon.colcon_core.shell:Creating package descriptor '/home/raspberry/Auv_ws/install/serial_bridge/share/serial_bridge/package.dsv'
[13.106s] INFO:colcon.colcon_core.shell:Creating package script '/home/raspberry/Auv_ws/install/serial_bridge/share/serial_bridge/package.sh'
[13.111s] INFO:colcon.colcon_core.shell:Creating package script '/home/raspberry/Auv_ws/install/serial_bridge/share/serial_bridge/package.bash'
[13.121s] INFO:colcon.colcon_core.shell:Creating package script '/home/raspberry/Auv_ws/install/serial_bridge/share/serial_bridge/package.zsh'
[13.163s] Level 1:colcon.colcon_core.environment:create_file_with_runtime_dependencies(/home/raspberry/Auv_ws/install/serial_bridge/share/colcon-core/packages/serial_bridge)
[13.170s] Level 1:colcon.colcon_core.shell:create_environment_hook('auv_teleop', 'pythonpath_develop')
[13.172s] INFO:colcon.colcon_core.shell:Creating environment hook '/home/raspberry/Auv_ws/build/auv_teleop/share/auv_teleop/hook/pythonpath_develop.ps1'
[13.174s] DEBUG:colcon.colcon_core.event_handler.log_command:Invoked command in '/home/raspberry/Auv_ws/build/auv_teleop' returned '0': PYTHONPATH=/home/raspberry/Auv_ws/build/auv_teleop/prefix_override:/usr/lib/python3/dist-packages/colcon_core/task/python/colcon_distutils_commands:/home/raspberry/Auv_ws/install/auv_teleop/lib/python3.10/site-packages:${PYTHONPATH} /usr/bin/python3 -W ignore:setup.py install is deprecated -W ignore:easy_install command is deprecated setup.py develop --editable --build-directory /home/raspberry/Auv_ws/build/auv_teleop/build --no-deps symlink_data --force
[13.179s] INFO:colcon.colcon_core.shell:Creating environment descriptor '/home/raspberry/Auv_ws/build/auv_teleop/share/auv_teleop/hook/pythonpath_develop.dsv'
[13.186s] INFO:colcon.colcon_core.shell:Creating environment hook '/home/raspberry/Auv_ws/build/auv_teleop/share/auv_teleop/hook/pythonpath_develop.sh'
[13.193s] Level 1:colcon.colcon_core.environment:checking '/home/raspberry/Auv_ws/install/auv_teleop' for CMake module files
[13.199s] Level 1:colcon.colcon_core.environment:checking '/home/raspberry/Auv_ws/install/auv_teleop' for CMake config files
[13.204s] Level 1:colcon.colcon_core.environment:checking '/home/raspberry/Auv_ws/install/auv_teleop/lib'
[13.206s] Level 1:colcon.colcon_core.environment:checking '/home/raspberry/Auv_ws/install/auv_teleop/bin'
[13.207s] Level 1:colcon.colcon_core.environment:checking '/home/raspberry/Auv_ws/install/auv_teleop/lib/pkgconfig/auv_teleop.pc'
[13.208s] Level 1:colcon.colcon_core.environment:checking '/home/raspberry/Auv_ws/install/auv_teleop/lib/python3.10/site-packages'
[13.209s] Level 1:colcon.colcon_core.shell:create_environment_hook('auv_teleop', 'pythonpath')
[13.210s] INFO:colcon.colcon_core.shell:Creating environment hook '/home/raspberry/Auv_ws/install/auv_teleop/share/auv_teleop/hook/pythonpath.ps1'
[13.215s] INFO:colcon.colcon_core.shell:Creating environment descriptor '/home/raspberry/Auv_ws/install/auv_teleop/share/auv_teleop/hook/pythonpath.dsv'
[13.219s] INFO:colcon.colcon_core.shell:Creating environment hook '/home/raspberry/Auv_ws/install/auv_teleop/share/auv_teleop/hook/pythonpath.sh'
[13.225s] Level 1:colcon.colcon_core.environment:checking '/home/raspberry/Auv_ws/install/auv_teleop/bin'
[13.226s] Level 1:colcon.colcon_core.environment:create_environment_scripts_only(auv_teleop)
[13.229s] INFO:colcon.colcon_core.shell:Creating package script '/home/raspberry/Auv_ws/install/auv_teleop/share/auv_teleop/package.ps1'
[13.234s] INFO:colcon.colcon_core.shell:Creating package descriptor '/home/raspberry/Auv_ws/install/auv_teleop/share/auv_teleop/package.dsv'
[13.238s] INFO:colcon.colcon_core.shell:Creating package script '/home/raspberry/Auv_ws/install/auv_teleop/share/auv_teleop/package.sh'
[13.242s] INFO:colcon.colcon_core.shell:Creating package script '/home/raspberry/Auv_ws/install/auv_teleop/share/auv_teleop/package.bash'
[13.246s] INFO:colcon.colcon_core.shell:Creating package script '/home/raspberry/Auv_ws/install/auv_teleop/share/auv_teleop/package.zsh'
[13.249s] Level 1:colcon.colcon_core.environment:create_file_with_runtime_dependencies(/home/raspberry/Auv_ws/install/auv_teleop/share/colcon-core/packages/auv_teleop)
[13.252s] Level 1:colcon.colcon_core.shell:create_environment_hook('auv_control', 'pythonpath_develop')
[13.253s] INFO:colcon.colcon_core.shell:Creating environment hook '/home/raspberry/Auv_ws/build/auv_control/share/auv_control/hook/pythonpath_develop.ps1'
[13.259s] DEBUG:colcon.colcon_core.event_handler.log_command:Invoked command in '/home/raspberry/Auv_ws/build/auv_control' returned '0': PYTHONPATH=/home/raspberry/Auv_ws/build/auv_control/prefix_override:/usr/lib/python3/dist-packages/colcon_core/task/python/colcon_distutils_commands:/home/raspberry/Auv_ws/install/auv_control/lib/python3.10/site-packages:${PYTHONPATH} /usr/bin/python3 -W ignore:setup.py install is deprecated -W ignore:easy_install command is deprecated setup.py develop --editable --build-directory /home/raspberry/Auv_ws/build/auv_control/build --no-deps symlink_data --force
[13.259s] INFO:colcon.colcon_core.shell:Creating environment descriptor '/home/raspberry/Auv_ws/build/auv_control/share/auv_control/hook/pythonpath_develop.dsv'
[13.262s] INFO:colcon.colcon_core.shell:Creating environment hook '/home/raspberry/Auv_ws/build/auv_control/share/auv_control/hook/pythonpath_develop.sh'
[13.266s] Level 1:colcon.colcon_core.environment:checking '/home/raspberry/Auv_ws/install/auv_control' for CMake module files
[13.269s] Level 1:colcon.colcon_core.environment:checking '/home/raspberry/Auv_ws/install/auv_control' for CMake config files
[13.275s] Level 1:colcon.colcon_core.environment:checking '/home/raspberry/Auv_ws/install/auv_control/lib'
[13.276s] Level 1:colcon.colcon_core.environment:checking '/home/raspberry/Auv_ws/install/auv_control/bin'
[13.277s] Level 1:colcon.colcon_core.environment:checking '/home/raspberry/Auv_ws/install/auv_control/lib/pkgconfig/auv_control.pc'
[13.279s] Level 1:colcon.colcon_core.environment:checking '/home/raspberry/Auv_ws/install/auv_control/lib/python3.10/site-packages'
[13.279s] Level 1:colcon.colcon_core.shell:create_environment_hook('auv_control', 'pythonpath')
[13.281s] INFO:colcon.colcon_core.shell:Creating environment hook '/home/raspberry/Auv_ws/install/auv_control/share/auv_control/hook/pythonpath.ps1'
[13.285s] INFO:colcon.colcon_core.shell:Creating environment descriptor '/home/raspberry/Auv_ws/install/auv_control/share/auv_control/hook/pythonpath.dsv'
[13.289s] INFO:colcon.colcon_core.shell:Creating environment hook '/home/raspberry/Auv_ws/install/auv_control/share/auv_control/hook/pythonpath.sh'
[13.294s] Level 1:colcon.colcon_core.environment:checking '/home/raspberry/Auv_ws/install/auv_control/bin'
[13.295s] Level 1:colcon.colcon_core.environment:create_environment_scripts_only(auv_control)
[13.296s] INFO:colcon.colcon_core.shell:Creating package script '/home/raspberry/Auv_ws/install/auv_control/share/auv_control/package.ps1'
[13.301s] INFO:colcon.colcon_core.shell:Creating package descriptor '/home/raspberry/Auv_ws/install/auv_control/share/auv_control/package.dsv'
[13.304s] INFO:colcon.colcon_core.shell:Creating package script '/home/raspberry/Auv_ws/install/auv_control/share/auv_control/package.sh'
[13.308s] INFO:colcon.colcon_core.shell:Creating package script '/home/raspberry/Auv_ws/install/auv_control/share/auv_control/package.bash'
[13.312s] INFO:colcon.colcon_core.shell:Creating package script '/home/raspberry/Auv_ws/install/auv_control/share/auv_control/package.zsh'
[13.315s] Level 1:colcon.colcon_core.environment:create_file_with_runtime_dependencies(/home/raspberry/Auv_ws/install/auv_control/share/colcon-core/packages/auv_control)
[13.321s] Level 1:colcon.colcon_core.shell:create_environment_hook('auv_camera_stream', 'pythonpath_develop')
[13.323s] INFO:colcon.colcon_core.shell:Creating environment hook '/home/raspberry/Auv_ws/build/auv_camera_stream/share/auv_camera_stream/hook/pythonpath_develop.ps1'
[13.324s] DEBUG:colcon.colcon_core.event_handler.log_command:Invoked command in '/home/raspberry/Auv_ws/build/auv_camera_stream' returned '0': PYTHONPATH=/home/raspberry/Auv_ws/build/auv_camera_stream/prefix_override:/usr/lib/python3/dist-packages/colcon_core/task/python/colcon_distutils_commands:/home/raspberry/Auv_ws/install/auv_camera_stream/lib/python3.10/site-packages:${PYTHONPATH} /usr/bin/python3 -W ignore:setup.py install is deprecated -W ignore:easy_install command is deprecated setup.py develop --editable --build-directory /home/raspberry/Auv_ws/build/auv_camera_stream/build --no-deps symlink_data --force
[13.326s] INFO:colcon.colcon_core.shell:Creating environment descriptor '/home/raspberry/Auv_ws/build/auv_camera_stream/share/auv_camera_stream/hook/pythonpath_develop.dsv'
[13.327s] INFO:colcon.colcon_core.shell:Creating environment hook '/home/raspberry/Auv_ws/build/auv_camera_stream/share/auv_camera_stream/hook/pythonpath_develop.sh'
[13.330s] Level 1:colcon.colcon_core.environment:checking '/home/raspberry/Auv_ws/install/auv_camera_stream' for CMake module files
[13.333s] Level 1:colcon.colcon_core.environment:checking '/home/raspberry/Auv_ws/install/auv_camera_stream' for CMake config files
[13.336s] Level 1:colcon.colcon_core.environment:checking '/home/raspberry/Auv_ws/install/auv_camera_stream/lib'
[13.337s] Level 1:colcon.colcon_core.environment:checking '/home/raspberry/Auv_ws/install/auv_camera_stream/bin'
[13.337s] Level 1:colcon.colcon_core.environment:checking '/home/raspberry/Auv_ws/install/auv_camera_stream/lib/pkgconfig/auv_camera_stream.pc'
[13.338s] Level 1:colcon.colcon_core.environment:checking '/home/raspberry/Auv_ws/install/auv_camera_stream/lib/python3.10/site-packages'
[13.338s] Level 1:colcon.colcon_core.shell:create_environment_hook('auv_camera_stream', 'pythonpath')
[13.339s] INFO:colcon.colcon_core.shell:Creating environment hook '/home/raspberry/Auv_ws/install/auv_camera_stream/share/auv_camera_stream/hook/pythonpath.ps1'
[13.342s] INFO:colcon.colcon_core.shell:Creating environment descriptor '/home/raspberry/Auv_ws/install/auv_camera_stream/share/auv_camera_stream/hook/pythonpath.dsv'
[13.344s] INFO:colcon.colcon_core.shell:Creating environment hook '/home/raspberry/Auv_ws/install/auv_camera_stream/share/auv_camera_stream/hook/pythonpath.sh'
[13.347s] Level 1:colcon.colcon_core.environment:checking '/home/raspberry/Auv_ws/install/auv_camera_stream/bin'
[13.347s] Level 1:colcon.colcon_core.environment:create_environment_scripts_only(auv_camera_stream)
[13.349s] INFO:colcon.colcon_core.shell:Creating package script '/home/raspberry/Auv_ws/install/auv_camera_stream/share/auv_camera_stream/package.ps1'
[13.351s] INFO:colcon.colcon_core.shell:Creating package descriptor '/home/raspberry/Auv_ws/install/auv_camera_stream/share/auv_camera_stream/package.dsv'
[13.354s] INFO:colcon.colcon_core.shell:Creating package script '/home/raspberry/Auv_ws/install/auv_camera_stream/share/auv_camera_stream/package.sh'
[13.356s] INFO:colcon.colcon_core.shell:Creating package script '/home/raspberry/Auv_ws/install/auv_camera_stream/share/auv_camera_stream/package.bash'
[13.359s] INFO:colcon.colcon_core.shell:Creating package script '/home/raspberry/Auv_ws/install/auv_camera_stream/share/auv_camera_stream/package.zsh'
[13.361s] Level 1:colcon.colcon_core.environment:create_file_with_runtime_dependencies(/home/raspberry/Auv_ws/install/auv_camera_stream/share/colcon-core/packages/auv_camera_stream)
[13.362s] DEBUG:colcon.colcon_parallel_executor.executor.parallel:closing loop
[13.363s] DEBUG:colcon.colcon_parallel_executor.executor.parallel:loop closed
[13.364s] DEBUG:colcon.colcon_parallel_executor.executor.parallel:run_until_complete finished with '0'
[13.364s] DEBUG:colcon.colcon_core.event_reactor:joining thread
[13.391s] INFO:colcon.colcon_core.plugin_system:Skipping extension 'colcon_notification.desktop_notification.notify_send': Could not find 'notify-send'
[13.392s] INFO:colcon.colcon_core.plugin_system:Skipping extension 'colcon_notification.desktop_notification.terminal_notifier': Not used on non-Darwin systems
[13.392s] INFO:colcon.colcon_core.plugin_system:Skipping extension 'colcon_notification.desktop_notification.win32': Not used on non-Windows systems
[13.392s] INFO:colcon.colcon_notification.desktop_notification:Sending desktop notification using 'notify2'
[13.533s] DEBUG:colcon.colcon_notification.desktop_notification.notify2:Failed to initialize notify2: org.freedesktop.DBus.Error.ServiceUnknown: The name org.freedesktop.Notifications was not provided by any .service files
[13.533s] DEBUG:colcon.colcon_core.event_reactor:joined thread
[13.535s] INFO:colcon.colcon_core.shell:Creating prefix script '/home/raspberry/Auv_ws/install/local_setup.ps1'
[13.585s] INFO:colcon.colcon_core.shell:Creating prefix util module '/home/raspberry/Auv_ws/install/_local_setup_util_ps1.py'
[13.599s] INFO:colcon.colcon_core.shell:Creating prefix chain script '/home/raspberry/Auv_ws/install/setup.ps1'
[13.607s] INFO:colcon.colcon_core.shell:Creating prefix script '/home/raspberry/Auv_ws/install/local_setup.sh'
[13.616s] INFO:colcon.colcon_core.shell:Creating prefix util module '/home/raspberry/Auv_ws/install/_local_setup_util_sh.py'
[13.622s] INFO:colcon.colcon_core.shell:Creating prefix chain script '/home/raspberry/Auv_ws/install/setup.sh'
[13.633s] INFO:colcon.colcon_core.shell:Creating prefix script '/home/raspberry/Auv_ws/install/local_setup.bash'
[13.638s] INFO:colcon.colcon_core.shell:Creating prefix chain script '/home/raspberry/Auv_ws/install/setup.bash'
[13.648s] INFO:colcon.colcon_core.shell:Creating prefix script '/home/raspberry/Auv_ws/install/local_setup.zsh'
[13.652s] INFO:colcon.colcon_core.shell:Creating prefix chain script '/home/raspberry/Auv_ws/install/setup.zsh'
