[5.274s] Invoking command in '/home/raspberry/Auv_ws/src/Auv_control': PYTHONPATH=/home/raspberry/Auv_ws/build/Auv_control/prefix_override:/usr/lib/python3/dist-packages/colcon_core/task/python/colcon_distutils_commands:/home/raspberry/Auv_ws/install/Auv_control/lib/python3.10/site-packages:${PYTHONPATH} /usr/bin/python3 -W ignore:setup.py install is deprecated -W ignore:easy_install command is deprecated setup.py egg_info --egg-base ../../build/Auv_control build --build-base /home/raspberry/Auv_ws/build/Auv_control/build install --record /home/raspberry/Auv_ws/build/Auv_control/install.log --single-version-externally-managed install_data
[6.553s] running egg_info
[6.557s] writing ../../build/Auv_control/Auv_control.egg-info/PKG-INFO
[6.561s] writing dependency_links to ../../build/Auv_control/Auv_control.egg-info/dependency_links.txt
[6.562s] writing entry points to ../../build/Auv_control/Auv_control.egg-info/entry_points.txt
[6.562s] writing requirements to ../../build/Auv_control/Auv_control.egg-info/requires.txt
[6.565s] writing top-level names to ../../build/Auv_control/Auv_control.egg-info/top_level.txt
[6.573s] reading manifest file '../../build/Auv_control/Auv_control.egg-info/SOURCES.txt'
[6.577s] writing manifest file '../../build/Auv_control/Auv_control.egg-info/SOURCES.txt'
[6.581s] running build
[6.581s] running build_py
[6.582s] running install
[6.589s] running install_lib
[6.592s] running install_data
[6.594s] running install_egg_info
[6.601s] removing '/home/raspberry/Auv_ws/install/Auv_control/lib/python3.10/site-packages/Auv_control-0.0.0-py3.10.egg-info' (and everything under it)
[6.604s] Copying ../../build/Auv_control/Auv_control.egg-info to /home/raspberry/Auv_ws/install/Auv_control/lib/python3.10/site-packages/Auv_control-0.0.0-py3.10.egg-info
[6.612s] running install_scripts
[6.709s] Installing heading_controller script to /home/raspberry/Auv_ws/install/Auv_control/lib/Auv_control
[6.711s] writing list of installed files to '/home/raspberry/Auv_ws/build/Auv_control/install.log'
[6.924s] Invoked command in '/home/raspberry/Auv_ws/src/Auv_control' returned '0': PYTHONPATH=/home/raspberry/Auv_ws/build/Auv_control/prefix_override:/usr/lib/python3/dist-packages/colcon_core/task/python/colcon_distutils_commands:/home/raspberry/Auv_ws/install/Auv_control/lib/python3.10/site-packages:${PYTHONPATH} /usr/bin/python3 -W ignore:setup.py install is deprecated -W ignore:easy_install command is deprecated setup.py egg_info --egg-base ../../build/Auv_control build --build-base /home/raspberry/Auv_ws/build/Auv_control/build install --record /home/raspberry/Auv_ws/build/Auv_control/install.log --single-version-externally-managed install_data
