[8.019s] Invoking command in '/home/raspberry/Auv_ws/src/auv_bringup': PYTHONPATH=/home/raspberry/Auv_ws/build/auv_bringup/prefix_override:/usr/lib/python3/dist-packages/colcon_core/task/python/colcon_distutils_commands:/home/raspberry/Auv_ws/install/auv_bringup/lib/python3.10/site-packages:${PYTHONPATH} /usr/bin/python3 -W ignore:setup.py install is deprecated -W ignore:easy_install command is deprecated setup.py egg_info --egg-base ../../build/auv_bringup build --build-base /home/raspberry/Auv_ws/build/auv_bringup/build install --record /home/raspberry/Auv_ws/build/auv_bringup/install.log --single-version-externally-managed install_data
[9.966s] running egg_info
[9.971s] writing ../../build/auv_bringup/auv_bringup.egg-info/PKG-INFO
[9.973s] writing dependency_links to ../../build/auv_bringup/auv_bringup.egg-info/dependency_links.txt
[9.976s] writing entry points to ../../build/auv_bringup/auv_bringup.egg-info/entry_points.txt
[9.979s] writing requirements to ../../build/auv_bringup/auv_bringup.egg-info/requires.txt
[9.982s] writing top-level names to ../../build/auv_bringup/auv_bringup.egg-info/top_level.txt
[10.007s] reading manifest file '../../build/auv_bringup/auv_bringup.egg-info/SOURCES.txt'
[10.008s] writing manifest file '../../build/auv_bringup/auv_bringup.egg-info/SOURCES.txt'
[10.008s] running build
[10.009s] running build_py
[10.010s] running install
[10.013s] running install_lib
[10.021s] running install_data
[10.023s] copying launch/launchphase1.xml -> /home/raspberry/Auv_ws/install/auv_bringup/share/auv_bringup/launch
[10.025s] running install_egg_info
[10.041s] removing '/home/raspberry/Auv_ws/install/auv_bringup/lib/python3.10/site-packages/auv_bringup-0.0.0-py3.10.egg-info' (and everything under it)
[10.042s] Copying ../../build/auv_bringup/auv_bringup.egg-info to /home/raspberry/Auv_ws/install/auv_bringup/lib/python3.10/site-packages/auv_bringup-0.0.0-py3.10.egg-info
[10.061s] running install_scripts
[10.228s] writing list of installed files to '/home/raspberry/Auv_ws/build/auv_bringup/install.log'
[11.862s] Invoked command in '/home/raspberry/Auv_ws/src/auv_bringup' returned '0': PYTHONPATH=/home/raspberry/Auv_ws/build/auv_bringup/prefix_override:/usr/lib/python3/dist-packages/colcon_core/task/python/colcon_distutils_commands:/home/raspberry/Auv_ws/install/auv_bringup/lib/python3.10/site-packages:${PYTHONPATH} /usr/bin/python3 -W ignore:setup.py install is deprecated -W ignore:easy_install command is deprecated setup.py egg_info --egg-base ../../build/auv_bringup build --build-base /home/raspberry/Auv_ws/build/auv_bringup/build install --record /home/raspberry/Auv_ws/build/auv_bringup/install.log --single-version-externally-managed install_data
