[7.185s] Invoking command in '/home/raspberry/Auv_ws/src/auv_control': PYTHONPATH=/home/raspberry/Auv_ws/build/auv_control/prefix_override:/usr/lib/python3/dist-packages/colcon_core/task/python/colcon_distutils_commands:/home/raspberry/Auv_ws/install/auv_control/lib/python3.10/site-packages:${PYTHONPATH} /usr/bin/python3 -W ignore:setup.py install is deprecated -W ignore:easy_install command is deprecated setup.py egg_info --egg-base ../../build/auv_control build --build-base /home/raspberry/Auv_ws/build/auv_control/build install --record /home/raspberry/Auv_ws/build/auv_control/install.log --single-version-externally-managed install_data
[9.105s] running egg_info
[9.109s] writing ../../build/auv_control/auv_control.egg-info/PKG-INFO
[9.117s] writing dependency_links to ../../build/auv_control/auv_control.egg-info/dependency_links.txt
[9.119s] writing entry points to ../../build/auv_control/auv_control.egg-info/entry_points.txt
[9.121s] writing requirements to ../../build/auv_control/auv_control.egg-info/requires.txt
[9.124s] writing top-level names to ../../build/auv_control/auv_control.egg-info/top_level.txt
[9.130s] reading manifest file '../../build/auv_control/auv_control.egg-info/SOURCES.txt'
[9.136s] writing manifest file '../../build/auv_control/auv_control.egg-info/SOURCES.txt'
[9.136s] running build
[9.136s] running build_py
[9.139s] running install
[9.141s] running install_lib
[9.147s] byte-compiling /home/raspberry/Auv_ws/install/auv_control/lib/python3.10/site-packages/auv_control/path_planning.py to path_planning.cpython-310.pyc
[9.150s] Sorry: IndentationError: unindent does not match any outer indentation level (path_planning.py, line 150)
[9.151s] running install_data
[9.152s] running install_egg_info
[9.160s] removing '/home/raspberry/Auv_ws/install/auv_control/lib/python3.10/site-packages/auv_control-0.0.0-py3.10.egg-info' (and everything under it)
[9.162s] Copying ../../build/auv_control/auv_control.egg-info to /home/raspberry/Auv_ws/install/auv_control/lib/python3.10/site-packages/auv_control-0.0.0-py3.10.egg-info
[9.170s] running install_scripts
[9.286s] Installing heading_controller script to /home/raspberry/Auv_ws/install/auv_control/lib/auv_control
[9.288s] writing list of installed files to '/home/raspberry/Auv_ws/build/auv_control/install.log'
[10.557s] Invoked command in '/home/raspberry/Auv_ws/src/auv_control' returned '0': PYTHONPATH=/home/raspberry/Auv_ws/build/auv_control/prefix_override:/usr/lib/python3/dist-packages/colcon_core/task/python/colcon_distutils_commands:/home/raspberry/Auv_ws/install/auv_control/lib/python3.10/site-packages:${PYTHONPATH} /usr/bin/python3 -W ignore:setup.py install is deprecated -W ignore:easy_install command is deprecated setup.py egg_info --egg-base ../../build/auv_control build --build-base /home/raspberry/Auv_ws/build/auv_control/build install --record /home/raspberry/Auv_ws/build/auv_control/install.log --single-version-externally-managed install_data
