[5.803s] Invoking command in '/home/raspberry/Auv_ws/src/serial_bridge': PYTHONPATH=/home/raspberry/Auv_ws/build/serial_bridge/prefix_override:/usr/lib/python3/dist-packages/colcon_core/task/python/colcon_distutils_commands:/home/raspberry/Auv_ws/install/serial_bridge/lib/python3.10/site-packages:${PYTHONPATH} /usr/bin/python3 -W ignore:setup.py install is deprecated -W ignore:easy_install command is deprecated setup.py egg_info --egg-base ../../build/serial_bridge build --build-base /home/raspberry/Auv_ws/build/serial_bridge/build install --record /home/raspberry/Auv_ws/build/serial_bridge/install.log --single-version-externally-managed install_data
[7.051s] running egg_info
[7.055s] writing ../../build/serial_bridge/serial_bridge.egg-info/PKG-INFO
[7.058s] writing dependency_links to ../../build/serial_bridge/serial_bridge.egg-info/dependency_links.txt
[7.060s] writing entry points to ../../build/serial_bridge/serial_bridge.egg-info/entry_points.txt
[7.065s] writing requirements to ../../build/serial_bridge/serial_bridge.egg-info/requires.txt
[7.067s] writing top-level names to ../../build/serial_bridge/serial_bridge.egg-info/top_level.txt
[7.079s] reading manifest file '../../build/serial_bridge/serial_bridge.egg-info/SOURCES.txt'
[7.084s] writing manifest file '../../build/serial_bridge/serial_bridge.egg-info/SOURCES.txt'
[7.086s] running build
[7.087s] running build_py
[7.090s] running install
[7.093s] running install_lib
[7.100s] running install_data
[7.102s] running install_egg_info
[7.112s] removing '/home/raspberry/Auv_ws/install/serial_bridge/lib/python3.10/site-packages/serial_bridge-0.0.0-py3.10.egg-info' (and everything under it)
[7.116s] Copying ../../build/serial_bridge/serial_bridge.egg-info to /home/raspberry/Auv_ws/install/serial_bridge/lib/python3.10/site-packages/serial_bridge-0.0.0-py3.10.egg-info
[7.129s] running install_scripts
[7.230s] Installing arduino_bridge script to /home/raspberry/Auv_ws/install/serial_bridge/lib/serial_bridge
[7.233s] writing list of installed files to '/home/raspberry/Auv_ws/build/serial_bridge/install.log'
[7.369s] Invoked command in '/home/raspberry/Auv_ws/src/serial_bridge' returned '0': PYTHONPATH=/home/raspberry/Auv_ws/build/serial_bridge/prefix_override:/usr/lib/python3/dist-packages/colcon_core/task/python/colcon_distutils_commands:/home/raspberry/Auv_ws/install/serial_bridge/lib/python3.10/site-packages:${PYTHONPATH} /usr/bin/python3 -W ignore:setup.py install is deprecated -W ignore:easy_install command is deprecated setup.py egg_info --egg-base ../../build/serial_bridge build --build-base /home/raspberry/Auv_ws/build/serial_bridge/build install --record /home/raspberry/Auv_ws/build/serial_bridge/install.log --single-version-externally-managed install_data
