[5.350s] Invoking command in '/home/raspberry/Auv_ws/src/serial_bridge': PYTHONPATH=/home/raspberry/Auv_ws/build/serial_bridge/prefix_override:/usr/lib/python3/dist-packages/colcon_core/task/python/colcon_distutils_commands:/home/raspberry/Auv_ws/install/serial_bridge/lib/python3.10/site-packages:${PYTHONPATH} /usr/bin/python3 -W ignore:setup.py install is deprecated -W ignore:easy_install command is deprecated setup.py egg_info --egg-base ../../build/serial_bridge build --build-base /home/raspberry/Auv_ws/build/serial_bridge/build install --record /home/raspberry/Auv_ws/build/serial_bridge/install.log --single-version-externally-managed install_data
[6.652s] running egg_info
[6.657s] writing ../../build/serial_bridge/serial_bridge.egg-info/PKG-INFO
[6.659s] writing dependency_links to ../../build/serial_bridge/serial_bridge.egg-info/dependency_links.txt
[6.661s] writing entry points to ../../build/serial_bridge/serial_bridge.egg-info/entry_points.txt
[6.663s] writing requirements to ../../build/serial_bridge/serial_bridge.egg-info/requires.txt
[6.665s] writing top-level names to ../../build/serial_bridge/serial_bridge.egg-info/top_level.txt
[6.675s] reading manifest file '../../build/serial_bridge/serial_bridge.egg-info/SOURCES.txt'
[6.680s] writing manifest file '../../build/serial_bridge/serial_bridge.egg-info/SOURCES.txt'
[6.682s] running build
[6.682s] running build_py
[6.685s] copying serial_bridge/arduino_bridge.py -> /home/raspberry/Auv_ws/build/serial_bridge/build/lib/serial_bridge
[6.686s] running install
[6.688s] running install_lib
[6.693s] copying /home/raspberry/Auv_ws/build/serial_bridge/build/lib/serial_bridge/arduino_bridge.py -> /home/raspberry/Auv_ws/install/serial_bridge/lib/python3.10/site-packages/serial_bridge
[6.697s] byte-compiling /home/raspberry/Auv_ws/install/serial_bridge/lib/python3.10/site-packages/serial_bridge/arduino_bridge.py to arduino_bridge.cpython-310.pyc
[6.701s] running install_data
[6.703s] running install_egg_info
[6.712s] removing '/home/raspberry/Auv_ws/install/serial_bridge/lib/python3.10/site-packages/serial_bridge-0.0.0-py3.10.egg-info' (and everything under it)
[6.715s] Copying ../../build/serial_bridge/serial_bridge.egg-info to /home/raspberry/Auv_ws/install/serial_bridge/lib/python3.10/site-packages/serial_bridge-0.0.0-py3.10.egg-info
[6.729s] running install_scripts
[6.930s] Installing arduino_bridge script to /home/raspberry/Auv_ws/install/serial_bridge/lib/serial_bridge
[6.932s] writing list of installed files to '/home/raspberry/Auv_ws/build/serial_bridge/install.log'
[7.057s] Invoked command in '/home/raspberry/Auv_ws/src/serial_bridge' returned '0': PYTHONPATH=/home/raspberry/Auv_ws/build/serial_bridge/prefix_override:/usr/lib/python3/dist-packages/colcon_core/task/python/colcon_distutils_commands:/home/raspberry/Auv_ws/install/serial_bridge/lib/python3.10/site-packages:${PYTHONPATH} /usr/bin/python3 -W ignore:setup.py install is deprecated -W ignore:easy_install command is deprecated setup.py egg_info --egg-base ../../build/serial_bridge build --build-base /home/raspberry/Auv_ws/build/serial_bridge/build install --record /home/raspberry/Auv_ws/build/serial_bridge/install.log --single-version-externally-managed install_data
