[5.608s] Invoking command in '/home/raspberry/Auv_ws/src/serial_bridge': PYTHONPATH=/home/raspberry/Auv_ws/build/serial_bridge/prefix_override:/usr/lib/python3/dist-packages/colcon_core/task/python/colcon_distutils_commands:/home/raspberry/Auv_ws/install/serial_bridge/lib/python3.10/site-packages:${PYTHONPATH} /usr/bin/python3 -W ignore:setup.py install is deprecated -W ignore:easy_install command is deprecated setup.py egg_info --egg-base ../../build/serial_bridge build --build-base /home/raspberry/Auv_ws/build/serial_bridge/build install --record /home/raspberry/Auv_ws/build/serial_bridge/install.log --single-version-externally-managed install_data
[7.002s] running egg_info
[7.006s] writing ../../build/serial_bridge/serial_bridge.egg-info/PKG-INFO
[7.009s] writing dependency_links to ../../build/serial_bridge/serial_bridge.egg-info/dependency_links.txt
[7.011s] writing entry points to ../../build/serial_bridge/serial_bridge.egg-info/entry_points.txt
[7.013s] writing requirements to ../../build/serial_bridge/serial_bridge.egg-info/requires.txt
[7.015s] writing top-level names to ../../build/serial_bridge/serial_bridge.egg-info/top_level.txt
[7.025s] reading manifest file '../../build/serial_bridge/serial_bridge.egg-info/SOURCES.txt'
[7.030s] writing manifest file '../../build/serial_bridge/serial_bridge.egg-info/SOURCES.txt'
[7.033s] running build
[7.033s] running build_py
[7.036s] running install
[7.038s] running install_lib
[7.052s] running install_data
[7.054s] running install_egg_info
[7.070s] removing '/home/raspberry/Auv_ws/install/serial_bridge/lib/python3.10/site-packages/serial_bridge-0.0.0-py3.10.egg-info' (and everything under it)
[7.078s] Copying ../../build/serial_bridge/serial_bridge.egg-info to /home/raspberry/Auv_ws/install/serial_bridge/lib/python3.10/site-packages/serial_bridge-0.0.0-py3.10.egg-info
[7.096s] running install_scripts
[7.191s] Installing arduino_bridge script to /home/raspberry/Auv_ws/install/serial_bridge/lib/serial_bridge
[7.193s] writing list of installed files to '/home/raspberry/Auv_ws/build/serial_bridge/install.log'
[7.390s] Invoked command in '/home/raspberry/Auv_ws/src/serial_bridge' returned '0': PYTHONPATH=/home/raspberry/Auv_ws/build/serial_bridge/prefix_override:/usr/lib/python3/dist-packages/colcon_core/task/python/colcon_distutils_commands:/home/raspberry/Auv_ws/install/serial_bridge/lib/python3.10/site-packages:${PYTHONPATH} /usr/bin/python3 -W ignore:setup.py install is deprecated -W ignore:easy_install command is deprecated setup.py egg_info --egg-base ../../build/serial_bridge build --build-base /home/raspberry/Auv_ws/build/serial_bridge/build install --record /home/raspberry/Auv_ws/build/serial_bridge/install.log --single-version-externally-managed install_data
