[2.894s] Invoking command in '/home/raspberry/Auv_ws/src/serial_bridge': PYTHONPATH=/home/raspberry/Auv_ws/build/serial_bridge/prefix_override:/usr/lib/python3/dist-packages/colcon_core/task/python/colcon_distutils_commands:/home/raspberry/Auv_ws/install/serial_bridge/lib/python3.10/site-packages:${PYTHONPATH} /usr/bin/python3 -W ignore:setup.py install is deprecated -W ignore:easy_install command is deprecated setup.py egg_info --egg-base ../../build/serial_bridge build --build-base /home/raspberry/Auv_ws/build/serial_bridge/build install --record /home/raspberry/Auv_ws/build/serial_bridge/install.log --single-version-externally-managed install_data
[3.915s] running egg_info
[3.918s] writing ../../build/serial_bridge/serial_bridge.egg-info/PKG-INFO
[3.920s] writing dependency_links to ../../build/serial_bridge/serial_bridge.egg-info/dependency_links.txt
[3.921s] writing entry points to ../../build/serial_bridge/serial_bridge.egg-info/entry_points.txt
[3.922s] writing requirements to ../../build/serial_bridge/serial_bridge.egg-info/requires.txt
[3.922s] writing top-level names to ../../build/serial_bridge/serial_bridge.egg-info/top_level.txt
[3.930s] reading manifest file '../../build/serial_bridge/serial_bridge.egg-info/SOURCES.txt'
[3.934s] writing manifest file '../../build/serial_bridge/serial_bridge.egg-info/SOURCES.txt'
[3.935s] running build
[3.935s] running build_py
[3.938s] running install
[3.939s] running install_lib
[3.946s] running install_data
[3.947s] running install_egg_info
[3.954s] removing '/home/raspberry/Auv_ws/install/serial_bridge/lib/python3.10/site-packages/serial_bridge-0.0.0-py3.10.egg-info' (and everything under it)
[3.956s] Copying ../../build/serial_bridge/serial_bridge.egg-info to /home/raspberry/Auv_ws/install/serial_bridge/lib/python3.10/site-packages/serial_bridge-0.0.0-py3.10.egg-info
[3.963s] running install_scripts
[4.045s] Installing arduino_bridge script to /home/raspberry/Auv_ws/install/serial_bridge/lib/serial_bridge
[4.046s] Installing imu_dashboard_adapter script to /home/raspberry/Auv_ws/install/serial_bridge/lib/serial_bridge
[4.048s] writing list of installed files to '/home/raspberry/Auv_ws/build/serial_bridge/install.log'
[4.161s] Invoked command in '/home/raspberry/Auv_ws/src/serial_bridge' returned '0': PYTHONPATH=/home/raspberry/Auv_ws/build/serial_bridge/prefix_override:/usr/lib/python3/dist-packages/colcon_core/task/python/colcon_distutils_commands:/home/raspberry/Auv_ws/install/serial_bridge/lib/python3.10/site-packages:${PYTHONPATH} /usr/bin/python3 -W ignore:setup.py install is deprecated -W ignore:easy_install command is deprecated setup.py egg_info --egg-base ../../build/serial_bridge build --build-base /home/raspberry/Auv_ws/build/serial_bridge/build install --record /home/raspberry/Auv_ws/build/serial_bridge/install.log --single-version-externally-managed install_data
