[0.460s] DEBUG:colcon:Command line arguments: ['/usr/bin/colcon', 'build']
[0.460s] DEBUG:colcon:Parsed command line arguments: Namespace(log_base=None, log_level=None, verb_name='build', build_base='build', install_base='install', merge_install=False, symlink_install=False, test_result_base=None, continue_on_error=False, executor='parallel', parallel_workers=4, event_handlers=None, ignore_user_meta=False, metas=['./colcon.meta'], base_paths=['.'], packages_ignore=None, packages_ignore_regex=None, paths=None, packages_up_to=None, packages_up_to_regex=None, packages_above=None, packages_above_and_dependencies=None, packages_above_depth=None, packages_select_by_dep=None, packages_skip_by_dep=None, packages_skip_up_to=None, packages_select_build_failed=False, packages_skip_build_finished=False, packages_select_test_failures=False, packages_skip_test_passed=False, packages_select=None, packages_skip=None, packages_select_regex=None, packages_skip_regex=None, packages_start=None, packages_end=None, allow_overriding=[], cmake_args=None, cmake_target=None, cmake_target_skip_unavailable=False, cmake_clean_cache=False, cmake_clean_first=False, cmake_force_configure=False, ament_cmake_args=None, catkin_cmake_args=None, catkin_skip_building_tests=False, mixin_files=None, mixin=None, verb_parser=<colcon_mixin.mixin.mixin_argument.MixinArgumentDecorator object at 0xffffac0295d0>, verb_extension=<colcon_core.verb.build.BuildVerb object at 0xffffac12e530>, main=<bound method BuildVerb.main of <colcon_core.verb.build.BuildVerb object at 0xffffac12e530>>, mixin_verb=('build',))
[1.147s] Level 1:colcon.colcon_core.package_discovery:discover_packages(colcon_meta) check parameters
[1.147s] Level 1:colcon.colcon_core.package_discovery:discover_packages(recursive) check parameters
[1.148s] Level 1:colcon.colcon_core.package_discovery:discover_packages(ignore) check parameters
[1.148s] Level 1:colcon.colcon_core.package_discovery:discover_packages(path) check parameters
[1.148s] Level 1:colcon.colcon_core.package_discovery:discover_packages(colcon_meta) discover
[1.148s] Level 1:colcon.colcon_core.package_discovery:discover_packages(recursive) discover
[1.148s] INFO:colcon.colcon_core.package_discovery:Crawling recursively for packages in '/home/raspberry/Auv_ws'
[1.149s] Level 1:colcon.colcon_core.package_identification:_identify(.) by extensions ['ignore', 'ignore_ament_install']
[1.149s] Level 1:colcon.colcon_core.package_identification:_identify(.) by extension 'ignore'
[1.150s] Level 1:colcon.colcon_core.package_identification:_identify(.) by extension 'ignore_ament_install'
[1.150s] Level 1:colcon.colcon_core.package_identification:_identify(.) by extensions ['colcon_pkg']
[1.150s] Level 1:colcon.colcon_core.package_identification:_identify(.) by extension 'colcon_pkg'
[1.150s] Level 1:colcon.colcon_core.package_identification:_identify(.) by extensions ['colcon_meta']
[1.150s] Level 1:colcon.colcon_core.package_identification:_identify(.) by extension 'colcon_meta'
[1.150s] Level 1:colcon.colcon_core.package_identification:_identify(.) by extensions ['ros']
[1.151s] Level 1:colcon.colcon_core.package_identification:_identify(.) by extension 'ros'
[1.199s] Level 1:colcon.colcon_core.package_identification:_identify(.) by extensions ['cmake', 'python']
[1.199s] Level 1:colcon.colcon_core.package_identification:_identify(.) by extension 'cmake'
[1.200s] Level 1:colcon.colcon_core.package_identification:_identify(.) by extension 'python'
[1.200s] Level 1:colcon.colcon_core.package_identification:_identify(.) by extensions ['python_setup_py']
[1.200s] Level 1:colcon.colcon_core.package_identification:_identify(.) by extension 'python_setup_py'
[1.201s] Level 1:colcon.colcon_core.package_identification:_identify(build) by extensions ['ignore', 'ignore_ament_install']
[1.201s] Level 1:colcon.colcon_core.package_identification:_identify(build) by extension 'ignore'
[1.201s] Level 1:colcon.colcon_core.package_identification:_identify(build) ignored
[1.202s] Level 1:colcon.colcon_core.package_identification:_identify(install) by extensions ['ignore', 'ignore_ament_install']
[1.202s] Level 1:colcon.colcon_core.package_identification:_identify(install) by extension 'ignore'
[1.203s] Level 1:colcon.colcon_core.package_identification:_identify(install) ignored
[1.204s] Level 1:colcon.colcon_core.package_identification:_identify(log) by extensions ['ignore', 'ignore_ament_install']
[1.204s] Level 1:colcon.colcon_core.package_identification:_identify(log) by extension 'ignore'
[1.204s] Level 1:colcon.colcon_core.package_identification:_identify(log) ignored
[1.205s] Level 1:colcon.colcon_core.package_identification:_identify(src) by extensions ['ignore', 'ignore_ament_install']
[1.205s] Level 1:colcon.colcon_core.package_identification:_identify(src) by extension 'ignore'
[1.205s] Level 1:colcon.colcon_core.package_identification:_identify(src) by extension 'ignore_ament_install'
[1.206s] Level 1:colcon.colcon_core.package_identification:_identify(src) by extensions ['colcon_pkg']
[1.206s] Level 1:colcon.colcon_core.package_identification:_identify(src) by extension 'colcon_pkg'
[1.206s] Level 1:colcon.colcon_core.package_identification:_identify(src) by extensions ['colcon_meta']
[1.206s] Level 1:colcon.colcon_core.package_identification:_identify(src) by extension 'colcon_meta'
[1.206s] Level 1:colcon.colcon_core.package_identification:_identify(src) by extensions ['ros']
[1.206s] Level 1:colcon.colcon_core.package_identification:_identify(src) by extension 'ros'
[1.207s] Level 1:colcon.colcon_core.package_identification:_identify(src) by extensions ['cmake', 'python']
[1.207s] Level 1:colcon.colcon_core.package_identification:_identify(src) by extension 'cmake'
[1.207s] Level 1:colcon.colcon_core.package_identification:_identify(src) by extension 'python'
[1.207s] Level 1:colcon.colcon_core.package_identification:_identify(src) by extensions ['python_setup_py']
[1.207s] Level 1:colcon.colcon_core.package_identification:_identify(src) by extension 'python_setup_py'
[1.208s] Level 1:colcon.colcon_core.package_identification:_identify(src/auv_bringup) by extensions ['ignore', 'ignore_ament_install']
[1.208s] Level 1:colcon.colcon_core.package_identification:_identify(src/auv_bringup) by extension 'ignore'
[1.209s] Level 1:colcon.colcon_core.package_identification:_identify(src/auv_bringup) by extension 'ignore_ament_install'
[1.209s] Level 1:colcon.colcon_core.package_identification:_identify(src/auv_bringup) by extensions ['colcon_pkg']
[1.209s] Level 1:colcon.colcon_core.package_identification:_identify(src/auv_bringup) by extension 'colcon_pkg'
[1.209s] Level 1:colcon.colcon_core.package_identification:_identify(src/auv_bringup) by extensions ['colcon_meta']
[1.209s] Level 1:colcon.colcon_core.package_identification:_identify(src/auv_bringup) by extension 'colcon_meta'
[1.209s] Level 1:colcon.colcon_core.package_identification:_identify(src/auv_bringup) by extensions ['ros']
[1.210s] Level 1:colcon.colcon_core.package_identification:_identify(src/auv_bringup) by extension 'ros'
[1.218s] DEBUG:colcon.colcon_core.package_identification:Package 'src/auv_bringup' with type 'ros.ament_python' and name 'auv_bringup'
[1.219s] Level 1:colcon.colcon_core.package_identification:_identify(src/auv_camera_stream) by extensions ['ignore', 'ignore_ament_install']
[1.219s] Level 1:colcon.colcon_core.package_identification:_identify(src/auv_camera_stream) by extension 'ignore'
[1.220s] Level 1:colcon.colcon_core.package_identification:_identify(src/auv_camera_stream) by extension 'ignore_ament_install'
[1.220s] Level 1:colcon.colcon_core.package_identification:_identify(src/auv_camera_stream) by extensions ['colcon_pkg']
[1.220s] Level 1:colcon.colcon_core.package_identification:_identify(src/auv_camera_stream) by extension 'colcon_pkg'
[1.220s] Level 1:colcon.colcon_core.package_identification:_identify(src/auv_camera_stream) by extensions ['colcon_meta']
[1.220s] Level 1:colcon.colcon_core.package_identification:_identify(src/auv_camera_stream) by extension 'colcon_meta'
[1.221s] Level 1:colcon.colcon_core.package_identification:_identify(src/auv_camera_stream) by extensions ['ros']
[1.221s] Level 1:colcon.colcon_core.package_identification:_identify(src/auv_camera_stream) by extension 'ros'
[1.223s] DEBUG:colcon.colcon_core.package_identification:Package 'src/auv_camera_stream' with type 'ros.ament_python' and name 'auv_camera_stream'
[1.224s] Level 1:colcon.colcon_core.package_identification:_identify(src/auv_control) by extensions ['ignore', 'ignore_ament_install']
[1.224s] Level 1:colcon.colcon_core.package_identification:_identify(src/auv_control) by extension 'ignore'
[1.225s] Level 1:colcon.colcon_core.package_identification:_identify(src/auv_control) by extension 'ignore_ament_install'
[1.225s] Level 1:colcon.colcon_core.package_identification:_identify(src/auv_control) by extensions ['colcon_pkg']
[1.225s] Level 1:colcon.colcon_core.package_identification:_identify(src/auv_control) by extension 'colcon_pkg'
[1.225s] Level 1:colcon.colcon_core.package_identification:_identify(src/auv_control) by extensions ['colcon_meta']
[1.226s] Level 1:colcon.colcon_core.package_identification:_identify(src/auv_control) by extension 'colcon_meta'
[1.226s] Level 1:colcon.colcon_core.package_identification:_identify(src/auv_control) by extensions ['ros']
[1.226s] Level 1:colcon.colcon_core.package_identification:_identify(src/auv_control) by extension 'ros'
[1.228s] DEBUG:colcon.colcon_core.package_identification:Package 'src/auv_control' with type 'ros.ament_python' and name 'auv_control'
[1.229s] Level 1:colcon.colcon_core.package_identification:_identify(src/auv_teleop) by extensions ['ignore', 'ignore_ament_install']
[1.229s] Level 1:colcon.colcon_core.package_identification:_identify(src/auv_teleop) by extension 'ignore'
[1.230s] Level 1:colcon.colcon_core.package_identification:_identify(src/auv_teleop) by extension 'ignore_ament_install'
[1.230s] Level 1:colcon.colcon_core.package_identification:_identify(src/auv_teleop) by extensions ['colcon_pkg']
[1.230s] Level 1:colcon.colcon_core.package_identification:_identify(src/auv_teleop) by extension 'colcon_pkg'
[1.230s] Level 1:colcon.colcon_core.package_identification:_identify(src/auv_teleop) by extensions ['colcon_meta']
[1.230s] Level 1:colcon.colcon_core.package_identification:_identify(src/auv_teleop) by extension 'colcon_meta'
[1.231s] Level 1:colcon.colcon_core.package_identification:_identify(src/auv_teleop) by extensions ['ros']
[1.231s] Level 1:colcon.colcon_core.package_identification:_identify(src/auv_teleop) by extension 'ros'
[1.233s] DEBUG:colcon.colcon_core.package_identification:Package 'src/auv_teleop' with type 'ros.ament_python' and name 'auv_teleop'
[1.234s] Level 1:colcon.colcon_core.package_identification:_identify(src/firmare) by extensions ['ignore', 'ignore_ament_install']
[1.234s] Level 1:colcon.colcon_core.package_identification:_identify(src/firmare) by extension 'ignore'
[1.234s] Level 1:colcon.colcon_core.package_identification:_identify(src/firmare) by extension 'ignore_ament_install'
[1.235s] Level 1:colcon.colcon_core.package_identification:_identify(src/firmare) by extensions ['colcon_pkg']
[1.235s] Level 1:colcon.colcon_core.package_identification:_identify(src/firmare) by extension 'colcon_pkg'
[1.235s] Level 1:colcon.colcon_core.package_identification:_identify(src/firmare) by extensions ['colcon_meta']
[1.235s] Level 1:colcon.colcon_core.package_identification:_identify(src/firmare) by extension 'colcon_meta'
[1.235s] Level 1:colcon.colcon_core.package_identification:_identify(src/firmare) by extensions ['ros']
[1.236s] Level 1:colcon.colcon_core.package_identification:_identify(src/firmare) by extension 'ros'
[1.236s] Level 1:colcon.colcon_core.package_identification:_identify(src/firmare) by extensions ['cmake', 'python']
[1.236s] Level 1:colcon.colcon_core.package_identification:_identify(src/firmare) by extension 'cmake'
[1.236s] Level 1:colcon.colcon_core.package_identification:_identify(src/firmare) by extension 'python'
[1.236s] Level 1:colcon.colcon_core.package_identification:_identify(src/firmare) by extensions ['python_setup_py']
[1.237s] Level 1:colcon.colcon_core.package_identification:_identify(src/firmare) by extension 'python_setup_py'
[1.237s] Level 1:colcon.colcon_core.package_identification:_identify(src/serial_bridge) by extensions ['ignore', 'ignore_ament_install']
[1.238s] Level 1:colcon.colcon_core.package_identification:_identify(src/serial_bridge) by extension 'ignore'
[1.238s] Level 1:colcon.colcon_core.package_identification:_identify(src/serial_bridge) by extension 'ignore_ament_install'
[1.238s] Level 1:colcon.colcon_core.package_identification:_identify(src/serial_bridge) by extensions ['colcon_pkg']
[1.238s] Level 1:colcon.colcon_core.package_identification:_identify(src/serial_bridge) by extension 'colcon_pkg'
[1.238s] Level 1:colcon.colcon_core.package_identification:_identify(src/serial_bridge) by extensions ['colcon_meta']
[1.238s] Level 1:colcon.colcon_core.package_identification:_identify(src/serial_bridge) by extension 'colcon_meta'
[1.239s] Level 1:colcon.colcon_core.package_identification:_identify(src/serial_bridge) by extensions ['ros']
[1.239s] Level 1:colcon.colcon_core.package_identification:_identify(src/serial_bridge) by extension 'ros'
[1.241s] DEBUG:colcon.colcon_core.package_identification:Package 'src/serial_bridge' with type 'ros.ament_python' and name 'serial_bridge'
[1.241s] Level 1:colcon.colcon_core.package_discovery:discover_packages(recursive) using defaults
[1.242s] Level 1:colcon.colcon_core.package_discovery:discover_packages(ignore) discover
[1.242s] Level 1:colcon.colcon_core.package_discovery:discover_packages(ignore) using defaults
[1.242s] Level 1:colcon.colcon_core.package_discovery:discover_packages(path) discover
[1.242s] Level 1:colcon.colcon_core.package_discovery:discover_packages(path) using defaults
[1.325s] Level 1:colcon.colcon_core.package_discovery:discover_packages(prefix_path) check parameters
[1.325s] Level 1:colcon.colcon_core.package_discovery:discover_packages(prefix_path) discover
[1.335s] DEBUG:colcon.colcon_installed_package_information.package_discovery:Found 8 installed packages in /home/raspberry/Auv_ws/install
[1.342s] DEBUG:colcon.colcon_installed_package_information.package_discovery:Found 188 installed packages in /opt/ros/humble
[1.346s] Level 1:colcon.colcon_core.package_discovery:discover_packages(prefix_path) using defaults
[1.500s] Level 5:colcon.colcon_core.verb:set package 'auv_bringup' build argument 'cmake_args' from command line to 'None'
[1.500s] Level 5:colcon.colcon_core.verb:set package 'auv_bringup' build argument 'cmake_target' from command line to 'None'
[1.500s] Level 5:colcon.colcon_core.verb:set package 'auv_bringup' build argument 'cmake_target_skip_unavailable' from command line to 'False'
[1.500s] Level 5:colcon.colcon_core.verb:set package 'auv_bringup' build argument 'cmake_clean_cache' from command line to 'False'
[1.501s] Level 5:colcon.colcon_core.verb:set package 'auv_bringup' build argument 'cmake_clean_first' from command line to 'False'
[1.501s] Level 5:colcon.colcon_core.verb:set package 'auv_bringup' build argument 'cmake_force_configure' from command line to 'False'
[1.501s] Level 5:colcon.colcon_core.verb:set package 'auv_bringup' build argument 'ament_cmake_args' from command line to 'None'
[1.501s] Level 5:colcon.colcon_core.verb:set package 'auv_bringup' build argument 'catkin_cmake_args' from command line to 'None'
[1.501s] Level 5:colcon.colcon_core.verb:set package 'auv_bringup' build argument 'catkin_skip_building_tests' from command line to 'False'
[1.501s] DEBUG:colcon.colcon_core.verb:Building package 'auv_bringup' with the following arguments: {'ament_cmake_args': None, 'build_base': '/home/raspberry/Auv_ws/build/auv_bringup', 'catkin_cmake_args': None, 'catkin_skip_building_tests': False, 'cmake_args': None, 'cmake_clean_cache': False, 'cmake_clean_first': False, 'cmake_force_configure': False, 'cmake_target': None, 'cmake_target_skip_unavailable': False, 'install_base': '/home/raspberry/Auv_ws/install/auv_bringup', 'merge_install': False, 'path': '/home/raspberry/Auv_ws/src/auv_bringup', 'symlink_install': False, 'test_result_base': None}
[1.503s] Level 5:colcon.colcon_core.verb:set package 'auv_camera_stream' build argument 'cmake_args' from command line to 'None'
[1.503s] Level 5:colcon.colcon_core.verb:set package 'auv_camera_stream' build argument 'cmake_target' from command line to 'None'
[1.503s] Level 5:colcon.colcon_core.verb:set package 'auv_camera_stream' build argument 'cmake_target_skip_unavailable' from command line to 'False'
[1.503s] Level 5:colcon.colcon_core.verb:set package 'auv_camera_stream' build argument 'cmake_clean_cache' from command line to 'False'
[1.503s] Level 5:colcon.colcon_core.verb:set package 'auv_camera_stream' build argument 'cmake_clean_first' from command line to 'False'
[1.504s] Level 5:colcon.colcon_core.verb:set package 'auv_camera_stream' build argument 'cmake_force_configure' from command line to 'False'
[1.504s] Level 5:colcon.colcon_core.verb:set package 'auv_camera_stream' build argument 'ament_cmake_args' from command line to 'None'
[1.504s] Level 5:colcon.colcon_core.verb:set package 'auv_camera_stream' build argument 'catkin_cmake_args' from command line to 'None'
[1.504s] Level 5:colcon.colcon_core.verb:set package 'auv_camera_stream' build argument 'catkin_skip_building_tests' from command line to 'False'
[1.504s] DEBUG:colcon.colcon_core.verb:Building package 'auv_camera_stream' with the following arguments: {'ament_cmake_args': None, 'build_base': '/home/raspberry/Auv_ws/build/auv_camera_stream', 'catkin_cmake_args': None, 'catkin_skip_building_tests': False, 'cmake_args': None, 'cmake_clean_cache': False, 'cmake_clean_first': False, 'cmake_force_configure': False, 'cmake_target': None, 'cmake_target_skip_unavailable': False, 'install_base': '/home/raspberry/Auv_ws/install/auv_camera_stream', 'merge_install': False, 'path': '/home/raspberry/Auv_ws/src/auv_camera_stream', 'symlink_install': False, 'test_result_base': None}
[1.505s] Level 5:colcon.colcon_core.verb:set package 'auv_control' build argument 'cmake_args' from command line to 'None'
[1.506s] Level 5:colcon.colcon_core.verb:set package 'auv_control' build argument 'cmake_target' from command line to 'None'
[1.506s] Level 5:colcon.colcon_core.verb:set package 'auv_control' build argument 'cmake_target_skip_unavailable' from command line to 'False'
[1.506s] Level 5:colcon.colcon_core.verb:set package 'auv_control' build argument 'cmake_clean_cache' from command line to 'False'
[1.506s] Level 5:colcon.colcon_core.verb:set package 'auv_control' build argument 'cmake_clean_first' from command line to 'False'
[1.506s] Level 5:colcon.colcon_core.verb:set package 'auv_control' build argument 'cmake_force_configure' from command line to 'False'
[1.506s] Level 5:colcon.colcon_core.verb:set package 'auv_control' build argument 'ament_cmake_args' from command line to 'None'
[1.506s] Level 5:colcon.colcon_core.verb:set package 'auv_control' build argument 'catkin_cmake_args' from command line to 'None'
[1.506s] Level 5:colcon.colcon_core.verb:set package 'auv_control' build argument 'catkin_skip_building_tests' from command line to 'False'
[1.507s] DEBUG:colcon.colcon_core.verb:Building package 'auv_control' with the following arguments: {'ament_cmake_args': None, 'build_base': '/home/raspberry/Auv_ws/build/auv_control', 'catkin_cmake_args': None, 'catkin_skip_building_tests': False, 'cmake_args': None, 'cmake_clean_cache': False, 'cmake_clean_first': False, 'cmake_force_configure': False, 'cmake_target': None, 'cmake_target_skip_unavailable': False, 'install_base': '/home/raspberry/Auv_ws/install/auv_control', 'merge_install': False, 'path': '/home/raspberry/Auv_ws/src/auv_control', 'symlink_install': False, 'test_result_base': None}
[1.508s] Level 5:colcon.colcon_core.verb:set package 'auv_teleop' build argument 'cmake_args' from command line to 'None'
[1.508s] Level 5:colcon.colcon_core.verb:set package 'auv_teleop' build argument 'cmake_target' from command line to 'None'
[1.508s] Level 5:colcon.colcon_core.verb:set package 'auv_teleop' build argument 'cmake_target_skip_unavailable' from command line to 'False'
[1.508s] Level 5:colcon.colcon_core.verb:set package 'auv_teleop' build argument 'cmake_clean_cache' from command line to 'False'
[1.509s] Level 5:colcon.colcon_core.verb:set package 'auv_teleop' build argument 'cmake_clean_first' from command line to 'False'
[1.509s] Level 5:colcon.colcon_core.verb:set package 'auv_teleop' build argument 'cmake_force_configure' from command line to 'False'
[1.509s] Level 5:colcon.colcon_core.verb:set package 'auv_teleop' build argument 'ament_cmake_args' from command line to 'None'
[1.509s] Level 5:colcon.colcon_core.verb:set package 'auv_teleop' build argument 'catkin_cmake_args' from command line to 'None'
[1.509s] Level 5:colcon.colcon_core.verb:set package 'auv_teleop' build argument 'catkin_skip_building_tests' from command line to 'False'
[1.509s] DEBUG:colcon.colcon_core.verb:Building package 'auv_teleop' with the following arguments: {'ament_cmake_args': None, 'build_base': '/home/raspberry/Auv_ws/build/auv_teleop', 'catkin_cmake_args': None, 'catkin_skip_building_tests': False, 'cmake_args': None, 'cmake_clean_cache': False, 'cmake_clean_first': False, 'cmake_force_configure': False, 'cmake_target': None, 'cmake_target_skip_unavailable': False, 'install_base': '/home/raspberry/Auv_ws/install/auv_teleop', 'merge_install': False, 'path': '/home/raspberry/Auv_ws/src/auv_teleop', 'symlink_install': False, 'test_result_base': None}
[1.511s] Level 5:colcon.colcon_core.verb:set package 'serial_bridge' build argument 'cmake_args' from command line to 'None'
[1.511s] Level 5:colcon.colcon_core.verb:set package 'serial_bridge' build argument 'cmake_target' from command line to 'None'
[1.511s] Level 5:colcon.colcon_core.verb:set package 'serial_bridge' build argument 'cmake_target_skip_unavailable' from command line to 'False'
[1.511s] Level 5:colcon.colcon_core.verb:set package 'serial_bridge' build argument 'cmake_clean_cache' from command line to 'False'
[1.511s] Level 5:colcon.colcon_core.verb:set package 'serial_bridge' build argument 'cmake_clean_first' from command line to 'False'
[1.511s] Level 5:colcon.colcon_core.verb:set package 'serial_bridge' build argument 'cmake_force_configure' from command line to 'False'
[1.511s] Level 5:colcon.colcon_core.verb:set package 'serial_bridge' build argument 'ament_cmake_args' from command line to 'None'
[1.511s] Level 5:colcon.colcon_core.verb:set package 'serial_bridge' build argument 'catkin_cmake_args' from command line to 'None'
[1.512s] Level 5:colcon.colcon_core.verb:set package 'serial_bridge' build argument 'catkin_skip_building_tests' from command line to 'False'
[1.512s] DEBUG:colcon.colcon_core.verb:Building package 'serial_bridge' with the following arguments: {'ament_cmake_args': None, 'build_base': '/home/raspberry/Auv_ws/build/serial_bridge', 'catkin_cmake_args': None, 'catkin_skip_building_tests': False, 'cmake_args': None, 'cmake_clean_cache': False, 'cmake_clean_first': False, 'cmake_force_configure': False, 'cmake_target': None, 'cmake_target_skip_unavailable': False, 'install_base': '/home/raspberry/Auv_ws/install/serial_bridge', 'merge_install': False, 'path': '/home/raspberry/Auv_ws/src/serial_bridge', 'symlink_install': False, 'test_result_base': None}
[1.512s] INFO:colcon.colcon_core.executor:Executing jobs using 'parallel' executor
[1.515s] DEBUG:colcon.colcon_parallel_executor.executor.parallel:run_until_complete
[1.517s] INFO:colcon.colcon_ros.task.ament_python.build:Building ROS package in '/home/raspberry/Auv_ws/src/auv_bringup' with build type 'ament_python'
[1.517s] Level 1:colcon.colcon_core.shell:create_environment_hook('auv_bringup', 'ament_prefix_path')
[1.527s] INFO:colcon.colcon_core.plugin_system:Skipping extension 'colcon_core.shell.bat': Not used on non-Windows systems
[1.528s] INFO:colcon.colcon_core.shell:Creating environment hook '/home/raspberry/Auv_ws/install/auv_bringup/share/auv_bringup/hook/ament_prefix_path.ps1'
[1.531s] INFO:colcon.colcon_core.shell:Creating environment descriptor '/home/raspberry/Auv_ws/install/auv_bringup/share/auv_bringup/hook/ament_prefix_path.dsv'
[1.533s] INFO:colcon.colcon_core.shell:Creating environment hook '/home/raspberry/Auv_ws/install/auv_bringup/share/auv_bringup/hook/ament_prefix_path.sh'
[1.537s] INFO:colcon.colcon_core.shell:Skip shell extension 'powershell' for command environment: Not usable outside of PowerShell
[1.537s] DEBUG:colcon.colcon_core.shell:Skip shell extension 'dsv' for command environment
[1.554s] INFO:colcon.colcon_ros.task.ament_python.build:Building ROS package in '/home/raspberry/Auv_ws/src/auv_camera_stream' with build type 'ament_python'
[1.555s] Level 1:colcon.colcon_core.shell:create_environment_hook('auv_camera_stream', 'ament_prefix_path')
[1.556s] INFO:colcon.colcon_core.shell:Creating environment hook '/home/raspberry/Auv_ws/install/auv_camera_stream/share/auv_camera_stream/hook/ament_prefix_path.ps1'
[1.559s] INFO:colcon.colcon_core.shell:Creating environment descriptor '/home/raspberry/Auv_ws/install/auv_camera_stream/share/auv_camera_stream/hook/ament_prefix_path.dsv'
[1.561s] INFO:colcon.colcon_core.shell:Creating environment hook '/home/raspberry/Auv_ws/install/auv_camera_stream/share/auv_camera_stream/hook/ament_prefix_path.sh'
[1.564s] INFO:colcon.colcon_core.shell:Skip shell extension 'powershell' for command environment: Not usable outside of PowerShell
[1.564s] DEBUG:colcon.colcon_core.shell:Skip shell extension 'dsv' for command environment
[1.582s] INFO:colcon.colcon_ros.task.ament_python.build:Building ROS package in '/home/raspberry/Auv_ws/src/auv_control' with build type 'ament_python'
[1.582s] Level 1:colcon.colcon_core.shell:create_environment_hook('auv_control', 'ament_prefix_path')
[1.584s] INFO:colcon.colcon_core.shell:Creating environment hook '/home/raspberry/Auv_ws/install/auv_control/share/auv_control/hook/ament_prefix_path.ps1'
[1.586s] INFO:colcon.colcon_core.shell:Creating environment descriptor '/home/raspberry/Auv_ws/install/auv_control/share/auv_control/hook/ament_prefix_path.dsv'
[1.589s] INFO:colcon.colcon_core.shell:Creating environment hook '/home/raspberry/Auv_ws/install/auv_control/share/auv_control/hook/ament_prefix_path.sh'
[1.592s] INFO:colcon.colcon_core.shell:Skip shell extension 'powershell' for command environment: Not usable outside of PowerShell
[1.592s] DEBUG:colcon.colcon_core.shell:Skip shell extension 'dsv' for command environment
[1.609s] INFO:colcon.colcon_ros.task.ament_python.build:Building ROS package in '/home/raspberry/Auv_ws/src/auv_teleop' with build type 'ament_python'
[1.610s] Level 1:colcon.colcon_core.shell:create_environment_hook('auv_teleop', 'ament_prefix_path')
[1.611s] INFO:colcon.colcon_core.shell:Creating environment hook '/home/raspberry/Auv_ws/install/auv_teleop/share/auv_teleop/hook/ament_prefix_path.ps1'
[1.613s] INFO:colcon.colcon_core.shell:Creating environment descriptor '/home/raspberry/Auv_ws/install/auv_teleop/share/auv_teleop/hook/ament_prefix_path.dsv'
[1.616s] INFO:colcon.colcon_core.shell:Creating environment hook '/home/raspberry/Auv_ws/install/auv_teleop/share/auv_teleop/hook/ament_prefix_path.sh'
[1.619s] INFO:colcon.colcon_core.shell:Skip shell extension 'powershell' for command environment: Not usable outside of PowerShell
[1.620s] DEBUG:colcon.colcon_core.shell:Skip shell extension 'dsv' for command environment
[2.731s] INFO:colcon.colcon_core.task.python.build:Building Python package in '/home/raspberry/Auv_ws/src/auv_bringup'
[2.732s] INFO:colcon.colcon_core.shell:Skip shell extension 'powershell' for command environment: Not usable outside of PowerShell
[2.732s] DEBUG:colcon.colcon_core.shell:Skip shell extension 'dsv' for command environment
[3.852s] INFO:colcon.colcon_core.task.python.build:Building Python package in '/home/raspberry/Auv_ws/src/auv_camera_stream'
[3.853s] INFO:colcon.colcon_core.shell:Skip shell extension 'powershell' for command environment: Not usable outside of PowerShell
[3.853s] DEBUG:colcon.colcon_core.shell:Skip shell extension 'dsv' for command environment
[4.962s] INFO:colcon.colcon_core.task.python.build:Building Python package in '/home/raspberry/Auv_ws/src/auv_control'
[4.963s] INFO:colcon.colcon_core.shell:Skip shell extension 'powershell' for command environment: Not usable outside of PowerShell
[4.964s] DEBUG:colcon.colcon_core.shell:Skip shell extension 'dsv' for command environment
[6.090s] INFO:colcon.colcon_core.task.python.build:Building Python package in '/home/raspberry/Auv_ws/src/auv_teleop'
[6.091s] INFO:colcon.colcon_core.shell:Skip shell extension 'powershell' for command environment: Not usable outside of PowerShell
[6.091s] DEBUG:colcon.colcon_core.shell:Skip shell extension 'dsv' for command environment
[8.413s] DEBUG:colcon.colcon_core.event_handler.log_command:Invoking command in '/home/raspberry/Auv_ws/src/auv_camera_stream': PYTHONPATH=/home/raspberry/Auv_ws/build/auv_camera_stream/prefix_override:/usr/lib/python3/dist-packages/colcon_core/task/python/colcon_distutils_commands:/home/raspberry/Auv_ws/install/auv_camera_stream/lib/python3.10/site-packages:${PYTHONPATH} /usr/bin/python3 -W ignore:setup.py install is deprecated -W ignore:easy_install command is deprecated setup.py egg_info --egg-base ../../build/auv_camera_stream build --build-base /home/raspberry/Auv_ws/build/auv_camera_stream/build install --record /home/raspberry/Auv_ws/build/auv_camera_stream/install.log --single-version-externally-managed install_data
[8.485s] DEBUG:colcon.colcon_core.event_handler.log_command:Invoking command in '/home/raspberry/Auv_ws/src/auv_control': PYTHONPATH=/home/raspberry/Auv_ws/build/auv_control/prefix_override:/usr/lib/python3/dist-packages/colcon_core/task/python/colcon_distutils_commands:/home/raspberry/Auv_ws/install/auv_control/lib/python3.10/site-packages:${PYTHONPATH} /usr/bin/python3 -W ignore:setup.py install is deprecated -W ignore:easy_install command is deprecated setup.py egg_info --egg-base ../../build/auv_control build --build-base /home/raspberry/Auv_ws/build/auv_control/build install --record /home/raspberry/Auv_ws/build/auv_control/install.log --single-version-externally-managed install_data
[8.526s] DEBUG:colcon.colcon_core.event_handler.log_command:Invoking command in '/home/raspberry/Auv_ws/src/auv_teleop': PYTHONPATH=/home/raspberry/Auv_ws/build/auv_teleop/prefix_override:/usr/lib/python3/dist-packages/colcon_core/task/python/colcon_distutils_commands:/home/raspberry/Auv_ws/install/auv_teleop/lib/python3.10/site-packages:${PYTHONPATH} /usr/bin/python3 -W ignore:setup.py install is deprecated -W ignore:easy_install command is deprecated setup.py egg_info --egg-base ../../build/auv_teleop build --build-base /home/raspberry/Auv_ws/build/auv_teleop/build install --record /home/raspberry/Auv_ws/build/auv_teleop/install.log --single-version-externally-managed install_data
[8.631s] DEBUG:colcon.colcon_core.event_handler.log_command:Invoking command in '/home/raspberry/Auv_ws/src/auv_bringup': PYTHONPATH=/home/raspberry/Auv_ws/build/auv_bringup/prefix_override:/usr/lib/python3/dist-packages/colcon_core/task/python/colcon_distutils_commands:/home/raspberry/Auv_ws/install/auv_bringup/lib/python3.10/site-packages:${PYTHONPATH} /usr/bin/python3 -W ignore:setup.py install is deprecated -W ignore:easy_install command is deprecated setup.py egg_info --egg-base ../../build/auv_bringup build --build-base /home/raspberry/Auv_ws/build/auv_bringup/build install --record /home/raspberry/Auv_ws/build/auv_bringup/install.log --single-version-externally-managed install_data
[10.453s] DEBUG:colcon.colcon_core.event_handler.log_command:Invoked command in '/home/raspberry/Auv_ws/src/auv_camera_stream' returned '0': PYTHONPATH=/home/raspberry/Auv_ws/build/auv_camera_stream/prefix_override:/usr/lib/python3/dist-packages/colcon_core/task/python/colcon_distutils_commands:/home/raspberry/Auv_ws/install/auv_camera_stream/lib/python3.10/site-packages:${PYTHONPATH} /usr/bin/python3 -W ignore:setup.py install is deprecated -W ignore:easy_install command is deprecated setup.py egg_info --egg-base ../../build/auv_camera_stream build --build-base /home/raspberry/Auv_ws/build/auv_camera_stream/build install --record /home/raspberry/Auv_ws/build/auv_camera_stream/install.log --single-version-externally-managed install_data
[10.490s] Level 1:colcon.colcon_core.environment:checking '/home/raspberry/Auv_ws/install/auv_camera_stream' for CMake module files
[10.497s] Level 1:colcon.colcon_core.environment:checking '/home/raspberry/Auv_ws/install/auv_camera_stream' for CMake config files
[10.505s] Level 1:colcon.colcon_core.environment:checking '/home/raspberry/Auv_ws/install/auv_camera_stream/lib'
[10.506s] Level 1:colcon.colcon_core.environment:checking '/home/raspberry/Auv_ws/install/auv_camera_stream/bin'
[10.507s] Level 1:colcon.colcon_core.environment:checking '/home/raspberry/Auv_ws/install/auv_camera_stream/lib/pkgconfig/auv_camera_stream.pc'
[10.508s] Level 1:colcon.colcon_core.environment:checking '/home/raspberry/Auv_ws/install/auv_camera_stream/lib/python3.10/site-packages'
[10.509s] Level 1:colcon.colcon_core.shell:create_environment_hook('auv_camera_stream', 'pythonpath')
[10.510s] INFO:colcon.colcon_core.shell:Creating environment hook '/home/raspberry/Auv_ws/install/auv_camera_stream/share/auv_camera_stream/hook/pythonpath.ps1'
[10.517s] INFO:colcon.colcon_core.shell:Creating environment descriptor '/home/raspberry/Auv_ws/install/auv_camera_stream/share/auv_camera_stream/hook/pythonpath.dsv'
[10.520s] INFO:colcon.colcon_core.shell:Creating environment hook '/home/raspberry/Auv_ws/install/auv_camera_stream/share/auv_camera_stream/hook/pythonpath.sh'
[10.525s] Level 1:colcon.colcon_core.environment:checking '/home/raspberry/Auv_ws/install/auv_camera_stream/bin'
[10.525s] Level 1:colcon.colcon_core.environment:create_environment_scripts_only(auv_camera_stream)
[10.528s] INFO:colcon.colcon_core.shell:Creating package script '/home/raspberry/Auv_ws/install/auv_camera_stream/share/auv_camera_stream/package.ps1'
[10.532s] INFO:colcon.colcon_core.shell:Creating package descriptor '/home/raspberry/Auv_ws/install/auv_camera_stream/share/auv_camera_stream/package.dsv'
[10.536s] INFO:colcon.colcon_core.shell:Creating package script '/home/raspberry/Auv_ws/install/auv_camera_stream/share/auv_camera_stream/package.sh'
[10.540s] INFO:colcon.colcon_core.shell:Creating package script '/home/raspberry/Auv_ws/install/auv_camera_stream/share/auv_camera_stream/package.bash'
[10.544s] INFO:colcon.colcon_core.shell:Creating package script '/home/raspberry/Auv_ws/install/auv_camera_stream/share/auv_camera_stream/package.zsh'
[10.547s] Level 1:colcon.colcon_core.environment:create_file_with_runtime_dependencies(/home/raspberry/Auv_ws/install/auv_camera_stream/share/colcon-core/packages/auv_camera_stream)
[10.550s] INFO:colcon.colcon_ros.task.ament_python.build:Building ROS package in '/home/raspberry/Auv_ws/src/serial_bridge' with build type 'ament_python'
[10.552s] Level 1:colcon.colcon_core.shell:create_environment_hook('serial_bridge', 'ament_prefix_path')
[10.553s] INFO:colcon.colcon_core.shell:Creating environment hook '/home/raspberry/Auv_ws/install/serial_bridge/share/serial_bridge/hook/ament_prefix_path.ps1'
[10.557s] INFO:colcon.colcon_core.shell:Creating environment descriptor '/home/raspberry/Auv_ws/install/serial_bridge/share/serial_bridge/hook/ament_prefix_path.dsv'
[10.559s] INFO:colcon.colcon_core.shell:Creating environment hook '/home/raspberry/Auv_ws/install/serial_bridge/share/serial_bridge/hook/ament_prefix_path.sh'
[10.562s] INFO:colcon.colcon_core.shell:Skip shell extension 'powershell' for command environment: Not usable outside of PowerShell
[10.563s] DEBUG:colcon.colcon_core.shell:Skip shell extension 'dsv' for command environment
[10.585s] Level 1:colcon.colcon_core.environment:checking '/home/raspberry/Auv_ws/install/auv_control' for CMake module files
[10.588s] DEBUG:colcon.colcon_core.event_handler.log_command:Invoked command in '/home/raspberry/Auv_ws/src/auv_control' returned '0': PYTHONPATH=/home/raspberry/Auv_ws/build/auv_control/prefix_override:/usr/lib/python3/dist-packages/colcon_core/task/python/colcon_distutils_commands:/home/raspberry/Auv_ws/install/auv_control/lib/python3.10/site-packages:${PYTHONPATH} /usr/bin/python3 -W ignore:setup.py install is deprecated -W ignore:easy_install command is deprecated setup.py egg_info --egg-base ../../build/auv_control build --build-base /home/raspberry/Auv_ws/build/auv_control/build install --record /home/raspberry/Auv_ws/build/auv_control/install.log --single-version-externally-managed install_data
[10.590s] Level 1:colcon.colcon_core.environment:checking '/home/raspberry/Auv_ws/install/auv_control' for CMake config files
[10.594s] Level 1:colcon.colcon_core.environment:checking '/home/raspberry/Auv_ws/install/auv_control/lib'
[10.594s] Level 1:colcon.colcon_core.environment:checking '/home/raspberry/Auv_ws/install/auv_control/bin'
[10.595s] Level 1:colcon.colcon_core.environment:checking '/home/raspberry/Auv_ws/install/auv_control/lib/pkgconfig/auv_control.pc'
[10.596s] Level 1:colcon.colcon_core.environment:checking '/home/raspberry/Auv_ws/install/auv_control/lib/python3.10/site-packages'
[10.596s] Level 1:colcon.colcon_core.shell:create_environment_hook('auv_control', 'pythonpath')
[10.597s] INFO:colcon.colcon_core.shell:Creating environment hook '/home/raspberry/Auv_ws/install/auv_control/share/auv_control/hook/pythonpath.ps1'
[10.600s] INFO:colcon.colcon_core.shell:Creating environment descriptor '/home/raspberry/Auv_ws/install/auv_control/share/auv_control/hook/pythonpath.dsv'
[10.602s] INFO:colcon.colcon_core.shell:Creating environment hook '/home/raspberry/Auv_ws/install/auv_control/share/auv_control/hook/pythonpath.sh'
[10.605s] Level 1:colcon.colcon_core.environment:checking '/home/raspberry/Auv_ws/install/auv_control/bin'
[10.606s] Level 1:colcon.colcon_core.environment:create_environment_scripts_only(auv_control)
[10.607s] INFO:colcon.colcon_core.shell:Creating package script '/home/raspberry/Auv_ws/install/auv_control/share/auv_control/package.ps1'
[10.613s] INFO:colcon.colcon_core.shell:Creating package descriptor '/home/raspberry/Auv_ws/install/auv_control/share/auv_control/package.dsv'
[10.618s] INFO:colcon.colcon_core.shell:Creating package script '/home/raspberry/Auv_ws/install/auv_control/share/auv_control/package.sh'
[10.623s] INFO:colcon.colcon_core.shell:Creating package script '/home/raspberry/Auv_ws/install/auv_control/share/auv_control/package.bash'
[10.627s] INFO:colcon.colcon_core.shell:Creating package script '/home/raspberry/Auv_ws/install/auv_control/share/auv_control/package.zsh'
[10.630s] Level 1:colcon.colcon_core.environment:create_file_with_runtime_dependencies(/home/raspberry/Auv_ws/install/auv_control/share/colcon-core/packages/auv_control)
[10.634s] Level 1:colcon.colcon_core.environment:checking '/home/raspberry/Auv_ws/install/auv_teleop' for CMake module files
[10.641s] DEBUG:colcon.colcon_core.event_handler.log_command:Invoked command in '/home/raspberry/Auv_ws/src/auv_teleop' returned '0': PYTHONPATH=/home/raspberry/Auv_ws/build/auv_teleop/prefix_override:/usr/lib/python3/dist-packages/colcon_core/task/python/colcon_distutils_commands:/home/raspberry/Auv_ws/install/auv_teleop/lib/python3.10/site-packages:${PYTHONPATH} /usr/bin/python3 -W ignore:setup.py install is deprecated -W ignore:easy_install command is deprecated setup.py egg_info --egg-base ../../build/auv_teleop build --build-base /home/raspberry/Auv_ws/build/auv_teleop/build install --record /home/raspberry/Auv_ws/build/auv_teleop/install.log --single-version-externally-managed install_data
[10.643s] Level 1:colcon.colcon_core.environment:checking '/home/raspberry/Auv_ws/install/auv_teleop' for CMake config files
[10.649s] Level 1:colcon.colcon_core.environment:checking '/home/raspberry/Auv_ws/install/auv_teleop/lib'
[10.651s] Level 1:colcon.colcon_core.environment:checking '/home/raspberry/Auv_ws/install/auv_teleop/bin'
[10.651s] Level 1:colcon.colcon_core.environment:checking '/home/raspberry/Auv_ws/install/auv_teleop/lib/pkgconfig/auv_teleop.pc'
[10.654s] Level 1:colcon.colcon_core.environment:checking '/home/raspberry/Auv_ws/install/auv_teleop/lib/python3.10/site-packages'
[10.655s] Level 1:colcon.colcon_core.shell:create_environment_hook('auv_teleop', 'pythonpath')
[10.657s] INFO:colcon.colcon_core.shell:Creating environment hook '/home/raspberry/Auv_ws/install/auv_teleop/share/auv_teleop/hook/pythonpath.ps1'
[10.661s] INFO:colcon.colcon_core.shell:Creating environment descriptor '/home/raspberry/Auv_ws/install/auv_teleop/share/auv_teleop/hook/pythonpath.dsv'
[10.665s] INFO:colcon.colcon_core.shell:Creating environment hook '/home/raspberry/Auv_ws/install/auv_teleop/share/auv_teleop/hook/pythonpath.sh'
[10.672s] Level 1:colcon.colcon_core.environment:checking '/home/raspberry/Auv_ws/install/auv_teleop/bin'
[10.672s] Level 1:colcon.colcon_core.environment:create_environment_scripts_only(auv_teleop)
[10.674s] INFO:colcon.colcon_core.shell:Creating package script '/home/raspberry/Auv_ws/install/auv_teleop/share/auv_teleop/package.ps1'
[10.678s] INFO:colcon.colcon_core.shell:Creating package descriptor '/home/raspberry/Auv_ws/install/auv_teleop/share/auv_teleop/package.dsv'
[10.682s] INFO:colcon.colcon_core.shell:Creating package script '/home/raspberry/Auv_ws/install/auv_teleop/share/auv_teleop/package.sh'
[10.686s] INFO:colcon.colcon_core.shell:Creating package script '/home/raspberry/Auv_ws/install/auv_teleop/share/auv_teleop/package.bash'
[10.690s] INFO:colcon.colcon_core.shell:Creating package script '/home/raspberry/Auv_ws/install/auv_teleop/share/auv_teleop/package.zsh'
[10.695s] Level 1:colcon.colcon_core.environment:create_file_with_runtime_dependencies(/home/raspberry/Auv_ws/install/auv_teleop/share/colcon-core/packages/auv_teleop)
[11.811s] INFO:colcon.colcon_core.task.python.build:Building Python package in '/home/raspberry/Auv_ws/src/serial_bridge'
[11.812s] INFO:colcon.colcon_core.shell:Skip shell extension 'powershell' for command environment: Not usable outside of PowerShell
[11.812s] DEBUG:colcon.colcon_core.shell:Skip shell extension 'dsv' for command environment
[11.832s] Level 1:colcon.colcon_core.environment:checking '/home/raspberry/Auv_ws/install/auv_bringup' for CMake module files
[11.834s] DEBUG:colcon.colcon_core.event_handler.log_command:Invoked command in '/home/raspberry/Auv_ws/src/auv_bringup' returned '0': PYTHONPATH=/home/raspberry/Auv_ws/build/auv_bringup/prefix_override:/usr/lib/python3/dist-packages/colcon_core/task/python/colcon_distutils_commands:/home/raspberry/Auv_ws/install/auv_bringup/lib/python3.10/site-packages:${PYTHONPATH} /usr/bin/python3 -W ignore:setup.py install is deprecated -W ignore:easy_install command is deprecated setup.py egg_info --egg-base ../../build/auv_bringup build --build-base /home/raspberry/Auv_ws/build/auv_bringup/build install --record /home/raspberry/Auv_ws/build/auv_bringup/install.log --single-version-externally-managed install_data
[11.836s] Level 1:colcon.colcon_core.environment:checking '/home/raspberry/Auv_ws/install/auv_bringup' for CMake config files
[11.840s] Level 1:colcon.colcon_core.environment:checking '/home/raspberry/Auv_ws/install/auv_bringup/lib'
[11.841s] Level 1:colcon.colcon_core.environment:checking '/home/raspberry/Auv_ws/install/auv_bringup/bin'
[11.841s] Level 1:colcon.colcon_core.environment:checking '/home/raspberry/Auv_ws/install/auv_bringup/lib/pkgconfig/auv_bringup.pc'
[11.842s] Level 1:colcon.colcon_core.environment:checking '/home/raspberry/Auv_ws/install/auv_bringup/lib/python3.10/site-packages'
[11.843s] Level 1:colcon.colcon_core.shell:create_environment_hook('auv_bringup', 'pythonpath')
[11.844s] INFO:colcon.colcon_core.shell:Creating environment hook '/home/raspberry/Auv_ws/install/auv_bringup/share/auv_bringup/hook/pythonpath.ps1'
[11.846s] INFO:colcon.colcon_core.shell:Creating environment descriptor '/home/raspberry/Auv_ws/install/auv_bringup/share/auv_bringup/hook/pythonpath.dsv'
[11.848s] INFO:colcon.colcon_core.shell:Creating environment hook '/home/raspberry/Auv_ws/install/auv_bringup/share/auv_bringup/hook/pythonpath.sh'
[11.851s] Level 1:colcon.colcon_core.environment:checking '/home/raspberry/Auv_ws/install/auv_bringup/bin'
[11.852s] Level 1:colcon.colcon_core.environment:create_environment_scripts_only(auv_bringup)
[11.853s] INFO:colcon.colcon_core.shell:Creating package script '/home/raspberry/Auv_ws/install/auv_bringup/share/auv_bringup/package.ps1'
[11.855s] INFO:colcon.colcon_core.shell:Creating package descriptor '/home/raspberry/Auv_ws/install/auv_bringup/share/auv_bringup/package.dsv'
[11.858s] INFO:colcon.colcon_core.shell:Creating package script '/home/raspberry/Auv_ws/install/auv_bringup/share/auv_bringup/package.sh'
[11.860s] INFO:colcon.colcon_core.shell:Creating package script '/home/raspberry/Auv_ws/install/auv_bringup/share/auv_bringup/package.bash'
[11.862s] INFO:colcon.colcon_core.shell:Creating package script '/home/raspberry/Auv_ws/install/auv_bringup/share/auv_bringup/package.zsh'
[11.864s] Level 1:colcon.colcon_core.environment:create_file_with_runtime_dependencies(/home/raspberry/Auv_ws/install/auv_bringup/share/colcon-core/packages/auv_bringup)
[13.390s] DEBUG:colcon.colcon_core.event_handler.log_command:Invoking command in '/home/raspberry/Auv_ws/src/serial_bridge': PYTHONPATH=/home/raspberry/Auv_ws/build/serial_bridge/prefix_override:/usr/lib/python3/dist-packages/colcon_core/task/python/colcon_distutils_commands:/home/raspberry/Auv_ws/install/serial_bridge/lib/python3.10/site-packages:${PYTHONPATH} /usr/bin/python3 -W ignore:setup.py install is deprecated -W ignore:easy_install command is deprecated setup.py egg_info --egg-base ../../build/serial_bridge build --build-base /home/raspberry/Auv_ws/build/serial_bridge/build install --record /home/raspberry/Auv_ws/build/serial_bridge/install.log --single-version-externally-managed install_data
[14.636s] Level 1:colcon.colcon_core.environment:checking '/home/raspberry/Auv_ws/install/serial_bridge' for CMake module files
[14.637s] DEBUG:colcon.colcon_core.event_handler.log_command:Invoked command in '/home/raspberry/Auv_ws/src/serial_bridge' returned '0': PYTHONPATH=/home/raspberry/Auv_ws/build/serial_bridge/prefix_override:/usr/lib/python3/dist-packages/colcon_core/task/python/colcon_distutils_commands:/home/raspberry/Auv_ws/install/serial_bridge/lib/python3.10/site-packages:${PYTHONPATH} /usr/bin/python3 -W ignore:setup.py install is deprecated -W ignore:easy_install command is deprecated setup.py egg_info --egg-base ../../build/serial_bridge build --build-base /home/raspberry/Auv_ws/build/serial_bridge/build install --record /home/raspberry/Auv_ws/build/serial_bridge/install.log --single-version-externally-managed install_data
[14.639s] Level 1:colcon.colcon_core.environment:checking '/home/raspberry/Auv_ws/install/serial_bridge' for CMake config files
[14.643s] Level 1:colcon.colcon_core.environment:checking '/home/raspberry/Auv_ws/install/serial_bridge/lib'
[14.644s] Level 1:colcon.colcon_core.environment:checking '/home/raspberry/Auv_ws/install/serial_bridge/bin'
[14.644s] Level 1:colcon.colcon_core.environment:checking '/home/raspberry/Auv_ws/install/serial_bridge/lib/pkgconfig/serial_bridge.pc'
[14.646s] Level 1:colcon.colcon_core.environment:checking '/home/raspberry/Auv_ws/install/serial_bridge/lib/python3.10/site-packages'
[14.646s] Level 1:colcon.colcon_core.shell:create_environment_hook('serial_bridge', 'pythonpath')
[14.647s] INFO:colcon.colcon_core.shell:Creating environment hook '/home/raspberry/Auv_ws/install/serial_bridge/share/serial_bridge/hook/pythonpath.ps1'
[14.650s] INFO:colcon.colcon_core.shell:Creating environment descriptor '/home/raspberry/Auv_ws/install/serial_bridge/share/serial_bridge/hook/pythonpath.dsv'
[14.652s] INFO:colcon.colcon_core.shell:Creating environment hook '/home/raspberry/Auv_ws/install/serial_bridge/share/serial_bridge/hook/pythonpath.sh'
[14.656s] Level 1:colcon.colcon_core.environment:checking '/home/raspberry/Auv_ws/install/serial_bridge/bin'
[14.656s] Level 1:colcon.colcon_core.environment:create_environment_scripts_only(serial_bridge)
[14.657s] INFO:colcon.colcon_core.shell:Creating package script '/home/raspberry/Auv_ws/install/serial_bridge/share/serial_bridge/package.ps1'
[14.660s] INFO:colcon.colcon_core.shell:Creating package descriptor '/home/raspberry/Auv_ws/install/serial_bridge/share/serial_bridge/package.dsv'
[14.662s] INFO:colcon.colcon_core.shell:Creating package script '/home/raspberry/Auv_ws/install/serial_bridge/share/serial_bridge/package.sh'
[14.665s] INFO:colcon.colcon_core.shell:Creating package script '/home/raspberry/Auv_ws/install/serial_bridge/share/serial_bridge/package.bash'
[14.667s] INFO:colcon.colcon_core.shell:Creating package script '/home/raspberry/Auv_ws/install/serial_bridge/share/serial_bridge/package.zsh'
[14.669s] Level 1:colcon.colcon_core.environment:create_file_with_runtime_dependencies(/home/raspberry/Auv_ws/install/serial_bridge/share/colcon-core/packages/serial_bridge)
[14.670s] DEBUG:colcon.colcon_parallel_executor.executor.parallel:closing loop
[14.672s] DEBUG:colcon.colcon_parallel_executor.executor.parallel:loop closed
[14.672s] DEBUG:colcon.colcon_parallel_executor.executor.parallel:run_until_complete finished with '0'
[14.673s] DEBUG:colcon.colcon_core.event_reactor:joining thread
[14.694s] INFO:colcon.colcon_core.plugin_system:Skipping extension 'colcon_notification.desktop_notification.notify_send': Could not find 'notify-send'
[14.695s] INFO:colcon.colcon_core.plugin_system:Skipping extension 'colcon_notification.desktop_notification.terminal_notifier': Not used on non-Darwin systems
[14.695s] INFO:colcon.colcon_core.plugin_system:Skipping extension 'colcon_notification.desktop_notification.win32': Not used on non-Windows systems
[14.695s] INFO:colcon.colcon_notification.desktop_notification:Sending desktop notification using 'notify2'
[14.698s] DEBUG:colcon.colcon_notification.desktop_notification.notify2:Failed to initialize notify2: org.freedesktop.DBus.Error.ServiceUnknown: The name org.freedesktop.Notifications was not provided by any .service files
[14.698s] DEBUG:colcon.colcon_core.event_reactor:joined thread
[14.699s] INFO:colcon.colcon_core.shell:Creating prefix script '/home/raspberry/Auv_ws/install/local_setup.ps1'
[14.703s] INFO:colcon.colcon_core.shell:Creating prefix util module '/home/raspberry/Auv_ws/install/_local_setup_util_ps1.py'
[14.711s] INFO:colcon.colcon_core.shell:Creating prefix chain script '/home/raspberry/Auv_ws/install/setup.ps1'
[14.719s] INFO:colcon.colcon_core.shell:Creating prefix script '/home/raspberry/Auv_ws/install/local_setup.sh'
[14.721s] INFO:colcon.colcon_core.shell:Creating prefix util module '/home/raspberry/Auv_ws/install/_local_setup_util_sh.py'
[14.724s] INFO:colcon.colcon_core.shell:Creating prefix chain script '/home/raspberry/Auv_ws/install/setup.sh'
[14.730s] INFO:colcon.colcon_core.shell:Creating prefix script '/home/raspberry/Auv_ws/install/local_setup.bash'
[14.733s] INFO:colcon.colcon_core.shell:Creating prefix chain script '/home/raspberry/Auv_ws/install/setup.bash'
[14.739s] INFO:colcon.colcon_core.shell:Creating prefix script '/home/raspberry/Auv_ws/install/local_setup.zsh'
[14.741s] INFO:colcon.colcon_core.shell:Creating prefix chain script '/home/raspberry/Auv_ws/install/setup.zsh'
