[2.773s] Invoking command in '/home/raspberry/Auv_ws/src/auv_bringup': AMENT_PREFIX_PATH=/home/raspberry/Auv_ws/install/auv_teleop:/home/raspberry/Auv_ws/install/serial_bridge:/home/raspberry/Auv_ws/install/auv_control:/home/raspberry/Auv_ws/install/auv_camera_stream:/home/raspberry/Auv_ws/install/auv_bringup:/home/raspberry/Auv_ws/install/Auv_teleop:/home/raspberry/Auv_ws/install/Auv_control:/home/raspberry/Auv_ws/install/Auv_camera_stream:/opt/ros/humble PYTHONPATH=/home/raspberry/Auv_ws/build/auv_bringup/prefix_override:/usr/lib/python3/dist-packages/colcon_core/task/python/colcon_distutils_commands:/home/raspberry/Auv_ws/install/auv_bringup/lib/python3.10/site-packages:/home/raspberry/Auv_ws/install/auv_teleop/lib/python3.10/site-packages:/home/raspberry/Auv_ws/build/auv_teleop:/home/raspberry/Auv_ws/install/serial_bridge/lib/python3.10/site-packages:/home/raspberry/Auv_ws/install/auv_control/lib/python3.10/site-packages:/home/raspberry/Auv_ws/install/auv_camera_stream/lib/python3.10/site-packages:/home/raspberry/Auv_ws/install/auv_bringup/lib/python3.10/site-packages:/home/raspberry/Auv_ws/install/Auv_teleop/lib/python3.10/site-packages:/home/raspberry/Auv_ws/install/Auv_control/lib/python3.10/site-packages:/home/raspberry/Auv_ws/install/Auv_camera_stream/lib/python3.10/site-packages:/opt/ros/humble/lib/python3.10/site-packages:/opt/ros/humble/local/lib/python3.10/dist-packages /usr/bin/python3 -W ignore:setup.py install is deprecated -W ignore:easy_install command is deprecated setup.py egg_info --egg-base ../../build/auv_bringup build --build-base /home/raspberry/Auv_ws/build/auv_bringup/build install --record /home/raspberry/Auv_ws/build/auv_bringup/install.log --single-version-externally-managed install_data
[3.815s] running egg_info
[3.818s] writing ../../build/auv_bringup/auv_bringup.egg-info/PKG-INFO
[3.819s] writing dependency_links to ../../build/auv_bringup/auv_bringup.egg-info/dependency_links.txt
[3.820s] writing entry points to ../../build/auv_bringup/auv_bringup.egg-info/entry_points.txt
[3.821s] writing requirements to ../../build/auv_bringup/auv_bringup.egg-info/requires.txt
[3.821s] writing top-level names to ../../build/auv_bringup/auv_bringup.egg-info/top_level.txt
[3.830s] reading manifest file '../../build/auv_bringup/auv_bringup.egg-info/SOURCES.txt'
[3.833s] writing manifest file '../../build/auv_bringup/auv_bringup.egg-info/SOURCES.txt'
[3.834s] running build
[3.834s] running build_py
[3.836s] running install
[3.837s] running install_lib
[3.842s] running install_data
[3.843s] running install_egg_info
[3.851s] removing '/home/raspberry/Auv_ws/install/auv_bringup/lib/python3.10/site-packages/auv_bringup-0.0.0-py3.10.egg-info' (and everything under it)
[3.853s] Copying ../../build/auv_bringup/auv_bringup.egg-info to /home/raspberry/Auv_ws/install/auv_bringup/lib/python3.10/site-packages/auv_bringup-0.0.0-py3.10.egg-info
[3.858s] running install_scripts
[3.943s] writing list of installed files to '/home/raspberry/Auv_ws/build/auv_bringup/install.log'
[4.059s] Invoked command in '/home/raspberry/Auv_ws/src/auv_bringup' returned '0': AMENT_PREFIX_PATH=/home/raspberry/Auv_ws/install/auv_teleop:/home/raspberry/Auv_ws/install/serial_bridge:/home/raspberry/Auv_ws/install/auv_control:/home/raspberry/Auv_ws/install/auv_camera_stream:/home/raspberry/Auv_ws/install/auv_bringup:/home/raspberry/Auv_ws/install/Auv_teleop:/home/raspberry/Auv_ws/install/Auv_control:/home/raspberry/Auv_ws/install/Auv_camera_stream:/opt/ros/humble PYTHONPATH=/home/raspberry/Auv_ws/build/auv_bringup/prefix_override:/usr/lib/python3/dist-packages/colcon_core/task/python/colcon_distutils_commands:/home/raspberry/Auv_ws/install/auv_bringup/lib/python3.10/site-packages:/home/raspberry/Auv_ws/install/auv_teleop/lib/python3.10/site-packages:/home/raspberry/Auv_ws/build/auv_teleop:/home/raspberry/Auv_ws/install/serial_bridge/lib/python3.10/site-packages:/home/raspberry/Auv_ws/install/auv_control/lib/python3.10/site-packages:/home/raspberry/Auv_ws/install/auv_camera_stream/lib/python3.10/site-packages:/home/raspberry/Auv_ws/install/auv_bringup/lib/python3.10/site-packages:/home/raspberry/Auv_ws/install/Auv_teleop/lib/python3.10/site-packages:/home/raspberry/Auv_ws/install/Auv_control/lib/python3.10/site-packages:/home/raspberry/Auv_ws/install/Auv_camera_stream/lib/python3.10/site-packages:/opt/ros/humble/lib/python3.10/site-packages:/opt/ros/humble/local/lib/python3.10/dist-packages /usr/bin/python3 -W ignore:setup.py install is deprecated -W ignore:easy_install command is deprecated setup.py egg_info --egg-base ../../build/auv_bringup build --build-base /home/raspberry/Auv_ws/build/auv_bringup/build install --record /home/raspberry/Auv_ws/build/auv_bringup/install.log --single-version-externally-managed install_data
