[5.641s] Invoking command in '/home/raspberry/Auv_ws/build/serial_bridge': PYTHONPATH=/home/raspberry/Auv_ws/build/serial_bridge/prefix_override:/usr/lib/python3/dist-packages/colcon_core/task/python/colcon_distutils_commands:/home/raspberry/Auv_ws/install/serial_bridge/lib/python3.10/site-packages:${PYTHONPATH} /usr/bin/python3 -W ignore:setup.py install is deprecated -W ignore:easy_install command is deprecated setup.py develop --uninstall --editable --build-directory /home/raspberry/Auv_ws/build/serial_bridge/build
[6.988s] running develop
[7.867s] Removing /home/raspberry/Auv_ws/install/serial_bridge/lib/python3.10/site-packages/serial-bridge.egg-link (link to .)
[8.072s] Invoked command in '/home/raspberry/Auv_ws/build/serial_bridge' returned '0': PYTHONPATH=/home/raspberry/Auv_ws/build/serial_bridge/prefix_override:/usr/lib/python3/dist-packages/colcon_core/task/python/colcon_distutils_commands:/home/raspberry/Auv_ws/install/serial_bridge/lib/python3.10/site-packages:${PYTHONPATH} /usr/bin/python3 -W ignore:setup.py install is deprecated -W ignore:easy_install command is deprecated setup.py develop --uninstall --editable --build-directory /home/raspberry/Auv_ws/build/serial_bridge/build
[8.083s] Invoking command in '/home/raspberry/Auv_ws/src/serial_bridge': PYTHONPATH=/home/raspberry/Auv_ws/build/serial_bridge/prefix_override:/usr/lib/python3/dist-packages/colcon_core/task/python/colcon_distutils_commands:/home/raspberry/Auv_ws/install/serial_bridge/lib/python3.10/site-packages:${PYTHONPATH} /usr/bin/python3 -W ignore:setup.py install is deprecated -W ignore:easy_install command is deprecated setup.py egg_info --egg-base ../../build/serial_bridge build --build-base /home/raspberry/Auv_ws/build/serial_bridge/build install --record /home/raspberry/Auv_ws/build/serial_bridge/install.log --single-version-externally-managed install_data --force
[9.345s] running egg_info
[9.349s] writing ../../build/serial_bridge/serial_bridge.egg-info/PKG-INFO
[9.353s] writing dependency_links to ../../build/serial_bridge/serial_bridge.egg-info/dependency_links.txt
[9.354s] writing entry points to ../../build/serial_bridge/serial_bridge.egg-info/entry_points.txt
[9.356s] writing requirements to ../../build/serial_bridge/serial_bridge.egg-info/requires.txt
[9.357s] writing top-level names to ../../build/serial_bridge/serial_bridge.egg-info/top_level.txt
[9.366s] reading manifest file '../../build/serial_bridge/serial_bridge.egg-info/SOURCES.txt'
[9.372s] writing manifest file '../../build/serial_bridge/serial_bridge.egg-info/SOURCES.txt'
[9.373s] running build
[9.374s] running build_py
[9.377s] copying serial_bridge/arduino_bridge.py -> /home/raspberry/Auv_ws/build/serial_bridge/build/lib/serial_bridge
[9.379s] running install
[9.380s] running install_lib
[9.382s] creating /home/raspberry/Auv_ws/install/serial_bridge/lib/python3.10/site-packages/serial_bridge
[9.384s] copying /home/raspberry/Auv_ws/build/serial_bridge/build/lib/serial_bridge/__init__.py -> /home/raspberry/Auv_ws/install/serial_bridge/lib/python3.10/site-packages/serial_bridge
[9.385s] copying /home/raspberry/Auv_ws/build/serial_bridge/build/lib/serial_bridge/arduino_bridge.py -> /home/raspberry/Auv_ws/install/serial_bridge/lib/python3.10/site-packages/serial_bridge
[9.387s] copying /home/raspberry/Auv_ws/build/serial_bridge/build/lib/serial_bridge/test.py -> /home/raspberry/Auv_ws/install/serial_bridge/lib/python3.10/site-packages/serial_bridge
[9.390s] byte-compiling /home/raspberry/Auv_ws/install/serial_bridge/lib/python3.10/site-packages/serial_bridge/__init__.py to __init__.cpython-310.pyc
[9.392s] byte-compiling /home/raspberry/Auv_ws/install/serial_bridge/lib/python3.10/site-packages/serial_bridge/arduino_bridge.py to arduino_bridge.cpython-310.pyc
[9.404s] byte-compiling /home/raspberry/Auv_ws/install/serial_bridge/lib/python3.10/site-packages/serial_bridge/test.py to test.cpython-310.pyc
[9.406s] running install_data
[9.407s] copying resource/serial_bridge -> /home/raspberry/Auv_ws/install/serial_bridge/share/ament_index/resource_index/packages
[9.408s] copying package.xml -> /home/raspberry/Auv_ws/install/serial_bridge/share/serial_bridge
[9.414s] running install_egg_info
[9.433s] Copying ../../build/serial_bridge/serial_bridge.egg-info to /home/raspberry/Auv_ws/install/serial_bridge/lib/python3.10/site-packages/serial_bridge-0.0.0-py3.10.egg-info
[9.453s] running install_scripts
[9.611s] Installing arduino_bridge script to /home/raspberry/Auv_ws/install/serial_bridge/lib/serial_bridge
[9.613s] writing list of installed files to '/home/raspberry/Auv_ws/build/serial_bridge/install.log'
[9.756s] Invoked command in '/home/raspberry/Auv_ws/src/serial_bridge' returned '0': PYTHONPATH=/home/raspberry/Auv_ws/build/serial_bridge/prefix_override:/usr/lib/python3/dist-packages/colcon_core/task/python/colcon_distutils_commands:/home/raspberry/Auv_ws/install/serial_bridge/lib/python3.10/site-packages:${PYTHONPATH} /usr/bin/python3 -W ignore:setup.py install is deprecated -W ignore:easy_install command is deprecated setup.py egg_info --egg-base ../../build/serial_bridge build --build-base /home/raspberry/Auv_ws/build/serial_bridge/build install --record /home/raspberry/Auv_ws/build/serial_bridge/install.log --single-version-externally-managed install_data --force
