[7.745s] Invoking command in '/home/raspberry/Auv_ws/src/auv_teleop': PYTHONPATH=/home/raspberry/Auv_ws/build/auv_teleop/prefix_override:/usr/lib/python3/dist-packages/colcon_core/task/python/colcon_distutils_commands:/home/raspberry/Auv_ws/install/auv_teleop/lib/python3.10/site-packages:${PYTHONPATH} /usr/bin/python3 -W ignore:setup.py install is deprecated -W ignore:easy_install command is deprecated setup.py egg_info --egg-base ../../build/auv_teleop build --build-base /home/raspberry/Auv_ws/build/auv_teleop/build install --record /home/raspberry/Auv_ws/build/auv_teleop/install.log --single-version-externally-managed install_data
[9.607s] running egg_info
[9.610s] writing ../../build/auv_teleop/auv_teleop.egg-info/PKG-INFO
[9.611s] writing dependency_links to ../../build/auv_teleop/auv_teleop.egg-info/dependency_links.txt
[9.613s] writing entry points to ../../build/auv_teleop/auv_teleop.egg-info/entry_points.txt
[9.614s] writing requirements to ../../build/auv_teleop/auv_teleop.egg-info/requires.txt
[9.615s] writing top-level names to ../../build/auv_teleop/auv_teleop.egg-info/top_level.txt
[9.624s] reading manifest file '../../build/auv_teleop/auv_teleop.egg-info/SOURCES.txt'
[9.629s] writing manifest file '../../build/auv_teleop/auv_teleop.egg-info/SOURCES.txt'
[9.629s] running build
[9.630s] running build_py
[9.631s] running install
[9.632s] running install_lib
[9.640s] running install_data
[9.642s] copying config/mapping.yaml -> /home/raspberry/Auv_ws/install/auv_teleop/share/auv_teleop/config
[9.642s] running install_egg_info
[9.650s] removing '/home/raspberry/Auv_ws/install/auv_teleop/lib/python3.10/site-packages/auv_teleop-0.0.0-py3.10.egg-info' (and everything under it)
[9.652s] Copying ../../build/auv_teleop/auv_teleop.egg-info to /home/raspberry/Auv_ws/install/auv_teleop/lib/python3.10/site-packages/auv_teleop-0.0.0-py3.10.egg-info
[9.665s] running install_scripts
[9.761s] Installing teleop_xbox_node script to /home/raspberry/Auv_ws/install/auv_teleop/lib/auv_teleop
[9.764s] Installing xbox_node script to /home/raspberry/Auv_ws/install/auv_teleop/lib/auv_teleop
[9.771s] writing list of installed files to '/home/raspberry/Auv_ws/build/auv_teleop/install.log'
[9.985s] Invoked command in '/home/raspberry/Auv_ws/src/auv_teleop' returned '0': PYTHONPATH=/home/raspberry/Auv_ws/build/auv_teleop/prefix_override:/usr/lib/python3/dist-packages/colcon_core/task/python/colcon_distutils_commands:/home/raspberry/Auv_ws/install/auv_teleop/lib/python3.10/site-packages:${PYTHONPATH} /usr/bin/python3 -W ignore:setup.py install is deprecated -W ignore:easy_install command is deprecated setup.py egg_info --egg-base ../../build/auv_teleop build --build-base /home/raspberry/Auv_ws/build/auv_teleop/build install --record /home/raspberry/Auv_ws/build/auv_teleop/install.log --single-version-externally-managed install_data
