[5.293s] Invoking command in '/home/raspberry/Auv_ws/build/Auv_teleop': PYTHONPATH=/home/raspberry/Auv_ws/build/Auv_teleop/prefix_override:/usr/lib/python3/dist-packages/colcon_core/task/python/colcon_distutils_commands:/home/raspberry/Auv_ws/install/Auv_teleop/lib/python3.10/site-packages:${PYTHONPATH} /usr/bin/python3 -W ignore:setup.py install is deprecated -W ignore:easy_install command is deprecated setup.py develop --uninstall --editable --build-directory /home/raspberry/Auv_ws/build/Auv_teleop/build
[6.659s] running develop
[7.461s] Removing /home/raspberry/Auv_ws/install/Auv_teleop/lib/python3.10/site-packages/Auv-teleop.egg-link (link to .)
[7.660s] Invoked command in '/home/raspberry/Auv_ws/build/Auv_teleop' returned '0': PYTHONPATH=/home/raspberry/Auv_ws/build/Auv_teleop/prefix_override:/usr/lib/python3/dist-packages/colcon_core/task/python/colcon_distutils_commands:/home/raspberry/Auv_ws/install/Auv_teleop/lib/python3.10/site-packages:${PYTHONPATH} /usr/bin/python3 -W ignore:setup.py install is deprecated -W ignore:easy_install command is deprecated setup.py develop --uninstall --editable --build-directory /home/raspberry/Auv_ws/build/Auv_teleop/build
[7.671s] Invoking command in '/home/raspberry/Auv_ws/src/Auv_teleop': PYTHONPATH=/home/raspberry/Auv_ws/build/Auv_teleop/prefix_override:/usr/lib/python3/dist-packages/colcon_core/task/python/colcon_distutils_commands:/home/raspberry/Auv_ws/install/Auv_teleop/lib/python3.10/site-packages:${PYTHONPATH} /usr/bin/python3 -W ignore:setup.py install is deprecated -W ignore:easy_install command is deprecated setup.py egg_info --egg-base ../../build/Auv_teleop build --build-base /home/raspberry/Auv_ws/build/Auv_teleop/build install --record /home/raspberry/Auv_ws/build/Auv_teleop/install.log --single-version-externally-managed install_data --force
[8.766s] running egg_info
[8.770s] writing ../../build/Auv_teleop/Auv_teleop.egg-info/PKG-INFO
[8.771s] writing dependency_links to ../../build/Auv_teleop/Auv_teleop.egg-info/dependency_links.txt
[8.772s] writing entry points to ../../build/Auv_teleop/Auv_teleop.egg-info/entry_points.txt
[8.773s] writing requirements to ../../build/Auv_teleop/Auv_teleop.egg-info/requires.txt
[8.774s] writing top-level names to ../../build/Auv_teleop/Auv_teleop.egg-info/top_level.txt
[8.783s] reading manifest file '../../build/Auv_teleop/Auv_teleop.egg-info/SOURCES.txt'
[8.787s] writing manifest file '../../build/Auv_teleop/Auv_teleop.egg-info/SOURCES.txt'
[8.787s] running build
[8.788s] running build_py
[8.789s] running install
[8.791s] running install_lib
[8.794s] creating /home/raspberry/Auv_ws/install/Auv_teleop/lib/python3.10/site-packages/Auv_teleop
[8.795s] copying /home/raspberry/Auv_ws/build/Auv_teleop/build/lib/Auv_teleop/teleop_xbox_node.py -> /home/raspberry/Auv_ws/install/Auv_teleop/lib/python3.10/site-packages/Auv_teleop
[8.796s] copying /home/raspberry/Auv_ws/build/Auv_teleop/build/lib/Auv_teleop/__init__.py -> /home/raspberry/Auv_ws/install/Auv_teleop/lib/python3.10/site-packages/Auv_teleop
[8.799s] byte-compiling /home/raspberry/Auv_ws/install/Auv_teleop/lib/python3.10/site-packages/Auv_teleop/teleop_xbox_node.py to teleop_xbox_node.cpython-310.pyc
[8.803s] byte-compiling /home/raspberry/Auv_ws/install/Auv_teleop/lib/python3.10/site-packages/Auv_teleop/__init__.py to __init__.cpython-310.pyc
[8.805s] running install_data
[8.806s] copying resource/Auv_teleop -> /home/raspberry/Auv_ws/install/Auv_teleop/share/ament_index/resource_index/packages
[8.807s] copying package.xml -> /home/raspberry/Auv_ws/install/Auv_teleop/share/Auv_teleop
[8.810s] running install_egg_info
[8.815s] Copying ../../build/Auv_teleop/Auv_teleop.egg-info to /home/raspberry/Auv_ws/install/Auv_teleop/lib/python3.10/site-packages/Auv_teleop-0.0.0-py3.10.egg-info
[8.821s] running install_scripts
[8.912s] Installing teleop_xbox_node script to /home/raspberry/Auv_ws/install/Auv_teleop/lib/Auv_teleop
[8.915s] writing list of installed files to '/home/raspberry/Auv_ws/build/Auv_teleop/install.log'
[9.072s] Invoked command in '/home/raspberry/Auv_ws/src/Auv_teleop' returned '0': PYTHONPATH=/home/raspberry/Auv_ws/build/Auv_teleop/prefix_override:/usr/lib/python3/dist-packages/colcon_core/task/python/colcon_distutils_commands:/home/raspberry/Auv_ws/install/Auv_teleop/lib/python3.10/site-packages:${PYTHONPATH} /usr/bin/python3 -W ignore:setup.py install is deprecated -W ignore:easy_install command is deprecated setup.py egg_info --egg-base ../../build/Auv_teleop build --build-base /home/raspberry/Auv_ws/build/Auv_teleop/build install --record /home/raspberry/Auv_ws/build/Auv_teleop/install.log --single-version-externally-managed install_data --force
