[10.636s] Invoking command in '/home/raspberry/Auv_ws/src/auv_teleop': PYTHONPATH=/home/raspberry/Auv_ws/build/auv_teleop/prefix_override:/usr/lib/python3/dist-packages/colcon_core/task/python/colcon_distutils_commands:/home/raspberry/Auv_ws/install/auv_teleop/lib/python3.10/site-packages:${PYTHONPATH} /usr/bin/python3 -W ignore:setup.py install is deprecated -W ignore:easy_install command is deprecated setup.py egg_info --egg-base ../../build/auv_teleop build --build-base /home/raspberry/Auv_ws/build/auv_teleop/build install --record /home/raspberry/Auv_ws/build/auv_teleop/install.log --single-version-externally-managed install_data
[12.893s] running egg_info
[12.897s] writing ../../build/auv_teleop/auv_teleop.egg-info/PKG-INFO
[12.901s] writing dependency_links to ../../build/auv_teleop/auv_teleop.egg-info/dependency_links.txt
[12.914s] writing entry points to ../../build/auv_teleop/auv_teleop.egg-info/entry_points.txt
[12.915s] writing requirements to ../../build/auv_teleop/auv_teleop.egg-info/requires.txt
[12.916s] writing top-level names to ../../build/auv_teleop/auv_teleop.egg-info/top_level.txt
[12.937s] reading manifest file '../../build/auv_teleop/auv_teleop.egg-info/SOURCES.txt'
[12.944s] writing manifest file '../../build/auv_teleop/auv_teleop.egg-info/SOURCES.txt'
[12.946s] running build
[12.946s] running build_py
[12.965s] running install
[12.967s] running install_lib
[12.989s] running install_data
[12.993s] running install_egg_info
[13.009s] removing '/home/raspberry/Auv_ws/install/auv_teleop/lib/python3.10/site-packages/auv_teleop-0.0.0-py3.10.egg-info' (and everything under it)
[13.048s] Copying ../../build/auv_teleop/auv_teleop.egg-info to /home/raspberry/Auv_ws/install/auv_teleop/lib/python3.10/site-packages/auv_teleop-0.0.0-py3.10.egg-info
[13.101s] running install_scripts
[13.310s] Installing teleop_xbox_node script to /home/raspberry/Auv_ws/install/auv_teleop/lib/auv_teleop
[13.311s] writing list of installed files to '/home/raspberry/Auv_ws/build/auv_teleop/install.log'
[13.645s] Invoked command in '/home/raspberry/Auv_ws/src/auv_teleop' returned '0': PYTHONPATH=/home/raspberry/Auv_ws/build/auv_teleop/prefix_override:/usr/lib/python3/dist-packages/colcon_core/task/python/colcon_distutils_commands:/home/raspberry/Auv_ws/install/auv_teleop/lib/python3.10/site-packages:${PYTHONPATH} /usr/bin/python3 -W ignore:setup.py install is deprecated -W ignore:easy_install command is deprecated setup.py egg_info --egg-base ../../build/auv_teleop build --build-base /home/raspberry/Auv_ws/build/auv_teleop/build install --record /home/raspberry/Auv_ws/build/auv_teleop/install.log --single-version-externally-managed install_data
