[2.814s] Invoking command in '/home/raspberry/Auv_ws/src/auv_bringup': AMENT_PREFIX_PATH=/home/raspberry/Auv_ws/install/auv_teleop:${AMENT_PREFIX_PATH} PYTHONPATH=/home/raspberry/Auv_ws/build/auv_bringup/prefix_override:/usr/lib/python3/dist-packages/colcon_core/task/python/colcon_distutils_commands:/home/raspberry/Auv_ws/install/auv_bringup/lib/python3.10/site-packages:/home/raspberry/Auv_ws/install/auv_teleop/lib/python3.10/site-packages:${PYTHONPATH} /usr/bin/python3 -W ignore:setup.py install is deprecated -W ignore:easy_install command is deprecated setup.py egg_info --egg-base ../../build/auv_bringup build --build-base /home/raspberry/Auv_ws/build/auv_bringup/build install --record /home/raspberry/Auv_ws/build/auv_bringup/install.log --single-version-externally-managed install_data
[3.793s] running egg_info
[3.796s] writing ../../build/auv_bringup/auv_bringup.egg-info/PKG-INFO
[3.797s] writing dependency_links to ../../build/auv_bringup/auv_bringup.egg-info/dependency_links.txt
[3.798s] writing entry points to ../../build/auv_bringup/auv_bringup.egg-info/entry_points.txt
[3.799s] writing requirements to ../../build/auv_bringup/auv_bringup.egg-info/requires.txt
[3.799s] writing top-level names to ../../build/auv_bringup/auv_bringup.egg-info/top_level.txt
[3.807s] reading manifest file '../../build/auv_bringup/auv_bringup.egg-info/SOURCES.txt'
[3.813s] writing manifest file '../../build/auv_bringup/auv_bringup.egg-info/SOURCES.txt'
[3.814s] running build
[3.814s] running build_py
[3.815s] running install
[3.816s] running install_lib
[3.821s] running install_data
[3.822s] running install_egg_info
[3.829s] removing '/home/raspberry/Auv_ws/install/auv_bringup/lib/python3.10/site-packages/auv_bringup-0.0.0-py3.10.egg-info' (and everything under it)
[3.831s] Copying ../../build/auv_bringup/auv_bringup.egg-info to /home/raspberry/Auv_ws/install/auv_bringup/lib/python3.10/site-packages/auv_bringup-0.0.0-py3.10.egg-info
[3.836s] running install_scripts
[3.916s] writing list of installed files to '/home/raspberry/Auv_ws/build/auv_bringup/install.log'
[4.027s] Invoked command in '/home/raspberry/Auv_ws/src/auv_bringup' returned '0': AMENT_PREFIX_PATH=/home/raspberry/Auv_ws/install/auv_teleop:${AMENT_PREFIX_PATH} PYTHONPATH=/home/raspberry/Auv_ws/build/auv_bringup/prefix_override:/usr/lib/python3/dist-packages/colcon_core/task/python/colcon_distutils_commands:/home/raspberry/Auv_ws/install/auv_bringup/lib/python3.10/site-packages:/home/raspberry/Auv_ws/install/auv_teleop/lib/python3.10/site-packages:${PYTHONPATH} /usr/bin/python3 -W ignore:setup.py install is deprecated -W ignore:easy_install command is deprecated setup.py egg_info --egg-base ../../build/auv_bringup build --build-base /home/raspberry/Auv_ws/build/auv_bringup/build install --record /home/raspberry/Auv_ws/build/auv_bringup/install.log --single-version-externally-managed install_data
