running egg_info
creating ../../build/auv_bringup/auv_bringup.egg-info
writing ../../build/auv_bringup/auv_bringup.egg-info/PKG-INFO
writing dependency_links to ../../build/auv_bringup/auv_bringup.egg-info/dependency_links.txt
writing entry points to ../../build/auv_bringup/auv_bringup.egg-info/entry_points.txt
writing requirements to ../../build/auv_bringup/auv_bringup.egg-info/requires.txt
writing top-level names to ../../build/auv_bringup/auv_bringup.egg-info/top_level.txt
writing manifest file '../../build/auv_bringup/auv_bringup.egg-info/SOURCES.txt'
reading manifest file '../../build/auv_bringup/auv_bringup.egg-info/SOURCES.txt'
writing manifest file '../../build/auv_bringup/auv_bringup.egg-info/SOURCES.txt'
running build
running build_py
creating /home/raspberry/Auv_ws/build/auv_bringup/build
creating /home/raspberry/Auv_ws/build/auv_bringup/build/lib
creating /home/raspberry/Auv_ws/build/auv_bringup/build/lib/auv_bringup
copying auv_bringup/__init__.py -> /home/raspberry/Auv_ws/build/auv_bringup/build/lib/auv_bringup
running install
running install_lib
creating /home/raspberry/Auv_ws/install/auv_bringup/lib/python3.10/site-packages/auv_bringup
copying /home/raspberry/Auv_ws/build/auv_bringup/build/lib/auv_bringup/__init__.py -> /home/raspberry/Auv_ws/install/auv_bringup/lib/python3.10/site-packages/auv_bringup
byte-compiling /home/raspberry/Auv_ws/install/auv_bringup/lib/python3.10/site-packages/auv_bringup/__init__.py to __init__.cpython-310.pyc
running install_data
creating /home/raspberry/Auv_ws/install/auv_bringup/share/ament_index
creating /home/raspberry/Auv_ws/install/auv_bringup/share/ament_index/resource_index
creating /home/raspberry/Auv_ws/install/auv_bringup/share/ament_index/resource_index/packages
copying resource/auv_bringup -> /home/raspberry/Auv_ws/install/auv_bringup/share/ament_index/resource_index/packages
copying package.xml -> /home/raspberry/Auv_ws/install/auv_bringup/share/auv_bringup
running install_egg_info
Copying ../../build/auv_bringup/auv_bringup.egg-info to /home/raspberry/Auv_ws/install/auv_bringup/lib/python3.10/site-packages/auv_bringup-0.0.0-py3.10.egg-info
running install_scripts
writing list of installed files to '/home/raspberry/Auv_ws/build/auv_bringup/install.log'
