[6.878s] Invoking command in '/home/raspberry/Auv_ws/src/auv_bringup': PYTHONPATH=/home/raspberry/Auv_ws/build/auv_bringup/prefix_override:/usr/lib/python3/dist-packages/colcon_core/task/python/colcon_distutils_commands:/home/raspberry/Auv_ws/install/auv_bringup/lib/python3.10/site-packages:${PYTHONPATH} /usr/bin/python3 -W ignore:setup.py install is deprecated -W ignore:easy_install command is deprecated setup.py egg_info --egg-base ../../build/auv_bringup build --build-base /home/raspberry/Auv_ws/build/auv_bringup/build install --record /home/raspberry/Auv_ws/build/auv_bringup/install.log --single-version-externally-managed install_data
[8.399s] running egg_info
[8.406s] creating ../../build/auv_bringup/auv_bringup.egg-info
[8.409s] writing ../../build/auv_bringup/auv_bringup.egg-info/PKG-INFO
[8.415s] writing dependency_links to ../../build/auv_bringup/auv_bringup.egg-info/dependency_links.txt
[8.419s] writing entry points to ../../build/auv_bringup/auv_bringup.egg-info/entry_points.txt
[8.427s] writing requirements to ../../build/auv_bringup/auv_bringup.egg-info/requires.txt
[8.430s] writing top-level names to ../../build/auv_bringup/auv_bringup.egg-info/top_level.txt
[8.435s] writing manifest file '../../build/auv_bringup/auv_bringup.egg-info/SOURCES.txt'
[8.444s] reading manifest file '../../build/auv_bringup/auv_bringup.egg-info/SOURCES.txt'
[8.450s] writing manifest file '../../build/auv_bringup/auv_bringup.egg-info/SOURCES.txt'
[8.453s] running build
[8.453s] running build_py
[8.456s] creating /home/raspberry/Auv_ws/build/auv_bringup/build
[8.458s] creating /home/raspberry/Auv_ws/build/auv_bringup/build/lib
[8.459s] creating /home/raspberry/Auv_ws/build/auv_bringup/build/lib/auv_bringup
[8.461s] copying auv_bringup/__init__.py -> /home/raspberry/Auv_ws/build/auv_bringup/build/lib/auv_bringup
[8.464s] running install
[8.466s] running install_lib
[8.470s] creating /home/raspberry/Auv_ws/install/auv_bringup/lib/python3.10/site-packages/auv_bringup
[8.472s] copying /home/raspberry/Auv_ws/build/auv_bringup/build/lib/auv_bringup/__init__.py -> /home/raspberry/Auv_ws/install/auv_bringup/lib/python3.10/site-packages/auv_bringup
[8.476s] byte-compiling /home/raspberry/Auv_ws/install/auv_bringup/lib/python3.10/site-packages/auv_bringup/__init__.py to __init__.cpython-310.pyc
[8.478s] running install_data
[8.480s] creating /home/raspberry/Auv_ws/install/auv_bringup/share/ament_index
[8.481s] creating /home/raspberry/Auv_ws/install/auv_bringup/share/ament_index/resource_index
[8.482s] creating /home/raspberry/Auv_ws/install/auv_bringup/share/ament_index/resource_index/packages
[8.483s] copying resource/auv_bringup -> /home/raspberry/Auv_ws/install/auv_bringup/share/ament_index/resource_index/packages
[8.485s] copying package.xml -> /home/raspberry/Auv_ws/install/auv_bringup/share/auv_bringup
[8.487s] running install_egg_info
[8.498s] Copying ../../build/auv_bringup/auv_bringup.egg-info to /home/raspberry/Auv_ws/install/auv_bringup/lib/python3.10/site-packages/auv_bringup-0.0.0-py3.10.egg-info
[8.507s] running install_scripts
[8.612s] writing list of installed files to '/home/raspberry/Auv_ws/build/auv_bringup/install.log'
[8.782s] Invoked command in '/home/raspberry/Auv_ws/src/auv_bringup' returned '0': PYTHONPATH=/home/raspberry/Auv_ws/build/auv_bringup/prefix_override:/usr/lib/python3/dist-packages/colcon_core/task/python/colcon_distutils_commands:/home/raspberry/Auv_ws/install/auv_bringup/lib/python3.10/site-packages:${PYTHONPATH} /usr/bin/python3 -W ignore:setup.py install is deprecated -W ignore:easy_install command is deprecated setup.py egg_info --egg-base ../../build/auv_bringup build --build-base /home/raspberry/Auv_ws/build/auv_bringup/build install --record /home/raspberry/Auv_ws/build/auv_bringup/install.log --single-version-externally-managed install_data
