[8.262s] Invoking command in '/home/raspberry/Auv_ws/src/auv_control': PYTHONPATH=/home/raspberry/Auv_ws/build/auv_control/prefix_override:/usr/lib/python3/dist-packages/colcon_core/task/python/colcon_distutils_commands:/home/raspberry/Auv_ws/install/auv_control/lib/python3.10/site-packages:${PYTHONPATH} /usr/bin/python3 -W ignore:setup.py install is deprecated -W ignore:easy_install command is deprecated setup.py egg_info --egg-base ../../build/auv_control build --build-base /home/raspberry/Auv_ws/build/auv_control/build install --record /home/raspberry/Auv_ws/build/auv_control/install.log --single-version-externally-managed install_data
[10.837s] running egg_info
[10.844s] writing ../../build/auv_control/auv_control.egg-info/PKG-INFO
[10.847s] writing dependency_links to ../../build/auv_control/auv_control.egg-info/dependency_links.txt
[10.848s] writing entry points to ../../build/auv_control/auv_control.egg-info/entry_points.txt
[10.850s] writing requirements to ../../build/auv_control/auv_control.egg-info/requires.txt
[10.850s] writing top-level names to ../../build/auv_control/auv_control.egg-info/top_level.txt
[10.855s] reading manifest file '../../build/auv_control/auv_control.egg-info/SOURCES.txt'
[10.860s] writing manifest file '../../build/auv_control/auv_control.egg-info/SOURCES.txt'
[10.860s] running build
[10.861s] running build_py
[10.862s] running install
[10.864s] running install_lib
[10.869s] running install_data
[10.870s] running install_egg_info
[10.878s] removing '/home/raspberry/Auv_ws/install/auv_control/lib/python3.10/site-packages/auv_control-0.0.0-py3.10.egg-info' (and everything under it)
[10.880s] Copying ../../build/auv_control/auv_control.egg-info to /home/raspberry/Auv_ws/install/auv_control/lib/python3.10/site-packages/auv_control-0.0.0-py3.10.egg-info
[10.886s] running install_scripts
[10.976s] Installing heading_controller script to /home/raspberry/Auv_ws/install/auv_control/lib/auv_control
[10.978s] writing list of installed files to '/home/raspberry/Auv_ws/build/auv_control/install.log'
[11.872s] Invoked command in '/home/raspberry/Auv_ws/src/auv_control' returned '0': PYTHONPATH=/home/raspberry/Auv_ws/build/auv_control/prefix_override:/usr/lib/python3/dist-packages/colcon_core/task/python/colcon_distutils_commands:/home/raspberry/Auv_ws/install/auv_control/lib/python3.10/site-packages:${PYTHONPATH} /usr/bin/python3 -W ignore:setup.py install is deprecated -W ignore:easy_install command is deprecated setup.py egg_info --egg-base ../../build/auv_control build --build-base /home/raspberry/Auv_ws/build/auv_control/build install --record /home/raspberry/Auv_ws/build/auv_control/install.log --single-version-externally-managed install_data
