running egg_info
writing ../../build/Auv_control/Auv_control.egg-info/PKG-INFO
writing dependency_links to ../../build/Auv_control/Auv_control.egg-info/dependency_links.txt
writing entry points to ../../build/Auv_control/Auv_control.egg-info/entry_points.txt
writing requirements to ../../build/Auv_control/Auv_control.egg-info/requires.txt
writing top-level names to ../../build/Auv_control/Auv_control.egg-info/top_level.txt
reading manifest file '../../build/Auv_control/Auv_control.egg-info/SOURCES.txt'
writing manifest file '../../build/Auv_control/Auv_control.egg-info/SOURCES.txt'
running build
running build_py
running install
running install_lib
byte-compiling /home/raspberry/Auv_ws/install/Auv_control/lib/python3.10/site-packages/Auv_control/heading_controller.py to heading_controller.cpython-310.pyc
Sorry: IndentationError: unindent does not match any outer indentation level (heading_controller.py, line 20)
running install_data
running install_egg_info
removing '/home/raspberry/Auv_ws/install/Auv_control/lib/python3.10/site-packages/Auv_control-0.0.0-py3.10.egg-info' (and everything under it)
Copying ../../build/Auv_control/Auv_control.egg-info to /home/raspberry/Auv_ws/install/Auv_control/lib/python3.10/site-packages/Auv_control-0.0.0-py3.10.egg-info
running install_scripts
Installing heading script to /home/raspberry/Auv_ws/install/Auv_control/lib/Auv_control
writing list of installed files to '/home/raspberry/Auv_ws/build/Auv_control/install.log'
