[3.989s] Invoking command in '/home/raspberry/Auv_ws/src/Auv_control': PYTHONPATH=/home/raspberry/Auv_ws/build/Auv_control/prefix_override:/usr/lib/python3/dist-packages/colcon_core/task/python/colcon_distutils_commands:/home/raspberry/Auv_ws/install/Auv_control/lib/python3.10/site-packages:${PYTHONPATH} /usr/bin/python3 -W ignore:setup.py install is deprecated -W ignore:easy_install command is deprecated setup.py egg_info --egg-base ../../build/Auv_control build --build-base /home/raspberry/Auv_ws/build/Auv_control/build install --record /home/raspberry/Auv_ws/build/Auv_control/install.log --single-version-externally-managed install_data
[5.161s] running egg_info
[5.165s] writing ../../build/Auv_control/Auv_control.egg-info/PKG-INFO
[5.166s] writing dependency_links to ../../build/Auv_control/Auv_control.egg-info/dependency_links.txt
[5.168s] writing entry points to ../../build/Auv_control/Auv_control.egg-info/entry_points.txt
[5.169s] writing requirements to ../../build/Auv_control/Auv_control.egg-info/requires.txt
[5.170s] writing top-level names to ../../build/Auv_control/Auv_control.egg-info/top_level.txt
[5.179s] reading manifest file '../../build/Auv_control/Auv_control.egg-info/SOURCES.txt'
[5.183s] writing manifest file '../../build/Auv_control/Auv_control.egg-info/SOURCES.txt'
[5.187s] running build
[5.188s] running build_py
[5.189s] running install
[5.191s] running install_lib
[5.196s] byte-compiling /home/raspberry/Auv_ws/install/Auv_control/lib/python3.10/site-packages/Auv_control/heading_controller.py to heading_controller.cpython-310.pyc
[5.200s] Sorry: IndentationError: unindent does not match any outer indentation level (heading_controller.py, line 20)
[5.200s] running install_data
[5.204s] running install_egg_info
[5.207s] removing '/home/raspberry/Auv_ws/install/Auv_control/lib/python3.10/site-packages/Auv_control-0.0.0-py3.10.egg-info' (and everything under it)
[5.210s] Copying ../../build/Auv_control/Auv_control.egg-info to /home/raspberry/Auv_ws/install/Auv_control/lib/python3.10/site-packages/Auv_control-0.0.0-py3.10.egg-info
[5.216s] running install_scripts
[5.307s] Installing heading script to /home/raspberry/Auv_ws/install/Auv_control/lib/Auv_control
[5.310s] writing list of installed files to '/home/raspberry/Auv_ws/build/Auv_control/install.log'
[5.482s] Invoked command in '/home/raspberry/Auv_ws/src/Auv_control' returned '0': PYTHONPATH=/home/raspberry/Auv_ws/build/Auv_control/prefix_override:/usr/lib/python3/dist-packages/colcon_core/task/python/colcon_distutils_commands:/home/raspberry/Auv_ws/install/Auv_control/lib/python3.10/site-packages:${PYTHONPATH} /usr/bin/python3 -W ignore:setup.py install is deprecated -W ignore:easy_install command is deprecated setup.py egg_info --egg-base ../../build/Auv_control build --build-base /home/raspberry/Auv_ws/build/Auv_control/build install --record /home/raspberry/Auv_ws/build/Auv_control/install.log --single-version-externally-managed install_data
