[0.454s] DEBUG:colcon:Command line arguments: ['/usr/bin/colcon', 'build', '--symlink-install']
[0.454s] DEBUG:colcon:Parsed command line arguments: Namespace(log_base=None, log_level=None, verb_name='build', build_base='build', install_base='install', merge_install=False, symlink_install=True, test_result_base=None, continue_on_error=False, executor='parallel', parallel_workers=4, event_handlers=None, ignore_user_meta=False, metas=['./colcon.meta'], base_paths=['.'], packages_ignore=None, packages_ignore_regex=None, paths=None, packages_up_to=None, packages_up_to_regex=None, packages_above=None, packages_above_and_dependencies=None, packages_above_depth=None, packages_select_by_dep=None, packages_skip_by_dep=None, packages_skip_up_to=None, packages_select_build_failed=False, packages_skip_build_finished=False, packages_select_test_failures=False, packages_skip_test_passed=False, packages_select=None, packages_skip=None, packages_select_regex=None, packages_skip_regex=None, packages_start=None, packages_end=None, allow_overriding=[], cmake_args=None, cmake_target=None, cmake_target_skip_unavailable=False, cmake_clean_cache=False, cmake_clean_first=False, cmake_force_configure=False, ament_cmake_args=None, catkin_cmake_args=None, catkin_skip_building_tests=False, mixin_files=None, mixin=None, verb_parser=<colcon_mixin.mixin.mixin_argument.MixinArgumentDecorator object at 0xffffb8ea0df0>, verb_extension=<colcon_core.verb.build.BuildVerb object at 0xffffb8fa1d50>, main=<bound method BuildVerb.main of <colcon_core.verb.build.BuildVerb object at 0xffffb8fa1d50>>, mixin_verb=('build',))
[1.126s] Level 1:colcon.colcon_core.package_discovery:discover_packages(colcon_meta) check parameters
[1.127s] Level 1:colcon.colcon_core.package_discovery:discover_packages(recursive) check parameters
[1.127s] Level 1:colcon.colcon_core.package_discovery:discover_packages(ignore) check parameters
[1.127s] Level 1:colcon.colcon_core.package_discovery:discover_packages(path) check parameters
[1.127s] Level 1:colcon.colcon_core.package_discovery:discover_packages(colcon_meta) discover
[1.127s] Level 1:colcon.colcon_core.package_discovery:discover_packages(recursive) discover
[1.128s] INFO:colcon.colcon_core.package_discovery:Crawling recursively for packages in '/home/raspberry/Auv_ws'
[1.128s] Level 1:colcon.colcon_core.package_identification:_identify(.) by extensions ['ignore', 'ignore_ament_install']
[1.128s] Level 1:colcon.colcon_core.package_identification:_identify(.) by extension 'ignore'
[1.129s] Level 1:colcon.colcon_core.package_identification:_identify(.) by extension 'ignore_ament_install'
[1.129s] Level 1:colcon.colcon_core.package_identification:_identify(.) by extensions ['colcon_pkg']
[1.129s] Level 1:colcon.colcon_core.package_identification:_identify(.) by extension 'colcon_pkg'
[1.129s] Level 1:colcon.colcon_core.package_identification:_identify(.) by extensions ['colcon_meta']
[1.129s] Level 1:colcon.colcon_core.package_identification:_identify(.) by extension 'colcon_meta'
[1.130s] Level 1:colcon.colcon_core.package_identification:_identify(.) by extensions ['ros']
[1.130s] Level 1:colcon.colcon_core.package_identification:_identify(.) by extension 'ros'
[1.178s] Level 1:colcon.colcon_core.package_identification:_identify(.) by extensions ['cmake', 'python']
[1.178s] Level 1:colcon.colcon_core.package_identification:_identify(.) by extension 'cmake'
[1.178s] Level 1:colcon.colcon_core.package_identification:_identify(.) by extension 'python'
[1.179s] Level 1:colcon.colcon_core.package_identification:_identify(.) by extensions ['python_setup_py']
[1.179s] Level 1:colcon.colcon_core.package_identification:_identify(.) by extension 'python_setup_py'
[1.179s] Level 1:colcon.colcon_core.package_identification:_identify(build) by extensions ['ignore', 'ignore_ament_install']
[1.180s] Level 1:colcon.colcon_core.package_identification:_identify(build) by extension 'ignore'
[1.180s] Level 1:colcon.colcon_core.package_identification:_identify(build) ignored
[1.181s] Level 1:colcon.colcon_core.package_identification:_identify(install) by extensions ['ignore', 'ignore_ament_install']
[1.181s] Level 1:colcon.colcon_core.package_identification:_identify(install) by extension 'ignore'
[1.181s] Level 1:colcon.colcon_core.package_identification:_identify(install) ignored
[1.182s] Level 1:colcon.colcon_core.package_identification:_identify(log) by extensions ['ignore', 'ignore_ament_install']
[1.183s] Level 1:colcon.colcon_core.package_identification:_identify(log) by extension 'ignore'
[1.183s] Level 1:colcon.colcon_core.package_identification:_identify(log) ignored
[1.183s] Level 1:colcon.colcon_core.package_identification:_identify(src) by extensions ['ignore', 'ignore_ament_install']
[1.184s] Level 1:colcon.colcon_core.package_identification:_identify(src) by extension 'ignore'
[1.184s] Level 1:colcon.colcon_core.package_identification:_identify(src) by extension 'ignore_ament_install'
[1.184s] Level 1:colcon.colcon_core.package_identification:_identify(src) by extensions ['colcon_pkg']
[1.184s] Level 1:colcon.colcon_core.package_identification:_identify(src) by extension 'colcon_pkg'
[1.184s] Level 1:colcon.colcon_core.package_identification:_identify(src) by extensions ['colcon_meta']
[1.184s] Level 1:colcon.colcon_core.package_identification:_identify(src) by extension 'colcon_meta'
[1.185s] Level 1:colcon.colcon_core.package_identification:_identify(src) by extensions ['ros']
[1.185s] Level 1:colcon.colcon_core.package_identification:_identify(src) by extension 'ros'
[1.185s] Level 1:colcon.colcon_core.package_identification:_identify(src) by extensions ['cmake', 'python']
[1.185s] Level 1:colcon.colcon_core.package_identification:_identify(src) by extension 'cmake'
[1.185s] Level 1:colcon.colcon_core.package_identification:_identify(src) by extension 'python'
[1.186s] Level 1:colcon.colcon_core.package_identification:_identify(src) by extensions ['python_setup_py']
[1.186s] Level 1:colcon.colcon_core.package_identification:_identify(src) by extension 'python_setup_py'
[1.186s] Level 1:colcon.colcon_core.package_identification:_identify(src/Auv_control) by extensions ['ignore', 'ignore_ament_install']
[1.187s] Level 1:colcon.colcon_core.package_identification:_identify(src/Auv_control) by extension 'ignore'
[1.187s] Level 1:colcon.colcon_core.package_identification:_identify(src/Auv_control) by extension 'ignore_ament_install'
[1.187s] Level 1:colcon.colcon_core.package_identification:_identify(src/Auv_control) by extensions ['colcon_pkg']
[1.187s] Level 1:colcon.colcon_core.package_identification:_identify(src/Auv_control) by extension 'colcon_pkg'
[1.187s] Level 1:colcon.colcon_core.package_identification:_identify(src/Auv_control) by extensions ['colcon_meta']
[1.188s] Level 1:colcon.colcon_core.package_identification:_identify(src/Auv_control) by extension 'colcon_meta'
[1.188s] Level 1:colcon.colcon_core.package_identification:_identify(src/Auv_control) by extensions ['ros']
[1.188s] Level 1:colcon.colcon_core.package_identification:_identify(src/Auv_control) by extension 'ros'
[1.197s] DEBUG:colcon.colcon_core.package_identification:Package 'src/Auv_control' with type 'ros.ament_python' and name 'Auv_control'
[1.198s] Level 1:colcon.colcon_core.package_identification:_identify(src/Auv_teleop) by extensions ['ignore', 'ignore_ament_install']
[1.198s] Level 1:colcon.colcon_core.package_identification:_identify(src/Auv_teleop) by extension 'ignore'
[1.199s] Level 1:colcon.colcon_core.package_identification:_identify(src/Auv_teleop) by extension 'ignore_ament_install'
[1.199s] Level 1:colcon.colcon_core.package_identification:_identify(src/Auv_teleop) by extensions ['colcon_pkg']
[1.199s] Level 1:colcon.colcon_core.package_identification:_identify(src/Auv_teleop) by extension 'colcon_pkg'
[1.199s] Level 1:colcon.colcon_core.package_identification:_identify(src/Auv_teleop) by extensions ['colcon_meta']
[1.199s] Level 1:colcon.colcon_core.package_identification:_identify(src/Auv_teleop) by extension 'colcon_meta'
[1.200s] Level 1:colcon.colcon_core.package_identification:_identify(src/Auv_teleop) by extensions ['ros']
[1.200s] Level 1:colcon.colcon_core.package_identification:_identify(src/Auv_teleop) by extension 'ros'
[1.202s] DEBUG:colcon.colcon_core.package_identification:Package 'src/Auv_teleop' with type 'ros.ament_python' and name 'Auv_teleop'
[1.203s] Level 1:colcon.colcon_core.package_identification:_identify(src/serial_bridge) by extensions ['ignore', 'ignore_ament_install']
[1.203s] Level 1:colcon.colcon_core.package_identification:_identify(src/serial_bridge) by extension 'ignore'
[1.204s] Level 1:colcon.colcon_core.package_identification:_identify(src/serial_bridge) by extension 'ignore_ament_install'
[1.204s] Level 1:colcon.colcon_core.package_identification:_identify(src/serial_bridge) by extensions ['colcon_pkg']
[1.204s] Level 1:colcon.colcon_core.package_identification:_identify(src/serial_bridge) by extension 'colcon_pkg'
[1.204s] Level 1:colcon.colcon_core.package_identification:_identify(src/serial_bridge) by extensions ['colcon_meta']
[1.205s] Level 1:colcon.colcon_core.package_identification:_identify(src/serial_bridge) by extension 'colcon_meta'
[1.205s] Level 1:colcon.colcon_core.package_identification:_identify(src/serial_bridge) by extensions ['ros']
[1.205s] Level 1:colcon.colcon_core.package_identification:_identify(src/serial_bridge) by extension 'ros'
[1.208s] DEBUG:colcon.colcon_core.package_identification:Package 'src/serial_bridge' with type 'ros.ament_python' and name 'serial_bridge'
[1.208s] Level 1:colcon.colcon_core.package_discovery:discover_packages(recursive) using defaults
[1.208s] Level 1:colcon.colcon_core.package_discovery:discover_packages(ignore) discover
[1.208s] Level 1:colcon.colcon_core.package_discovery:discover_packages(ignore) using defaults
[1.208s] Level 1:colcon.colcon_core.package_discovery:discover_packages(path) discover
[1.209s] Level 1:colcon.colcon_core.package_discovery:discover_packages(path) using defaults
[1.293s] Level 1:colcon.colcon_core.package_discovery:discover_packages(prefix_path) check parameters
[1.293s] Level 1:colcon.colcon_core.package_discovery:discover_packages(prefix_path) discover
[1.301s] DEBUG:colcon.colcon_installed_package_information.package_discovery:Found 3 installed packages in /home/raspberry/Auv_ws/install
[1.308s] DEBUG:colcon.colcon_installed_package_information.package_discovery:Found 184 installed packages in /opt/ros/humble
[1.313s] Level 1:colcon.colcon_core.package_discovery:discover_packages(prefix_path) using defaults
[1.463s] Level 5:colcon.colcon_core.verb:set package 'Auv_control' build argument 'cmake_args' from command line to 'None'
[1.463s] Level 5:colcon.colcon_core.verb:set package 'Auv_control' build argument 'cmake_target' from command line to 'None'
[1.463s] Level 5:colcon.colcon_core.verb:set package 'Auv_control' build argument 'cmake_target_skip_unavailable' from command line to 'False'
[1.463s] Level 5:colcon.colcon_core.verb:set package 'Auv_control' build argument 'cmake_clean_cache' from command line to 'False'
[1.463s] Level 5:colcon.colcon_core.verb:set package 'Auv_control' build argument 'cmake_clean_first' from command line to 'False'
[1.464s] Level 5:colcon.colcon_core.verb:set package 'Auv_control' build argument 'cmake_force_configure' from command line to 'False'
[1.464s] Level 5:colcon.colcon_core.verb:set package 'Auv_control' build argument 'ament_cmake_args' from command line to 'None'
[1.464s] Level 5:colcon.colcon_core.verb:set package 'Auv_control' build argument 'catkin_cmake_args' from command line to 'None'
[1.464s] Level 5:colcon.colcon_core.verb:set package 'Auv_control' build argument 'catkin_skip_building_tests' from command line to 'False'
[1.464s] DEBUG:colcon.colcon_core.verb:Building package 'Auv_control' with the following arguments: {'ament_cmake_args': None, 'build_base': '/home/raspberry/Auv_ws/build/Auv_control', 'catkin_cmake_args': None, 'catkin_skip_building_tests': False, 'cmake_args': None, 'cmake_clean_cache': False, 'cmake_clean_first': False, 'cmake_force_configure': False, 'cmake_target': None, 'cmake_target_skip_unavailable': False, 'install_base': '/home/raspberry/Auv_ws/install/Auv_control', 'merge_install': False, 'path': '/home/raspberry/Auv_ws/src/Auv_control', 'symlink_install': True, 'test_result_base': None}
[1.466s] Level 5:colcon.colcon_core.verb:set package 'Auv_teleop' build argument 'cmake_args' from command line to 'None'
[1.466s] Level 5:colcon.colcon_core.verb:set package 'Auv_teleop' build argument 'cmake_target' from command line to 'None'
[1.466s] Level 5:colcon.colcon_core.verb:set package 'Auv_teleop' build argument 'cmake_target_skip_unavailable' from command line to 'False'
[1.466s] Level 5:colcon.colcon_core.verb:set package 'Auv_teleop' build argument 'cmake_clean_cache' from command line to 'False'
[1.467s] Level 5:colcon.colcon_core.verb:set package 'Auv_teleop' build argument 'cmake_clean_first' from command line to 'False'
[1.467s] Level 5:colcon.colcon_core.verb:set package 'Auv_teleop' build argument 'cmake_force_configure' from command line to 'False'
[1.467s] Level 5:colcon.colcon_core.verb:set package 'Auv_teleop' build argument 'ament_cmake_args' from command line to 'None'
[1.467s] Level 5:colcon.colcon_core.verb:set package 'Auv_teleop' build argument 'catkin_cmake_args' from command line to 'None'
[1.467s] Level 5:colcon.colcon_core.verb:set package 'Auv_teleop' build argument 'catkin_skip_building_tests' from command line to 'False'
[1.467s] DEBUG:colcon.colcon_core.verb:Building package 'Auv_teleop' with the following arguments: {'ament_cmake_args': None, 'build_base': '/home/raspberry/Auv_ws/build/Auv_teleop', 'catkin_cmake_args': None, 'catkin_skip_building_tests': False, 'cmake_args': None, 'cmake_clean_cache': False, 'cmake_clean_first': False, 'cmake_force_configure': False, 'cmake_target': None, 'cmake_target_skip_unavailable': False, 'install_base': '/home/raspberry/Auv_ws/install/Auv_teleop', 'merge_install': False, 'path': '/home/raspberry/Auv_ws/src/Auv_teleop', 'symlink_install': True, 'test_result_base': None}
[1.469s] Level 5:colcon.colcon_core.verb:set package 'serial_bridge' build argument 'cmake_args' from command line to 'None'
[1.469s] Level 5:colcon.colcon_core.verb:set package 'serial_bridge' build argument 'cmake_target' from command line to 'None'
[1.469s] Level 5:colcon.colcon_core.verb:set package 'serial_bridge' build argument 'cmake_target_skip_unavailable' from command line to 'False'
[1.469s] Level 5:colcon.colcon_core.verb:set package 'serial_bridge' build argument 'cmake_clean_cache' from command line to 'False'
[1.469s] Level 5:colcon.colcon_core.verb:set package 'serial_bridge' build argument 'cmake_clean_first' from command line to 'False'
[1.469s] Level 5:colcon.colcon_core.verb:set package 'serial_bridge' build argument 'cmake_force_configure' from command line to 'False'
[1.469s] Level 5:colcon.colcon_core.verb:set package 'serial_bridge' build argument 'ament_cmake_args' from command line to 'None'
[1.469s] Level 5:colcon.colcon_core.verb:set package 'serial_bridge' build argument 'catkin_cmake_args' from command line to 'None'
[1.469s] Level 5:colcon.colcon_core.verb:set package 'serial_bridge' build argument 'catkin_skip_building_tests' from command line to 'False'
[1.470s] DEBUG:colcon.colcon_core.verb:Building package 'serial_bridge' with the following arguments: {'ament_cmake_args': None, 'build_base': '/home/raspberry/Auv_ws/build/serial_bridge', 'catkin_cmake_args': None, 'catkin_skip_building_tests': False, 'cmake_args': None, 'cmake_clean_cache': False, 'cmake_clean_first': False, 'cmake_force_configure': False, 'cmake_target': None, 'cmake_target_skip_unavailable': False, 'install_base': '/home/raspberry/Auv_ws/install/serial_bridge', 'merge_install': False, 'path': '/home/raspberry/Auv_ws/src/serial_bridge', 'symlink_install': True, 'test_result_base': None}
[1.470s] INFO:colcon.colcon_core.executor:Executing jobs using 'parallel' executor
[1.474s] DEBUG:colcon.colcon_parallel_executor.executor.parallel:run_until_complete
[1.475s] INFO:colcon.colcon_ros.task.ament_python.build:Building ROS package in '/home/raspberry/Auv_ws/src/Auv_control' with build type 'ament_python'
[1.475s] Level 1:colcon.colcon_core.shell:create_environment_hook('Auv_control', 'ament_prefix_path')
[1.484s] INFO:colcon.colcon_core.plugin_system:Skipping extension 'colcon_core.shell.bat': Not used on non-Windows systems
[1.485s] INFO:colcon.colcon_core.shell:Creating environment hook '/home/raspberry/Auv_ws/install/Auv_control/share/Auv_control/hook/ament_prefix_path.ps1'
[1.488s] INFO:colcon.colcon_core.shell:Creating environment descriptor '/home/raspberry/Auv_ws/install/Auv_control/share/Auv_control/hook/ament_prefix_path.dsv'
[1.490s] INFO:colcon.colcon_core.shell:Creating environment hook '/home/raspberry/Auv_ws/install/Auv_control/share/Auv_control/hook/ament_prefix_path.sh'
[1.494s] INFO:colcon.colcon_core.shell:Skip shell extension 'powershell' for command environment: Not usable outside of PowerShell
[1.495s] DEBUG:colcon.colcon_core.shell:Skip shell extension 'dsv' for command environment
[1.510s] INFO:colcon.colcon_ros.task.ament_python.build:Building ROS package in '/home/raspberry/Auv_ws/src/Auv_teleop' with build type 'ament_python'
[1.510s] Level 1:colcon.colcon_core.shell:create_environment_hook('Auv_teleop', 'ament_prefix_path')
[1.512s] INFO:colcon.colcon_core.shell:Creating environment hook '/home/raspberry/Auv_ws/install/Auv_teleop/share/Auv_teleop/hook/ament_prefix_path.ps1'
[1.514s] INFO:colcon.colcon_core.shell:Creating environment descriptor '/home/raspberry/Auv_ws/install/Auv_teleop/share/Auv_teleop/hook/ament_prefix_path.dsv'
[1.516s] INFO:colcon.colcon_core.shell:Creating environment hook '/home/raspberry/Auv_ws/install/Auv_teleop/share/Auv_teleop/hook/ament_prefix_path.sh'
[1.519s] INFO:colcon.colcon_core.shell:Skip shell extension 'powershell' for command environment: Not usable outside of PowerShell
[1.520s] DEBUG:colcon.colcon_core.shell:Skip shell extension 'dsv' for command environment
[1.535s] INFO:colcon.colcon_ros.task.ament_python.build:Building ROS package in '/home/raspberry/Auv_ws/src/serial_bridge' with build type 'ament_python'
[1.536s] Level 1:colcon.colcon_core.shell:create_environment_hook('serial_bridge', 'ament_prefix_path')
[1.537s] INFO:colcon.colcon_core.shell:Creating environment hook '/home/raspberry/Auv_ws/install/serial_bridge/share/serial_bridge/hook/ament_prefix_path.ps1'
[1.540s] INFO:colcon.colcon_core.shell:Creating environment descriptor '/home/raspberry/Auv_ws/install/serial_bridge/share/serial_bridge/hook/ament_prefix_path.dsv'
[1.542s] INFO:colcon.colcon_core.shell:Creating environment hook '/home/raspberry/Auv_ws/install/serial_bridge/share/serial_bridge/hook/ament_prefix_path.sh'
[1.545s] INFO:colcon.colcon_core.shell:Skip shell extension 'powershell' for command environment: Not usable outside of PowerShell
[1.546s] DEBUG:colcon.colcon_core.shell:Skip shell extension 'dsv' for command environment
[2.622s] INFO:colcon.colcon_core.task.python.build:Building Python package in '/home/raspberry/Auv_ws/src/Auv_control'
[2.623s] INFO:colcon.colcon_core.shell:Skip shell extension 'powershell' for command environment: Not usable outside of PowerShell
[2.623s] DEBUG:colcon.colcon_core.shell:Skip shell extension 'dsv' for command environment
[3.688s] INFO:colcon.colcon_core.task.python.build:Building Python package in '/home/raspberry/Auv_ws/src/Auv_teleop'
[3.689s] INFO:colcon.colcon_core.shell:Skip shell extension 'powershell' for command environment: Not usable outside of PowerShell
[3.689s] DEBUG:colcon.colcon_core.shell:Skip shell extension 'dsv' for command environment
[4.776s] INFO:colcon.colcon_core.task.python.build:Building Python package in '/home/raspberry/Auv_ws/src/serial_bridge'
[4.777s] INFO:colcon.colcon_core.shell:Skip shell extension 'powershell' for command environment: Not usable outside of PowerShell
[4.778s] DEBUG:colcon.colcon_core.shell:Skip shell extension 'dsv' for command environment
[6.763s] DEBUG:colcon.colcon_core.task.python.build:While undoing a previous installation files outside the Python library path are being ignored: /home/raspberry/Auv_ws/install/Auv_control/share/ament_index/resource_index/packages/Auv_control
[6.764s] DEBUG:colcon.colcon_core.task.python.build:While undoing a previous installation files outside the Python library path are being ignored: /home/raspberry/Auv_ws/install/Auv_control/share/Auv_control/package.xml
[6.775s] DEBUG:colcon.colcon_core.task.python.build:While undoing a previous installation files outside the Python library path are being ignored: /home/raspberry/Auv_ws/install/Auv_control/lib/Auv_control/heading_controller
[6.788s] DEBUG:colcon.colcon_core.event_handler.log_command:Invoking command in '/home/raspberry/Auv_ws/build/Auv_control': PYTHONPATH=/home/raspberry/Auv_ws/build/Auv_control/prefix_override:/usr/lib/python3/dist-packages/colcon_core/task/python/colcon_distutils_commands:/home/raspberry/Auv_ws/install/Auv_control/lib/python3.10/site-packages:${PYTHONPATH} /usr/bin/python3 -W ignore:setup.py install is deprecated -W ignore:easy_install command is deprecated setup.py develop --editable --build-directory /home/raspberry/Auv_ws/build/Auv_control/build --no-deps symlink_data --force
[6.812s] DEBUG:colcon.colcon_core.task.python.build:While undoing a previous installation files outside the Python library path are being ignored: /home/raspberry/Auv_ws/install/serial_bridge/share/ament_index/resource_index/packages/serial_bridge
[6.813s] DEBUG:colcon.colcon_core.task.python.build:While undoing a previous installation files outside the Python library path are being ignored: /home/raspberry/Auv_ws/install/serial_bridge/share/serial_bridge/package.xml
[6.820s] DEBUG:colcon.colcon_core.task.python.build:While undoing a previous installation files outside the Python library path are being ignored: /home/raspberry/Auv_ws/install/serial_bridge/lib/serial_bridge/arduino_bridge
[6.840s] DEBUG:colcon.colcon_core.event_handler.log_command:Invoking command in '/home/raspberry/Auv_ws/build/serial_bridge': PYTHONPATH=/home/raspberry/Auv_ws/build/serial_bridge/prefix_override:/usr/lib/python3/dist-packages/colcon_core/task/python/colcon_distutils_commands:/home/raspberry/Auv_ws/install/serial_bridge/lib/python3.10/site-packages:${PYTHONPATH} /usr/bin/python3 -W ignore:setup.py install is deprecated -W ignore:easy_install command is deprecated setup.py develop --editable --build-directory /home/raspberry/Auv_ws/build/serial_bridge/build --no-deps symlink_data --force
[6.848s] DEBUG:colcon.colcon_core.task.python.build:While undoing a previous installation files outside the Python library path are being ignored: /home/raspberry/Auv_ws/install/Auv_teleop/share/ament_index/resource_index/packages/Auv_teleop
[6.848s] DEBUG:colcon.colcon_core.task.python.build:While undoing a previous installation files outside the Python library path are being ignored: /home/raspberry/Auv_ws/install/Auv_teleop/share/Auv_teleop/package.xml
[6.850s] DEBUG:colcon.colcon_core.task.python.build:While undoing a previous installation files outside the Python library path are being ignored: /home/raspberry/Auv_ws/install/Auv_teleop/lib/Auv_teleop/teleop_xbox_node
[6.861s] DEBUG:colcon.colcon_core.event_handler.log_command:Invoking command in '/home/raspberry/Auv_ws/build/Auv_teleop': PYTHONPATH=/home/raspberry/Auv_ws/build/Auv_teleop/prefix_override:/usr/lib/python3/dist-packages/colcon_core/task/python/colcon_distutils_commands:/home/raspberry/Auv_ws/install/Auv_teleop/lib/python3.10/site-packages:${PYTHONPATH} /usr/bin/python3 -W ignore:setup.py install is deprecated -W ignore:easy_install command is deprecated setup.py develop --editable --build-directory /home/raspberry/Auv_ws/build/Auv_teleop/build --no-deps symlink_data --force
[9.218s] Level 1:colcon.colcon_core.shell:create_environment_hook('Auv_control', 'pythonpath_develop')
[9.220s] INFO:colcon.colcon_core.shell:Creating environment hook '/home/raspberry/Auv_ws/build/Auv_control/share/Auv_control/hook/pythonpath_develop.ps1'
[9.223s] INFO:colcon.colcon_core.shell:Creating environment descriptor '/home/raspberry/Auv_ws/build/Auv_control/share/Auv_control/hook/pythonpath_develop.dsv'
[9.226s] DEBUG:colcon.colcon_core.event_handler.log_command:Invoked command in '/home/raspberry/Auv_ws/build/Auv_control' returned '0': PYTHONPATH=/home/raspberry/Auv_ws/build/Auv_control/prefix_override:/usr/lib/python3/dist-packages/colcon_core/task/python/colcon_distutils_commands:/home/raspberry/Auv_ws/install/Auv_control/lib/python3.10/site-packages:${PYTHONPATH} /usr/bin/python3 -W ignore:setup.py install is deprecated -W ignore:easy_install command is deprecated setup.py develop --editable --build-directory /home/raspberry/Auv_ws/build/Auv_control/build --no-deps symlink_data --force
[9.239s] INFO:colcon.colcon_core.shell:Creating environment hook '/home/raspberry/Auv_ws/build/Auv_control/share/Auv_control/hook/pythonpath_develop.sh'
[9.286s] Level 1:colcon.colcon_core.environment:checking '/home/raspberry/Auv_ws/install/Auv_control' for CMake module files
[9.290s] Level 1:colcon.colcon_core.environment:checking '/home/raspberry/Auv_ws/install/Auv_control' for CMake config files
[9.297s] Level 1:colcon.colcon_core.environment:checking '/home/raspberry/Auv_ws/install/Auv_control/lib'
[9.299s] Level 1:colcon.colcon_core.environment:checking '/home/raspberry/Auv_ws/install/Auv_control/bin'
[9.300s] Level 1:colcon.colcon_core.environment:checking '/home/raspberry/Auv_ws/install/Auv_control/lib/pkgconfig/Auv_control.pc'
[9.303s] Level 1:colcon.colcon_core.environment:checking '/home/raspberry/Auv_ws/install/Auv_control/lib/python3.10/site-packages'
[9.304s] Level 1:colcon.colcon_core.shell:create_environment_hook('Auv_control', 'pythonpath')
[9.307s] INFO:colcon.colcon_core.shell:Creating environment hook '/home/raspberry/Auv_ws/install/Auv_control/share/Auv_control/hook/pythonpath.ps1'
[9.311s] INFO:colcon.colcon_core.shell:Creating environment descriptor '/home/raspberry/Auv_ws/install/Auv_control/share/Auv_control/hook/pythonpath.dsv'
[9.315s] INFO:colcon.colcon_core.shell:Creating environment hook '/home/raspberry/Auv_ws/install/Auv_control/share/Auv_control/hook/pythonpath.sh'
[9.321s] Level 1:colcon.colcon_core.environment:checking '/home/raspberry/Auv_ws/install/Auv_control/bin'
[9.322s] Level 1:colcon.colcon_core.environment:create_environment_scripts_only(Auv_control)
[9.324s] INFO:colcon.colcon_core.shell:Creating package script '/home/raspberry/Auv_ws/install/Auv_control/share/Auv_control/package.ps1'
[9.331s] INFO:colcon.colcon_core.shell:Creating package descriptor '/home/raspberry/Auv_ws/install/Auv_control/share/Auv_control/package.dsv'
[9.336s] INFO:colcon.colcon_core.shell:Creating package script '/home/raspberry/Auv_ws/install/Auv_control/share/Auv_control/package.sh'
[9.341s] INFO:colcon.colcon_core.shell:Creating package script '/home/raspberry/Auv_ws/install/Auv_control/share/Auv_control/package.bash'
[9.345s] INFO:colcon.colcon_core.shell:Creating package script '/home/raspberry/Auv_ws/install/Auv_control/share/Auv_control/package.zsh'
[9.350s] Level 1:colcon.colcon_core.environment:create_file_with_runtime_dependencies(/home/raspberry/Auv_ws/install/Auv_control/share/colcon-core/packages/Auv_control)
[9.356s] Level 1:colcon.colcon_core.shell:create_environment_hook('serial_bridge', 'pythonpath_develop')
[9.360s] DEBUG:colcon.colcon_core.event_handler.log_command:Invoked command in '/home/raspberry/Auv_ws/build/serial_bridge' returned '0': PYTHONPATH=/home/raspberry/Auv_ws/build/serial_bridge/prefix_override:/usr/lib/python3/dist-packages/colcon_core/task/python/colcon_distutils_commands:/home/raspberry/Auv_ws/install/serial_bridge/lib/python3.10/site-packages:${PYTHONPATH} /usr/bin/python3 -W ignore:setup.py install is deprecated -W ignore:easy_install command is deprecated setup.py develop --editable --build-directory /home/raspberry/Auv_ws/build/serial_bridge/build --no-deps symlink_data --force
[9.362s] INFO:colcon.colcon_core.shell:Creating environment hook '/home/raspberry/Auv_ws/build/serial_bridge/share/serial_bridge/hook/pythonpath_develop.ps1'
[9.367s] INFO:colcon.colcon_core.shell:Creating environment descriptor '/home/raspberry/Auv_ws/build/serial_bridge/share/serial_bridge/hook/pythonpath_develop.dsv'
[9.370s] INFO:colcon.colcon_core.shell:Creating environment hook '/home/raspberry/Auv_ws/build/serial_bridge/share/serial_bridge/hook/pythonpath_develop.sh'
[9.376s] Level 1:colcon.colcon_core.environment:checking '/home/raspberry/Auv_ws/install/serial_bridge' for CMake module files
[9.380s] Level 1:colcon.colcon_core.environment:checking '/home/raspberry/Auv_ws/install/serial_bridge' for CMake config files
[9.384s] Level 1:colcon.colcon_core.environment:checking '/home/raspberry/Auv_ws/install/serial_bridge/lib'
[9.385s] Level 1:colcon.colcon_core.environment:checking '/home/raspberry/Auv_ws/install/serial_bridge/bin'
[9.385s] Level 1:colcon.colcon_core.environment:checking '/home/raspberry/Auv_ws/install/serial_bridge/lib/pkgconfig/serial_bridge.pc'
[9.387s] Level 1:colcon.colcon_core.environment:checking '/home/raspberry/Auv_ws/install/serial_bridge/lib/python3.10/site-packages'
[9.387s] Level 1:colcon.colcon_core.shell:create_environment_hook('serial_bridge', 'pythonpath')
[9.388s] INFO:colcon.colcon_core.shell:Creating environment hook '/home/raspberry/Auv_ws/install/serial_bridge/share/serial_bridge/hook/pythonpath.ps1'
[9.392s] INFO:colcon.colcon_core.shell:Creating environment descriptor '/home/raspberry/Auv_ws/install/serial_bridge/share/serial_bridge/hook/pythonpath.dsv'
[9.395s] INFO:colcon.colcon_core.shell:Creating environment hook '/home/raspberry/Auv_ws/install/serial_bridge/share/serial_bridge/hook/pythonpath.sh'
[9.401s] Level 1:colcon.colcon_core.environment:checking '/home/raspberry/Auv_ws/install/serial_bridge/bin'
[9.402s] Level 1:colcon.colcon_core.environment:create_environment_scripts_only(serial_bridge)
[9.403s] INFO:colcon.colcon_core.shell:Creating package script '/home/raspberry/Auv_ws/install/serial_bridge/share/serial_bridge/package.ps1'
[9.407s] INFO:colcon.colcon_core.shell:Creating package descriptor '/home/raspberry/Auv_ws/install/serial_bridge/share/serial_bridge/package.dsv'
[9.410s] INFO:colcon.colcon_core.shell:Creating package script '/home/raspberry/Auv_ws/install/serial_bridge/share/serial_bridge/package.sh'
[9.412s] INFO:colcon.colcon_core.shell:Creating package script '/home/raspberry/Auv_ws/install/serial_bridge/share/serial_bridge/package.bash'
[9.414s] INFO:colcon.colcon_core.shell:Creating package script '/home/raspberry/Auv_ws/install/serial_bridge/share/serial_bridge/package.zsh'
[9.416s] Level 1:colcon.colcon_core.environment:create_file_with_runtime_dependencies(/home/raspberry/Auv_ws/install/serial_bridge/share/colcon-core/packages/serial_bridge)
[9.420s] Level 1:colcon.colcon_core.shell:create_environment_hook('Auv_teleop', 'pythonpath_develop')
[9.421s] INFO:colcon.colcon_core.shell:Creating environment hook '/home/raspberry/Auv_ws/build/Auv_teleop/share/Auv_teleop/hook/pythonpath_develop.ps1'
[9.423s] DEBUG:colcon.colcon_core.event_handler.log_command:Invoked command in '/home/raspberry/Auv_ws/build/Auv_teleop' returned '0': PYTHONPATH=/home/raspberry/Auv_ws/build/Auv_teleop/prefix_override:/usr/lib/python3/dist-packages/colcon_core/task/python/colcon_distutils_commands:/home/raspberry/Auv_ws/install/Auv_teleop/lib/python3.10/site-packages:${PYTHONPATH} /usr/bin/python3 -W ignore:setup.py install is deprecated -W ignore:easy_install command is deprecated setup.py develop --editable --build-directory /home/raspberry/Auv_ws/build/Auv_teleop/build --no-deps symlink_data --force
[9.424s] INFO:colcon.colcon_core.shell:Creating environment descriptor '/home/raspberry/Auv_ws/build/Auv_teleop/share/Auv_teleop/hook/pythonpath_develop.dsv'
[9.426s] INFO:colcon.colcon_core.shell:Creating environment hook '/home/raspberry/Auv_ws/build/Auv_teleop/share/Auv_teleop/hook/pythonpath_develop.sh'
[9.429s] Level 1:colcon.colcon_core.environment:checking '/home/raspberry/Auv_ws/install/Auv_teleop' for CMake module files
[9.432s] Level 1:colcon.colcon_core.environment:checking '/home/raspberry/Auv_ws/install/Auv_teleop' for CMake config files
[9.435s] Level 1:colcon.colcon_core.environment:checking '/home/raspberry/Auv_ws/install/Auv_teleop/lib'
[9.435s] Level 1:colcon.colcon_core.environment:checking '/home/raspberry/Auv_ws/install/Auv_teleop/bin'
[9.435s] Level 1:colcon.colcon_core.environment:checking '/home/raspberry/Auv_ws/install/Auv_teleop/lib/pkgconfig/Auv_teleop.pc'
[9.436s] Level 1:colcon.colcon_core.environment:checking '/home/raspberry/Auv_ws/install/Auv_teleop/lib/python3.10/site-packages'
[9.437s] Level 1:colcon.colcon_core.shell:create_environment_hook('Auv_teleop', 'pythonpath')
[9.438s] INFO:colcon.colcon_core.shell:Creating environment hook '/home/raspberry/Auv_ws/install/Auv_teleop/share/Auv_teleop/hook/pythonpath.ps1'
[9.440s] INFO:colcon.colcon_core.shell:Creating environment descriptor '/home/raspberry/Auv_ws/install/Auv_teleop/share/Auv_teleop/hook/pythonpath.dsv'
[9.442s] INFO:colcon.colcon_core.shell:Creating environment hook '/home/raspberry/Auv_ws/install/Auv_teleop/share/Auv_teleop/hook/pythonpath.sh'
[9.445s] Level 1:colcon.colcon_core.environment:checking '/home/raspberry/Auv_ws/install/Auv_teleop/bin'
[9.446s] Level 1:colcon.colcon_core.environment:create_environment_scripts_only(Auv_teleop)
[9.447s] INFO:colcon.colcon_core.shell:Creating package script '/home/raspberry/Auv_ws/install/Auv_teleop/share/Auv_teleop/package.ps1'
[9.449s] INFO:colcon.colcon_core.shell:Creating package descriptor '/home/raspberry/Auv_ws/install/Auv_teleop/share/Auv_teleop/package.dsv'
[9.452s] INFO:colcon.colcon_core.shell:Creating package script '/home/raspberry/Auv_ws/install/Auv_teleop/share/Auv_teleop/package.sh'
[9.454s] INFO:colcon.colcon_core.shell:Creating package script '/home/raspberry/Auv_ws/install/Auv_teleop/share/Auv_teleop/package.bash'
[9.456s] INFO:colcon.colcon_core.shell:Creating package script '/home/raspberry/Auv_ws/install/Auv_teleop/share/Auv_teleop/package.zsh'
[9.458s] Level 1:colcon.colcon_core.environment:create_file_with_runtime_dependencies(/home/raspberry/Auv_ws/install/Auv_teleop/share/colcon-core/packages/Auv_teleop)
[9.460s] DEBUG:colcon.colcon_parallel_executor.executor.parallel:closing loop
[9.461s] DEBUG:colcon.colcon_parallel_executor.executor.parallel:loop closed
[9.461s] DEBUG:colcon.colcon_parallel_executor.executor.parallel:run_until_complete finished with '0'
[9.461s] DEBUG:colcon.colcon_core.event_reactor:joining thread
[9.482s] INFO:colcon.colcon_core.plugin_system:Skipping extension 'colcon_notification.desktop_notification.notify_send': Could not find 'notify-send'
[9.482s] INFO:colcon.colcon_core.plugin_system:Skipping extension 'colcon_notification.desktop_notification.terminal_notifier': Not used on non-Darwin systems
[9.483s] INFO:colcon.colcon_core.plugin_system:Skipping extension 'colcon_notification.desktop_notification.win32': Not used on non-Windows systems
[9.483s] INFO:colcon.colcon_notification.desktop_notification:Sending desktop notification using 'notify2'
[9.486s] DEBUG:colcon.colcon_notification.desktop_notification.notify2:Failed to initialize notify2: org.freedesktop.DBus.Error.ServiceUnknown: The name org.freedesktop.Notifications was not provided by any .service files
[9.486s] DEBUG:colcon.colcon_core.event_reactor:joined thread
[9.487s] INFO:colcon.colcon_core.shell:Creating prefix script '/home/raspberry/Auv_ws/install/local_setup.ps1'
[9.491s] INFO:colcon.colcon_core.shell:Creating prefix util module '/home/raspberry/Auv_ws/install/_local_setup_util_ps1.py'
[9.497s] INFO:colcon.colcon_core.shell:Creating prefix chain script '/home/raspberry/Auv_ws/install/setup.ps1'
[9.504s] INFO:colcon.colcon_core.shell:Creating prefix script '/home/raspberry/Auv_ws/install/local_setup.sh'
[9.507s] INFO:colcon.colcon_core.shell:Creating prefix util module '/home/raspberry/Auv_ws/install/_local_setup_util_sh.py'
[9.510s] INFO:colcon.colcon_core.shell:Creating prefix chain script '/home/raspberry/Auv_ws/install/setup.sh'
[9.516s] INFO:colcon.colcon_core.shell:Creating prefix script '/home/raspberry/Auv_ws/install/local_setup.bash'
[9.518s] INFO:colcon.colcon_core.shell:Creating prefix chain script '/home/raspberry/Auv_ws/install/setup.bash'
[9.523s] INFO:colcon.colcon_core.shell:Creating prefix script '/home/raspberry/Auv_ws/install/local_setup.zsh'
[9.526s] INFO:colcon.colcon_core.shell:Creating prefix chain script '/home/raspberry/Auv_ws/install/setup.zsh'
