[6.819s] Invoking command in '/home/raspberry/Auv_ws/src/auv_control': PYTHONPATH=/home/raspberry/Auv_ws/build/auv_control/prefix_override:/usr/lib/python3/dist-packages/colcon_core/task/python/colcon_distutils_commands:/home/raspberry/Auv_ws/install/auv_control/lib/python3.10/site-packages:${PYTHONPATH} /usr/bin/python3 -W ignore:setup.py install is deprecated -W ignore:easy_install command is deprecated setup.py egg_info --egg-base ../../build/auv_control build --build-base /home/raspberry/Auv_ws/build/auv_control/build install --record /home/raspberry/Auv_ws/build/auv_control/install.log --single-version-externally-managed install_data
[8.327s] running egg_info
[8.332s] writing ../../build/auv_control/auv_control.egg-info/PKG-INFO
[8.335s] writing dependency_links to ../../build/auv_control/auv_control.egg-info/dependency_links.txt
[8.337s] writing entry points to ../../build/auv_control/auv_control.egg-info/entry_points.txt
[8.340s] writing requirements to ../../build/auv_control/auv_control.egg-info/requires.txt
[8.340s] writing top-level names to ../../build/auv_control/auv_control.egg-info/top_level.txt
[8.348s] reading manifest file '../../build/auv_control/auv_control.egg-info/SOURCES.txt'
[8.354s] writing manifest file '../../build/auv_control/auv_control.egg-info/SOURCES.txt'
[8.356s] running build
[8.356s] running build_py
[8.359s] running install
[8.360s] running install_lib
[8.367s] byte-compiling /home/raspberry/Auv_ws/install/auv_control/lib/python3.10/site-packages/auv_control/path_planning.py to path_planning.cpython-310.pyc
[8.371s] Sorry: IndentationError: unindent does not match any outer indentation level (path_planning.py, line 150)
[8.372s] running install_data
[8.373s] running install_egg_info
[8.381s] removing '/home/raspberry/Auv_ws/install/auv_control/lib/python3.10/site-packages/auv_control-0.0.0-py3.10.egg-info' (and everything under it)
[8.383s] Copying ../../build/auv_control/auv_control.egg-info to /home/raspberry/Auv_ws/install/auv_control/lib/python3.10/site-packages/auv_control-0.0.0-py3.10.egg-info
[8.391s] running install_scripts
[8.499s] Installing heading_controller script to /home/raspberry/Auv_ws/install/auv_control/lib/auv_control
[8.501s] writing list of installed files to '/home/raspberry/Auv_ws/build/auv_control/install.log'
[8.712s] Invoked command in '/home/raspberry/Auv_ws/src/auv_control' returned '0': PYTHONPATH=/home/raspberry/Auv_ws/build/auv_control/prefix_override:/usr/lib/python3/dist-packages/colcon_core/task/python/colcon_distutils_commands:/home/raspberry/Auv_ws/install/auv_control/lib/python3.10/site-packages:${PYTHONPATH} /usr/bin/python3 -W ignore:setup.py install is deprecated -W ignore:easy_install command is deprecated setup.py egg_info --egg-base ../../build/auv_control build --build-base /home/raspberry/Auv_ws/build/auv_control/build install --record /home/raspberry/Auv_ws/build/auv_control/install.log --single-version-externally-managed install_data
