[5.346s] Invoking command in '/home/raspberry/Auv_ws/src/Auv_teleop': PYTHONPATH=/home/raspberry/Auv_ws/build/Auv_teleop/prefix_override:/usr/lib/python3/dist-packages/colcon_core/task/python/colcon_distutils_commands:/home/raspberry/Auv_ws/install/Auv_teleop/lib/python3.10/site-packages:${PYTHONPATH} /usr/bin/python3 -W ignore:setup.py install is deprecated -W ignore:easy_install command is deprecated setup.py egg_info --egg-base ../../build/Auv_teleop build --build-base /home/raspberry/Auv_ws/build/Auv_teleop/build install --record /home/raspberry/Auv_ws/build/Auv_teleop/install.log --single-version-externally-managed install_data
[6.597s] running egg_info
[6.604s] writing ../../build/Auv_teleop/Auv_teleop.egg-info/PKG-INFO
[6.607s] writing dependency_links to ../../build/Auv_teleop/Auv_teleop.egg-info/dependency_links.txt
[6.609s] writing entry points to ../../build/Auv_teleop/Auv_teleop.egg-info/entry_points.txt
[6.610s] writing requirements to ../../build/Auv_teleop/Auv_teleop.egg-info/requires.txt
[6.611s] writing top-level names to ../../build/Auv_teleop/Auv_teleop.egg-info/top_level.txt
[6.622s] reading manifest file '../../build/Auv_teleop/Auv_teleop.egg-info/SOURCES.txt'
[6.622s] writing manifest file '../../build/Auv_teleop/Auv_teleop.egg-info/SOURCES.txt'
[6.625s] running build
[6.628s] running build_py
[6.629s] running install
[6.630s] running install_lib
[6.634s] running install_data
[6.636s] running install_egg_info
[6.644s] removing '/home/raspberry/Auv_ws/install/Auv_teleop/lib/python3.10/site-packages/Auv_teleop-0.0.0-py3.10.egg-info' (and everything under it)
[6.646s] Copying ../../build/Auv_teleop/Auv_teleop.egg-info to /home/raspberry/Auv_ws/install/Auv_teleop/lib/python3.10/site-packages/Auv_teleop-0.0.0-py3.10.egg-info
[6.654s] running install_scripts
[6.766s] Installing teleop_xbox_node script to /home/raspberry/Auv_ws/install/Auv_teleop/lib/Auv_teleop
[6.768s] writing list of installed files to '/home/raspberry/Auv_ws/build/Auv_teleop/install.log'
[7.039s] Invoked command in '/home/raspberry/Auv_ws/src/Auv_teleop' returned '0': PYTHONPATH=/home/raspberry/Auv_ws/build/Auv_teleop/prefix_override:/usr/lib/python3/dist-packages/colcon_core/task/python/colcon_distutils_commands:/home/raspberry/Auv_ws/install/Auv_teleop/lib/python3.10/site-packages:${PYTHONPATH} /usr/bin/python3 -W ignore:setup.py install is deprecated -W ignore:easy_install command is deprecated setup.py egg_info --egg-base ../../build/Auv_teleop build --build-base /home/raspberry/Auv_ws/build/Auv_teleop/build install --record /home/raspberry/Auv_ws/build/Auv_teleop/install.log --single-version-externally-managed install_data
