[6.984s] Invoking command in '/home/raspberry/Auv_ws/src/auv_bringup': PYTHONPATH=/home/raspberry/Auv_ws/build/auv_bringup/prefix_override:/usr/lib/python3/dist-packages/colcon_core/task/python/colcon_distutils_commands:/home/raspberry/Auv_ws/install/auv_bringup/lib/python3.10/site-packages:${PYTHONPATH} /usr/bin/python3 -W ignore:setup.py install is deprecated -W ignore:easy_install command is deprecated setup.py egg_info --egg-base ../../build/auv_bringup build --build-base /home/raspberry/Auv_ws/build/auv_bringup/build install --record /home/raspberry/Auv_ws/build/auv_bringup/install.log --single-version-externally-managed install_data
[8.547s] running egg_info
[8.550s] writing ../../build/auv_bringup/auv_bringup.egg-info/PKG-INFO
[8.555s] writing dependency_links to ../../build/auv_bringup/auv_bringup.egg-info/dependency_links.txt
[8.559s] writing entry points to ../../build/auv_bringup/auv_bringup.egg-info/entry_points.txt
[8.560s] writing requirements to ../../build/auv_bringup/auv_bringup.egg-info/requires.txt
[8.561s] writing top-level names to ../../build/auv_bringup/auv_bringup.egg-info/top_level.txt
[8.573s] reading manifest file '../../build/auv_bringup/auv_bringup.egg-info/SOURCES.txt'
[8.594s] writing manifest file '../../build/auv_bringup/auv_bringup.egg-info/SOURCES.txt'
[8.594s] running build
[8.600s] running build_py
[8.609s] running install
[8.618s] running install_lib
[8.624s] running install_data
[8.624s] running install_egg_info
[8.628s] removing '/home/raspberry/Auv_ws/install/auv_bringup/lib/python3.10/site-packages/auv_bringup-0.0.0-py3.10.egg-info' (and everything under it)
[8.629s] Copying ../../build/auv_bringup/auv_bringup.egg-info to /home/raspberry/Auv_ws/install/auv_bringup/lib/python3.10/site-packages/auv_bringup-0.0.0-py3.10.egg-info
[8.630s] running install_scripts
[8.726s] writing list of installed files to '/home/raspberry/Auv_ws/build/auv_bringup/install.log'
[8.985s] Invoked command in '/home/raspberry/Auv_ws/src/auv_bringup' returned '0': PYTHONPATH=/home/raspberry/Auv_ws/build/auv_bringup/prefix_override:/usr/lib/python3/dist-packages/colcon_core/task/python/colcon_distutils_commands:/home/raspberry/Auv_ws/install/auv_bringup/lib/python3.10/site-packages:${PYTHONPATH} /usr/bin/python3 -W ignore:setup.py install is deprecated -W ignore:easy_install command is deprecated setup.py egg_info --egg-base ../../build/auv_bringup build --build-base /home/raspberry/Auv_ws/build/auv_bringup/build install --record /home/raspberry/Auv_ws/build/auv_bringup/install.log --single-version-externally-managed install_data
