[0.474s] DEBUG:colcon:Command line arguments: ['/usr/bin/colcon', 'build']
[0.475s] DEBUG:colcon:Parsed command line arguments: Namespace(log_base=None, log_level=None, verb_name='build', build_base='build', install_base='install', merge_install=False, symlink_install=False, test_result_base=None, continue_on_error=False, executor='parallel', parallel_workers=4, event_handlers=None, ignore_user_meta=False, metas=['./colcon.meta'], base_paths=['.'], packages_ignore=None, packages_ignore_regex=None, paths=None, packages_up_to=None, packages_up_to_regex=None, packages_above=None, packages_above_and_dependencies=None, packages_above_depth=None, packages_select_by_dep=None, packages_skip_by_dep=None, packages_skip_up_to=None, packages_select_build_failed=False, packages_skip_build_finished=False, packages_select_test_failures=False, packages_skip_test_passed=False, packages_select=None, packages_skip=None, packages_select_regex=None, packages_skip_regex=None, packages_start=None, packages_end=None, allow_overriding=[], cmake_args=None, cmake_target=None, cmake_target_skip_unavailable=False, cmake_clean_cache=False, cmake_clean_first=False, cmake_force_configure=False, ament_cmake_args=None, catkin_cmake_args=None, catkin_skip_building_tests=False, mixin_files=None, mixin=None, verb_parser=<colcon_mixin.mixin.mixin_argument.MixinArgumentDecorator object at 0xffffb8858dc0>, verb_extension=<colcon_core.verb.build.BuildVerb object at 0xffffb8965d20>, main=<bound method BuildVerb.main of <colcon_core.verb.build.BuildVerb object at 0xffffb8965d20>>, mixin_verb=('build',))
[1.169s] Level 1:colcon.colcon_core.package_discovery:discover_packages(colcon_meta) check parameters
[1.169s] Level 1:colcon.colcon_core.package_discovery:discover_packages(recursive) check parameters
[1.169s] Level 1:colcon.colcon_core.package_discovery:discover_packages(ignore) check parameters
[1.169s] Level 1:colcon.colcon_core.package_discovery:discover_packages(path) check parameters
[1.170s] Level 1:colcon.colcon_core.package_discovery:discover_packages(colcon_meta) discover
[1.170s] Level 1:colcon.colcon_core.package_discovery:discover_packages(recursive) discover
[1.170s] INFO:colcon.colcon_core.package_discovery:Crawling recursively for packages in '/home/raspberry/Auv_ws'
[1.170s] Level 1:colcon.colcon_core.package_identification:_identify(.) by extensions ['ignore', 'ignore_ament_install']
[1.171s] Level 1:colcon.colcon_core.package_identification:_identify(.) by extension 'ignore'
[1.171s] Level 1:colcon.colcon_core.package_identification:_identify(.) by extension 'ignore_ament_install'
[1.171s] Level 1:colcon.colcon_core.package_identification:_identify(.) by extensions ['colcon_pkg']
[1.171s] Level 1:colcon.colcon_core.package_identification:_identify(.) by extension 'colcon_pkg'
[1.172s] Level 1:colcon.colcon_core.package_identification:_identify(.) by extensions ['colcon_meta']
[1.172s] Level 1:colcon.colcon_core.package_identification:_identify(.) by extension 'colcon_meta'
[1.172s] Level 1:colcon.colcon_core.package_identification:_identify(.) by extensions ['ros']
[1.172s] Level 1:colcon.colcon_core.package_identification:_identify(.) by extension 'ros'
[1.236s] Level 1:colcon.colcon_core.package_identification:_identify(.) by extensions ['cmake', 'python']
[1.236s] Level 1:colcon.colcon_core.package_identification:_identify(.) by extension 'cmake'
[1.237s] Level 1:colcon.colcon_core.package_identification:_identify(.) by extension 'python'
[1.237s] Level 1:colcon.colcon_core.package_identification:_identify(.) by extensions ['python_setup_py']
[1.237s] Level 1:colcon.colcon_core.package_identification:_identify(.) by extension 'python_setup_py'
[1.238s] Level 1:colcon.colcon_core.package_identification:_identify(build) by extensions ['ignore', 'ignore_ament_install']
[1.238s] Level 1:colcon.colcon_core.package_identification:_identify(build) by extension 'ignore'
[1.238s] Level 1:colcon.colcon_core.package_identification:_identify(build) ignored
[1.239s] Level 1:colcon.colcon_core.package_identification:_identify(install) by extensions ['ignore', 'ignore_ament_install']
[1.239s] Level 1:colcon.colcon_core.package_identification:_identify(install) by extension 'ignore'
[1.239s] Level 1:colcon.colcon_core.package_identification:_identify(install) ignored
[1.240s] Level 1:colcon.colcon_core.package_identification:_identify(log) by extensions ['ignore', 'ignore_ament_install']
[1.241s] Level 1:colcon.colcon_core.package_identification:_identify(log) by extension 'ignore'
[1.241s] Level 1:colcon.colcon_core.package_identification:_identify(log) ignored
[1.241s] Level 1:colcon.colcon_core.package_identification:_identify(src) by extensions ['ignore', 'ignore_ament_install']
[1.242s] Level 1:colcon.colcon_core.package_identification:_identify(src) by extension 'ignore'
[1.242s] Level 1:colcon.colcon_core.package_identification:_identify(src) by extension 'ignore_ament_install'
[1.242s] Level 1:colcon.colcon_core.package_identification:_identify(src) by extensions ['colcon_pkg']
[1.242s] Level 1:colcon.colcon_core.package_identification:_identify(src) by extension 'colcon_pkg'
[1.243s] Level 1:colcon.colcon_core.package_identification:_identify(src) by extensions ['colcon_meta']
[1.243s] Level 1:colcon.colcon_core.package_identification:_identify(src) by extension 'colcon_meta'
[1.243s] Level 1:colcon.colcon_core.package_identification:_identify(src) by extensions ['ros']
[1.243s] Level 1:colcon.colcon_core.package_identification:_identify(src) by extension 'ros'
[1.243s] Level 1:colcon.colcon_core.package_identification:_identify(src) by extensions ['cmake', 'python']
[1.244s] Level 1:colcon.colcon_core.package_identification:_identify(src) by extension 'cmake'
[1.244s] Level 1:colcon.colcon_core.package_identification:_identify(src) by extension 'python'
[1.244s] Level 1:colcon.colcon_core.package_identification:_identify(src) by extensions ['python_setup_py']
[1.244s] Level 1:colcon.colcon_core.package_identification:_identify(src) by extension 'python_setup_py'
[1.245s] Level 1:colcon.colcon_core.package_identification:_identify(src/Auv_control) by extensions ['ignore', 'ignore_ament_install']
[1.245s] Level 1:colcon.colcon_core.package_identification:_identify(src/Auv_control) by extension 'ignore'
[1.246s] Level 1:colcon.colcon_core.package_identification:_identify(src/Auv_control) by extension 'ignore_ament_install'
[1.246s] Level 1:colcon.colcon_core.package_identification:_identify(src/Auv_control) by extensions ['colcon_pkg']
[1.246s] Level 1:colcon.colcon_core.package_identification:_identify(src/Auv_control) by extension 'colcon_pkg'
[1.247s] Level 1:colcon.colcon_core.package_identification:_identify(src/Auv_control) by extensions ['colcon_meta']
[1.247s] Level 1:colcon.colcon_core.package_identification:_identify(src/Auv_control) by extension 'colcon_meta'
[1.247s] Level 1:colcon.colcon_core.package_identification:_identify(src/Auv_control) by extensions ['ros']
[1.247s] Level 1:colcon.colcon_core.package_identification:_identify(src/Auv_control) by extension 'ros'
[1.256s] DEBUG:colcon.colcon_core.package_identification:Package 'src/Auv_control' with type 'ros.ament_python' and name 'Auv_control'
[1.257s] Level 1:colcon.colcon_core.package_identification:_identify(src/Auv_teleop) by extensions ['ignore', 'ignore_ament_install']
[1.258s] Level 1:colcon.colcon_core.package_identification:_identify(src/Auv_teleop) by extension 'ignore'
[1.258s] Level 1:colcon.colcon_core.package_identification:_identify(src/Auv_teleop) by extension 'ignore_ament_install'
[1.258s] Level 1:colcon.colcon_core.package_identification:_identify(src/Auv_teleop) by extensions ['colcon_pkg']
[1.258s] Level 1:colcon.colcon_core.package_identification:_identify(src/Auv_teleop) by extension 'colcon_pkg'
[1.258s] Level 1:colcon.colcon_core.package_identification:_identify(src/Auv_teleop) by extensions ['colcon_meta']
[1.259s] Level 1:colcon.colcon_core.package_identification:_identify(src/Auv_teleop) by extension 'colcon_meta'
[1.259s] Level 1:colcon.colcon_core.package_identification:_identify(src/Auv_teleop) by extensions ['ros']
[1.259s] Level 1:colcon.colcon_core.package_identification:_identify(src/Auv_teleop) by extension 'ros'
[1.261s] DEBUG:colcon.colcon_core.package_identification:Package 'src/Auv_teleop' with type 'ros.ament_python' and name 'Auv_teleop'
[1.262s] Level 1:colcon.colcon_core.package_identification:_identify(src/serial_bridge) by extensions ['ignore', 'ignore_ament_install']
[1.262s] Level 1:colcon.colcon_core.package_identification:_identify(src/serial_bridge) by extension 'ignore'
[1.263s] Level 1:colcon.colcon_core.package_identification:_identify(src/serial_bridge) by extension 'ignore_ament_install'
[1.263s] Level 1:colcon.colcon_core.package_identification:_identify(src/serial_bridge) by extensions ['colcon_pkg']
[1.263s] Level 1:colcon.colcon_core.package_identification:_identify(src/serial_bridge) by extension 'colcon_pkg'
[1.263s] Level 1:colcon.colcon_core.package_identification:_identify(src/serial_bridge) by extensions ['colcon_meta']
[1.263s] Level 1:colcon.colcon_core.package_identification:_identify(src/serial_bridge) by extension 'colcon_meta'
[1.264s] Level 1:colcon.colcon_core.package_identification:_identify(src/serial_bridge) by extensions ['ros']
[1.264s] Level 1:colcon.colcon_core.package_identification:_identify(src/serial_bridge) by extension 'ros'
[1.266s] DEBUG:colcon.colcon_core.package_identification:Package 'src/serial_bridge' with type 'ros.ament_python' and name 'serial_bridge'
[1.266s] Level 1:colcon.colcon_core.package_discovery:discover_packages(recursive) using defaults
[1.267s] Level 1:colcon.colcon_core.package_discovery:discover_packages(ignore) discover
[1.267s] Level 1:colcon.colcon_core.package_discovery:discover_packages(ignore) using defaults
[1.267s] Level 1:colcon.colcon_core.package_discovery:discover_packages(path) discover
[1.267s] Level 1:colcon.colcon_core.package_discovery:discover_packages(path) using defaults
[1.356s] Level 1:colcon.colcon_core.package_discovery:discover_packages(prefix_path) check parameters
[1.356s] Level 1:colcon.colcon_core.package_discovery:discover_packages(prefix_path) discover
[1.365s] DEBUG:colcon.colcon_installed_package_information.package_discovery:Found 3 installed packages in /home/raspberry/Auv_ws/install
[1.371s] DEBUG:colcon.colcon_installed_package_information.package_discovery:Found 184 installed packages in /opt/ros/humble
[1.375s] Level 1:colcon.colcon_core.package_discovery:discover_packages(prefix_path) using defaults
[1.529s] Level 5:colcon.colcon_core.verb:set package 'Auv_control' build argument 'cmake_args' from command line to 'None'
[1.529s] Level 5:colcon.colcon_core.verb:set package 'Auv_control' build argument 'cmake_target' from command line to 'None'
[1.529s] Level 5:colcon.colcon_core.verb:set package 'Auv_control' build argument 'cmake_target_skip_unavailable' from command line to 'False'
[1.529s] Level 5:colcon.colcon_core.verb:set package 'Auv_control' build argument 'cmake_clean_cache' from command line to 'False'
[1.529s] Level 5:colcon.colcon_core.verb:set package 'Auv_control' build argument 'cmake_clean_first' from command line to 'False'
[1.529s] Level 5:colcon.colcon_core.verb:set package 'Auv_control' build argument 'cmake_force_configure' from command line to 'False'
[1.529s] Level 5:colcon.colcon_core.verb:set package 'Auv_control' build argument 'ament_cmake_args' from command line to 'None'
[1.529s] Level 5:colcon.colcon_core.verb:set package 'Auv_control' build argument 'catkin_cmake_args' from command line to 'None'
[1.530s] Level 5:colcon.colcon_core.verb:set package 'Auv_control' build argument 'catkin_skip_building_tests' from command line to 'False'
[1.530s] DEBUG:colcon.colcon_core.verb:Building package 'Auv_control' with the following arguments: {'ament_cmake_args': None, 'build_base': '/home/raspberry/Auv_ws/build/Auv_control', 'catkin_cmake_args': None, 'catkin_skip_building_tests': False, 'cmake_args': None, 'cmake_clean_cache': False, 'cmake_clean_first': False, 'cmake_force_configure': False, 'cmake_target': None, 'cmake_target_skip_unavailable': False, 'install_base': '/home/raspberry/Auv_ws/install/Auv_control', 'merge_install': False, 'path': '/home/raspberry/Auv_ws/src/Auv_control', 'symlink_install': False, 'test_result_base': None}
[1.531s] Level 5:colcon.colcon_core.verb:set package 'Auv_teleop' build argument 'cmake_args' from command line to 'None'
[1.532s] Level 5:colcon.colcon_core.verb:set package 'Auv_teleop' build argument 'cmake_target' from command line to 'None'
[1.532s] Level 5:colcon.colcon_core.verb:set package 'Auv_teleop' build argument 'cmake_target_skip_unavailable' from command line to 'False'
[1.532s] Level 5:colcon.colcon_core.verb:set package 'Auv_teleop' build argument 'cmake_clean_cache' from command line to 'False'
[1.532s] Level 5:colcon.colcon_core.verb:set package 'Auv_teleop' build argument 'cmake_clean_first' from command line to 'False'
[1.532s] Level 5:colcon.colcon_core.verb:set package 'Auv_teleop' build argument 'cmake_force_configure' from command line to 'False'
[1.532s] Level 5:colcon.colcon_core.verb:set package 'Auv_teleop' build argument 'ament_cmake_args' from command line to 'None'
[1.532s] Level 5:colcon.colcon_core.verb:set package 'Auv_teleop' build argument 'catkin_cmake_args' from command line to 'None'
[1.532s] Level 5:colcon.colcon_core.verb:set package 'Auv_teleop' build argument 'catkin_skip_building_tests' from command line to 'False'
[1.532s] DEBUG:colcon.colcon_core.verb:Building package 'Auv_teleop' with the following arguments: {'ament_cmake_args': None, 'build_base': '/home/raspberry/Auv_ws/build/Auv_teleop', 'catkin_cmake_args': None, 'catkin_skip_building_tests': False, 'cmake_args': None, 'cmake_clean_cache': False, 'cmake_clean_first': False, 'cmake_force_configure': False, 'cmake_target': None, 'cmake_target_skip_unavailable': False, 'install_base': '/home/raspberry/Auv_ws/install/Auv_teleop', 'merge_install': False, 'path': '/home/raspberry/Auv_ws/src/Auv_teleop', 'symlink_install': False, 'test_result_base': None}
[1.534s] Level 5:colcon.colcon_core.verb:set package 'serial_bridge' build argument 'cmake_args' from command line to 'None'
[1.534s] Level 5:colcon.colcon_core.verb:set package 'serial_bridge' build argument 'cmake_target' from command line to 'None'
[1.534s] Level 5:colcon.colcon_core.verb:set package 'serial_bridge' build argument 'cmake_target_skip_unavailable' from command line to 'False'
[1.534s] Level 5:colcon.colcon_core.verb:set package 'serial_bridge' build argument 'cmake_clean_cache' from command line to 'False'
[1.534s] Level 5:colcon.colcon_core.verb:set package 'serial_bridge' build argument 'cmake_clean_first' from command line to 'False'
[1.534s] Level 5:colcon.colcon_core.verb:set package 'serial_bridge' build argument 'cmake_force_configure' from command line to 'False'
[1.535s] Level 5:colcon.colcon_core.verb:set package 'serial_bridge' build argument 'ament_cmake_args' from command line to 'None'
[1.535s] Level 5:colcon.colcon_core.verb:set package 'serial_bridge' build argument 'catkin_cmake_args' from command line to 'None'
[1.535s] Level 5:colcon.colcon_core.verb:set package 'serial_bridge' build argument 'catkin_skip_building_tests' from command line to 'False'
[1.535s] DEBUG:colcon.colcon_core.verb:Building package 'serial_bridge' with the following arguments: {'ament_cmake_args': None, 'build_base': '/home/raspberry/Auv_ws/build/serial_bridge', 'catkin_cmake_args': None, 'catkin_skip_building_tests': False, 'cmake_args': None, 'cmake_clean_cache': False, 'cmake_clean_first': False, 'cmake_force_configure': False, 'cmake_target': None, 'cmake_target_skip_unavailable': False, 'install_base': '/home/raspberry/Auv_ws/install/serial_bridge', 'merge_install': False, 'path': '/home/raspberry/Auv_ws/src/serial_bridge', 'symlink_install': False, 'test_result_base': None}
[1.536s] INFO:colcon.colcon_core.executor:Executing jobs using 'parallel' executor
[1.539s] DEBUG:colcon.colcon_parallel_executor.executor.parallel:run_until_complete
[1.540s] INFO:colcon.colcon_ros.task.ament_python.build:Building ROS package in '/home/raspberry/Auv_ws/src/Auv_control' with build type 'ament_python'
[1.541s] Level 1:colcon.colcon_core.shell:create_environment_hook('Auv_control', 'ament_prefix_path')
[1.550s] INFO:colcon.colcon_core.plugin_system:Skipping extension 'colcon_core.shell.bat': Not used on non-Windows systems
[1.551s] INFO:colcon.colcon_core.shell:Creating environment hook '/home/raspberry/Auv_ws/install/Auv_control/share/Auv_control/hook/ament_prefix_path.ps1'
[1.554s] INFO:colcon.colcon_core.shell:Creating environment descriptor '/home/raspberry/Auv_ws/install/Auv_control/share/Auv_control/hook/ament_prefix_path.dsv'
[1.556s] INFO:colcon.colcon_core.shell:Creating environment hook '/home/raspberry/Auv_ws/install/Auv_control/share/Auv_control/hook/ament_prefix_path.sh'
[1.560s] INFO:colcon.colcon_core.shell:Skip shell extension 'powershell' for command environment: Not usable outside of PowerShell
[1.560s] DEBUG:colcon.colcon_core.shell:Skip shell extension 'dsv' for command environment
[1.575s] INFO:colcon.colcon_ros.task.ament_python.build:Building ROS package in '/home/raspberry/Auv_ws/src/Auv_teleop' with build type 'ament_python'
[1.576s] Level 1:colcon.colcon_core.shell:create_environment_hook('Auv_teleop', 'ament_prefix_path')
[1.577s] INFO:colcon.colcon_core.shell:Creating environment hook '/home/raspberry/Auv_ws/install/Auv_teleop/share/Auv_teleop/hook/ament_prefix_path.ps1'
[1.580s] INFO:colcon.colcon_core.shell:Creating environment descriptor '/home/raspberry/Auv_ws/install/Auv_teleop/share/Auv_teleop/hook/ament_prefix_path.dsv'
[1.582s] INFO:colcon.colcon_core.shell:Creating environment hook '/home/raspberry/Auv_ws/install/Auv_teleop/share/Auv_teleop/hook/ament_prefix_path.sh'
[1.585s] INFO:colcon.colcon_core.shell:Skip shell extension 'powershell' for command environment: Not usable outside of PowerShell
[1.585s] DEBUG:colcon.colcon_core.shell:Skip shell extension 'dsv' for command environment
[1.600s] INFO:colcon.colcon_ros.task.ament_python.build:Building ROS package in '/home/raspberry/Auv_ws/src/serial_bridge' with build type 'ament_python'
[1.601s] Level 1:colcon.colcon_core.shell:create_environment_hook('serial_bridge', 'ament_prefix_path')
[1.602s] INFO:colcon.colcon_core.shell:Creating environment hook '/home/raspberry/Auv_ws/install/serial_bridge/share/serial_bridge/hook/ament_prefix_path.ps1'
[1.605s] INFO:colcon.colcon_core.shell:Creating environment descriptor '/home/raspberry/Auv_ws/install/serial_bridge/share/serial_bridge/hook/ament_prefix_path.dsv'
[1.607s] INFO:colcon.colcon_core.shell:Creating environment hook '/home/raspberry/Auv_ws/install/serial_bridge/share/serial_bridge/hook/ament_prefix_path.sh'
[1.610s] INFO:colcon.colcon_core.shell:Skip shell extension 'powershell' for command environment: Not usable outside of PowerShell
[1.610s] DEBUG:colcon.colcon_core.shell:Skip shell extension 'dsv' for command environment
[2.701s] INFO:colcon.colcon_core.task.python.build:Building Python package in '/home/raspberry/Auv_ws/src/Auv_control'
[2.702s] INFO:colcon.colcon_core.shell:Skip shell extension 'powershell' for command environment: Not usable outside of PowerShell
[2.702s] DEBUG:colcon.colcon_core.shell:Skip shell extension 'dsv' for command environment
[3.785s] INFO:colcon.colcon_core.task.python.build:Building Python package in '/home/raspberry/Auv_ws/src/Auv_teleop'
[3.786s] INFO:colcon.colcon_core.shell:Skip shell extension 'powershell' for command environment: Not usable outside of PowerShell
[3.786s] DEBUG:colcon.colcon_core.shell:Skip shell extension 'dsv' for command environment
[4.889s] INFO:colcon.colcon_core.task.python.build:Building Python package in '/home/raspberry/Auv_ws/src/serial_bridge'
[4.890s] INFO:colcon.colcon_core.shell:Skip shell extension 'powershell' for command environment: Not usable outside of PowerShell
[4.890s] DEBUG:colcon.colcon_core.shell:Skip shell extension 'dsv' for command environment
[6.950s] DEBUG:colcon.colcon_core.event_handler.log_command:Invoking command in '/home/raspberry/Auv_ws/src/Auv_control': PYTHONPATH=/home/raspberry/Auv_ws/build/Auv_control/prefix_override:/usr/lib/python3/dist-packages/colcon_core/task/python/colcon_distutils_commands:/home/raspberry/Auv_ws/install/Auv_control/lib/python3.10/site-packages:${PYTHONPATH} /usr/bin/python3 -W ignore:setup.py install is deprecated -W ignore:easy_install command is deprecated setup.py egg_info --egg-base ../../build/Auv_control build --build-base /home/raspberry/Auv_ws/build/Auv_control/build install --record /home/raspberry/Auv_ws/build/Auv_control/install.log --single-version-externally-managed install_data
[7.006s] DEBUG:colcon.colcon_core.event_handler.log_command:Invoking command in '/home/raspberry/Auv_ws/src/serial_bridge': PYTHONPATH=/home/raspberry/Auv_ws/build/serial_bridge/prefix_override:/usr/lib/python3/dist-packages/colcon_core/task/python/colcon_distutils_commands:/home/raspberry/Auv_ws/install/serial_bridge/lib/python3.10/site-packages:${PYTHONPATH} /usr/bin/python3 -W ignore:setup.py install is deprecated -W ignore:easy_install command is deprecated setup.py egg_info --egg-base ../../build/serial_bridge build --build-base /home/raspberry/Auv_ws/build/serial_bridge/build install --record /home/raspberry/Auv_ws/build/serial_bridge/install.log --single-version-externally-managed install_data
[7.010s] DEBUG:colcon.colcon_core.event_handler.log_command:Invoking command in '/home/raspberry/Auv_ws/src/Auv_teleop': PYTHONPATH=/home/raspberry/Auv_ws/build/Auv_teleop/prefix_override:/usr/lib/python3/dist-packages/colcon_core/task/python/colcon_distutils_commands:/home/raspberry/Auv_ws/install/Auv_teleop/lib/python3.10/site-packages:${PYTHONPATH} /usr/bin/python3 -W ignore:setup.py install is deprecated -W ignore:easy_install command is deprecated setup.py egg_info --egg-base ../../build/Auv_teleop build --build-base /home/raspberry/Auv_ws/build/Auv_teleop/build install --record /home/raspberry/Auv_ws/build/Auv_teleop/install.log --single-version-externally-managed install_data
[8.614s] DEBUG:colcon.colcon_core.event_handler.log_command:Invoked command in '/home/raspberry/Auv_ws/src/Auv_control' returned '0': PYTHONPATH=/home/raspberry/Auv_ws/build/Auv_control/prefix_override:/usr/lib/python3/dist-packages/colcon_core/task/python/colcon_distutils_commands:/home/raspberry/Auv_ws/install/Auv_control/lib/python3.10/site-packages:${PYTHONPATH} /usr/bin/python3 -W ignore:setup.py install is deprecated -W ignore:easy_install command is deprecated setup.py egg_info --egg-base ../../build/Auv_control build --build-base /home/raspberry/Auv_ws/build/Auv_control/build install --record /home/raspberry/Auv_ws/build/Auv_control/install.log --single-version-externally-managed install_data
[8.656s] Level 1:colcon.colcon_core.environment:checking '/home/raspberry/Auv_ws/install/Auv_control' for CMake module files
[8.660s] Level 1:colcon.colcon_core.environment:checking '/home/raspberry/Auv_ws/install/Auv_control' for CMake config files
[8.667s] Level 1:colcon.colcon_core.environment:checking '/home/raspberry/Auv_ws/install/Auv_control/lib'
[8.670s] Level 1:colcon.colcon_core.environment:checking '/home/raspberry/Auv_ws/install/Auv_control/bin'
[8.671s] Level 1:colcon.colcon_core.environment:checking '/home/raspberry/Auv_ws/install/Auv_control/lib/pkgconfig/Auv_control.pc'
[8.673s] Level 1:colcon.colcon_core.environment:checking '/home/raspberry/Auv_ws/install/Auv_control/lib/python3.10/site-packages'
[8.673s] Level 1:colcon.colcon_core.shell:create_environment_hook('Auv_control', 'pythonpath')
[8.675s] INFO:colcon.colcon_core.shell:Creating environment hook '/home/raspberry/Auv_ws/install/Auv_control/share/Auv_control/hook/pythonpath.ps1'
[8.679s] INFO:colcon.colcon_core.shell:Creating environment descriptor '/home/raspberry/Auv_ws/install/Auv_control/share/Auv_control/hook/pythonpath.dsv'
[8.682s] INFO:colcon.colcon_core.shell:Creating environment hook '/home/raspberry/Auv_ws/install/Auv_control/share/Auv_control/hook/pythonpath.sh'
[8.688s] Level 1:colcon.colcon_core.environment:checking '/home/raspberry/Auv_ws/install/Auv_control/bin'
[8.689s] Level 1:colcon.colcon_core.environment:create_environment_scripts_only(Auv_control)
[8.691s] INFO:colcon.colcon_core.shell:Creating package script '/home/raspberry/Auv_ws/install/Auv_control/share/Auv_control/package.ps1'
[8.696s] INFO:colcon.colcon_core.shell:Creating package descriptor '/home/raspberry/Auv_ws/install/Auv_control/share/Auv_control/package.dsv'
[8.700s] INFO:colcon.colcon_core.shell:Creating package script '/home/raspberry/Auv_ws/install/Auv_control/share/Auv_control/package.sh'
[8.705s] INFO:colcon.colcon_core.shell:Creating package script '/home/raspberry/Auv_ws/install/Auv_control/share/Auv_control/package.bash'
[8.710s] INFO:colcon.colcon_core.shell:Creating package script '/home/raspberry/Auv_ws/install/Auv_control/share/Auv_control/package.zsh'
[8.716s] Level 1:colcon.colcon_core.environment:create_file_with_runtime_dependencies(/home/raspberry/Auv_ws/install/Auv_control/share/colcon-core/packages/Auv_control)
[8.726s] Level 1:colcon.colcon_core.environment:checking '/home/raspberry/Auv_ws/install/serial_bridge' for CMake module files
[8.731s] DEBUG:colcon.colcon_core.event_handler.log_command:Invoked command in '/home/raspberry/Auv_ws/src/serial_bridge' returned '0': PYTHONPATH=/home/raspberry/Auv_ws/build/serial_bridge/prefix_override:/usr/lib/python3/dist-packages/colcon_core/task/python/colcon_distutils_commands:/home/raspberry/Auv_ws/install/serial_bridge/lib/python3.10/site-packages:${PYTHONPATH} /usr/bin/python3 -W ignore:setup.py install is deprecated -W ignore:easy_install command is deprecated setup.py egg_info --egg-base ../../build/serial_bridge build --build-base /home/raspberry/Auv_ws/build/serial_bridge/build install --record /home/raspberry/Auv_ws/build/serial_bridge/install.log --single-version-externally-managed install_data
[8.734s] Level 1:colcon.colcon_core.environment:checking '/home/raspberry/Auv_ws/install/serial_bridge' for CMake config files
[8.738s] Level 1:colcon.colcon_core.environment:checking '/home/raspberry/Auv_ws/install/serial_bridge/lib'
[8.740s] Level 1:colcon.colcon_core.environment:checking '/home/raspberry/Auv_ws/install/serial_bridge/bin'
[8.740s] Level 1:colcon.colcon_core.environment:checking '/home/raspberry/Auv_ws/install/serial_bridge/lib/pkgconfig/serial_bridge.pc'
[8.742s] Level 1:colcon.colcon_core.environment:checking '/home/raspberry/Auv_ws/install/serial_bridge/lib/python3.10/site-packages'
[8.743s] Level 1:colcon.colcon_core.shell:create_environment_hook('serial_bridge', 'pythonpath')
[8.744s] INFO:colcon.colcon_core.shell:Creating environment hook '/home/raspberry/Auv_ws/install/serial_bridge/share/serial_bridge/hook/pythonpath.ps1'
[8.748s] INFO:colcon.colcon_core.shell:Creating environment descriptor '/home/raspberry/Auv_ws/install/serial_bridge/share/serial_bridge/hook/pythonpath.dsv'
[8.751s] INFO:colcon.colcon_core.shell:Creating environment hook '/home/raspberry/Auv_ws/install/serial_bridge/share/serial_bridge/hook/pythonpath.sh'
[8.755s] Level 1:colcon.colcon_core.environment:checking '/home/raspberry/Auv_ws/install/serial_bridge/bin'
[8.756s] Level 1:colcon.colcon_core.environment:create_environment_scripts_only(serial_bridge)
[8.757s] INFO:colcon.colcon_core.shell:Creating package script '/home/raspberry/Auv_ws/install/serial_bridge/share/serial_bridge/package.ps1'
[8.760s] INFO:colcon.colcon_core.shell:Creating package descriptor '/home/raspberry/Auv_ws/install/serial_bridge/share/serial_bridge/package.dsv'
[8.762s] INFO:colcon.colcon_core.shell:Creating package script '/home/raspberry/Auv_ws/install/serial_bridge/share/serial_bridge/package.sh'
[8.764s] INFO:colcon.colcon_core.shell:Creating package script '/home/raspberry/Auv_ws/install/serial_bridge/share/serial_bridge/package.bash'
[8.766s] INFO:colcon.colcon_core.shell:Creating package script '/home/raspberry/Auv_ws/install/serial_bridge/share/serial_bridge/package.zsh'
[8.768s] Level 1:colcon.colcon_core.environment:create_file_with_runtime_dependencies(/home/raspberry/Auv_ws/install/serial_bridge/share/colcon-core/packages/serial_bridge)
[8.772s] Level 1:colcon.colcon_core.environment:checking '/home/raspberry/Auv_ws/install/Auv_teleop' for CMake module files
[8.775s] DEBUG:colcon.colcon_core.event_handler.log_command:Invoked command in '/home/raspberry/Auv_ws/src/Auv_teleop' returned '0': PYTHONPATH=/home/raspberry/Auv_ws/build/Auv_teleop/prefix_override:/usr/lib/python3/dist-packages/colcon_core/task/python/colcon_distutils_commands:/home/raspberry/Auv_ws/install/Auv_teleop/lib/python3.10/site-packages:${PYTHONPATH} /usr/bin/python3 -W ignore:setup.py install is deprecated -W ignore:easy_install command is deprecated setup.py egg_info --egg-base ../../build/Auv_teleop build --build-base /home/raspberry/Auv_ws/build/Auv_teleop/build install --record /home/raspberry/Auv_ws/build/Auv_teleop/install.log --single-version-externally-managed install_data
[8.776s] Level 1:colcon.colcon_core.environment:checking '/home/raspberry/Auv_ws/install/Auv_teleop' for CMake config files
[8.780s] Level 1:colcon.colcon_core.environment:checking '/home/raspberry/Auv_ws/install/Auv_teleop/lib'
[8.780s] Level 1:colcon.colcon_core.environment:checking '/home/raspberry/Auv_ws/install/Auv_teleop/bin'
[8.781s] Level 1:colcon.colcon_core.environment:checking '/home/raspberry/Auv_ws/install/Auv_teleop/lib/pkgconfig/Auv_teleop.pc'
[8.782s] Level 1:colcon.colcon_core.environment:checking '/home/raspberry/Auv_ws/install/Auv_teleop/lib/python3.10/site-packages'
[8.782s] Level 1:colcon.colcon_core.shell:create_environment_hook('Auv_teleop', 'pythonpath')
[8.783s] INFO:colcon.colcon_core.shell:Creating environment hook '/home/raspberry/Auv_ws/install/Auv_teleop/share/Auv_teleop/hook/pythonpath.ps1'
[8.785s] INFO:colcon.colcon_core.shell:Creating environment descriptor '/home/raspberry/Auv_ws/install/Auv_teleop/share/Auv_teleop/hook/pythonpath.dsv'
[8.787s] INFO:colcon.colcon_core.shell:Creating environment hook '/home/raspberry/Auv_ws/install/Auv_teleop/share/Auv_teleop/hook/pythonpath.sh'
[8.791s] Level 1:colcon.colcon_core.environment:checking '/home/raspberry/Auv_ws/install/Auv_teleop/bin'
[8.792s] Level 1:colcon.colcon_core.environment:create_environment_scripts_only(Auv_teleop)
[8.793s] INFO:colcon.colcon_core.shell:Creating package script '/home/raspberry/Auv_ws/install/Auv_teleop/share/Auv_teleop/package.ps1'
[8.795s] INFO:colcon.colcon_core.shell:Creating package descriptor '/home/raspberry/Auv_ws/install/Auv_teleop/share/Auv_teleop/package.dsv'
[8.798s] INFO:colcon.colcon_core.shell:Creating package script '/home/raspberry/Auv_ws/install/Auv_teleop/share/Auv_teleop/package.sh'
[8.800s] INFO:colcon.colcon_core.shell:Creating package script '/home/raspberry/Auv_ws/install/Auv_teleop/share/Auv_teleop/package.bash'
[8.802s] INFO:colcon.colcon_core.shell:Creating package script '/home/raspberry/Auv_ws/install/Auv_teleop/share/Auv_teleop/package.zsh'
[8.803s] Level 1:colcon.colcon_core.environment:create_file_with_runtime_dependencies(/home/raspberry/Auv_ws/install/Auv_teleop/share/colcon-core/packages/Auv_teleop)
[8.805s] DEBUG:colcon.colcon_parallel_executor.executor.parallel:closing loop
[8.805s] DEBUG:colcon.colcon_parallel_executor.executor.parallel:loop closed
[8.807s] DEBUG:colcon.colcon_parallel_executor.executor.parallel:run_until_complete finished with '0'
[8.807s] DEBUG:colcon.colcon_core.event_reactor:joining thread
[8.828s] INFO:colcon.colcon_core.plugin_system:Skipping extension 'colcon_notification.desktop_notification.notify_send': Could not find 'notify-send'
[8.829s] INFO:colcon.colcon_core.plugin_system:Skipping extension 'colcon_notification.desktop_notification.terminal_notifier': Not used on non-Darwin systems
[8.829s] INFO:colcon.colcon_core.plugin_system:Skipping extension 'colcon_notification.desktop_notification.win32': Not used on non-Windows systems
[8.829s] INFO:colcon.colcon_notification.desktop_notification:Sending desktop notification using 'notify2'
[8.832s] DEBUG:colcon.colcon_notification.desktop_notification.notify2:Failed to initialize notify2: org.freedesktop.DBus.Error.ServiceUnknown: The name org.freedesktop.Notifications was not provided by any .service files
[8.833s] DEBUG:colcon.colcon_core.event_reactor:joined thread
[8.834s] INFO:colcon.colcon_core.shell:Creating prefix script '/home/raspberry/Auv_ws/install/local_setup.ps1'
[8.838s] INFO:colcon.colcon_core.shell:Creating prefix util module '/home/raspberry/Auv_ws/install/_local_setup_util_ps1.py'
[8.844s] INFO:colcon.colcon_core.shell:Creating prefix chain script '/home/raspberry/Auv_ws/install/setup.ps1'
[8.850s] INFO:colcon.colcon_core.shell:Creating prefix script '/home/raspberry/Auv_ws/install/local_setup.sh'
[8.853s] INFO:colcon.colcon_core.shell:Creating prefix util module '/home/raspberry/Auv_ws/install/_local_setup_util_sh.py'
[8.856s] INFO:colcon.colcon_core.shell:Creating prefix chain script '/home/raspberry/Auv_ws/install/setup.sh'
[8.861s] INFO:colcon.colcon_core.shell:Creating prefix script '/home/raspberry/Auv_ws/install/local_setup.bash'
[8.863s] INFO:colcon.colcon_core.shell:Creating prefix chain script '/home/raspberry/Auv_ws/install/setup.bash'
[8.868s] INFO:colcon.colcon_core.shell:Creating prefix script '/home/raspberry/Auv_ws/install/local_setup.zsh'
[8.871s] INFO:colcon.colcon_core.shell:Creating prefix chain script '/home/raspberry/Auv_ws/install/setup.zsh'
