[0.625s] DEBUG:colcon:Command line arguments: ['/usr/bin/colcon', 'build', '--symlink-install']
[0.625s] DEBUG:colcon:Parsed command line arguments: Namespace(log_base=None, log_level=None, verb_name='build', build_base='build', install_base='install', merge_install=False, symlink_install=True, test_result_base=None, continue_on_error=False, executor='parallel', parallel_workers=4, event_handlers=None, ignore_user_meta=False, metas=['./colcon.meta'], base_paths=['.'], packages_ignore=None, packages_ignore_regex=None, paths=None, packages_up_to=None, packages_up_to_regex=None, packages_above=None, packages_above_and_dependencies=None, packages_above_depth=None, packages_select_by_dep=None, packages_skip_by_dep=None, packages_skip_up_to=None, packages_select_build_failed=False, packages_skip_build_finished=False, packages_select_test_failures=False, packages_skip_test_passed=False, packages_select=None, packages_skip=None, packages_select_regex=None, packages_skip_regex=None, packages_start=None, packages_end=None, allow_overriding=[], cmake_args=None, cmake_target=None, cmake_target_skip_unavailable=False, cmake_clean_cache=False, cmake_clean_first=False, cmake_force_configure=False, ament_cmake_args=None, catkin_cmake_args=None, catkin_skip_building_tests=False, mixin_files=None, mixin=None, verb_parser=<colcon_mixin.mixin.mixin_argument.MixinArgumentDecorator object at 0xffff8dab6800>, verb_extension=<colcon_core.verb.build.BuildVerb object at 0xffff8dc2b7f0>, main=<bound method BuildVerb.main of <colcon_core.verb.build.BuildVerb object at 0xffff8dc2b7f0>>, mixin_verb=('build',))
[1.583s] Level 1:colcon.colcon_core.package_discovery:discover_packages(colcon_meta) check parameters
[1.583s] Level 1:colcon.colcon_core.package_discovery:discover_packages(recursive) check parameters
[1.584s] Level 1:colcon.colcon_core.package_discovery:discover_packages(ignore) check parameters
[1.584s] Level 1:colcon.colcon_core.package_discovery:discover_packages(path) check parameters
[1.584s] Level 1:colcon.colcon_core.package_discovery:discover_packages(colcon_meta) discover
[1.584s] Level 1:colcon.colcon_core.package_discovery:discover_packages(recursive) discover
[1.584s] INFO:colcon.colcon_core.package_discovery:Crawling recursively for packages in '/home/raspberry/Auv_ws'
[1.585s] Level 1:colcon.colcon_core.package_identification:_identify(.) by extensions ['ignore', 'ignore_ament_install']
[1.585s] Level 1:colcon.colcon_core.package_identification:_identify(.) by extension 'ignore'
[1.586s] Level 1:colcon.colcon_core.package_identification:_identify(.) by extension 'ignore_ament_install'
[1.586s] Level 1:colcon.colcon_core.package_identification:_identify(.) by extensions ['colcon_pkg']
[1.586s] Level 1:colcon.colcon_core.package_identification:_identify(.) by extension 'colcon_pkg'
[1.587s] Level 1:colcon.colcon_core.package_identification:_identify(.) by extensions ['colcon_meta']
[1.587s] Level 1:colcon.colcon_core.package_identification:_identify(.) by extension 'colcon_meta'
[1.588s] Level 1:colcon.colcon_core.package_identification:_identify(.) by extensions ['ros']
[1.588s] Level 1:colcon.colcon_core.package_identification:_identify(.) by extension 'ros'
[1.647s] Level 1:colcon.colcon_core.package_identification:_identify(.) by extensions ['cmake', 'python']
[1.647s] Level 1:colcon.colcon_core.package_identification:_identify(.) by extension 'cmake'
[1.648s] Level 1:colcon.colcon_core.package_identification:_identify(.) by extension 'python'
[1.648s] Level 1:colcon.colcon_core.package_identification:_identify(.) by extensions ['python_setup_py']
[1.648s] Level 1:colcon.colcon_core.package_identification:_identify(.) by extension 'python_setup_py'
[1.649s] Level 1:colcon.colcon_core.package_identification:_identify(build) by extensions ['ignore', 'ignore_ament_install']
[1.650s] Level 1:colcon.colcon_core.package_identification:_identify(build) by extension 'ignore'
[1.650s] Level 1:colcon.colcon_core.package_identification:_identify(build) ignored
[1.651s] Level 1:colcon.colcon_core.package_identification:_identify(install) by extensions ['ignore', 'ignore_ament_install']
[1.651s] Level 1:colcon.colcon_core.package_identification:_identify(install) by extension 'ignore'
[1.652s] Level 1:colcon.colcon_core.package_identification:_identify(install) ignored
[1.654s] Level 1:colcon.colcon_core.package_identification:_identify(log) by extensions ['ignore', 'ignore_ament_install']
[1.654s] Level 1:colcon.colcon_core.package_identification:_identify(log) by extension 'ignore'
[1.655s] Level 1:colcon.colcon_core.package_identification:_identify(log) ignored
[1.655s] Level 1:colcon.colcon_core.package_identification:_identify(src) by extensions ['ignore', 'ignore_ament_install']
[1.656s] Level 1:colcon.colcon_core.package_identification:_identify(src) by extension 'ignore'
[1.656s] Level 1:colcon.colcon_core.package_identification:_identify(src) by extension 'ignore_ament_install'
[1.657s] Level 1:colcon.colcon_core.package_identification:_identify(src) by extensions ['colcon_pkg']
[1.657s] Level 1:colcon.colcon_core.package_identification:_identify(src) by extension 'colcon_pkg'
[1.657s] Level 1:colcon.colcon_core.package_identification:_identify(src) by extensions ['colcon_meta']
[1.657s] Level 1:colcon.colcon_core.package_identification:_identify(src) by extension 'colcon_meta'
[1.658s] Level 1:colcon.colcon_core.package_identification:_identify(src) by extensions ['ros']
[1.658s] Level 1:colcon.colcon_core.package_identification:_identify(src) by extension 'ros'
[1.658s] Level 1:colcon.colcon_core.package_identification:_identify(src) by extensions ['cmake', 'python']
[1.658s] Level 1:colcon.colcon_core.package_identification:_identify(src) by extension 'cmake'
[1.659s] Level 1:colcon.colcon_core.package_identification:_identify(src) by extension 'python'
[1.659s] Level 1:colcon.colcon_core.package_identification:_identify(src) by extensions ['python_setup_py']
[1.659s] Level 1:colcon.colcon_core.package_identification:_identify(src) by extension 'python_setup_py'
[1.660s] Level 1:colcon.colcon_core.package_identification:_identify(src/auv_bringup) by extensions ['ignore', 'ignore_ament_install']
[1.660s] Level 1:colcon.colcon_core.package_identification:_identify(src/auv_bringup) by extension 'ignore'
[1.660s] Level 1:colcon.colcon_core.package_identification:_identify(src/auv_bringup) by extension 'ignore_ament_install'
[1.661s] Level 1:colcon.colcon_core.package_identification:_identify(src/auv_bringup) by extensions ['colcon_pkg']
[1.661s] Level 1:colcon.colcon_core.package_identification:_identify(src/auv_bringup) by extension 'colcon_pkg'
[1.661s] Level 1:colcon.colcon_core.package_identification:_identify(src/auv_bringup) by extensions ['colcon_meta']
[1.661s] Level 1:colcon.colcon_core.package_identification:_identify(src/auv_bringup) by extension 'colcon_meta'
[1.661s] Level 1:colcon.colcon_core.package_identification:_identify(src/auv_bringup) by extensions ['ros']
[1.662s] Level 1:colcon.colcon_core.package_identification:_identify(src/auv_bringup) by extension 'ros'
[1.671s] DEBUG:colcon.colcon_core.package_identification:Package 'src/auv_bringup' with type 'ros.ament_python' and name 'auv_bringup'
[1.672s] Level 1:colcon.colcon_core.package_identification:_identify(src/auv_camera_stream) by extensions ['ignore', 'ignore_ament_install']
[1.673s] Level 1:colcon.colcon_core.package_identification:_identify(src/auv_camera_stream) by extension 'ignore'
[1.673s] Level 1:colcon.colcon_core.package_identification:_identify(src/auv_camera_stream) by extension 'ignore_ament_install'
[1.674s] Level 1:colcon.colcon_core.package_identification:_identify(src/auv_camera_stream) by extensions ['colcon_pkg']
[1.674s] Level 1:colcon.colcon_core.package_identification:_identify(src/auv_camera_stream) by extension 'colcon_pkg'
[1.674s] Level 1:colcon.colcon_core.package_identification:_identify(src/auv_camera_stream) by extensions ['colcon_meta']
[1.674s] Level 1:colcon.colcon_core.package_identification:_identify(src/auv_camera_stream) by extension 'colcon_meta'
[1.675s] Level 1:colcon.colcon_core.package_identification:_identify(src/auv_camera_stream) by extensions ['ros']
[1.675s] Level 1:colcon.colcon_core.package_identification:_identify(src/auv_camera_stream) by extension 'ros'
[1.678s] DEBUG:colcon.colcon_core.package_identification:Package 'src/auv_camera_stream' with type 'ros.ament_python' and name 'auv_camera_stream'
[1.678s] Level 1:colcon.colcon_core.package_identification:_identify(src/auv_control) by extensions ['ignore', 'ignore_ament_install']
[1.679s] Level 1:colcon.colcon_core.package_identification:_identify(src/auv_control) by extension 'ignore'
[1.680s] Level 1:colcon.colcon_core.package_identification:_identify(src/auv_control) by extension 'ignore_ament_install'
[1.680s] Level 1:colcon.colcon_core.package_identification:_identify(src/auv_control) by extensions ['colcon_pkg']
[1.680s] Level 1:colcon.colcon_core.package_identification:_identify(src/auv_control) by extension 'colcon_pkg'
[1.680s] Level 1:colcon.colcon_core.package_identification:_identify(src/auv_control) by extensions ['colcon_meta']
[1.681s] Level 1:colcon.colcon_core.package_identification:_identify(src/auv_control) by extension 'colcon_meta'
[1.681s] Level 1:colcon.colcon_core.package_identification:_identify(src/auv_control) by extensions ['ros']
[1.681s] Level 1:colcon.colcon_core.package_identification:_identify(src/auv_control) by extension 'ros'
[1.683s] DEBUG:colcon.colcon_core.package_identification:Package 'src/auv_control' with type 'ros.ament_python' and name 'auv_control'
[1.684s] Level 1:colcon.colcon_core.package_identification:_identify(src/auv_teleop) by extensions ['ignore', 'ignore_ament_install']
[1.685s] Level 1:colcon.colcon_core.package_identification:_identify(src/auv_teleop) by extension 'ignore'
[1.685s] Level 1:colcon.colcon_core.package_identification:_identify(src/auv_teleop) by extension 'ignore_ament_install'
[1.686s] Level 1:colcon.colcon_core.package_identification:_identify(src/auv_teleop) by extensions ['colcon_pkg']
[1.686s] Level 1:colcon.colcon_core.package_identification:_identify(src/auv_teleop) by extension 'colcon_pkg'
[1.686s] Level 1:colcon.colcon_core.package_identification:_identify(src/auv_teleop) by extensions ['colcon_meta']
[1.686s] Level 1:colcon.colcon_core.package_identification:_identify(src/auv_teleop) by extension 'colcon_meta'
[1.687s] Level 1:colcon.colcon_core.package_identification:_identify(src/auv_teleop) by extensions ['ros']
[1.687s] Level 1:colcon.colcon_core.package_identification:_identify(src/auv_teleop) by extension 'ros'
[1.689s] DEBUG:colcon.colcon_core.package_identification:Package 'src/auv_teleop' with type 'ros.ament_python' and name 'auv_teleop'
[1.690s] Level 1:colcon.colcon_core.package_identification:_identify(src/build) by extensions ['ignore', 'ignore_ament_install']
[1.691s] Level 1:colcon.colcon_core.package_identification:_identify(src/build) by extension 'ignore'
[1.691s] Level 1:colcon.colcon_core.package_identification:_identify(src/build) ignored
[1.691s] Level 1:colcon.colcon_core.package_identification:_identify(src/firmare) by extensions ['ignore', 'ignore_ament_install']
[1.692s] Level 1:colcon.colcon_core.package_identification:_identify(src/firmare) by extension 'ignore'
[1.692s] Level 1:colcon.colcon_core.package_identification:_identify(src/firmare) by extension 'ignore_ament_install'
[1.693s] Level 1:colcon.colcon_core.package_identification:_identify(src/firmare) by extensions ['colcon_pkg']
[1.693s] Level 1:colcon.colcon_core.package_identification:_identify(src/firmare) by extension 'colcon_pkg'
[1.693s] Level 1:colcon.colcon_core.package_identification:_identify(src/firmare) by extensions ['colcon_meta']
[1.693s] Level 1:colcon.colcon_core.package_identification:_identify(src/firmare) by extension 'colcon_meta'
[1.694s] Level 1:colcon.colcon_core.package_identification:_identify(src/firmare) by extensions ['ros']
[1.694s] Level 1:colcon.colcon_core.package_identification:_identify(src/firmare) by extension 'ros'
[1.694s] Level 1:colcon.colcon_core.package_identification:_identify(src/firmare) by extensions ['cmake', 'python']
[1.695s] Level 1:colcon.colcon_core.package_identification:_identify(src/firmare) by extension 'cmake'
[1.695s] Level 1:colcon.colcon_core.package_identification:_identify(src/firmare) by extension 'python'
[1.695s] Level 1:colcon.colcon_core.package_identification:_identify(src/firmare) by extensions ['python_setup_py']
[1.695s] Level 1:colcon.colcon_core.package_identification:_identify(src/firmare) by extension 'python_setup_py'
[1.696s] Level 1:colcon.colcon_core.package_identification:_identify(src/install) by extensions ['ignore', 'ignore_ament_install']
[1.697s] Level 1:colcon.colcon_core.package_identification:_identify(src/install) by extension 'ignore'
[1.697s] Level 1:colcon.colcon_core.package_identification:_identify(src/install) ignored
[1.698s] Level 1:colcon.colcon_core.package_identification:_identify(src/log) by extensions ['ignore', 'ignore_ament_install']
[1.698s] Level 1:colcon.colcon_core.package_identification:_identify(src/log) by extension 'ignore'
[1.699s] Level 1:colcon.colcon_core.package_identification:_identify(src/log) ignored
[1.699s] Level 1:colcon.colcon_core.package_identification:_identify(src/serial_bridge) by extensions ['ignore', 'ignore_ament_install']
[1.700s] Level 1:colcon.colcon_core.package_identification:_identify(src/serial_bridge) by extension 'ignore'
[1.700s] Level 1:colcon.colcon_core.package_identification:_identify(src/serial_bridge) by extension 'ignore_ament_install'
[1.700s] Level 1:colcon.colcon_core.package_identification:_identify(src/serial_bridge) by extensions ['colcon_pkg']
[1.700s] Level 1:colcon.colcon_core.package_identification:_identify(src/serial_bridge) by extension 'colcon_pkg'
[1.700s] Level 1:colcon.colcon_core.package_identification:_identify(src/serial_bridge) by extensions ['colcon_meta']
[1.701s] Level 1:colcon.colcon_core.package_identification:_identify(src/serial_bridge) by extension 'colcon_meta'
[1.701s] Level 1:colcon.colcon_core.package_identification:_identify(src/serial_bridge) by extensions ['ros']
[1.701s] Level 1:colcon.colcon_core.package_identification:_identify(src/serial_bridge) by extension 'ros'
[1.704s] DEBUG:colcon.colcon_core.package_identification:Package 'src/serial_bridge' with type 'ros.ament_python' and name 'serial_bridge'
[1.704s] Level 1:colcon.colcon_core.package_discovery:discover_packages(recursive) using defaults
[1.704s] Level 1:colcon.colcon_core.package_discovery:discover_packages(ignore) discover
[1.705s] Level 1:colcon.colcon_core.package_discovery:discover_packages(ignore) using defaults
[1.705s] Level 1:colcon.colcon_core.package_discovery:discover_packages(path) discover
[1.705s] Level 1:colcon.colcon_core.package_discovery:discover_packages(path) using defaults
[1.806s] Level 1:colcon.colcon_core.package_discovery:discover_packages(prefix_path) check parameters
[1.807s] Level 1:colcon.colcon_core.package_discovery:discover_packages(prefix_path) discover
[1.820s] DEBUG:colcon.colcon_installed_package_information.package_discovery:Found 8 installed packages in /home/raspberry/Auv_ws/install
[1.828s] DEBUG:colcon.colcon_installed_package_information.package_discovery:Found 196 installed packages in /opt/ros/humble
[1.833s] Level 1:colcon.colcon_core.package_discovery:discover_packages(prefix_path) using defaults
[2.032s] Level 5:colcon.colcon_core.verb:set package 'auv_camera_stream' build argument 'cmake_args' from command line to 'None'
[2.032s] Level 5:colcon.colcon_core.verb:set package 'auv_camera_stream' build argument 'cmake_target' from command line to 'None'
[2.032s] Level 5:colcon.colcon_core.verb:set package 'auv_camera_stream' build argument 'cmake_target_skip_unavailable' from command line to 'False'
[2.033s] Level 5:colcon.colcon_core.verb:set package 'auv_camera_stream' build argument 'cmake_clean_cache' from command line to 'False'
[2.033s] Level 5:colcon.colcon_core.verb:set package 'auv_camera_stream' build argument 'cmake_clean_first' from command line to 'False'
[2.033s] Level 5:colcon.colcon_core.verb:set package 'auv_camera_stream' build argument 'cmake_force_configure' from command line to 'False'
[2.033s] Level 5:colcon.colcon_core.verb:set package 'auv_camera_stream' build argument 'ament_cmake_args' from command line to 'None'
[2.033s] Level 5:colcon.colcon_core.verb:set package 'auv_camera_stream' build argument 'catkin_cmake_args' from command line to 'None'
[2.033s] Level 5:colcon.colcon_core.verb:set package 'auv_camera_stream' build argument 'catkin_skip_building_tests' from command line to 'False'
[2.034s] DEBUG:colcon.colcon_core.verb:Building package 'auv_camera_stream' with the following arguments: {'ament_cmake_args': None, 'build_base': '/home/raspberry/Auv_ws/build/auv_camera_stream', 'catkin_cmake_args': None, 'catkin_skip_building_tests': False, 'cmake_args': None, 'cmake_clean_cache': False, 'cmake_clean_first': False, 'cmake_force_configure': False, 'cmake_target': None, 'cmake_target_skip_unavailable': False, 'install_base': '/home/raspberry/Auv_ws/install/auv_camera_stream', 'merge_install': False, 'path': '/home/raspberry/Auv_ws/src/auv_camera_stream', 'symlink_install': True, 'test_result_base': None}
[2.035s] Level 5:colcon.colcon_core.verb:set package 'auv_control' build argument 'cmake_args' from command line to 'None'
[2.036s] Level 5:colcon.colcon_core.verb:set package 'auv_control' build argument 'cmake_target' from command line to 'None'
[2.036s] Level 5:colcon.colcon_core.verb:set package 'auv_control' build argument 'cmake_target_skip_unavailable' from command line to 'False'
[2.036s] Level 5:colcon.colcon_core.verb:set package 'auv_control' build argument 'cmake_clean_cache' from command line to 'False'
[2.036s] Level 5:colcon.colcon_core.verb:set package 'auv_control' build argument 'cmake_clean_first' from command line to 'False'
[2.036s] Level 5:colcon.colcon_core.verb:set package 'auv_control' build argument 'cmake_force_configure' from command line to 'False'
[2.036s] Level 5:colcon.colcon_core.verb:set package 'auv_control' build argument 'ament_cmake_args' from command line to 'None'
[2.036s] Level 5:colcon.colcon_core.verb:set package 'auv_control' build argument 'catkin_cmake_args' from command line to 'None'
[2.036s] Level 5:colcon.colcon_core.verb:set package 'auv_control' build argument 'catkin_skip_building_tests' from command line to 'False'
[2.037s] DEBUG:colcon.colcon_core.verb:Building package 'auv_control' with the following arguments: {'ament_cmake_args': None, 'build_base': '/home/raspberry/Auv_ws/build/auv_control', 'catkin_cmake_args': None, 'catkin_skip_building_tests': False, 'cmake_args': None, 'cmake_clean_cache': False, 'cmake_clean_first': False, 'cmake_force_configure': False, 'cmake_target': None, 'cmake_target_skip_unavailable': False, 'install_base': '/home/raspberry/Auv_ws/install/auv_control', 'merge_install': False, 'path': '/home/raspberry/Auv_ws/src/auv_control', 'symlink_install': True, 'test_result_base': None}
[2.038s] Level 5:colcon.colcon_core.verb:set package 'auv_teleop' build argument 'cmake_args' from command line to 'None'
[2.039s] Level 5:colcon.colcon_core.verb:set package 'auv_teleop' build argument 'cmake_target' from command line to 'None'
[2.039s] Level 5:colcon.colcon_core.verb:set package 'auv_teleop' build argument 'cmake_target_skip_unavailable' from command line to 'False'
[2.039s] Level 5:colcon.colcon_core.verb:set package 'auv_teleop' build argument 'cmake_clean_cache' from command line to 'False'
[2.039s] Level 5:colcon.colcon_core.verb:set package 'auv_teleop' build argument 'cmake_clean_first' from command line to 'False'
[2.039s] Level 5:colcon.colcon_core.verb:set package 'auv_teleop' build argument 'cmake_force_configure' from command line to 'False'
[2.039s] Level 5:colcon.colcon_core.verb:set package 'auv_teleop' build argument 'ament_cmake_args' from command line to 'None'
[2.039s] Level 5:colcon.colcon_core.verb:set package 'auv_teleop' build argument 'catkin_cmake_args' from command line to 'None'
[2.039s] Level 5:colcon.colcon_core.verb:set package 'auv_teleop' build argument 'catkin_skip_building_tests' from command line to 'False'
[2.040s] DEBUG:colcon.colcon_core.verb:Building package 'auv_teleop' with the following arguments: {'ament_cmake_args': None, 'build_base': '/home/raspberry/Auv_ws/build/auv_teleop', 'catkin_cmake_args': None, 'catkin_skip_building_tests': False, 'cmake_args': None, 'cmake_clean_cache': False, 'cmake_clean_first': False, 'cmake_force_configure': False, 'cmake_target': None, 'cmake_target_skip_unavailable': False, 'install_base': '/home/raspberry/Auv_ws/install/auv_teleop', 'merge_install': False, 'path': '/home/raspberry/Auv_ws/src/auv_teleop', 'symlink_install': True, 'test_result_base': None}
[2.041s] Level 5:colcon.colcon_core.verb:set package 'serial_bridge' build argument 'cmake_args' from command line to 'None'
[2.041s] Level 5:colcon.colcon_core.verb:set package 'serial_bridge' build argument 'cmake_target' from command line to 'None'
[2.042s] Level 5:colcon.colcon_core.verb:set package 'serial_bridge' build argument 'cmake_target_skip_unavailable' from command line to 'False'
[2.042s] Level 5:colcon.colcon_core.verb:set package 'serial_bridge' build argument 'cmake_clean_cache' from command line to 'False'
[2.042s] Level 5:colcon.colcon_core.verb:set package 'serial_bridge' build argument 'cmake_clean_first' from command line to 'False'
[2.042s] Level 5:colcon.colcon_core.verb:set package 'serial_bridge' build argument 'cmake_force_configure' from command line to 'False'
[2.042s] Level 5:colcon.colcon_core.verb:set package 'serial_bridge' build argument 'ament_cmake_args' from command line to 'None'
[2.042s] Level 5:colcon.colcon_core.verb:set package 'serial_bridge' build argument 'catkin_cmake_args' from command line to 'None'
[2.042s] Level 5:colcon.colcon_core.verb:set package 'serial_bridge' build argument 'catkin_skip_building_tests' from command line to 'False'
[2.042s] DEBUG:colcon.colcon_core.verb:Building package 'serial_bridge' with the following arguments: {'ament_cmake_args': None, 'build_base': '/home/raspberry/Auv_ws/build/serial_bridge', 'catkin_cmake_args': None, 'catkin_skip_building_tests': False, 'cmake_args': None, 'cmake_clean_cache': False, 'cmake_clean_first': False, 'cmake_force_configure': False, 'cmake_target': None, 'cmake_target_skip_unavailable': False, 'install_base': '/home/raspberry/Auv_ws/install/serial_bridge', 'merge_install': False, 'path': '/home/raspberry/Auv_ws/src/serial_bridge', 'symlink_install': True, 'test_result_base': None}
[2.044s] Level 5:colcon.colcon_core.verb:set package 'auv_bringup' build argument 'cmake_args' from command line to 'None'
[2.044s] Level 5:colcon.colcon_core.verb:set package 'auv_bringup' build argument 'cmake_target' from command line to 'None'
[2.045s] Level 5:colcon.colcon_core.verb:set package 'auv_bringup' build argument 'cmake_target_skip_unavailable' from command line to 'False'
[2.045s] Level 5:colcon.colcon_core.verb:set package 'auv_bringup' build argument 'cmake_clean_cache' from command line to 'False'
[2.045s] Level 5:colcon.colcon_core.verb:set package 'auv_bringup' build argument 'cmake_clean_first' from command line to 'False'
[2.045s] Level 5:colcon.colcon_core.verb:set package 'auv_bringup' build argument 'cmake_force_configure' from command line to 'False'
[2.045s] Level 5:colcon.colcon_core.verb:set package 'auv_bringup' build argument 'ament_cmake_args' from command line to 'None'
[2.045s] Level 5:colcon.colcon_core.verb:set package 'auv_bringup' build argument 'catkin_cmake_args' from command line to 'None'
[2.045s] Level 5:colcon.colcon_core.verb:set package 'auv_bringup' build argument 'catkin_skip_building_tests' from command line to 'False'
[2.045s] DEBUG:colcon.colcon_core.verb:Building package 'auv_bringup' with the following arguments: {'ament_cmake_args': None, 'build_base': '/home/raspberry/Auv_ws/build/auv_bringup', 'catkin_cmake_args': None, 'catkin_skip_building_tests': False, 'cmake_args': None, 'cmake_clean_cache': False, 'cmake_clean_first': False, 'cmake_force_configure': False, 'cmake_target': None, 'cmake_target_skip_unavailable': False, 'install_base': '/home/raspberry/Auv_ws/install/auv_bringup', 'merge_install': False, 'path': '/home/raspberry/Auv_ws/src/auv_bringup', 'symlink_install': True, 'test_result_base': None}
[2.046s] INFO:colcon.colcon_core.executor:Executing jobs using 'parallel' executor
[2.050s] DEBUG:colcon.colcon_parallel_executor.executor.parallel:run_until_complete
[2.051s] INFO:colcon.colcon_ros.task.ament_python.build:Building ROS package in '/home/raspberry/Auv_ws/src/auv_teleop' with build type 'ament_python'
[2.052s] Level 1:colcon.colcon_core.shell:create_environment_hook('auv_teleop', 'ament_prefix_path')
[2.065s] INFO:colcon.colcon_core.plugin_system:Skipping extension 'colcon_core.shell.bat': Not used on non-Windows systems
[2.067s] INFO:colcon.colcon_core.shell:Creating environment hook '/home/raspberry/Auv_ws/install/auv_teleop/share/auv_teleop/hook/ament_prefix_path.ps1'
[2.070s] INFO:colcon.colcon_core.shell:Creating environment descriptor '/home/raspberry/Auv_ws/install/auv_teleop/share/auv_teleop/hook/ament_prefix_path.dsv'
[2.073s] INFO:colcon.colcon_core.shell:Creating environment hook '/home/raspberry/Auv_ws/install/auv_teleop/share/auv_teleop/hook/ament_prefix_path.sh'
[2.077s] INFO:colcon.colcon_core.shell:Skip shell extension 'powershell' for command environment: Not usable outside of PowerShell
[2.077s] DEBUG:colcon.colcon_core.shell:Skip shell extension 'dsv' for command environment
[2.098s] INFO:colcon.colcon_ros.task.ament_python.build:Building ROS package in '/home/raspberry/Auv_ws/src/auv_camera_stream' with build type 'ament_python'
[2.099s] Level 1:colcon.colcon_core.shell:create_environment_hook('auv_camera_stream', 'ament_prefix_path')
[2.100s] INFO:colcon.colcon_core.shell:Creating environment hook '/home/raspberry/Auv_ws/install/auv_camera_stream/share/auv_camera_stream/hook/ament_prefix_path.ps1'
[2.103s] INFO:colcon.colcon_core.shell:Creating environment descriptor '/home/raspberry/Auv_ws/install/auv_camera_stream/share/auv_camera_stream/hook/ament_prefix_path.dsv'
[2.106s] INFO:colcon.colcon_core.shell:Creating environment hook '/home/raspberry/Auv_ws/install/auv_camera_stream/share/auv_camera_stream/hook/ament_prefix_path.sh'
[2.109s] INFO:colcon.colcon_core.shell:Skip shell extension 'powershell' for command environment: Not usable outside of PowerShell
[2.109s] DEBUG:colcon.colcon_core.shell:Skip shell extension 'dsv' for command environment
[2.129s] INFO:colcon.colcon_ros.task.ament_python.build:Building ROS package in '/home/raspberry/Auv_ws/src/auv_control' with build type 'ament_python'
[2.130s] Level 1:colcon.colcon_core.shell:create_environment_hook('auv_control', 'ament_prefix_path')
[2.131s] INFO:colcon.colcon_core.shell:Creating environment hook '/home/raspberry/Auv_ws/install/auv_control/share/auv_control/hook/ament_prefix_path.ps1'
[2.134s] INFO:colcon.colcon_core.shell:Creating environment descriptor '/home/raspberry/Auv_ws/install/auv_control/share/auv_control/hook/ament_prefix_path.dsv'
[2.137s] INFO:colcon.colcon_core.shell:Creating environment hook '/home/raspberry/Auv_ws/install/auv_control/share/auv_control/hook/ament_prefix_path.sh'
[2.140s] INFO:colcon.colcon_core.shell:Skip shell extension 'powershell' for command environment: Not usable outside of PowerShell
[2.140s] DEBUG:colcon.colcon_core.shell:Skip shell extension 'dsv' for command environment
[2.161s] INFO:colcon.colcon_ros.task.ament_python.build:Building ROS package in '/home/raspberry/Auv_ws/src/serial_bridge' with build type 'ament_python'
[2.162s] Level 1:colcon.colcon_core.shell:create_environment_hook('serial_bridge', 'ament_prefix_path')
[2.164s] INFO:colcon.colcon_core.shell:Creating environment hook '/home/raspberry/Auv_ws/install/serial_bridge/share/serial_bridge/hook/ament_prefix_path.ps1'
[2.167s] INFO:colcon.colcon_core.shell:Creating environment descriptor '/home/raspberry/Auv_ws/install/serial_bridge/share/serial_bridge/hook/ament_prefix_path.dsv'
[2.170s] INFO:colcon.colcon_core.shell:Creating environment hook '/home/raspberry/Auv_ws/install/serial_bridge/share/serial_bridge/hook/ament_prefix_path.sh'
[2.174s] INFO:colcon.colcon_core.shell:Skip shell extension 'powershell' for command environment: Not usable outside of PowerShell
[2.174s] DEBUG:colcon.colcon_core.shell:Skip shell extension 'dsv' for command environment
[3.665s] INFO:colcon.colcon_core.task.python.build:Building Python package in '/home/raspberry/Auv_ws/src/auv_teleop'
[3.666s] INFO:colcon.colcon_core.shell:Skip shell extension 'powershell' for command environment: Not usable outside of PowerShell
[3.667s] DEBUG:colcon.colcon_core.shell:Skip shell extension 'dsv' for command environment
[5.145s] INFO:colcon.colcon_core.task.python.build:Building Python package in '/home/raspberry/Auv_ws/src/auv_camera_stream'
[5.146s] INFO:colcon.colcon_core.shell:Skip shell extension 'powershell' for command environment: Not usable outside of PowerShell
[5.147s] DEBUG:colcon.colcon_core.shell:Skip shell extension 'dsv' for command environment
[6.622s] INFO:colcon.colcon_core.task.python.build:Building Python package in '/home/raspberry/Auv_ws/src/auv_control'
[6.623s] INFO:colcon.colcon_core.shell:Skip shell extension 'powershell' for command environment: Not usable outside of PowerShell
[6.623s] DEBUG:colcon.colcon_core.shell:Skip shell extension 'dsv' for command environment
[8.104s] INFO:colcon.colcon_core.task.python.build:Building Python package in '/home/raspberry/Auv_ws/src/serial_bridge'
[8.105s] INFO:colcon.colcon_core.shell:Skip shell extension 'powershell' for command environment: Not usable outside of PowerShell
[8.106s] DEBUG:colcon.colcon_core.shell:Skip shell extension 'dsv' for command environment
[10.573s] DEBUG:colcon.colcon_core.event_handler.log_command:Invoking command in '/home/raspberry/Auv_ws/build/auv_teleop': PYTHONPATH=/home/raspberry/Auv_ws/build/auv_teleop/prefix_override:/usr/lib/python3/dist-packages/colcon_core/task/python/colcon_distutils_commands:/home/raspberry/Auv_ws/install/auv_teleop/lib/python3.10/site-packages:${PYTHONPATH} /usr/bin/python3 -W ignore:setup.py install is deprecated -W ignore:easy_install command is deprecated setup.py develop --editable --build-directory /home/raspberry/Auv_ws/build/auv_teleop/build --no-deps symlink_data
[11.607s] DEBUG:colcon.colcon_core.event_handler.log_command:Invoking command in '/home/raspberry/Auv_ws/build/auv_control': PYTHONPATH=/home/raspberry/Auv_ws/build/auv_control/prefix_override:/usr/lib/python3/dist-packages/colcon_core/task/python/colcon_distutils_commands:/home/raspberry/Auv_ws/install/auv_control/lib/python3.10/site-packages:${PYTHONPATH} /usr/bin/python3 -W ignore:setup.py install is deprecated -W ignore:easy_install command is deprecated setup.py develop --editable --build-directory /home/raspberry/Auv_ws/build/auv_control/build --no-deps symlink_data
[12.009s] DEBUG:colcon.colcon_core.event_handler.log_command:Invoking command in '/home/raspberry/Auv_ws/build/serial_bridge': PYTHONPATH=/home/raspberry/Auv_ws/build/serial_bridge/prefix_override:/usr/lib/python3/dist-packages/colcon_core/task/python/colcon_distutils_commands:/home/raspberry/Auv_ws/install/serial_bridge/lib/python3.10/site-packages:${PYTHONPATH} /usr/bin/python3 -W ignore:setup.py install is deprecated -W ignore:easy_install command is deprecated setup.py develop --editable --build-directory /home/raspberry/Auv_ws/build/serial_bridge/build --no-deps symlink_data
[12.049s] DEBUG:colcon.colcon_core.event_handler.log_command:Invoking command in '/home/raspberry/Auv_ws/build/auv_camera_stream': PYTHONPATH=/home/raspberry/Auv_ws/build/auv_camera_stream/prefix_override:/usr/lib/python3/dist-packages/colcon_core/task/python/colcon_distutils_commands:/home/raspberry/Auv_ws/install/auv_camera_stream/lib/python3.10/site-packages:${PYTHONPATH} /usr/bin/python3 -W ignore:setup.py install is deprecated -W ignore:easy_install command is deprecated setup.py develop --editable --build-directory /home/raspberry/Auv_ws/build/auv_camera_stream/build --no-deps symlink_data
[14.133s] Level 1:colcon.colcon_core.shell:create_environment_hook('auv_teleop', 'pythonpath_develop')
[14.136s] INFO:colcon.colcon_core.shell:Creating environment hook '/home/raspberry/Auv_ws/build/auv_teleop/share/auv_teleop/hook/pythonpath_develop.ps1'
[14.134s] DEBUG:colcon.colcon_core.event_handler.log_command:Invoked command in '/home/raspberry/Auv_ws/build/auv_teleop' returned '0': PYTHONPATH=/home/raspberry/Auv_ws/build/auv_teleop/prefix_override:/usr/lib/python3/dist-packages/colcon_core/task/python/colcon_distutils_commands:/home/raspberry/Auv_ws/install/auv_teleop/lib/python3.10/site-packages:${PYTHONPATH} /usr/bin/python3 -W ignore:setup.py install is deprecated -W ignore:easy_install command is deprecated setup.py develop --editable --build-directory /home/raspberry/Auv_ws/build/auv_teleop/build --no-deps symlink_data
[14.139s] INFO:colcon.colcon_core.shell:Creating environment descriptor '/home/raspberry/Auv_ws/build/auv_teleop/share/auv_teleop/hook/pythonpath_develop.dsv'
[14.143s] INFO:colcon.colcon_core.shell:Creating environment hook '/home/raspberry/Auv_ws/build/auv_teleop/share/auv_teleop/hook/pythonpath_develop.sh'
[14.161s] Level 1:colcon.colcon_core.environment:checking '/home/raspberry/Auv_ws/install/auv_teleop' for CMake module files
[14.164s] Level 1:colcon.colcon_core.environment:checking '/home/raspberry/Auv_ws/install/auv_teleop' for CMake config files
[14.170s] Level 1:colcon.colcon_core.environment:checking '/home/raspberry/Auv_ws/install/auv_teleop/lib'
[14.172s] Level 1:colcon.colcon_core.environment:checking '/home/raspberry/Auv_ws/install/auv_teleop/bin'
[14.172s] Level 1:colcon.colcon_core.environment:checking '/home/raspberry/Auv_ws/install/auv_teleop/lib/pkgconfig/auv_teleop.pc'
[14.174s] Level 1:colcon.colcon_core.environment:checking '/home/raspberry/Auv_ws/install/auv_teleop/lib/python3.10/site-packages'
[14.174s] Level 1:colcon.colcon_core.shell:create_environment_hook('auv_teleop', 'pythonpath')
[14.175s] INFO:colcon.colcon_core.shell:Creating environment hook '/home/raspberry/Auv_ws/install/auv_teleop/share/auv_teleop/hook/pythonpath.ps1'
[14.178s] INFO:colcon.colcon_core.shell:Creating environment descriptor '/home/raspberry/Auv_ws/install/auv_teleop/share/auv_teleop/hook/pythonpath.dsv'
[14.180s] INFO:colcon.colcon_core.shell:Creating environment hook '/home/raspberry/Auv_ws/install/auv_teleop/share/auv_teleop/hook/pythonpath.sh'
[14.185s] Level 1:colcon.colcon_core.environment:checking '/home/raspberry/Auv_ws/install/auv_teleop/bin'
[14.185s] Level 1:colcon.colcon_core.environment:create_environment_scripts_only(auv_teleop)
[14.188s] INFO:colcon.colcon_core.shell:Creating package script '/home/raspberry/Auv_ws/install/auv_teleop/share/auv_teleop/package.ps1'
[14.193s] INFO:colcon.colcon_core.shell:Creating package descriptor '/home/raspberry/Auv_ws/install/auv_teleop/share/auv_teleop/package.dsv'
[14.197s] INFO:colcon.colcon_core.shell:Creating package script '/home/raspberry/Auv_ws/install/auv_teleop/share/auv_teleop/package.sh'
[14.203s] INFO:colcon.colcon_core.shell:Creating package script '/home/raspberry/Auv_ws/install/auv_teleop/share/auv_teleop/package.bash'
[14.208s] INFO:colcon.colcon_core.shell:Creating package script '/home/raspberry/Auv_ws/install/auv_teleop/share/auv_teleop/package.zsh'
[14.212s] Level 1:colcon.colcon_core.environment:create_file_with_runtime_dependencies(/home/raspberry/Auv_ws/install/auv_teleop/share/colcon-core/packages/auv_teleop)
[14.217s] INFO:colcon.colcon_ros.task.ament_python.build:Building ROS package in '/home/raspberry/Auv_ws/src/auv_bringup' with build type 'ament_python'
[14.219s] Level 1:colcon.colcon_core.shell:create_environment_hook('auv_bringup', 'ament_prefix_path')
[14.221s] INFO:colcon.colcon_core.shell:Creating environment hook '/home/raspberry/Auv_ws/install/auv_bringup/share/auv_bringup/hook/ament_prefix_path.ps1'
[14.224s] INFO:colcon.colcon_core.shell:Creating environment descriptor '/home/raspberry/Auv_ws/install/auv_bringup/share/auv_bringup/hook/ament_prefix_path.dsv'
[14.228s] INFO:colcon.colcon_core.shell:Creating environment hook '/home/raspberry/Auv_ws/install/auv_bringup/share/auv_bringup/hook/ament_prefix_path.sh'
[14.232s] INFO:colcon.colcon_core.shell:Skip shell extension 'powershell' for command environment: Not usable outside of PowerShell
[14.233s] DEBUG:colcon.colcon_core.shell:Skip shell extension 'dsv' for command environment
[16.898s] INFO:colcon.colcon_core.task.python.build:Building Python package in '/home/raspberry/Auv_ws/src/auv_bringup'
[16.899s] INFO:colcon.colcon_core.shell:Skip shell extension 'powershell' for command environment: Not usable outside of PowerShell
[16.900s] DEBUG:colcon.colcon_core.shell:Skip shell extension 'dsv' for command environment
[16.927s] Level 1:colcon.colcon_core.shell:create_environment_hook('auv_camera_stream', 'pythonpath_develop')
[16.929s] DEBUG:colcon.colcon_core.event_handler.log_command:Invoked command in '/home/raspberry/Auv_ws/build/auv_camera_stream' returned '0': PYTHONPATH=/home/raspberry/Auv_ws/build/auv_camera_stream/prefix_override:/usr/lib/python3/dist-packages/colcon_core/task/python/colcon_distutils_commands:/home/raspberry/Auv_ws/install/auv_camera_stream/lib/python3.10/site-packages:${PYTHONPATH} /usr/bin/python3 -W ignore:setup.py install is deprecated -W ignore:easy_install command is deprecated setup.py develop --editable --build-directory /home/raspberry/Auv_ws/build/auv_camera_stream/build --no-deps symlink_data
[16.930s] INFO:colcon.colcon_core.shell:Creating environment hook '/home/raspberry/Auv_ws/build/auv_camera_stream/share/auv_camera_stream/hook/pythonpath_develop.ps1'
[16.933s] INFO:colcon.colcon_core.shell:Creating environment descriptor '/home/raspberry/Auv_ws/build/auv_camera_stream/share/auv_camera_stream/hook/pythonpath_develop.dsv'
[16.936s] INFO:colcon.colcon_core.shell:Creating environment hook '/home/raspberry/Auv_ws/build/auv_camera_stream/share/auv_camera_stream/hook/pythonpath_develop.sh'
[16.940s] Level 1:colcon.colcon_core.environment:checking '/home/raspberry/Auv_ws/install/auv_camera_stream' for CMake module files
[16.942s] Level 1:colcon.colcon_core.environment:checking '/home/raspberry/Auv_ws/install/auv_camera_stream' for CMake config files
[16.946s] Level 1:colcon.colcon_core.environment:checking '/home/raspberry/Auv_ws/install/auv_camera_stream/lib'
[16.947s] Level 1:colcon.colcon_core.environment:checking '/home/raspberry/Auv_ws/install/auv_camera_stream/bin'
[16.947s] Level 1:colcon.colcon_core.environment:checking '/home/raspberry/Auv_ws/install/auv_camera_stream/lib/pkgconfig/auv_camera_stream.pc'
[16.948s] Level 1:colcon.colcon_core.environment:checking '/home/raspberry/Auv_ws/install/auv_camera_stream/lib/python3.10/site-packages'
[16.949s] Level 1:colcon.colcon_core.shell:create_environment_hook('auv_camera_stream', 'pythonpath')
[16.950s] INFO:colcon.colcon_core.shell:Creating environment hook '/home/raspberry/Auv_ws/install/auv_camera_stream/share/auv_camera_stream/hook/pythonpath.ps1'
[16.952s] INFO:colcon.colcon_core.shell:Creating environment descriptor '/home/raspberry/Auv_ws/install/auv_camera_stream/share/auv_camera_stream/hook/pythonpath.dsv'
[16.954s] INFO:colcon.colcon_core.shell:Creating environment hook '/home/raspberry/Auv_ws/install/auv_camera_stream/share/auv_camera_stream/hook/pythonpath.sh'
[16.958s] Level 1:colcon.colcon_core.environment:checking '/home/raspberry/Auv_ws/install/auv_camera_stream/bin'
[16.959s] Level 1:colcon.colcon_core.environment:create_environment_scripts_only(auv_camera_stream)
[16.960s] INFO:colcon.colcon_core.shell:Creating package script '/home/raspberry/Auv_ws/install/auv_camera_stream/share/auv_camera_stream/package.ps1'
[16.963s] INFO:colcon.colcon_core.shell:Creating package descriptor '/home/raspberry/Auv_ws/install/auv_camera_stream/share/auv_camera_stream/package.dsv'
[16.967s] INFO:colcon.colcon_core.shell:Creating package script '/home/raspberry/Auv_ws/install/auv_camera_stream/share/auv_camera_stream/package.sh'
[16.970s] INFO:colcon.colcon_core.shell:Creating package script '/home/raspberry/Auv_ws/install/auv_camera_stream/share/auv_camera_stream/package.bash'
[16.973s] INFO:colcon.colcon_core.shell:Creating package script '/home/raspberry/Auv_ws/install/auv_camera_stream/share/auv_camera_stream/package.zsh'
[16.975s] Level 1:colcon.colcon_core.environment:create_file_with_runtime_dependencies(/home/raspberry/Auv_ws/install/auv_camera_stream/share/colcon-core/packages/auv_camera_stream)
[16.976s] Level 1:colcon.colcon_core.shell:create_environment_hook('serial_bridge', 'pythonpath_develop')
[16.978s] INFO:colcon.colcon_core.shell:Creating environment hook '/home/raspberry/Auv_ws/build/serial_bridge/share/serial_bridge/hook/pythonpath_develop.ps1'
[16.982s] INFO:colcon.colcon_core.shell:Creating environment descriptor '/home/raspberry/Auv_ws/build/serial_bridge/share/serial_bridge/hook/pythonpath_develop.dsv'
[16.983s] DEBUG:colcon.colcon_core.event_handler.log_command:Invoked command in '/home/raspberry/Auv_ws/build/serial_bridge' returned '0': PYTHONPATH=/home/raspberry/Auv_ws/build/serial_bridge/prefix_override:/usr/lib/python3/dist-packages/colcon_core/task/python/colcon_distutils_commands:/home/raspberry/Auv_ws/install/serial_bridge/lib/python3.10/site-packages:${PYTHONPATH} /usr/bin/python3 -W ignore:setup.py install is deprecated -W ignore:easy_install command is deprecated setup.py develop --editable --build-directory /home/raspberry/Auv_ws/build/serial_bridge/build --no-deps symlink_data
[16.985s] INFO:colcon.colcon_core.shell:Creating environment hook '/home/raspberry/Auv_ws/build/serial_bridge/share/serial_bridge/hook/pythonpath_develop.sh'
[16.988s] Level 1:colcon.colcon_core.environment:checking '/home/raspberry/Auv_ws/install/serial_bridge' for CMake module files
[16.991s] Level 1:colcon.colcon_core.environment:checking '/home/raspberry/Auv_ws/install/serial_bridge' for CMake config files
[16.995s] Level 1:colcon.colcon_core.environment:checking '/home/raspberry/Auv_ws/install/serial_bridge/lib'
[16.996s] Level 1:colcon.colcon_core.environment:checking '/home/raspberry/Auv_ws/install/serial_bridge/bin'
[16.996s] Level 1:colcon.colcon_core.environment:checking '/home/raspberry/Auv_ws/install/serial_bridge/lib/pkgconfig/serial_bridge.pc'
[16.997s] Level 1:colcon.colcon_core.environment:checking '/home/raspberry/Auv_ws/install/serial_bridge/lib/python3.10/site-packages'
[16.998s] Level 1:colcon.colcon_core.shell:create_environment_hook('serial_bridge', 'pythonpath')
[16.999s] INFO:colcon.colcon_core.shell:Creating environment hook '/home/raspberry/Auv_ws/install/serial_bridge/share/serial_bridge/hook/pythonpath.ps1'
[17.001s] INFO:colcon.colcon_core.shell:Creating environment descriptor '/home/raspberry/Auv_ws/install/serial_bridge/share/serial_bridge/hook/pythonpath.dsv'
[17.003s] INFO:colcon.colcon_core.shell:Creating environment hook '/home/raspberry/Auv_ws/install/serial_bridge/share/serial_bridge/hook/pythonpath.sh'
[17.008s] Level 1:colcon.colcon_core.environment:checking '/home/raspberry/Auv_ws/install/serial_bridge/bin'
[17.008s] Level 1:colcon.colcon_core.environment:create_environment_scripts_only(serial_bridge)
[17.010s] INFO:colcon.colcon_core.shell:Creating package script '/home/raspberry/Auv_ws/install/serial_bridge/share/serial_bridge/package.ps1'
[17.013s] INFO:colcon.colcon_core.shell:Creating package descriptor '/home/raspberry/Auv_ws/install/serial_bridge/share/serial_bridge/package.dsv'
[17.016s] INFO:colcon.colcon_core.shell:Creating package script '/home/raspberry/Auv_ws/install/serial_bridge/share/serial_bridge/package.sh'
[17.018s] INFO:colcon.colcon_core.shell:Creating package script '/home/raspberry/Auv_ws/install/serial_bridge/share/serial_bridge/package.bash'
[17.021s] INFO:colcon.colcon_core.shell:Creating package script '/home/raspberry/Auv_ws/install/serial_bridge/share/serial_bridge/package.zsh'
[17.023s] Level 1:colcon.colcon_core.environment:create_file_with_runtime_dependencies(/home/raspberry/Auv_ws/install/serial_bridge/share/colcon-core/packages/serial_bridge)
[17.028s] Level 1:colcon.colcon_core.shell:create_environment_hook('auv_control', 'pythonpath_develop')
[17.029s] INFO:colcon.colcon_core.shell:Creating environment hook '/home/raspberry/Auv_ws/build/auv_control/share/auv_control/hook/pythonpath_develop.ps1'
[17.032s] DEBUG:colcon.colcon_core.event_handler.log_command:Invoked command in '/home/raspberry/Auv_ws/build/auv_control' returned '0': PYTHONPATH=/home/raspberry/Auv_ws/build/auv_control/prefix_override:/usr/lib/python3/dist-packages/colcon_core/task/python/colcon_distutils_commands:/home/raspberry/Auv_ws/install/auv_control/lib/python3.10/site-packages:${PYTHONPATH} /usr/bin/python3 -W ignore:setup.py install is deprecated -W ignore:easy_install command is deprecated setup.py develop --editable --build-directory /home/raspberry/Auv_ws/build/auv_control/build --no-deps symlink_data
[17.033s] INFO:colcon.colcon_core.shell:Creating environment descriptor '/home/raspberry/Auv_ws/build/auv_control/share/auv_control/hook/pythonpath_develop.dsv'
[17.035s] INFO:colcon.colcon_core.shell:Creating environment hook '/home/raspberry/Auv_ws/build/auv_control/share/auv_control/hook/pythonpath_develop.sh'
[17.038s] Level 1:colcon.colcon_core.environment:checking '/home/raspberry/Auv_ws/install/auv_control' for CMake module files
[17.041s] Level 1:colcon.colcon_core.environment:checking '/home/raspberry/Auv_ws/install/auv_control' for CMake config files
[17.044s] Level 1:colcon.colcon_core.environment:checking '/home/raspberry/Auv_ws/install/auv_control/lib'
[17.045s] Level 1:colcon.colcon_core.environment:checking '/home/raspberry/Auv_ws/install/auv_control/bin'
[17.046s] Level 1:colcon.colcon_core.environment:checking '/home/raspberry/Auv_ws/install/auv_control/lib/pkgconfig/auv_control.pc'
[17.047s] Level 1:colcon.colcon_core.environment:checking '/home/raspberry/Auv_ws/install/auv_control/lib/python3.10/site-packages'
[17.047s] Level 1:colcon.colcon_core.shell:create_environment_hook('auv_control', 'pythonpath')
[17.048s] INFO:colcon.colcon_core.shell:Creating environment hook '/home/raspberry/Auv_ws/install/auv_control/share/auv_control/hook/pythonpath.ps1'
[17.051s] INFO:colcon.colcon_core.shell:Creating environment descriptor '/home/raspberry/Auv_ws/install/auv_control/share/auv_control/hook/pythonpath.dsv'
[17.053s] INFO:colcon.colcon_core.shell:Creating environment hook '/home/raspberry/Auv_ws/install/auv_control/share/auv_control/hook/pythonpath.sh'
[17.057s] Level 1:colcon.colcon_core.environment:checking '/home/raspberry/Auv_ws/install/auv_control/bin'
[17.057s] Level 1:colcon.colcon_core.environment:create_environment_scripts_only(auv_control)
[17.059s] INFO:colcon.colcon_core.shell:Creating package script '/home/raspberry/Auv_ws/install/auv_control/share/auv_control/package.ps1'
[17.062s] INFO:colcon.colcon_core.shell:Creating package descriptor '/home/raspberry/Auv_ws/install/auv_control/share/auv_control/package.dsv'
[17.065s] INFO:colcon.colcon_core.shell:Creating package script '/home/raspberry/Auv_ws/install/auv_control/share/auv_control/package.sh'
[17.068s] INFO:colcon.colcon_core.shell:Creating package script '/home/raspberry/Auv_ws/install/auv_control/share/auv_control/package.bash'
[17.070s] INFO:colcon.colcon_core.shell:Creating package script '/home/raspberry/Auv_ws/install/auv_control/share/auv_control/package.zsh'
[17.073s] Level 1:colcon.colcon_core.environment:create_file_with_runtime_dependencies(/home/raspberry/Auv_ws/install/auv_control/share/colcon-core/packages/auv_control)
[19.071s] DEBUG:colcon.colcon_core.event_handler.log_command:Invoking command in '/home/raspberry/Auv_ws/build/auv_bringup': AMENT_PREFIX_PATH=/home/raspberry/Auv_ws/install/auv_teleop:/home/raspberry/Auv_ws/install/serial_bridge:/home/raspberry/Auv_ws/install/auv_bringup:/home/raspberry/Auv_ws/install/auv_control:/home/raspberry/Auv_ws/install/auv_camera_stream:/home/raspberry/Auv_ws/install/Auv_teleop:/home/raspberry/Auv_ws/install/Auv_control:/home/raspberry/Auv_ws/install/Auv_camera_stream:/opt/ros/humble PYTHONPATH=/home/raspberry/Auv_ws/build/auv_bringup/prefix_override:/usr/lib/python3/dist-packages/colcon_core/task/python/colcon_distutils_commands:/home/raspberry/Auv_ws/install/auv_bringup/lib/python3.10/site-packages:/home/raspberry/Auv_ws/build/auv_teleop:/home/raspberry/Auv_ws/install/auv_teleop/lib/python3.10/site-packages:/home/raspberry/Auv_ws/build/serial_bridge:/home/raspberry/Auv_ws/build/auv_bringup:/home/raspberry/Auv_ws/build/auv_control:/home/raspberry/Auv_ws/build/auv_camera_stream:/home/raspberry/Auv_ws/install/serial_bridge/lib/python3.10/site-packages:/home/raspberry/Auv_ws/install/auv_bringup/lib/python3.10/site-packages:/home/raspberry/Auv_ws/install/auv_control/lib/python3.10/site-packages:/home/raspberry/Auv_ws/install/auv_camera_stream/lib/python3.10/site-packages:/home/raspberry/Auv_ws/install/Auv_teleop/lib/python3.10/site-packages:/home/raspberry/Auv_ws/install/Auv_control/lib/python3.10/site-packages:/home/raspberry/Auv_ws/install/Auv_camera_stream/lib/python3.10/site-packages:/opt/ros/humble/lib/python3.10/site-packages:/opt/ros/humble/local/lib/python3.10/dist-packages /usr/bin/python3 -W ignore:setup.py install is deprecated -W ignore:easy_install command is deprecated setup.py develop --editable --build-directory /home/raspberry/Auv_ws/build/auv_bringup/build --no-deps symlink_data
[21.684s] Level 1:colcon.colcon_core.shell:create_environment_hook('auv_bringup', 'pythonpath_develop')
[21.685s] INFO:colcon.colcon_core.shell:Creating environment hook '/home/raspberry/Auv_ws/build/auv_bringup/share/auv_bringup/hook/pythonpath_develop.ps1'
[21.687s] DEBUG:colcon.colcon_core.event_handler.log_command:Invoked command in '/home/raspberry/Auv_ws/build/auv_bringup' returned '0': AMENT_PREFIX_PATH=/home/raspberry/Auv_ws/install/auv_teleop:/home/raspberry/Auv_ws/install/serial_bridge:/home/raspberry/Auv_ws/install/auv_bringup:/home/raspberry/Auv_ws/install/auv_control:/home/raspberry/Auv_ws/install/auv_camera_stream:/home/raspberry/Auv_ws/install/Auv_teleop:/home/raspberry/Auv_ws/install/Auv_control:/home/raspberry/Auv_ws/install/Auv_camera_stream:/opt/ros/humble PYTHONPATH=/home/raspberry/Auv_ws/build/auv_bringup/prefix_override:/usr/lib/python3/dist-packages/colcon_core/task/python/colcon_distutils_commands:/home/raspberry/Auv_ws/install/auv_bringup/lib/python3.10/site-packages:/home/raspberry/Auv_ws/build/auv_teleop:/home/raspberry/Auv_ws/install/auv_teleop/lib/python3.10/site-packages:/home/raspberry/Auv_ws/build/serial_bridge:/home/raspberry/Auv_ws/build/auv_bringup:/home/raspberry/Auv_ws/build/auv_control:/home/raspberry/Auv_ws/build/auv_camera_stream:/home/raspberry/Auv_ws/install/serial_bridge/lib/python3.10/site-packages:/home/raspberry/Auv_ws/install/auv_bringup/lib/python3.10/site-packages:/home/raspberry/Auv_ws/install/auv_control/lib/python3.10/site-packages:/home/raspberry/Auv_ws/install/auv_camera_stream/lib/python3.10/site-packages:/home/raspberry/Auv_ws/install/Auv_teleop/lib/python3.10/site-packages:/home/raspberry/Auv_ws/install/Auv_control/lib/python3.10/site-packages:/home/raspberry/Auv_ws/install/Auv_camera_stream/lib/python3.10/site-packages:/opt/ros/humble/lib/python3.10/site-packages:/opt/ros/humble/local/lib/python3.10/dist-packages /usr/bin/python3 -W ignore:setup.py install is deprecated -W ignore:easy_install command is deprecated setup.py develop --editable --build-directory /home/raspberry/Auv_ws/build/auv_bringup/build --no-deps symlink_data
[21.689s] INFO:colcon.colcon_core.shell:Creating environment descriptor '/home/raspberry/Auv_ws/build/auv_bringup/share/auv_bringup/hook/pythonpath_develop.dsv'
[21.691s] INFO:colcon.colcon_core.shell:Creating environment hook '/home/raspberry/Auv_ws/build/auv_bringup/share/auv_bringup/hook/pythonpath_develop.sh'
[21.695s] Level 1:colcon.colcon_core.environment:checking '/home/raspberry/Auv_ws/install/auv_bringup' for CMake module files
[21.698s] Level 1:colcon.colcon_core.environment:checking '/home/raspberry/Auv_ws/install/auv_bringup' for CMake config files
[21.701s] Level 1:colcon.colcon_core.environment:checking '/home/raspberry/Auv_ws/install/auv_bringup/lib'
[21.702s] Level 1:colcon.colcon_core.environment:checking '/home/raspberry/Auv_ws/install/auv_bringup/bin'
[21.702s] Level 1:colcon.colcon_core.environment:checking '/home/raspberry/Auv_ws/install/auv_bringup/lib/pkgconfig/auv_bringup.pc'
[21.703s] Level 1:colcon.colcon_core.environment:checking '/home/raspberry/Auv_ws/install/auv_bringup/lib/python3.10/site-packages'
[21.704s] Level 1:colcon.colcon_core.shell:create_environment_hook('auv_bringup', 'pythonpath')
[21.705s] INFO:colcon.colcon_core.shell:Creating environment hook '/home/raspberry/Auv_ws/install/auv_bringup/share/auv_bringup/hook/pythonpath.ps1'
[21.708s] INFO:colcon.colcon_core.shell:Creating environment descriptor '/home/raspberry/Auv_ws/install/auv_bringup/share/auv_bringup/hook/pythonpath.dsv'
[21.710s] INFO:colcon.colcon_core.shell:Creating environment hook '/home/raspberry/Auv_ws/install/auv_bringup/share/auv_bringup/hook/pythonpath.sh'
[21.714s] Level 1:colcon.colcon_core.environment:checking '/home/raspberry/Auv_ws/install/auv_bringup/bin'
[21.714s] Level 1:colcon.colcon_core.environment:create_environment_scripts_only(auv_bringup)
[21.716s] INFO:colcon.colcon_core.shell:Creating package script '/home/raspberry/Auv_ws/install/auv_bringup/share/auv_bringup/package.ps1'
[21.719s] INFO:colcon.colcon_core.shell:Creating package descriptor '/home/raspberry/Auv_ws/install/auv_bringup/share/auv_bringup/package.dsv'
[21.722s] INFO:colcon.colcon_core.shell:Creating package script '/home/raspberry/Auv_ws/install/auv_bringup/share/auv_bringup/package.sh'
[21.725s] INFO:colcon.colcon_core.shell:Creating package script '/home/raspberry/Auv_ws/install/auv_bringup/share/auv_bringup/package.bash'
[21.727s] INFO:colcon.colcon_core.shell:Creating package script '/home/raspberry/Auv_ws/install/auv_bringup/share/auv_bringup/package.zsh'
[21.730s] Level 1:colcon.colcon_core.environment:create_file_with_runtime_dependencies(/home/raspberry/Auv_ws/install/auv_bringup/share/colcon-core/packages/auv_bringup)
[21.731s] DEBUG:colcon.colcon_parallel_executor.executor.parallel:closing loop
[21.733s] DEBUG:colcon.colcon_parallel_executor.executor.parallel:loop closed
[21.733s] DEBUG:colcon.colcon_parallel_executor.executor.parallel:run_until_complete finished with '0'
[21.734s] DEBUG:colcon.colcon_core.event_reactor:joining thread
[21.763s] INFO:colcon.colcon_core.plugin_system:Skipping extension 'colcon_notification.desktop_notification.notify_send': Could not find 'notify-send'
[21.763s] INFO:colcon.colcon_core.plugin_system:Skipping extension 'colcon_notification.desktop_notification.terminal_notifier': Not used on non-Darwin systems
[21.764s] INFO:colcon.colcon_core.plugin_system:Skipping extension 'colcon_notification.desktop_notification.win32': Not used on non-Windows systems
[21.764s] INFO:colcon.colcon_notification.desktop_notification:Sending desktop notification using 'notify2'
[21.768s] DEBUG:colcon.colcon_notification.desktop_notification.notify2:Failed to initialize notify2: org.freedesktop.DBus.Error.ServiceUnknown: The name org.freedesktop.Notifications was not provided by any .service files
[21.768s] DEBUG:colcon.colcon_core.event_reactor:joined thread
[21.769s] INFO:colcon.colcon_core.shell:Creating prefix script '/home/raspberry/Auv_ws/install/local_setup.ps1'
[21.774s] INFO:colcon.colcon_core.shell:Creating prefix util module '/home/raspberry/Auv_ws/install/_local_setup_util_ps1.py'
[21.782s] INFO:colcon.colcon_core.shell:Creating prefix chain script '/home/raspberry/Auv_ws/install/setup.ps1'
[21.790s] INFO:colcon.colcon_core.shell:Creating prefix script '/home/raspberry/Auv_ws/install/local_setup.sh'
[21.793s] INFO:colcon.colcon_core.shell:Creating prefix util module '/home/raspberry/Auv_ws/install/_local_setup_util_sh.py'
[21.796s] INFO:colcon.colcon_core.shell:Creating prefix chain script '/home/raspberry/Auv_ws/install/setup.sh'
[21.804s] INFO:colcon.colcon_core.shell:Creating prefix script '/home/raspberry/Auv_ws/install/local_setup.bash'
[21.807s] INFO:colcon.colcon_core.shell:Creating prefix chain script '/home/raspberry/Auv_ws/install/setup.bash'
[21.814s] INFO:colcon.colcon_core.shell:Creating prefix script '/home/raspberry/Auv_ws/install/local_setup.zsh'
[21.817s] INFO:colcon.colcon_core.shell:Creating prefix chain script '/home/raspberry/Auv_ws/install/setup.zsh'
