[6.114s] Invoking command in '/home/raspberry/Auv_ws/src/Auv_control': PYTHONPATH=/home/raspberry/Auv_ws/build/Auv_control/prefix_override:/usr/lib/python3/dist-packages/colcon_core/task/python/colcon_distutils_commands:/home/raspberry/Auv_ws/install/Auv_control/lib/python3.10/site-packages:${PYTHONPATH} /usr/bin/python3 -W ignore:setup.py install is deprecated -W ignore:easy_install command is deprecated setup.py egg_info --egg-base ../../build/Auv_control build --build-base /home/raspberry/Auv_ws/build/Auv_control/build install --record /home/raspberry/Auv_ws/build/Auv_control/install.log --single-version-externally-managed install_data
[7.694s] running egg_info
[7.700s] writing ../../build/Auv_control/Auv_control.egg-info/PKG-INFO
[7.704s] writing dependency_links to ../../build/Auv_control/Auv_control.egg-info/dependency_links.txt
[7.707s] writing entry points to ../../build/Auv_control/Auv_control.egg-info/entry_points.txt
[7.711s] writing requirements to ../../build/Auv_control/Auv_control.egg-info/requires.txt
[7.714s] writing top-level names to ../../build/Auv_control/Auv_control.egg-info/top_level.txt
[7.727s] reading manifest file '../../build/Auv_control/Auv_control.egg-info/SOURCES.txt'
[7.733s] writing manifest file '../../build/Auv_control/Auv_control.egg-info/SOURCES.txt'
[7.736s] running build
[7.737s] running build_py
[7.741s] running install
[7.744s] running install_lib
[7.752s] running install_data
[7.754s] running install_egg_info
[7.766s] removing '/home/raspberry/Auv_ws/install/Auv_control/lib/python3.10/site-packages/Auv_control-0.0.0-py3.10.egg-info' (and everything under it)
[7.781s] Copying ../../build/Auv_control/Auv_control.egg-info to /home/raspberry/Auv_ws/install/Auv_control/lib/python3.10/site-packages/Auv_control-0.0.0-py3.10.egg-info
[7.836s] running install_scripts
[8.019s] Installing heading_controller script to /home/raspberry/Auv_ws/install/Auv_control/lib/Auv_control
[8.021s] writing list of installed files to '/home/raspberry/Auv_ws/build/Auv_control/install.log'
[8.223s] Invoked command in '/home/raspberry/Auv_ws/src/Auv_control' returned '0': PYTHONPATH=/home/raspberry/Auv_ws/build/Auv_control/prefix_override:/usr/lib/python3/dist-packages/colcon_core/task/python/colcon_distutils_commands:/home/raspberry/Auv_ws/install/Auv_control/lib/python3.10/site-packages:${PYTHONPATH} /usr/bin/python3 -W ignore:setup.py install is deprecated -W ignore:easy_install command is deprecated setup.py egg_info --egg-base ../../build/Auv_control build --build-base /home/raspberry/Auv_ws/build/Auv_control/build install --record /home/raspberry/Auv_ws/build/Auv_control/install.log --single-version-externally-managed install_data
