[5.266s] Invoking command in '/home/raspberry/Auv_ws/src/serial_bridge': PYTHONPATH=/home/raspberry/Auv_ws/build/serial_bridge/prefix_override:/usr/lib/python3/dist-packages/colcon_core/task/python/colcon_distutils_commands:/home/raspberry/Auv_ws/install/serial_bridge/lib/python3.10/site-packages:${PYTHONPATH} /usr/bin/python3 -W ignore:setup.py install is deprecated -W ignore:easy_install command is deprecated setup.py egg_info --egg-base ../../build/serial_bridge build --build-base /home/raspberry/Auv_ws/build/serial_bridge/build install --record /home/raspberry/Auv_ws/build/serial_bridge/install.log --single-version-externally-managed install_data
[6.543s] running egg_info
[6.551s] writing ../../build/serial_bridge/serial_bridge.egg-info/PKG-INFO
[6.553s] writing dependency_links to ../../build/serial_bridge/serial_bridge.egg-info/dependency_links.txt
[6.559s] writing entry points to ../../build/serial_bridge/serial_bridge.egg-info/entry_points.txt
[6.560s] writing requirements to ../../build/serial_bridge/serial_bridge.egg-info/requires.txt
[6.562s] writing top-level names to ../../build/serial_bridge/serial_bridge.egg-info/top_level.txt
[6.574s] reading manifest file '../../build/serial_bridge/serial_bridge.egg-info/SOURCES.txt'
[6.581s] writing manifest file '../../build/serial_bridge/serial_bridge.egg-info/SOURCES.txt'
[6.583s] running build
[6.583s] running build_py
[6.586s] copying serial_bridge/arduino_bridge.py -> /home/raspberry/Auv_ws/build/serial_bridge/build/lib/serial_bridge
[6.590s] running install
[6.592s] running install_lib
[6.597s] copying /home/raspberry/Auv_ws/build/serial_bridge/build/lib/serial_bridge/arduino_bridge.py -> /home/raspberry/Auv_ws/install/serial_bridge/lib/python3.10/site-packages/serial_bridge
[6.601s] byte-compiling /home/raspberry/Auv_ws/install/serial_bridge/lib/python3.10/site-packages/serial_bridge/arduino_bridge.py to arduino_bridge.cpython-310.pyc
[6.607s] running install_data
[6.608s] running install_egg_info
[6.620s] removing '/home/raspberry/Auv_ws/install/serial_bridge/lib/python3.10/site-packages/serial_bridge-0.0.0-py3.10.egg-info' (and everything under it)
[6.624s] Copying ../../build/serial_bridge/serial_bridge.egg-info to /home/raspberry/Auv_ws/install/serial_bridge/lib/python3.10/site-packages/serial_bridge-0.0.0-py3.10.egg-info
[6.633s] running install_scripts
[6.799s] Installing arduino_bridge script to /home/raspberry/Auv_ws/install/serial_bridge/lib/serial_bridge
[6.805s] writing list of installed files to '/home/raspberry/Auv_ws/build/serial_bridge/install.log'
[7.011s] Invoked command in '/home/raspberry/Auv_ws/src/serial_bridge' returned '0': PYTHONPATH=/home/raspberry/Auv_ws/build/serial_bridge/prefix_override:/usr/lib/python3/dist-packages/colcon_core/task/python/colcon_distutils_commands:/home/raspberry/Auv_ws/install/serial_bridge/lib/python3.10/site-packages:${PYTHONPATH} /usr/bin/python3 -W ignore:setup.py install is deprecated -W ignore:easy_install command is deprecated setup.py egg_info --egg-base ../../build/serial_bridge build --build-base /home/raspberry/Auv_ws/build/serial_bridge/build install --record /home/raspberry/Auv_ws/build/serial_bridge/install.log --single-version-externally-managed install_data
