[9.208s] Invoking command in '/home/raspberry/Auv_ws/src/serial_bridge': PYTHONPATH=/home/raspberry/Auv_ws/build/serial_bridge/prefix_override:/usr/lib/python3/dist-packages/colcon_core/task/python/colcon_distutils_commands:/home/raspberry/Auv_ws/install/serial_bridge/lib/python3.10/site-packages:${PYTHONPATH} /usr/bin/python3 -W ignore:setup.py install is deprecated -W ignore:easy_install command is deprecated setup.py egg_info --egg-base ../../build/serial_bridge build --build-base /home/raspberry/Auv_ws/build/serial_bridge/build install --record /home/raspberry/Auv_ws/build/serial_bridge/install.log --single-version-externally-managed install_data
[11.189s] running egg_info
[11.196s] writing ../../build/serial_bridge/serial_bridge.egg-info/PKG-INFO
[11.205s] writing dependency_links to ../../build/serial_bridge/serial_bridge.egg-info/dependency_links.txt
[11.209s] writing entry points to ../../build/serial_bridge/serial_bridge.egg-info/entry_points.txt
[11.211s] writing requirements to ../../build/serial_bridge/serial_bridge.egg-info/requires.txt
[11.214s] writing top-level names to ../../build/serial_bridge/serial_bridge.egg-info/top_level.txt
[11.218s] reading manifest file '../../build/serial_bridge/serial_bridge.egg-info/SOURCES.txt'
[11.222s] writing manifest file '../../build/serial_bridge/serial_bridge.egg-info/SOURCES.txt'
[11.223s] running build
[11.224s] running build_py
[11.236s] running install
[11.242s] running install_lib
[11.281s] running install_data
[11.297s] running install_egg_info
[11.329s] removing '/home/raspberry/Auv_ws/install/serial_bridge/lib/python3.10/site-packages/serial_bridge-0.0.0-py3.10.egg-info' (and everything under it)
[11.346s] Copying ../../build/serial_bridge/serial_bridge.egg-info to /home/raspberry/Auv_ws/install/serial_bridge/lib/python3.10/site-packages/serial_bridge-0.0.0-py3.10.egg-info
[11.373s] running install_scripts
[11.569s] Installing arduino_bridge script to /home/raspberry/Auv_ws/install/serial_bridge/lib/serial_bridge
[11.578s] Installing imu_dashboard_adapter script to /home/raspberry/Auv_ws/install/serial_bridge/lib/serial_bridge
[11.588s] writing list of installed files to '/home/raspberry/Auv_ws/build/serial_bridge/install.log'
[11.808s] Invoked command in '/home/raspberry/Auv_ws/src/serial_bridge' returned '0': PYTHONPATH=/home/raspberry/Auv_ws/build/serial_bridge/prefix_override:/usr/lib/python3/dist-packages/colcon_core/task/python/colcon_distutils_commands:/home/raspberry/Auv_ws/install/serial_bridge/lib/python3.10/site-packages:${PYTHONPATH} /usr/bin/python3 -W ignore:setup.py install is deprecated -W ignore:easy_install command is deprecated setup.py egg_info --egg-base ../../build/serial_bridge build --build-base /home/raspberry/Auv_ws/build/serial_bridge/build install --record /home/raspberry/Auv_ws/build/serial_bridge/install.log --single-version-externally-managed install_data
