[9.803s] Invoking command in '/home/raspberry/Auv_ws/build/auv_teleop': PYTHONPATH=/home/raspberry/Auv_ws/build/auv_teleop/prefix_override:/usr/lib/python3/dist-packages/colcon_core/task/python/colcon_distutils_commands:/home/raspberry/Auv_ws/install/auv_teleop/lib/python3.10/site-packages:${PYTHONPATH} /usr/bin/python3 -W ignore:setup.py install is deprecated -W ignore:easy_install command is deprecated setup.py develop --editable --build-directory /home/raspberry/Auv_ws/build/auv_teleop/build --no-deps symlink_data --force
[11.970s] running develop
[13.622s] running egg_info
[13.624s] writing auv_teleop.egg-info/PKG-INFO
[13.626s] writing dependency_links to auv_teleop.egg-info/dependency_links.txt
[13.628s] writing entry points to auv_teleop.egg-info/entry_points.txt
[13.629s] writing requirements to auv_teleop.egg-info/requires.txt
[13.631s] writing top-level names to auv_teleop.egg-info/top_level.txt
[13.644s] reading manifest file 'auv_teleop.egg-info/SOURCES.txt'
[13.649s] writing manifest file 'auv_teleop.egg-info/SOURCES.txt'
[13.663s] running build_ext
[13.664s] Creating /home/raspberry/Auv_ws/install/auv_teleop/lib/python3.10/site-packages/auv-teleop.egg-link (link to .)
[13.670s] Installing teleop_xbox_node script to /home/raspberry/Auv_ws/install/auv_teleop/lib/auv_teleop
[13.671s] Installing xbox_node script to /home/raspberry/Auv_ws/install/auv_teleop/lib/auv_teleop
[13.675s] 
[13.678s] Installed /home/raspberry/Auv_ws/build/auv_teleop
[13.687s] running symlink_data
[13.689s] symbolically linking /home/raspberry/Auv_ws/build/auv_teleop/resource/auv_teleop -> /home/raspberry/Auv_ws/install/auv_teleop/share/ament_index/resource_index/packages
[13.690s] symbolically linking /home/raspberry/Auv_ws/build/auv_teleop/package.xml -> /home/raspberry/Auv_ws/install/auv_teleop/share/auv_teleop
[13.691s] symbolically linking /home/raspberry/Auv_ws/build/auv_teleop/config/mapping.yaml -> /home/raspberry/Auv_ws/install/auv_teleop/share/auv_teleop/config
[13.835s] Invoked command in '/home/raspberry/Auv_ws/build/auv_teleop' returned '0': PYTHONPATH=/home/raspberry/Auv_ws/build/auv_teleop/prefix_override:/usr/lib/python3/dist-packages/colcon_core/task/python/colcon_distutils_commands:/home/raspberry/Auv_ws/install/auv_teleop/lib/python3.10/site-packages:${PYTHONPATH} /usr/bin/python3 -W ignore:setup.py install is deprecated -W ignore:easy_install command is deprecated setup.py develop --editable --build-directory /home/raspberry/Auv_ws/build/auv_teleop/build --no-deps symlink_data --force
