[0.586s] DEBUG:colcon:Command line arguments: ['/usr/bin/colcon', 'build']
[0.587s] DEBUG:colcon:Parsed command line arguments: Namespace(log_base=None, log_level=None, verb_name='build', build_base='build', install_base='install', merge_install=False, symlink_install=False, test_result_base=None, continue_on_error=False, executor='parallel', parallel_workers=4, event_handlers=None, ignore_user_meta=False, metas=['./colcon.meta'], base_paths=['.'], packages_ignore=None, packages_ignore_regex=None, paths=None, packages_up_to=None, packages_up_to_regex=None, packages_above=None, packages_above_and_dependencies=None, packages_above_depth=None, packages_select_by_dep=None, packages_skip_by_dep=None, packages_skip_up_to=None, packages_select_build_failed=False, packages_skip_build_finished=False, packages_select_test_failures=False, packages_skip_test_passed=False, packages_select=None, packages_skip=None, packages_select_regex=None, packages_skip_regex=None, packages_start=None, packages_end=None, allow_overriding=[], cmake_args=None, cmake_target=None, cmake_target_skip_unavailable=False, cmake_clean_cache=False, cmake_clean_first=False, cmake_force_configure=False, ament_cmake_args=None, catkin_cmake_args=None, catkin_skip_building_tests=False, mixin_files=None, mixin=None, verb_parser=<colcon_mixin.mixin.mixin_argument.MixinArgumentDecorator object at 0xffff98ad8040>, verb_extension=<colcon_core.verb.build.BuildVerb object at 0xffff98bd1000>, main=<bound method BuildVerb.main of <colcon_core.verb.build.BuildVerb object at 0xffff98bd1000>>, mixin_verb=('build',))
[1.540s] Level 1:colcon.colcon_core.package_discovery:discover_packages(colcon_meta) check parameters
[1.541s] Level 1:colcon.colcon_core.package_discovery:discover_packages(recursive) check parameters
[1.541s] Level 1:colcon.colcon_core.package_discovery:discover_packages(ignore) check parameters
[1.541s] Level 1:colcon.colcon_core.package_discovery:discover_packages(path) check parameters
[1.542s] Level 1:colcon.colcon_core.package_discovery:discover_packages(colcon_meta) discover
[1.542s] Level 1:colcon.colcon_core.package_discovery:discover_packages(recursive) discover
[1.542s] INFO:colcon.colcon_core.package_discovery:Crawling recursively for packages in '/home/raspberry/Auv_ws/src'
[1.543s] Level 1:colcon.colcon_core.package_identification:_identify(.) by extensions ['ignore', 'ignore_ament_install']
[1.543s] Level 1:colcon.colcon_core.package_identification:_identify(.) by extension 'ignore'
[1.544s] Level 1:colcon.colcon_core.package_identification:_identify(.) by extension 'ignore_ament_install'
[1.544s] Level 1:colcon.colcon_core.package_identification:_identify(.) by extensions ['colcon_pkg']
[1.544s] Level 1:colcon.colcon_core.package_identification:_identify(.) by extension 'colcon_pkg'
[1.545s] Level 1:colcon.colcon_core.package_identification:_identify(.) by extensions ['colcon_meta']
[1.545s] Level 1:colcon.colcon_core.package_identification:_identify(.) by extension 'colcon_meta'
[1.545s] Level 1:colcon.colcon_core.package_identification:_identify(.) by extensions ['ros']
[1.545s] Level 1:colcon.colcon_core.package_identification:_identify(.) by extension 'ros'
[1.605s] Level 1:colcon.colcon_core.package_identification:_identify(.) by extensions ['cmake', 'python']
[1.605s] Level 1:colcon.colcon_core.package_identification:_identify(.) by extension 'cmake'
[1.605s] Level 1:colcon.colcon_core.package_identification:_identify(.) by extension 'python'
[1.605s] Level 1:colcon.colcon_core.package_identification:_identify(.) by extensions ['python_setup_py']
[1.605s] Level 1:colcon.colcon_core.package_identification:_identify(.) by extension 'python_setup_py'
[1.606s] Level 1:colcon.colcon_core.package_identification:_identify(auv_bringup) by extensions ['ignore', 'ignore_ament_install']
[1.606s] Level 1:colcon.colcon_core.package_identification:_identify(auv_bringup) by extension 'ignore'
[1.607s] Level 1:colcon.colcon_core.package_identification:_identify(auv_bringup) by extension 'ignore_ament_install'
[1.607s] Level 1:colcon.colcon_core.package_identification:_identify(auv_bringup) by extensions ['colcon_pkg']
[1.607s] Level 1:colcon.colcon_core.package_identification:_identify(auv_bringup) by extension 'colcon_pkg'
[1.607s] Level 1:colcon.colcon_core.package_identification:_identify(auv_bringup) by extensions ['colcon_meta']
[1.608s] Level 1:colcon.colcon_core.package_identification:_identify(auv_bringup) by extension 'colcon_meta'
[1.608s] Level 1:colcon.colcon_core.package_identification:_identify(auv_bringup) by extensions ['ros']
[1.608s] Level 1:colcon.colcon_core.package_identification:_identify(auv_bringup) by extension 'ros'
[1.618s] DEBUG:colcon.colcon_core.package_identification:Package 'auv_bringup' with type 'ros.ament_python' and name 'auv_bringup'
[1.619s] Level 1:colcon.colcon_core.package_identification:_identify(auv_camera_stream) by extensions ['ignore', 'ignore_ament_install']
[1.620s] Level 1:colcon.colcon_core.package_identification:_identify(auv_camera_stream) by extension 'ignore'
[1.620s] Level 1:colcon.colcon_core.package_identification:_identify(auv_camera_stream) by extension 'ignore_ament_install'
[1.620s] Level 1:colcon.colcon_core.package_identification:_identify(auv_camera_stream) by extensions ['colcon_pkg']
[1.620s] Level 1:colcon.colcon_core.package_identification:_identify(auv_camera_stream) by extension 'colcon_pkg'
[1.621s] Level 1:colcon.colcon_core.package_identification:_identify(auv_camera_stream) by extensions ['colcon_meta']
[1.621s] Level 1:colcon.colcon_core.package_identification:_identify(auv_camera_stream) by extension 'colcon_meta'
[1.621s] Level 1:colcon.colcon_core.package_identification:_identify(auv_camera_stream) by extensions ['ros']
[1.621s] Level 1:colcon.colcon_core.package_identification:_identify(auv_camera_stream) by extension 'ros'
[1.624s] DEBUG:colcon.colcon_core.package_identification:Package 'auv_camera_stream' with type 'ros.ament_python' and name 'auv_camera_stream'
[1.625s] Level 1:colcon.colcon_core.package_identification:_identify(auv_control) by extensions ['ignore', 'ignore_ament_install']
[1.625s] Level 1:colcon.colcon_core.package_identification:_identify(auv_control) by extension 'ignore'
[1.626s] Level 1:colcon.colcon_core.package_identification:_identify(auv_control) by extension 'ignore_ament_install'
[1.626s] Level 1:colcon.colcon_core.package_identification:_identify(auv_control) by extensions ['colcon_pkg']
[1.626s] Level 1:colcon.colcon_core.package_identification:_identify(auv_control) by extension 'colcon_pkg'
[1.626s] Level 1:colcon.colcon_core.package_identification:_identify(auv_control) by extensions ['colcon_meta']
[1.627s] Level 1:colcon.colcon_core.package_identification:_identify(auv_control) by extension 'colcon_meta'
[1.627s] Level 1:colcon.colcon_core.package_identification:_identify(auv_control) by extensions ['ros']
[1.627s] Level 1:colcon.colcon_core.package_identification:_identify(auv_control) by extension 'ros'
[1.630s] DEBUG:colcon.colcon_core.package_identification:Package 'auv_control' with type 'ros.ament_python' and name 'auv_control'
[1.630s] Level 1:colcon.colcon_core.package_identification:_identify(auv_teleop) by extensions ['ignore', 'ignore_ament_install']
[1.631s] Level 1:colcon.colcon_core.package_identification:_identify(auv_teleop) by extension 'ignore'
[1.631s] Level 1:colcon.colcon_core.package_identification:_identify(auv_teleop) by extension 'ignore_ament_install'
[1.632s] Level 1:colcon.colcon_core.package_identification:_identify(auv_teleop) by extensions ['colcon_pkg']
[1.632s] Level 1:colcon.colcon_core.package_identification:_identify(auv_teleop) by extension 'colcon_pkg'
[1.632s] Level 1:colcon.colcon_core.package_identification:_identify(auv_teleop) by extensions ['colcon_meta']
[1.632s] Level 1:colcon.colcon_core.package_identification:_identify(auv_teleop) by extension 'colcon_meta'
[1.632s] Level 1:colcon.colcon_core.package_identification:_identify(auv_teleop) by extensions ['ros']
[1.633s] Level 1:colcon.colcon_core.package_identification:_identify(auv_teleop) by extension 'ros'
[1.635s] DEBUG:colcon.colcon_core.package_identification:Package 'auv_teleop' with type 'ros.ament_python' and name 'auv_teleop'
[1.636s] Level 1:colcon.colcon_core.package_identification:_identify(build) by extensions ['ignore', 'ignore_ament_install']
[1.636s] Level 1:colcon.colcon_core.package_identification:_identify(build) by extension 'ignore'
[1.637s] Level 1:colcon.colcon_core.package_identification:_identify(build) ignored
[1.637s] Level 1:colcon.colcon_core.package_identification:_identify(firmare) by extensions ['ignore', 'ignore_ament_install']
[1.638s] Level 1:colcon.colcon_core.package_identification:_identify(firmare) by extension 'ignore'
[1.638s] Level 1:colcon.colcon_core.package_identification:_identify(firmare) by extension 'ignore_ament_install'
[1.639s] Level 1:colcon.colcon_core.package_identification:_identify(firmare) by extensions ['colcon_pkg']
[1.639s] Level 1:colcon.colcon_core.package_identification:_identify(firmare) by extension 'colcon_pkg'
[1.639s] Level 1:colcon.colcon_core.package_identification:_identify(firmare) by extensions ['colcon_meta']
[1.640s] Level 1:colcon.colcon_core.package_identification:_identify(firmare) by extension 'colcon_meta'
[1.640s] Level 1:colcon.colcon_core.package_identification:_identify(firmare) by extensions ['ros']
[1.640s] Level 1:colcon.colcon_core.package_identification:_identify(firmare) by extension 'ros'
[1.641s] Level 1:colcon.colcon_core.package_identification:_identify(firmare) by extensions ['cmake', 'python']
[1.641s] Level 1:colcon.colcon_core.package_identification:_identify(firmare) by extension 'cmake'
[1.641s] Level 1:colcon.colcon_core.package_identification:_identify(firmare) by extension 'python'
[1.641s] Level 1:colcon.colcon_core.package_identification:_identify(firmare) by extensions ['python_setup_py']
[1.641s] Level 1:colcon.colcon_core.package_identification:_identify(firmare) by extension 'python_setup_py'
[1.642s] Level 1:colcon.colcon_core.package_identification:_identify(install) by extensions ['ignore', 'ignore_ament_install']
[1.643s] Level 1:colcon.colcon_core.package_identification:_identify(install) by extension 'ignore'
[1.643s] Level 1:colcon.colcon_core.package_identification:_identify(install) ignored
[1.644s] Level 1:colcon.colcon_core.package_identification:_identify(log) by extensions ['ignore', 'ignore_ament_install']
[1.644s] Level 1:colcon.colcon_core.package_identification:_identify(log) by extension 'ignore'
[1.644s] Level 1:colcon.colcon_core.package_identification:_identify(log) ignored
[1.645s] Level 1:colcon.colcon_core.package_identification:_identify(serial_bridge) by extensions ['ignore', 'ignore_ament_install']
[1.645s] Level 1:colcon.colcon_core.package_identification:_identify(serial_bridge) by extension 'ignore'
[1.646s] Level 1:colcon.colcon_core.package_identification:_identify(serial_bridge) by extension 'ignore_ament_install'
[1.646s] Level 1:colcon.colcon_core.package_identification:_identify(serial_bridge) by extensions ['colcon_pkg']
[1.646s] Level 1:colcon.colcon_core.package_identification:_identify(serial_bridge) by extension 'colcon_pkg'
[1.646s] Level 1:colcon.colcon_core.package_identification:_identify(serial_bridge) by extensions ['colcon_meta']
[1.646s] Level 1:colcon.colcon_core.package_identification:_identify(serial_bridge) by extension 'colcon_meta'
[1.647s] Level 1:colcon.colcon_core.package_identification:_identify(serial_bridge) by extensions ['ros']
[1.647s] Level 1:colcon.colcon_core.package_identification:_identify(serial_bridge) by extension 'ros'
[1.650s] DEBUG:colcon.colcon_core.package_identification:Package 'serial_bridge' with type 'ros.ament_python' and name 'serial_bridge'
[1.650s] Level 1:colcon.colcon_core.package_discovery:discover_packages(recursive) using defaults
[1.650s] Level 1:colcon.colcon_core.package_discovery:discover_packages(ignore) discover
[1.650s] Level 1:colcon.colcon_core.package_discovery:discover_packages(ignore) using defaults
[1.651s] Level 1:colcon.colcon_core.package_discovery:discover_packages(path) discover
[1.651s] Level 1:colcon.colcon_core.package_discovery:discover_packages(path) using defaults
[1.745s] Level 1:colcon.colcon_core.package_discovery:discover_packages(prefix_path) check parameters
[1.746s] Level 1:colcon.colcon_core.package_discovery:discover_packages(prefix_path) discover
[1.761s] DEBUG:colcon.colcon_installed_package_information.package_discovery:Found 196 installed packages in /opt/ros/humble
[1.766s] Level 1:colcon.colcon_core.package_discovery:discover_packages(prefix_path) using defaults
[1.980s] Level 5:colcon.colcon_core.verb:set package 'auv_camera_stream' build argument 'cmake_args' from command line to 'None'
[1.980s] Level 5:colcon.colcon_core.verb:set package 'auv_camera_stream' build argument 'cmake_target' from command line to 'None'
[1.981s] Level 5:colcon.colcon_core.verb:set package 'auv_camera_stream' build argument 'cmake_target_skip_unavailable' from command line to 'False'
[1.981s] Level 5:colcon.colcon_core.verb:set package 'auv_camera_stream' build argument 'cmake_clean_cache' from command line to 'False'
[1.981s] Level 5:colcon.colcon_core.verb:set package 'auv_camera_stream' build argument 'cmake_clean_first' from command line to 'False'
[1.981s] Level 5:colcon.colcon_core.verb:set package 'auv_camera_stream' build argument 'cmake_force_configure' from command line to 'False'
[1.981s] Level 5:colcon.colcon_core.verb:set package 'auv_camera_stream' build argument 'ament_cmake_args' from command line to 'None'
[1.982s] Level 5:colcon.colcon_core.verb:set package 'auv_camera_stream' build argument 'catkin_cmake_args' from command line to 'None'
[1.982s] Level 5:colcon.colcon_core.verb:set package 'auv_camera_stream' build argument 'catkin_skip_building_tests' from command line to 'False'
[1.982s] DEBUG:colcon.colcon_core.verb:Building package 'auv_camera_stream' with the following arguments: {'ament_cmake_args': None, 'build_base': '/home/raspberry/Auv_ws/src/build/auv_camera_stream', 'catkin_cmake_args': None, 'catkin_skip_building_tests': False, 'cmake_args': None, 'cmake_clean_cache': False, 'cmake_clean_first': False, 'cmake_force_configure': False, 'cmake_target': None, 'cmake_target_skip_unavailable': False, 'install_base': '/home/raspberry/Auv_ws/src/install/auv_camera_stream', 'merge_install': False, 'path': '/home/raspberry/Auv_ws/src/auv_camera_stream', 'symlink_install': False, 'test_result_base': None}
[1.983s] Level 5:colcon.colcon_core.verb:set package 'auv_control' build argument 'cmake_args' from command line to 'None'
[1.984s] Level 5:colcon.colcon_core.verb:set package 'auv_control' build argument 'cmake_target' from command line to 'None'
[1.984s] Level 5:colcon.colcon_core.verb:set package 'auv_control' build argument 'cmake_target_skip_unavailable' from command line to 'False'
[1.984s] Level 5:colcon.colcon_core.verb:set package 'auv_control' build argument 'cmake_clean_cache' from command line to 'False'
[1.984s] Level 5:colcon.colcon_core.verb:set package 'auv_control' build argument 'cmake_clean_first' from command line to 'False'
[1.984s] Level 5:colcon.colcon_core.verb:set package 'auv_control' build argument 'cmake_force_configure' from command line to 'False'
[1.984s] Level 5:colcon.colcon_core.verb:set package 'auv_control' build argument 'ament_cmake_args' from command line to 'None'
[1.984s] Level 5:colcon.colcon_core.verb:set package 'auv_control' build argument 'catkin_cmake_args' from command line to 'None'
[1.984s] Level 5:colcon.colcon_core.verb:set package 'auv_control' build argument 'catkin_skip_building_tests' from command line to 'False'
[1.984s] DEBUG:colcon.colcon_core.verb:Building package 'auv_control' with the following arguments: {'ament_cmake_args': None, 'build_base': '/home/raspberry/Auv_ws/src/build/auv_control', 'catkin_cmake_args': None, 'catkin_skip_building_tests': False, 'cmake_args': None, 'cmake_clean_cache': False, 'cmake_clean_first': False, 'cmake_force_configure': False, 'cmake_target': None, 'cmake_target_skip_unavailable': False, 'install_base': '/home/raspberry/Auv_ws/src/install/auv_control', 'merge_install': False, 'path': '/home/raspberry/Auv_ws/src/auv_control', 'symlink_install': False, 'test_result_base': None}
[1.986s] Level 5:colcon.colcon_core.verb:set package 'auv_teleop' build argument 'cmake_args' from command line to 'None'
[1.986s] Level 5:colcon.colcon_core.verb:set package 'auv_teleop' build argument 'cmake_target' from command line to 'None'
[1.986s] Level 5:colcon.colcon_core.verb:set package 'auv_teleop' build argument 'cmake_target_skip_unavailable' from command line to 'False'
[1.987s] Level 5:colcon.colcon_core.verb:set package 'auv_teleop' build argument 'cmake_clean_cache' from command line to 'False'
[1.987s] Level 5:colcon.colcon_core.verb:set package 'auv_teleop' build argument 'cmake_clean_first' from command line to 'False'
[1.987s] Level 5:colcon.colcon_core.verb:set package 'auv_teleop' build argument 'cmake_force_configure' from command line to 'False'
[1.987s] Level 5:colcon.colcon_core.verb:set package 'auv_teleop' build argument 'ament_cmake_args' from command line to 'None'
[1.987s] Level 5:colcon.colcon_core.verb:set package 'auv_teleop' build argument 'catkin_cmake_args' from command line to 'None'
[1.987s] Level 5:colcon.colcon_core.verb:set package 'auv_teleop' build argument 'catkin_skip_building_tests' from command line to 'False'
[1.987s] DEBUG:colcon.colcon_core.verb:Building package 'auv_teleop' with the following arguments: {'ament_cmake_args': None, 'build_base': '/home/raspberry/Auv_ws/src/build/auv_teleop', 'catkin_cmake_args': None, 'catkin_skip_building_tests': False, 'cmake_args': None, 'cmake_clean_cache': False, 'cmake_clean_first': False, 'cmake_force_configure': False, 'cmake_target': None, 'cmake_target_skip_unavailable': False, 'install_base': '/home/raspberry/Auv_ws/src/install/auv_teleop', 'merge_install': False, 'path': '/home/raspberry/Auv_ws/src/auv_teleop', 'symlink_install': False, 'test_result_base': None}
[1.989s] Level 5:colcon.colcon_core.verb:set package 'serial_bridge' build argument 'cmake_args' from command line to 'None'
[1.989s] Level 5:colcon.colcon_core.verb:set package 'serial_bridge' build argument 'cmake_target' from command line to 'None'
[1.989s] Level 5:colcon.colcon_core.verb:set package 'serial_bridge' build argument 'cmake_target_skip_unavailable' from command line to 'False'
[1.989s] Level 5:colcon.colcon_core.verb:set package 'serial_bridge' build argument 'cmake_clean_cache' from command line to 'False'
[1.990s] Level 5:colcon.colcon_core.verb:set package 'serial_bridge' build argument 'cmake_clean_first' from command line to 'False'
[1.990s] Level 5:colcon.colcon_core.verb:set package 'serial_bridge' build argument 'cmake_force_configure' from command line to 'False'
[1.990s] Level 5:colcon.colcon_core.verb:set package 'serial_bridge' build argument 'ament_cmake_args' from command line to 'None'
[1.990s] Level 5:colcon.colcon_core.verb:set package 'serial_bridge' build argument 'catkin_cmake_args' from command line to 'None'
[1.990s] Level 5:colcon.colcon_core.verb:set package 'serial_bridge' build argument 'catkin_skip_building_tests' from command line to 'False'
[1.990s] DEBUG:colcon.colcon_core.verb:Building package 'serial_bridge' with the following arguments: {'ament_cmake_args': None, 'build_base': '/home/raspberry/Auv_ws/src/build/serial_bridge', 'catkin_cmake_args': None, 'catkin_skip_building_tests': False, 'cmake_args': None, 'cmake_clean_cache': False, 'cmake_clean_first': False, 'cmake_force_configure': False, 'cmake_target': None, 'cmake_target_skip_unavailable': False, 'install_base': '/home/raspberry/Auv_ws/src/install/serial_bridge', 'merge_install': False, 'path': '/home/raspberry/Auv_ws/src/serial_bridge', 'symlink_install': False, 'test_result_base': None}
[1.992s] Level 5:colcon.colcon_core.verb:set package 'auv_bringup' build argument 'cmake_args' from command line to 'None'
[1.992s] Level 5:colcon.colcon_core.verb:set package 'auv_bringup' build argument 'cmake_target' from command line to 'None'
[1.992s] Level 5:colcon.colcon_core.verb:set package 'auv_bringup' build argument 'cmake_target_skip_unavailable' from command line to 'False'
[1.992s] Level 5:colcon.colcon_core.verb:set package 'auv_bringup' build argument 'cmake_clean_cache' from command line to 'False'
[1.993s] Level 5:colcon.colcon_core.verb:set package 'auv_bringup' build argument 'cmake_clean_first' from command line to 'False'
[1.993s] Level 5:colcon.colcon_core.verb:set package 'auv_bringup' build argument 'cmake_force_configure' from command line to 'False'
[1.993s] Level 5:colcon.colcon_core.verb:set package 'auv_bringup' build argument 'ament_cmake_args' from command line to 'None'
[1.993s] Level 5:colcon.colcon_core.verb:set package 'auv_bringup' build argument 'catkin_cmake_args' from command line to 'None'
[1.993s] Level 5:colcon.colcon_core.verb:set package 'auv_bringup' build argument 'catkin_skip_building_tests' from command line to 'False'
[1.993s] DEBUG:colcon.colcon_core.verb:Building package 'auv_bringup' with the following arguments: {'ament_cmake_args': None, 'build_base': '/home/raspberry/Auv_ws/src/build/auv_bringup', 'catkin_cmake_args': None, 'catkin_skip_building_tests': False, 'cmake_args': None, 'cmake_clean_cache': False, 'cmake_clean_first': False, 'cmake_force_configure': False, 'cmake_target': None, 'cmake_target_skip_unavailable': False, 'install_base': '/home/raspberry/Auv_ws/src/install/auv_bringup', 'merge_install': False, 'path': '/home/raspberry/Auv_ws/src/auv_bringup', 'symlink_install': False, 'test_result_base': None}
[1.994s] INFO:colcon.colcon_core.executor:Executing jobs using 'parallel' executor
[1.997s] DEBUG:colcon.colcon_parallel_executor.executor.parallel:run_until_complete
[1.998s] INFO:colcon.colcon_ros.task.ament_python.build:Building ROS package in '/home/raspberry/Auv_ws/src/auv_teleop' with build type 'ament_python'
[1.999s] Level 1:colcon.colcon_core.shell:create_environment_hook('auv_teleop', 'ament_prefix_path')
[2.013s] INFO:colcon.colcon_core.plugin_system:Skipping extension 'colcon_core.shell.bat': Not used on non-Windows systems
[2.015s] INFO:colcon.colcon_core.shell:Creating environment hook '/home/raspberry/Auv_ws/src/install/auv_teleop/share/auv_teleop/hook/ament_prefix_path.ps1'
[2.019s] INFO:colcon.colcon_core.shell:Creating environment descriptor '/home/raspberry/Auv_ws/src/install/auv_teleop/share/auv_teleop/hook/ament_prefix_path.dsv'
[2.021s] INFO:colcon.colcon_core.shell:Creating environment hook '/home/raspberry/Auv_ws/src/install/auv_teleop/share/auv_teleop/hook/ament_prefix_path.sh'
[2.025s] INFO:colcon.colcon_core.shell:Skip shell extension 'powershell' for command environment: Not usable outside of PowerShell
[2.025s] DEBUG:colcon.colcon_core.shell:Skip shell extension 'dsv' for command environment
[2.039s] INFO:colcon.colcon_ros.task.ament_python.build:Building ROS package in '/home/raspberry/Auv_ws/src/auv_camera_stream' with build type 'ament_python'
[2.040s] Level 1:colcon.colcon_core.shell:create_environment_hook('auv_camera_stream', 'ament_prefix_path')
[2.042s] INFO:colcon.colcon_core.shell:Creating environment hook '/home/raspberry/Auv_ws/src/install/auv_camera_stream/share/auv_camera_stream/hook/ament_prefix_path.ps1'
[2.046s] INFO:colcon.colcon_core.shell:Creating environment descriptor '/home/raspberry/Auv_ws/src/install/auv_camera_stream/share/auv_camera_stream/hook/ament_prefix_path.dsv'
[2.048s] INFO:colcon.colcon_core.shell:Creating environment hook '/home/raspberry/Auv_ws/src/install/auv_camera_stream/share/auv_camera_stream/hook/ament_prefix_path.sh'
[2.051s] INFO:colcon.colcon_core.shell:Skip shell extension 'powershell' for command environment: Not usable outside of PowerShell
[2.052s] DEBUG:colcon.colcon_core.shell:Skip shell extension 'dsv' for command environment
[2.065s] INFO:colcon.colcon_ros.task.ament_python.build:Building ROS package in '/home/raspberry/Auv_ws/src/auv_control' with build type 'ament_python'
[2.065s] Level 1:colcon.colcon_core.shell:create_environment_hook('auv_control', 'ament_prefix_path')
[2.067s] INFO:colcon.colcon_core.shell:Creating environment hook '/home/raspberry/Auv_ws/src/install/auv_control/share/auv_control/hook/ament_prefix_path.ps1'
[2.073s] INFO:colcon.colcon_core.shell:Creating environment descriptor '/home/raspberry/Auv_ws/src/install/auv_control/share/auv_control/hook/ament_prefix_path.dsv'
[2.075s] INFO:colcon.colcon_core.shell:Creating environment hook '/home/raspberry/Auv_ws/src/install/auv_control/share/auv_control/hook/ament_prefix_path.sh'
[2.079s] INFO:colcon.colcon_core.shell:Skip shell extension 'powershell' for command environment: Not usable outside of PowerShell
[2.079s] DEBUG:colcon.colcon_core.shell:Skip shell extension 'dsv' for command environment
[2.093s] INFO:colcon.colcon_ros.task.ament_python.build:Building ROS package in '/home/raspberry/Auv_ws/src/serial_bridge' with build type 'ament_python'
[2.093s] Level 1:colcon.colcon_core.shell:create_environment_hook('serial_bridge', 'ament_prefix_path')
[2.094s] INFO:colcon.colcon_core.shell:Creating environment hook '/home/raspberry/Auv_ws/src/install/serial_bridge/share/serial_bridge/hook/ament_prefix_path.ps1'
[2.099s] INFO:colcon.colcon_core.shell:Creating environment descriptor '/home/raspberry/Auv_ws/src/install/serial_bridge/share/serial_bridge/hook/ament_prefix_path.dsv'
[2.101s] INFO:colcon.colcon_core.shell:Creating environment hook '/home/raspberry/Auv_ws/src/install/serial_bridge/share/serial_bridge/hook/ament_prefix_path.sh'
[2.105s] INFO:colcon.colcon_core.shell:Skip shell extension 'powershell' for command environment: Not usable outside of PowerShell
[2.106s] DEBUG:colcon.colcon_core.shell:Skip shell extension 'dsv' for command environment
[3.520s] INFO:colcon.colcon_core.task.python.build:Building Python package in '/home/raspberry/Auv_ws/src/auv_teleop'
[3.521s] INFO:colcon.colcon_core.shell:Skip shell extension 'powershell' for command environment: Not usable outside of PowerShell
[3.522s] DEBUG:colcon.colcon_core.shell:Skip shell extension 'dsv' for command environment
[4.886s] INFO:colcon.colcon_core.task.python.build:Building Python package in '/home/raspberry/Auv_ws/src/auv_camera_stream'
[4.887s] INFO:colcon.colcon_core.shell:Skip shell extension 'powershell' for command environment: Not usable outside of PowerShell
[4.888s] DEBUG:colcon.colcon_core.shell:Skip shell extension 'dsv' for command environment
[6.253s] INFO:colcon.colcon_core.task.python.build:Building Python package in '/home/raspberry/Auv_ws/src/auv_control'
[6.254s] INFO:colcon.colcon_core.shell:Skip shell extension 'powershell' for command environment: Not usable outside of PowerShell
[6.254s] DEBUG:colcon.colcon_core.shell:Skip shell extension 'dsv' for command environment
[7.643s] INFO:colcon.colcon_core.task.python.build:Building Python package in '/home/raspberry/Auv_ws/src/serial_bridge'
[7.645s] INFO:colcon.colcon_core.shell:Skip shell extension 'powershell' for command environment: Not usable outside of PowerShell
[7.645s] DEBUG:colcon.colcon_core.shell:Skip shell extension 'dsv' for command environment
[10.019s] DEBUG:colcon.colcon_core.event_handler.log_command:Invoking command in '/home/raspberry/Auv_ws/src/auv_teleop': PYTHONPATH=/home/raspberry/Auv_ws/src/build/auv_teleop/prefix_override:/usr/lib/python3/dist-packages/colcon_core/task/python/colcon_distutils_commands:/home/raspberry/Auv_ws/src/install/auv_teleop/lib/python3.10/site-packages:${PYTHONPATH} /usr/bin/python3 -W ignore:setup.py install is deprecated -W ignore:easy_install command is deprecated setup.py egg_info --egg-base ../build/auv_teleop build --build-base /home/raspberry/Auv_ws/src/build/auv_teleop/build install --record /home/raspberry/Auv_ws/src/build/auv_teleop/install.log --single-version-externally-managed install_data
[10.914s] DEBUG:colcon.colcon_core.event_handler.log_command:Invoking command in '/home/raspberry/Auv_ws/src/auv_control': PYTHONPATH=/home/raspberry/Auv_ws/src/build/auv_control/prefix_override:/usr/lib/python3/dist-packages/colcon_core/task/python/colcon_distutils_commands:/home/raspberry/Auv_ws/src/install/auv_control/lib/python3.10/site-packages:${PYTHONPATH} /usr/bin/python3 -W ignore:setup.py install is deprecated -W ignore:easy_install command is deprecated setup.py egg_info --egg-base ../build/auv_control build --build-base /home/raspberry/Auv_ws/src/build/auv_control/build install --record /home/raspberry/Auv_ws/src/build/auv_control/install.log --single-version-externally-managed install_data
[11.202s] DEBUG:colcon.colcon_core.event_handler.log_command:Invoking command in '/home/raspberry/Auv_ws/src/auv_camera_stream': PYTHONPATH=/home/raspberry/Auv_ws/src/build/auv_camera_stream/prefix_override:/usr/lib/python3/dist-packages/colcon_core/task/python/colcon_distutils_commands:/home/raspberry/Auv_ws/src/install/auv_camera_stream/lib/python3.10/site-packages:${PYTHONPATH} /usr/bin/python3 -W ignore:setup.py install is deprecated -W ignore:easy_install command is deprecated setup.py egg_info --egg-base ../build/auv_camera_stream build --build-base /home/raspberry/Auv_ws/src/build/auv_camera_stream/build install --record /home/raspberry/Auv_ws/src/build/auv_camera_stream/install.log --single-version-externally-managed install_data
[11.758s] DEBUG:colcon.colcon_core.event_handler.log_command:Invoking command in '/home/raspberry/Auv_ws/src/serial_bridge': PYTHONPATH=/home/raspberry/Auv_ws/src/build/serial_bridge/prefix_override:/usr/lib/python3/dist-packages/colcon_core/task/python/colcon_distutils_commands:/home/raspberry/Auv_ws/src/install/serial_bridge/lib/python3.10/site-packages:${PYTHONPATH} /usr/bin/python3 -W ignore:setup.py install is deprecated -W ignore:easy_install command is deprecated setup.py egg_info --egg-base ../build/serial_bridge build --build-base /home/raspberry/Auv_ws/src/build/serial_bridge/build install --record /home/raspberry/Auv_ws/src/build/serial_bridge/install.log --single-version-externally-managed install_data
[12.306s] DEBUG:colcon.colcon_core.event_handler.log_command:Invoked command in '/home/raspberry/Auv_ws/src/auv_teleop' returned '0': PYTHONPATH=/home/raspberry/Auv_ws/src/build/auv_teleop/prefix_override:/usr/lib/python3/dist-packages/colcon_core/task/python/colcon_distutils_commands:/home/raspberry/Auv_ws/src/install/auv_teleop/lib/python3.10/site-packages:${PYTHONPATH} /usr/bin/python3 -W ignore:setup.py install is deprecated -W ignore:easy_install command is deprecated setup.py egg_info --egg-base ../build/auv_teleop build --build-base /home/raspberry/Auv_ws/src/build/auv_teleop/build install --record /home/raspberry/Auv_ws/src/build/auv_teleop/install.log --single-version-externally-managed install_data
[12.323s] Level 1:colcon.colcon_core.environment:checking '/home/raspberry/Auv_ws/src/install/auv_teleop' for CMake module files
[12.327s] Level 1:colcon.colcon_core.environment:checking '/home/raspberry/Auv_ws/src/install/auv_teleop' for CMake config files
[12.334s] Level 1:colcon.colcon_core.environment:checking '/home/raspberry/Auv_ws/src/install/auv_teleop/lib'
[12.340s] Level 1:colcon.colcon_core.environment:checking '/home/raspberry/Auv_ws/src/install/auv_teleop/bin'
[12.342s] Level 1:colcon.colcon_core.environment:checking '/home/raspberry/Auv_ws/src/install/auv_teleop/lib/pkgconfig/auv_teleop.pc'
[12.343s] Level 1:colcon.colcon_core.environment:checking '/home/raspberry/Auv_ws/src/install/auv_teleop/lib/python3.10/site-packages'
[12.344s] Level 1:colcon.colcon_core.shell:create_environment_hook('auv_teleop', 'pythonpath')
[12.345s] INFO:colcon.colcon_core.shell:Creating environment hook '/home/raspberry/Auv_ws/src/install/auv_teleop/share/auv_teleop/hook/pythonpath.ps1'
[12.351s] INFO:colcon.colcon_core.shell:Creating environment descriptor '/home/raspberry/Auv_ws/src/install/auv_teleop/share/auv_teleop/hook/pythonpath.dsv'
[12.353s] INFO:colcon.colcon_core.shell:Creating environment hook '/home/raspberry/Auv_ws/src/install/auv_teleop/share/auv_teleop/hook/pythonpath.sh'
[12.357s] Level 1:colcon.colcon_core.environment:checking '/home/raspberry/Auv_ws/src/install/auv_teleop/bin'
[12.358s] Level 1:colcon.colcon_core.environment:create_environment_scripts_only(auv_teleop)
[12.361s] INFO:colcon.colcon_core.shell:Creating package script '/home/raspberry/Auv_ws/src/install/auv_teleop/share/auv_teleop/package.ps1'
[12.365s] INFO:colcon.colcon_core.shell:Creating package descriptor '/home/raspberry/Auv_ws/src/install/auv_teleop/share/auv_teleop/package.dsv'
[12.369s] INFO:colcon.colcon_core.shell:Creating package script '/home/raspberry/Auv_ws/src/install/auv_teleop/share/auv_teleop/package.sh'
[12.374s] INFO:colcon.colcon_core.shell:Creating package script '/home/raspberry/Auv_ws/src/install/auv_teleop/share/auv_teleop/package.bash'
[12.378s] INFO:colcon.colcon_core.shell:Creating package script '/home/raspberry/Auv_ws/src/install/auv_teleop/share/auv_teleop/package.zsh'
[12.382s] Level 1:colcon.colcon_core.environment:create_file_with_runtime_dependencies(/home/raspberry/Auv_ws/src/install/auv_teleop/share/colcon-core/packages/auv_teleop)
[12.390s] INFO:colcon.colcon_ros.task.ament_python.build:Building ROS package in '/home/raspberry/Auv_ws/src/auv_bringup' with build type 'ament_python'
[12.392s] Level 1:colcon.colcon_core.shell:create_environment_hook('auv_bringup', 'ament_prefix_path')
[12.393s] INFO:colcon.colcon_core.shell:Creating environment hook '/home/raspberry/Auv_ws/src/install/auv_bringup/share/auv_bringup/hook/ament_prefix_path.ps1'
[12.400s] INFO:colcon.colcon_core.shell:Creating environment descriptor '/home/raspberry/Auv_ws/src/install/auv_bringup/share/auv_bringup/hook/ament_prefix_path.dsv'
[12.403s] INFO:colcon.colcon_core.shell:Creating environment hook '/home/raspberry/Auv_ws/src/install/auv_bringup/share/auv_bringup/hook/ament_prefix_path.sh'
[12.408s] INFO:colcon.colcon_core.shell:Skip shell extension 'powershell' for command environment: Not usable outside of PowerShell
[12.408s] DEBUG:colcon.colcon_core.shell:Skip shell extension 'dsv' for command environment
[14.771s] INFO:colcon.colcon_core.task.python.build:Building Python package in '/home/raspberry/Auv_ws/src/auv_bringup'
[14.772s] INFO:colcon.colcon_core.shell:Skip shell extension 'powershell' for command environment: Not usable outside of PowerShell
[14.772s] DEBUG:colcon.colcon_core.shell:Skip shell extension 'dsv' for command environment
[14.795s] Level 1:colcon.colcon_core.environment:checking '/home/raspberry/Auv_ws/src/install/auv_camera_stream' for CMake module files
[14.797s] DEBUG:colcon.colcon_core.event_handler.log_command:Invoked command in '/home/raspberry/Auv_ws/src/auv_camera_stream' returned '0': PYTHONPATH=/home/raspberry/Auv_ws/src/build/auv_camera_stream/prefix_override:/usr/lib/python3/dist-packages/colcon_core/task/python/colcon_distutils_commands:/home/raspberry/Auv_ws/src/install/auv_camera_stream/lib/python3.10/site-packages:${PYTHONPATH} /usr/bin/python3 -W ignore:setup.py install is deprecated -W ignore:easy_install command is deprecated setup.py egg_info --egg-base ../build/auv_camera_stream build --build-base /home/raspberry/Auv_ws/src/build/auv_camera_stream/build install --record /home/raspberry/Auv_ws/src/build/auv_camera_stream/install.log --single-version-externally-managed install_data
[14.800s] Level 1:colcon.colcon_core.environment:checking '/home/raspberry/Auv_ws/src/install/auv_camera_stream' for CMake config files
[14.804s] Level 1:colcon.colcon_core.environment:checking '/home/raspberry/Auv_ws/src/install/auv_camera_stream/lib'
[14.805s] Level 1:colcon.colcon_core.environment:checking '/home/raspberry/Auv_ws/src/install/auv_camera_stream/bin'
[14.805s] Level 1:colcon.colcon_core.environment:checking '/home/raspberry/Auv_ws/src/install/auv_camera_stream/lib/pkgconfig/auv_camera_stream.pc'
[14.806s] Level 1:colcon.colcon_core.environment:checking '/home/raspberry/Auv_ws/src/install/auv_camera_stream/lib/python3.10/site-packages'
[14.806s] Level 1:colcon.colcon_core.shell:create_environment_hook('auv_camera_stream', 'pythonpath')
[14.807s] INFO:colcon.colcon_core.shell:Creating environment hook '/home/raspberry/Auv_ws/src/install/auv_camera_stream/share/auv_camera_stream/hook/pythonpath.ps1'
[14.809s] INFO:colcon.colcon_core.shell:Creating environment descriptor '/home/raspberry/Auv_ws/src/install/auv_camera_stream/share/auv_camera_stream/hook/pythonpath.dsv'
[14.812s] INFO:colcon.colcon_core.shell:Creating environment hook '/home/raspberry/Auv_ws/src/install/auv_camera_stream/share/auv_camera_stream/hook/pythonpath.sh'
[14.815s] Level 1:colcon.colcon_core.environment:checking '/home/raspberry/Auv_ws/src/install/auv_camera_stream/bin'
[14.816s] Level 1:colcon.colcon_core.environment:create_environment_scripts_only(auv_camera_stream)
[14.817s] INFO:colcon.colcon_core.shell:Creating package script '/home/raspberry/Auv_ws/src/install/auv_camera_stream/share/auv_camera_stream/package.ps1'
[14.820s] INFO:colcon.colcon_core.shell:Creating package descriptor '/home/raspberry/Auv_ws/src/install/auv_camera_stream/share/auv_camera_stream/package.dsv'
[14.822s] INFO:colcon.colcon_core.shell:Creating package script '/home/raspberry/Auv_ws/src/install/auv_camera_stream/share/auv_camera_stream/package.sh'
[14.825s] INFO:colcon.colcon_core.shell:Creating package script '/home/raspberry/Auv_ws/src/install/auv_camera_stream/share/auv_camera_stream/package.bash'
[14.827s] INFO:colcon.colcon_core.shell:Creating package script '/home/raspberry/Auv_ws/src/install/auv_camera_stream/share/auv_camera_stream/package.zsh'
[14.829s] Level 1:colcon.colcon_core.environment:create_file_with_runtime_dependencies(/home/raspberry/Auv_ws/src/install/auv_camera_stream/share/colcon-core/packages/auv_camera_stream)
[14.831s] Level 1:colcon.colcon_core.environment:checking '/home/raspberry/Auv_ws/src/install/auv_control' for CMake module files
[14.835s] DEBUG:colcon.colcon_core.event_handler.log_command:Invoked command in '/home/raspberry/Auv_ws/src/auv_control' returned '0': PYTHONPATH=/home/raspberry/Auv_ws/src/build/auv_control/prefix_override:/usr/lib/python3/dist-packages/colcon_core/task/python/colcon_distutils_commands:/home/raspberry/Auv_ws/src/install/auv_control/lib/python3.10/site-packages:${PYTHONPATH} /usr/bin/python3 -W ignore:setup.py install is deprecated -W ignore:easy_install command is deprecated setup.py egg_info --egg-base ../build/auv_control build --build-base /home/raspberry/Auv_ws/src/build/auv_control/build install --record /home/raspberry/Auv_ws/src/build/auv_control/install.log --single-version-externally-managed install_data
[14.836s] Level 1:colcon.colcon_core.environment:checking '/home/raspberry/Auv_ws/src/install/auv_control' for CMake config files
[14.840s] Level 1:colcon.colcon_core.environment:checking '/home/raspberry/Auv_ws/src/install/auv_control/lib'
[14.841s] Level 1:colcon.colcon_core.environment:checking '/home/raspberry/Auv_ws/src/install/auv_control/bin'
[14.841s] Level 1:colcon.colcon_core.environment:checking '/home/raspberry/Auv_ws/src/install/auv_control/lib/pkgconfig/auv_control.pc'
[14.843s] Level 1:colcon.colcon_core.environment:checking '/home/raspberry/Auv_ws/src/install/auv_control/lib/python3.10/site-packages'
[14.843s] Level 1:colcon.colcon_core.shell:create_environment_hook('auv_control', 'pythonpath')
[14.844s] INFO:colcon.colcon_core.shell:Creating environment hook '/home/raspberry/Auv_ws/src/install/auv_control/share/auv_control/hook/pythonpath.ps1'
[14.847s] INFO:colcon.colcon_core.shell:Creating environment descriptor '/home/raspberry/Auv_ws/src/install/auv_control/share/auv_control/hook/pythonpath.dsv'
[14.849s] INFO:colcon.colcon_core.shell:Creating environment hook '/home/raspberry/Auv_ws/src/install/auv_control/share/auv_control/hook/pythonpath.sh'
[14.853s] Level 1:colcon.colcon_core.environment:checking '/home/raspberry/Auv_ws/src/install/auv_control/bin'
[14.854s] Level 1:colcon.colcon_core.environment:create_environment_scripts_only(auv_control)
[14.855s] INFO:colcon.colcon_core.shell:Creating package script '/home/raspberry/Auv_ws/src/install/auv_control/share/auv_control/package.ps1'
[14.858s] INFO:colcon.colcon_core.shell:Creating package descriptor '/home/raspberry/Auv_ws/src/install/auv_control/share/auv_control/package.dsv'
[14.860s] INFO:colcon.colcon_core.shell:Creating package script '/home/raspberry/Auv_ws/src/install/auv_control/share/auv_control/package.sh'
[14.863s] INFO:colcon.colcon_core.shell:Creating package script '/home/raspberry/Auv_ws/src/install/auv_control/share/auv_control/package.bash'
[14.865s] INFO:colcon.colcon_core.shell:Creating package script '/home/raspberry/Auv_ws/src/install/auv_control/share/auv_control/package.zsh'
[14.867s] Level 1:colcon.colcon_core.environment:create_file_with_runtime_dependencies(/home/raspberry/Auv_ws/src/install/auv_control/share/colcon-core/packages/auv_control)
[14.873s] Level 1:colcon.colcon_core.environment:checking '/home/raspberry/Auv_ws/src/install/serial_bridge' for CMake module files
[14.876s] Level 1:colcon.colcon_core.environment:checking '/home/raspberry/Auv_ws/src/install/serial_bridge' for CMake config files
[14.880s] DEBUG:colcon.colcon_core.event_handler.log_command:Invoked command in '/home/raspberry/Auv_ws/src/serial_bridge' returned '0': PYTHONPATH=/home/raspberry/Auv_ws/src/build/serial_bridge/prefix_override:/usr/lib/python3/dist-packages/colcon_core/task/python/colcon_distutils_commands:/home/raspberry/Auv_ws/src/install/serial_bridge/lib/python3.10/site-packages:${PYTHONPATH} /usr/bin/python3 -W ignore:setup.py install is deprecated -W ignore:easy_install command is deprecated setup.py egg_info --egg-base ../build/serial_bridge build --build-base /home/raspberry/Auv_ws/src/build/serial_bridge/build install --record /home/raspberry/Auv_ws/src/build/serial_bridge/install.log --single-version-externally-managed install_data
[14.882s] Level 1:colcon.colcon_core.environment:checking '/home/raspberry/Auv_ws/src/install/serial_bridge/lib'
[14.882s] Level 1:colcon.colcon_core.environment:checking '/home/raspberry/Auv_ws/src/install/serial_bridge/bin'
[14.883s] Level 1:colcon.colcon_core.environment:checking '/home/raspberry/Auv_ws/src/install/serial_bridge/lib/pkgconfig/serial_bridge.pc'
[14.884s] Level 1:colcon.colcon_core.environment:checking '/home/raspberry/Auv_ws/src/install/serial_bridge/lib/python3.10/site-packages'
[14.884s] Level 1:colcon.colcon_core.shell:create_environment_hook('serial_bridge', 'pythonpath')
[14.885s] INFO:colcon.colcon_core.shell:Creating environment hook '/home/raspberry/Auv_ws/src/install/serial_bridge/share/serial_bridge/hook/pythonpath.ps1'
[14.888s] INFO:colcon.colcon_core.shell:Creating environment descriptor '/home/raspberry/Auv_ws/src/install/serial_bridge/share/serial_bridge/hook/pythonpath.dsv'
[14.890s] INFO:colcon.colcon_core.shell:Creating environment hook '/home/raspberry/Auv_ws/src/install/serial_bridge/share/serial_bridge/hook/pythonpath.sh'
[14.893s] Level 1:colcon.colcon_core.environment:checking '/home/raspberry/Auv_ws/src/install/serial_bridge/bin'
[14.894s] Level 1:colcon.colcon_core.environment:create_environment_scripts_only(serial_bridge)
[14.895s] INFO:colcon.colcon_core.shell:Creating package script '/home/raspberry/Auv_ws/src/install/serial_bridge/share/serial_bridge/package.ps1'
[14.898s] INFO:colcon.colcon_core.shell:Creating package descriptor '/home/raspberry/Auv_ws/src/install/serial_bridge/share/serial_bridge/package.dsv'
[14.900s] INFO:colcon.colcon_core.shell:Creating package script '/home/raspberry/Auv_ws/src/install/serial_bridge/share/serial_bridge/package.sh'
[14.903s] INFO:colcon.colcon_core.shell:Creating package script '/home/raspberry/Auv_ws/src/install/serial_bridge/share/serial_bridge/package.bash'
[14.905s] INFO:colcon.colcon_core.shell:Creating package script '/home/raspberry/Auv_ws/src/install/serial_bridge/share/serial_bridge/package.zsh'
[14.907s] Level 1:colcon.colcon_core.environment:create_file_with_runtime_dependencies(/home/raspberry/Auv_ws/src/install/serial_bridge/share/colcon-core/packages/serial_bridge)
[16.813s] DEBUG:colcon.colcon_core.event_handler.log_command:Invoking command in '/home/raspberry/Auv_ws/src/auv_bringup': AMENT_PREFIX_PATH=/home/raspberry/Auv_ws/src/install/auv_teleop:${AMENT_PREFIX_PATH} PYTHONPATH=/home/raspberry/Auv_ws/src/build/auv_bringup/prefix_override:/usr/lib/python3/dist-packages/colcon_core/task/python/colcon_distutils_commands:/home/raspberry/Auv_ws/src/install/auv_bringup/lib/python3.10/site-packages:/home/raspberry/Auv_ws/src/install/auv_teleop/lib/python3.10/site-packages:${PYTHONPATH} /usr/bin/python3 -W ignore:setup.py install is deprecated -W ignore:easy_install command is deprecated setup.py egg_info --egg-base ../build/auv_bringup build --build-base /home/raspberry/Auv_ws/src/build/auv_bringup/build install --record /home/raspberry/Auv_ws/src/build/auv_bringup/install.log --single-version-externally-managed install_data
[18.481s] Level 1:colcon.colcon_core.environment:checking '/home/raspberry/Auv_ws/src/install/auv_bringup' for CMake module files
[18.483s] DEBUG:colcon.colcon_core.event_handler.log_command:Invoked command in '/home/raspberry/Auv_ws/src/auv_bringup' returned '0': AMENT_PREFIX_PATH=/home/raspberry/Auv_ws/src/install/auv_teleop:${AMENT_PREFIX_PATH} PYTHONPATH=/home/raspberry/Auv_ws/src/build/auv_bringup/prefix_override:/usr/lib/python3/dist-packages/colcon_core/task/python/colcon_distutils_commands:/home/raspberry/Auv_ws/src/install/auv_bringup/lib/python3.10/site-packages:/home/raspberry/Auv_ws/src/install/auv_teleop/lib/python3.10/site-packages:${PYTHONPATH} /usr/bin/python3 -W ignore:setup.py install is deprecated -W ignore:easy_install command is deprecated setup.py egg_info --egg-base ../build/auv_bringup build --build-base /home/raspberry/Auv_ws/src/build/auv_bringup/build install --record /home/raspberry/Auv_ws/src/build/auv_bringup/install.log --single-version-externally-managed install_data
[18.484s] Level 1:colcon.colcon_core.environment:checking '/home/raspberry/Auv_ws/src/install/auv_bringup' for CMake config files
[18.488s] Level 1:colcon.colcon_core.environment:checking '/home/raspberry/Auv_ws/src/install/auv_bringup/lib'
[18.488s] Level 1:colcon.colcon_core.environment:checking '/home/raspberry/Auv_ws/src/install/auv_bringup/bin'
[18.489s] Level 1:colcon.colcon_core.environment:checking '/home/raspberry/Auv_ws/src/install/auv_bringup/lib/pkgconfig/auv_bringup.pc'
[18.490s] Level 1:colcon.colcon_core.environment:checking '/home/raspberry/Auv_ws/src/install/auv_bringup/lib/python3.10/site-packages'
[18.491s] Level 1:colcon.colcon_core.shell:create_environment_hook('auv_bringup', 'pythonpath')
[18.492s] INFO:colcon.colcon_core.shell:Creating environment hook '/home/raspberry/Auv_ws/src/install/auv_bringup/share/auv_bringup/hook/pythonpath.ps1'
[18.495s] INFO:colcon.colcon_core.shell:Creating environment descriptor '/home/raspberry/Auv_ws/src/install/auv_bringup/share/auv_bringup/hook/pythonpath.dsv'
[18.497s] INFO:colcon.colcon_core.shell:Creating environment hook '/home/raspberry/Auv_ws/src/install/auv_bringup/share/auv_bringup/hook/pythonpath.sh'
[18.501s] Level 1:colcon.colcon_core.environment:checking '/home/raspberry/Auv_ws/src/install/auv_bringup/bin'
[18.502s] Level 1:colcon.colcon_core.environment:create_environment_scripts_only(auv_bringup)
[18.503s] INFO:colcon.colcon_core.shell:Creating package script '/home/raspberry/Auv_ws/src/install/auv_bringup/share/auv_bringup/package.ps1'
[18.506s] INFO:colcon.colcon_core.shell:Creating package descriptor '/home/raspberry/Auv_ws/src/install/auv_bringup/share/auv_bringup/package.dsv'
[18.508s] INFO:colcon.colcon_core.shell:Creating package script '/home/raspberry/Auv_ws/src/install/auv_bringup/share/auv_bringup/package.sh'
[18.511s] INFO:colcon.colcon_core.shell:Creating package script '/home/raspberry/Auv_ws/src/install/auv_bringup/share/auv_bringup/package.bash'
[18.513s] INFO:colcon.colcon_core.shell:Creating package script '/home/raspberry/Auv_ws/src/install/auv_bringup/share/auv_bringup/package.zsh'
[18.516s] Level 1:colcon.colcon_core.environment:create_file_with_runtime_dependencies(/home/raspberry/Auv_ws/src/install/auv_bringup/share/colcon-core/packages/auv_bringup)
[18.517s] DEBUG:colcon.colcon_parallel_executor.executor.parallel:closing loop
[18.521s] DEBUG:colcon.colcon_parallel_executor.executor.parallel:loop closed
[18.521s] DEBUG:colcon.colcon_parallel_executor.executor.parallel:run_until_complete finished with '0'
[18.521s] DEBUG:colcon.colcon_core.event_reactor:joining thread
[18.546s] INFO:colcon.colcon_core.plugin_system:Skipping extension 'colcon_notification.desktop_notification.notify_send': Could not find 'notify-send'
[18.546s] INFO:colcon.colcon_core.plugin_system:Skipping extension 'colcon_notification.desktop_notification.terminal_notifier': Not used on non-Darwin systems
[18.547s] INFO:colcon.colcon_core.plugin_system:Skipping extension 'colcon_notification.desktop_notification.win32': Not used on non-Windows systems
[18.547s] INFO:colcon.colcon_notification.desktop_notification:Sending desktop notification using 'notify2'
[18.551s] DEBUG:colcon.colcon_notification.desktop_notification.notify2:Failed to initialize notify2: org.freedesktop.DBus.Error.ServiceUnknown: The name org.freedesktop.Notifications was not provided by any .service files
[18.551s] DEBUG:colcon.colcon_core.event_reactor:joined thread
[18.552s] INFO:colcon.colcon_core.shell:Creating prefix script '/home/raspberry/Auv_ws/src/install/local_setup.ps1'
[18.557s] INFO:colcon.colcon_core.shell:Creating prefix util module '/home/raspberry/Auv_ws/src/install/_local_setup_util_ps1.py'
[18.565s] INFO:colcon.colcon_core.shell:Creating prefix chain script '/home/raspberry/Auv_ws/src/install/setup.ps1'
[18.570s] INFO:colcon.colcon_core.shell:Creating prefix script '/home/raspberry/Auv_ws/src/install/local_setup.sh'
[18.573s] INFO:colcon.colcon_core.shell:Creating prefix util module '/home/raspberry/Auv_ws/src/install/_local_setup_util_sh.py'
[18.577s] INFO:colcon.colcon_core.shell:Creating prefix chain script '/home/raspberry/Auv_ws/src/install/setup.sh'
[18.582s] INFO:colcon.colcon_core.shell:Creating prefix script '/home/raspberry/Auv_ws/src/install/local_setup.bash'
[18.584s] INFO:colcon.colcon_core.shell:Creating prefix chain script '/home/raspberry/Auv_ws/src/install/setup.bash'
[18.589s] INFO:colcon.colcon_core.shell:Creating prefix script '/home/raspberry/Auv_ws/src/install/local_setup.zsh'
[18.592s] INFO:colcon.colcon_core.shell:Creating prefix chain script '/home/raspberry/Auv_ws/src/install/setup.zsh'
