[3.282s] Invoking command in '/home/raspberry/Auv_ws/src/serial_bridge': PYTHONPATH=/home/raspberry/Auv_ws/build/serial_bridge/prefix_override:/usr/lib/python3/dist-packages/colcon_core/task/python/colcon_distutils_commands:/home/raspberry/Auv_ws/install/serial_bridge/lib/python3.10/site-packages:${PYTHONPATH} /usr/bin/python3 -W ignore:setup.py install is deprecated -W ignore:easy_install command is deprecated setup.py egg_info --egg-base ../../build/serial_bridge build --build-base /home/raspberry/Auv_ws/build/serial_bridge/build install --record /home/raspberry/Auv_ws/build/serial_bridge/install.log --single-version-externally-managed install_data
[4.207s] running egg_info
[4.210s] writing ../../build/serial_bridge/serial_bridge.egg-info/PKG-INFO
[4.212s] writing dependency_links to ../../build/serial_bridge/serial_bridge.egg-info/dependency_links.txt
[4.213s] writing entry points to ../../build/serial_bridge/serial_bridge.egg-info/entry_points.txt
[4.214s] writing requirements to ../../build/serial_bridge/serial_bridge.egg-info/requires.txt
[4.215s] writing top-level names to ../../build/serial_bridge/serial_bridge.egg-info/top_level.txt
[4.223s] reading manifest file '../../build/serial_bridge/serial_bridge.egg-info/SOURCES.txt'
[4.265s] writing manifest file '../../build/serial_bridge/serial_bridge.egg-info/SOURCES.txt'
[4.267s] running build
[4.267s] running build_py
[4.271s] running install
[4.272s] running install_lib
[4.282s] running install_data
[4.284s] running install_egg_info
[4.293s] removing '/home/raspberry/Auv_ws/install/serial_bridge/lib/python3.10/site-packages/serial_bridge-0.0.0-py3.10.egg-info' (and everything under it)
[4.295s] Copying ../../build/serial_bridge/serial_bridge.egg-info to /home/raspberry/Auv_ws/install/serial_bridge/lib/python3.10/site-packages/serial_bridge-0.0.0-py3.10.egg-info
[4.301s] running install_scripts
[4.380s] Installing arduino_bridge script to /home/raspberry/Auv_ws/install/serial_bridge/lib/serial_bridge
[4.381s] Installing imu_dashboard_adapter script to /home/raspberry/Auv_ws/install/serial_bridge/lib/serial_bridge
[4.383s] writing list of installed files to '/home/raspberry/Auv_ws/build/serial_bridge/install.log'
[4.499s] Invoked command in '/home/raspberry/Auv_ws/src/serial_bridge' returned '0': PYTHONPATH=/home/raspberry/Auv_ws/build/serial_bridge/prefix_override:/usr/lib/python3/dist-packages/colcon_core/task/python/colcon_distutils_commands:/home/raspberry/Auv_ws/install/serial_bridge/lib/python3.10/site-packages:${PYTHONPATH} /usr/bin/python3 -W ignore:setup.py install is deprecated -W ignore:easy_install command is deprecated setup.py egg_info --egg-base ../../build/serial_bridge build --build-base /home/raspberry/Auv_ws/build/serial_bridge/build install --record /home/raspberry/Auv_ws/build/serial_bridge/install.log --single-version-externally-managed install_data
