[4.062s] Invoking command in '/home/raspberry/Auv_ws/src/auv_bringup': AMENT_PREFIX_PATH=/home/raspberry/Auv_ws/install/auv_teleop:${AMENT_PREFIX_PATH} PYTHONPATH=/home/raspberry/Auv_ws/build/auv_bringup/prefix_override:/usr/lib/python3/dist-packages/colcon_core/task/python/colcon_distutils_commands:/home/raspberry/Auv_ws/install/auv_bringup/lib/python3.10/site-packages:/home/raspberry/Auv_ws/install/auv_teleop/lib/python3.10/site-packages:${PYTHONPATH} /usr/bin/python3 -W ignore:setup.py install is deprecated -W ignore:easy_install command is deprecated setup.py egg_info --egg-base ../../build/auv_bringup build --build-base /home/raspberry/Auv_ws/build/auv_bringup/build install --record /home/raspberry/Auv_ws/build/auv_bringup/install.log --single-version-externally-managed install_data
[5.340s] running egg_info
[5.343s] writing ../../build/auv_bringup/auv_bringup.egg-info/PKG-INFO
[5.344s] writing dependency_links to ../../build/auv_bringup/auv_bringup.egg-info/dependency_links.txt
[5.346s] writing entry points to ../../build/auv_bringup/auv_bringup.egg-info/entry_points.txt
[5.346s] writing requirements to ../../build/auv_bringup/auv_bringup.egg-info/requires.txt
[5.347s] writing top-level names to ../../build/auv_bringup/auv_bringup.egg-info/top_level.txt
[5.356s] reading manifest file '../../build/auv_bringup/auv_bringup.egg-info/SOURCES.txt'
[5.361s] writing manifest file '../../build/auv_bringup/auv_bringup.egg-info/SOURCES.txt'
[5.362s] running build
[5.362s] running build_py
[5.363s] running install
[5.365s] running install_lib
[5.371s] running install_data
[5.372s] running install_egg_info
[5.380s] removing '/home/raspberry/Auv_ws/install/auv_bringup/lib/python3.10/site-packages/auv_bringup-0.0.0-py3.10.egg-info' (and everything under it)
[5.382s] Copying ../../build/auv_bringup/auv_bringup.egg-info to /home/raspberry/Auv_ws/install/auv_bringup/lib/python3.10/site-packages/auv_bringup-0.0.0-py3.10.egg-info
[5.390s] running install_scripts
[5.483s] writing list of installed files to '/home/raspberry/Auv_ws/build/auv_bringup/install.log'
[5.609s] Invoked command in '/home/raspberry/Auv_ws/src/auv_bringup' returned '0': AMENT_PREFIX_PATH=/home/raspberry/Auv_ws/install/auv_teleop:${AMENT_PREFIX_PATH} PYTHONPATH=/home/raspberry/Auv_ws/build/auv_bringup/prefix_override:/usr/lib/python3/dist-packages/colcon_core/task/python/colcon_distutils_commands:/home/raspberry/Auv_ws/install/auv_bringup/lib/python3.10/site-packages:/home/raspberry/Auv_ws/install/auv_teleop/lib/python3.10/site-packages:${PYTHONPATH} /usr/bin/python3 -W ignore:setup.py install is deprecated -W ignore:easy_install command is deprecated setup.py egg_info --egg-base ../../build/auv_bringup build --build-base /home/raspberry/Auv_ws/build/auv_bringup/build install --record /home/raspberry/Auv_ws/build/auv_bringup/install.log --single-version-externally-managed install_data
