[5.144s] Invoking command in '/home/raspberry/Auv_ws/src/serial_bridge': PYTHONPATH=/home/raspberry/Auv_ws/build/serial_bridge/prefix_override:/usr/lib/python3/dist-packages/colcon_core/task/python/colcon_distutils_commands:/home/raspberry/Auv_ws/install/serial_bridge/lib/python3.10/site-packages:${PYTHONPATH} /usr/bin/python3 -W ignore:setup.py install is deprecated -W ignore:easy_install command is deprecated setup.py egg_info --egg-base ../../build/serial_bridge build --build-base /home/raspberry/Auv_ws/build/serial_bridge/build install --record /home/raspberry/Auv_ws/build/serial_bridge/install.log --single-version-externally-managed install_data
[6.368s] running egg_info
[6.371s] creating ../../build/serial_bridge/serial_bridge.egg-info
[6.373s] writing ../../build/serial_bridge/serial_bridge.egg-info/PKG-INFO
[6.375s] writing dependency_links to ../../build/serial_bridge/serial_bridge.egg-info/dependency_links.txt
[6.376s] writing entry points to ../../build/serial_bridge/serial_bridge.egg-info/entry_points.txt
[6.377s] writing requirements to ../../build/serial_bridge/serial_bridge.egg-info/requires.txt
[6.378s] writing top-level names to ../../build/serial_bridge/serial_bridge.egg-info/top_level.txt
[6.380s] writing manifest file '../../build/serial_bridge/serial_bridge.egg-info/SOURCES.txt'
[6.387s] reading manifest file '../../build/serial_bridge/serial_bridge.egg-info/SOURCES.txt'
[6.392s] writing manifest file '../../build/serial_bridge/serial_bridge.egg-info/SOURCES.txt'
[6.395s] running build
[6.396s] running build_py
[6.397s] creating /home/raspberry/Auv_ws/build/serial_bridge/build
[6.398s] creating /home/raspberry/Auv_ws/build/serial_bridge/build/lib
[6.399s] creating /home/raspberry/Auv_ws/build/serial_bridge/build/lib/serial_bridge
[6.400s] copying serial_bridge/__init__.py -> /home/raspberry/Auv_ws/build/serial_bridge/build/lib/serial_bridge
[6.402s] copying serial_bridge/arduino_bridge.py -> /home/raspberry/Auv_ws/build/serial_bridge/build/lib/serial_bridge
[6.404s] running install
[6.404s] running install_lib
[6.406s] creating /home/raspberry/Auv_ws/install/serial_bridge/lib/python3.10/site-packages/serial_bridge
[6.407s] copying /home/raspberry/Auv_ws/build/serial_bridge/build/lib/serial_bridge/__init__.py -> /home/raspberry/Auv_ws/install/serial_bridge/lib/python3.10/site-packages/serial_bridge
[6.408s] copying /home/raspberry/Auv_ws/build/serial_bridge/build/lib/serial_bridge/arduino_bridge.py -> /home/raspberry/Auv_ws/install/serial_bridge/lib/python3.10/site-packages/serial_bridge
[6.409s] byte-compiling /home/raspberry/Auv_ws/install/serial_bridge/lib/python3.10/site-packages/serial_bridge/__init__.py to __init__.cpython-310.pyc
[6.411s] byte-compiling /home/raspberry/Auv_ws/install/serial_bridge/lib/python3.10/site-packages/serial_bridge/arduino_bridge.py to arduino_bridge.cpython-310.pyc
[6.413s] running install_data
[6.414s] creating /home/raspberry/Auv_ws/install/serial_bridge/share/ament_index
[6.417s] creating /home/raspberry/Auv_ws/install/serial_bridge/share/ament_index/resource_index
[6.418s] creating /home/raspberry/Auv_ws/install/serial_bridge/share/ament_index/resource_index/packages
[6.419s] copying resource/serial_bridge -> /home/raspberry/Auv_ws/install/serial_bridge/share/ament_index/resource_index/packages
[6.420s] copying package.xml -> /home/raspberry/Auv_ws/install/serial_bridge/share/serial_bridge
[6.421s] running install_egg_info
[6.424s] Copying ../../build/serial_bridge/serial_bridge.egg-info to /home/raspberry/Auv_ws/install/serial_bridge/lib/python3.10/site-packages/serial_bridge-0.0.0-py3.10.egg-info
[6.431s] running install_scripts
[6.533s] Installing serial_bridge script to /home/raspberry/Auv_ws/install/serial_bridge/lib/serial_bridge
[6.536s] writing list of installed files to '/home/raspberry/Auv_ws/build/serial_bridge/install.log'
[6.850s] Invoked command in '/home/raspberry/Auv_ws/src/serial_bridge' returned '0': PYTHONPATH=/home/raspberry/Auv_ws/build/serial_bridge/prefix_override:/usr/lib/python3/dist-packages/colcon_core/task/python/colcon_distutils_commands:/home/raspberry/Auv_ws/install/serial_bridge/lib/python3.10/site-packages:${PYTHONPATH} /usr/bin/python3 -W ignore:setup.py install is deprecated -W ignore:easy_install command is deprecated setup.py egg_info --egg-base ../../build/serial_bridge build --build-base /home/raspberry/Auv_ws/build/serial_bridge/build install --record /home/raspberry/Auv_ws/build/serial_bridge/install.log --single-version-externally-managed install_data
