[7.089s] Invoking command in '/home/raspberry/Auv_ws/src/auv_bringup': PYTHONPATH=/home/raspberry/Auv_ws/build/auv_bringup/prefix_override:/usr/lib/python3/dist-packages/colcon_core/task/python/colcon_distutils_commands:/home/raspberry/Auv_ws/install/auv_bringup/lib/python3.10/site-packages:${PYTHONPATH} /usr/bin/python3 -W ignore:setup.py install is deprecated -W ignore:easy_install command is deprecated setup.py egg_info --egg-base ../../build/auv_bringup build --build-base /home/raspberry/Auv_ws/build/auv_bringup/build install --record /home/raspberry/Auv_ws/build/auv_bringup/install.log --single-version-externally-managed install_data
[8.667s] running egg_info
[8.671s] writing ../../build/auv_bringup/auv_bringup.egg-info/PKG-INFO
[8.672s] writing dependency_links to ../../build/auv_bringup/auv_bringup.egg-info/dependency_links.txt
[8.673s] writing entry points to ../../build/auv_bringup/auv_bringup.egg-info/entry_points.txt
[8.674s] writing requirements to ../../build/auv_bringup/auv_bringup.egg-info/requires.txt
[8.675s] writing top-level names to ../../build/auv_bringup/auv_bringup.egg-info/top_level.txt
[8.687s] reading manifest file '../../build/auv_bringup/auv_bringup.egg-info/SOURCES.txt'
[8.692s] writing manifest file '../../build/auv_bringup/auv_bringup.egg-info/SOURCES.txt'
[8.693s] running build
[8.694s] running build_py
[8.695s] running install
[8.696s] running install_lib
[8.703s] running install_data
[8.705s] copying launch/launchphase1.xml -> /home/raspberry/Auv_ws/install/auv_bringup/share/auv_bringup/launch
[8.706s] running install_egg_info
[8.721s] removing '/home/raspberry/Auv_ws/install/auv_bringup/lib/python3.10/site-packages/auv_bringup-0.0.0-py3.10.egg-info' (and everything under it)
[8.725s] Copying ../../build/auv_bringup/auv_bringup.egg-info to /home/raspberry/Auv_ws/install/auv_bringup/lib/python3.10/site-packages/auv_bringup-0.0.0-py3.10.egg-info
[8.745s] running install_scripts
[8.972s] writing list of installed files to '/home/raspberry/Auv_ws/build/auv_bringup/install.log'
[9.243s] Invoked command in '/home/raspberry/Auv_ws/src/auv_bringup' returned '0': PYTHONPATH=/home/raspberry/Auv_ws/build/auv_bringup/prefix_override:/usr/lib/python3/dist-packages/colcon_core/task/python/colcon_distutils_commands:/home/raspberry/Auv_ws/install/auv_bringup/lib/python3.10/site-packages:${PYTHONPATH} /usr/bin/python3 -W ignore:setup.py install is deprecated -W ignore:easy_install command is deprecated setup.py egg_info --egg-base ../../build/auv_bringup build --build-base /home/raspberry/Auv_ws/build/auv_bringup/build install --record /home/raspberry/Auv_ws/build/auv_bringup/install.log --single-version-externally-managed install_data
