running develop
Removing /home/raspberry/Auv_ws/install/auv_control/lib/python3.10/site-packages/auv-control.egg-link (link to .)
running egg_info
writing ../../build/auv_control/auv_control.egg-info/PKG-INFO
writing dependency_links to ../../build/auv_control/auv_control.egg-info/dependency_links.txt
writing entry points to ../../build/auv_control/auv_control.egg-info/entry_points.txt
writing requirements to ../../build/auv_control/auv_control.egg-info/requires.txt
writing top-level names to ../../build/auv_control/auv_control.egg-info/top_level.txt
reading manifest file '../../build/auv_control/auv_control.egg-info/SOURCES.txt'
writing manifest file '../../build/auv_control/auv_control.egg-info/SOURCES.txt'
running build
running build_py
copying auv_control/path_planning.py -> /home/raspberry/Auv_ws/build/auv_control/build/lib/auv_control
running install
running install_lib
creating /home/raspberry/Auv_ws/install/auv_control/lib/python3.10/site-packages/auv_control
copying /home/raspberry/Auv_ws/build/auv_control/build/lib/auv_control/__init__.py -> /home/raspberry/Auv_ws/install/auv_control/lib/python3.10/site-packages/auv_control
copying /home/raspberry/Auv_ws/build/auv_control/build/lib/auv_control/depth_controller.py -> /home/raspberry/Auv_ws/install/auv_control/lib/python3.10/site-packages/auv_control
copying /home/raspberry/Auv_ws/build/auv_control/build/lib/auv_control/path_planning.py -> /home/raspberry/Auv_ws/install/auv_control/lib/python3.10/site-packages/auv_control
copying /home/raspberry/Auv_ws/build/auv_control/build/lib/auv_control/heading_controller.py -> /home/raspberry/Auv_ws/install/auv_control/lib/python3.10/site-packages/auv_control
byte-compiling /home/raspberry/Auv_ws/install/auv_control/lib/python3.10/site-packages/auv_control/__init__.py to __init__.cpython-310.pyc
byte-compiling /home/raspberry/Auv_ws/install/auv_control/lib/python3.10/site-packages/auv_control/depth_controller.py to depth_controller.cpython-310.pyc
byte-compiling /home/raspberry/Auv_ws/install/auv_control/lib/python3.10/site-packages/auv_control/path_planning.py to path_planning.cpython-310.pyc
Sorry: IndentationError: unindent does not match any outer indentation level (path_planning.py, line 150)
byte-compiling /home/raspberry/Auv_ws/install/auv_control/lib/python3.10/site-packages/auv_control/heading_controller.py to heading_controller.cpython-310.pyc
running install_data
copying resource/auv_control -> /home/raspberry/Auv_ws/install/auv_control/share/ament_index/resource_index/packages
copying package.xml -> /home/raspberry/Auv_ws/install/auv_control/share/auv_control
running install_egg_info
Copying ../../build/auv_control/auv_control.egg-info to /home/raspberry/Auv_ws/install/auv_control/lib/python3.10/site-packages/auv_control-0.0.0-py3.10.egg-info
running install_scripts
Installing heading_controller script to /home/raspberry/Auv_ws/install/auv_control/lib/auv_control
writing list of installed files to '/home/raspberry/Auv_ws/build/auv_control/install.log'
