[7.424s] Invoking command in '/home/raspberry/Auv_ws/build/auv_control': PYTHONPATH=/home/raspberry/Auv_ws/build/auv_control/prefix_override:/usr/lib/python3/dist-packages/colcon_core/task/python/colcon_distutils_commands:/home/raspberry/Auv_ws/install/auv_control/lib/python3.10/site-packages:${PYTHONPATH} /usr/bin/python3 -W ignore:setup.py install is deprecated -W ignore:easy_install command is deprecated setup.py develop --uninstall --editable --build-directory /home/raspberry/Auv_ws/build/auv_control/build
[8.997s] running develop
[10.085s] Removing /home/raspberry/Auv_ws/install/auv_control/lib/python3.10/site-packages/auv-control.egg-link (link to .)
[10.319s] Invoked command in '/home/raspberry/Auv_ws/build/auv_control' returned '0': PYTHONPATH=/home/raspberry/Auv_ws/build/auv_control/prefix_override:/usr/lib/python3/dist-packages/colcon_core/task/python/colcon_distutils_commands:/home/raspberry/Auv_ws/install/auv_control/lib/python3.10/site-packages:${PYTHONPATH} /usr/bin/python3 -W ignore:setup.py install is deprecated -W ignore:easy_install command is deprecated setup.py develop --uninstall --editable --build-directory /home/raspberry/Auv_ws/build/auv_control/build
[10.320s] Invoking command in '/home/raspberry/Auv_ws/src/auv_control': PYTHONPATH=/home/raspberry/Auv_ws/build/auv_control/prefix_override:/usr/lib/python3/dist-packages/colcon_core/task/python/colcon_distutils_commands:/home/raspberry/Auv_ws/install/auv_control/lib/python3.10/site-packages:${PYTHONPATH} /usr/bin/python3 -W ignore:setup.py install is deprecated -W ignore:easy_install command is deprecated setup.py egg_info --egg-base ../../build/auv_control build --build-base /home/raspberry/Auv_ws/build/auv_control/build install --record /home/raspberry/Auv_ws/build/auv_control/install.log --single-version-externally-managed install_data --force
[11.772s] running egg_info
[11.778s] writing ../../build/auv_control/auv_control.egg-info/PKG-INFO
[11.779s] writing dependency_links to ../../build/auv_control/auv_control.egg-info/dependency_links.txt
[11.781s] writing entry points to ../../build/auv_control/auv_control.egg-info/entry_points.txt
[11.782s] writing requirements to ../../build/auv_control/auv_control.egg-info/requires.txt
[11.783s] writing top-level names to ../../build/auv_control/auv_control.egg-info/top_level.txt
[11.792s] reading manifest file '../../build/auv_control/auv_control.egg-info/SOURCES.txt'
[11.800s] writing manifest file '../../build/auv_control/auv_control.egg-info/SOURCES.txt'
[11.802s] running build
[11.804s] running build_py
[11.807s] copying auv_control/path_planning.py -> /home/raspberry/Auv_ws/build/auv_control/build/lib/auv_control
[11.811s] running install
[11.814s] running install_lib
[11.827s] creating /home/raspberry/Auv_ws/install/auv_control/lib/python3.10/site-packages/auv_control
[11.830s] copying /home/raspberry/Auv_ws/build/auv_control/build/lib/auv_control/__init__.py -> /home/raspberry/Auv_ws/install/auv_control/lib/python3.10/site-packages/auv_control
[11.835s] copying /home/raspberry/Auv_ws/build/auv_control/build/lib/auv_control/depth_controller.py -> /home/raspberry/Auv_ws/install/auv_control/lib/python3.10/site-packages/auv_control
[11.840s] copying /home/raspberry/Auv_ws/build/auv_control/build/lib/auv_control/path_planning.py -> /home/raspberry/Auv_ws/install/auv_control/lib/python3.10/site-packages/auv_control
[11.844s] copying /home/raspberry/Auv_ws/build/auv_control/build/lib/auv_control/heading_controller.py -> /home/raspberry/Auv_ws/install/auv_control/lib/python3.10/site-packages/auv_control
[11.853s] byte-compiling /home/raspberry/Auv_ws/install/auv_control/lib/python3.10/site-packages/auv_control/__init__.py to __init__.cpython-310.pyc
[11.859s] byte-compiling /home/raspberry/Auv_ws/install/auv_control/lib/python3.10/site-packages/auv_control/depth_controller.py to depth_controller.cpython-310.pyc
[11.865s] byte-compiling /home/raspberry/Auv_ws/install/auv_control/lib/python3.10/site-packages/auv_control/path_planning.py to path_planning.cpython-310.pyc
[11.873s] Sorry: IndentationError: unindent does not match any outer indentation level (path_planning.py, line 150)
[11.877s] byte-compiling /home/raspberry/Auv_ws/install/auv_control/lib/python3.10/site-packages/auv_control/heading_controller.py to heading_controller.cpython-310.pyc
[11.884s] running install_data
[11.887s] copying resource/auv_control -> /home/raspberry/Auv_ws/install/auv_control/share/ament_index/resource_index/packages
[11.891s] copying package.xml -> /home/raspberry/Auv_ws/install/auv_control/share/auv_control
[11.896s] running install_egg_info
[11.912s] Copying ../../build/auv_control/auv_control.egg-info to /home/raspberry/Auv_ws/install/auv_control/lib/python3.10/site-packages/auv_control-0.0.0-py3.10.egg-info
[11.937s] running install_scripts
[12.127s] Installing heading_controller script to /home/raspberry/Auv_ws/install/auv_control/lib/auv_control
[12.129s] writing list of installed files to '/home/raspberry/Auv_ws/build/auv_control/install.log'
[12.365s] Invoked command in '/home/raspberry/Auv_ws/src/auv_control' returned '0': PYTHONPATH=/home/raspberry/Auv_ws/build/auv_control/prefix_override:/usr/lib/python3/dist-packages/colcon_core/task/python/colcon_distutils_commands:/home/raspberry/Auv_ws/install/auv_control/lib/python3.10/site-packages:${PYTHONPATH} /usr/bin/python3 -W ignore:setup.py install is deprecated -W ignore:easy_install command is deprecated setup.py egg_info --egg-base ../../build/auv_control build --build-base /home/raspberry/Auv_ws/build/auv_control/build install --record /home/raspberry/Auv_ws/build/auv_control/install.log --single-version-externally-managed install_data --force
