running develop
Removing /home/raspberry/Auv_ws/install/auv_teleop/lib/python3.10/site-packages/auv-teleop.egg-link (link to .)
running egg_info
writing ../../build/auv_teleop/auv_teleop.egg-info/PKG-INFO
writing dependency_links to ../../build/auv_teleop/auv_teleop.egg-info/dependency_links.txt
writing entry points to ../../build/auv_teleop/auv_teleop.egg-info/entry_points.txt
writing requirements to ../../build/auv_teleop/auv_teleop.egg-info/requires.txt
writing top-level names to ../../build/auv_teleop/auv_teleop.egg-info/top_level.txt
reading manifest file '../../build/auv_teleop/auv_teleop.egg-info/SOURCES.txt'
writing manifest file '../../build/auv_teleop/auv_teleop.egg-info/SOURCES.txt'
running build
running build_py
running install
running install_lib
creating /home/raspberry/Auv_ws/install/auv_teleop/lib/python3.10/site-packages/auv_teleop
copying /home/raspberry/Auv_ws/build/auv_teleop/build/lib/auv_teleop/teleop_xbox_node.py -> /home/raspberry/Auv_ws/install/auv_teleop/lib/python3.10/site-packages/auv_teleop
copying /home/raspberry/Auv_ws/build/auv_teleop/build/lib/auv_teleop/__init__.py -> /home/raspberry/Auv_ws/install/auv_teleop/lib/python3.10/site-packages/auv_teleop
byte-compiling /home/raspberry/Auv_ws/install/auv_teleop/lib/python3.10/site-packages/auv_teleop/teleop_xbox_node.py to teleop_xbox_node.cpython-310.pyc
byte-compiling /home/raspberry/Auv_ws/install/auv_teleop/lib/python3.10/site-packages/auv_teleop/__init__.py to __init__.cpython-310.pyc
running install_data
copying resource/auv_teleop -> /home/raspberry/Auv_ws/install/auv_teleop/share/ament_index/resource_index/packages
copying package.xml -> /home/raspberry/Auv_ws/install/auv_teleop/share/auv_teleop
running install_egg_info
Copying ../../build/auv_teleop/auv_teleop.egg-info to /home/raspberry/Auv_ws/install/auv_teleop/lib/python3.10/site-packages/auv_teleop-0.0.0-py3.10.egg-info
running install_scripts
Installing teleop_xbox_node script to /home/raspberry/Auv_ws/install/auv_teleop/lib/auv_teleop
writing list of installed files to '/home/raspberry/Auv_ws/build/auv_teleop/install.log'
