[7.088s] Invoking command in '/home/raspberry/Auv_ws/src/auv_bringup': PYTHONPATH=/home/raspberry/Auv_ws/build/auv_bringup/prefix_override:/usr/lib/python3/dist-packages/colcon_core/task/python/colcon_distutils_commands:/home/raspberry/Auv_ws/install/auv_bringup/lib/python3.10/site-packages:${PYTHONPATH} /usr/bin/python3 -W ignore:setup.py install is deprecated -W ignore:easy_install command is deprecated setup.py egg_info --egg-base ../../build/auv_bringup build --build-base /home/raspberry/Auv_ws/build/auv_bringup/build install --record /home/raspberry/Auv_ws/build/auv_bringup/install.log --single-version-externally-managed install_data
[8.739s] running egg_info
[8.742s] writing ../../build/auv_bringup/auv_bringup.egg-info/PKG-INFO
[8.745s] writing dependency_links to ../../build/auv_bringup/auv_bringup.egg-info/dependency_links.txt
[8.749s] writing entry points to ../../build/auv_bringup/auv_bringup.egg-info/entry_points.txt
[8.752s] writing requirements to ../../build/auv_bringup/auv_bringup.egg-info/requires.txt
[8.754s] writing top-level names to ../../build/auv_bringup/auv_bringup.egg-info/top_level.txt
[8.768s] reading manifest file '../../build/auv_bringup/auv_bringup.egg-info/SOURCES.txt'
[8.775s] writing manifest file '../../build/auv_bringup/auv_bringup.egg-info/SOURCES.txt'
[8.777s] running build
[8.778s] running build_py
[8.781s] running install
[8.783s] running install_lib
[8.790s] running install_data
[8.791s] running install_egg_info
[8.814s] removing '/home/raspberry/Auv_ws/install/auv_bringup/lib/python3.10/site-packages/auv_bringup-0.0.0-py3.10.egg-info' (and everything under it)
[8.818s] Copying ../../build/auv_bringup/auv_bringup.egg-info to /home/raspberry/Auv_ws/install/auv_bringup/lib/python3.10/site-packages/auv_bringup-0.0.0-py3.10.egg-info
[8.828s] running install_scripts
[8.946s] writing list of installed files to '/home/raspberry/Auv_ws/build/auv_bringup/install.log'
[9.194s] Invoked command in '/home/raspberry/Auv_ws/src/auv_bringup' returned '0': PYTHONPATH=/home/raspberry/Auv_ws/build/auv_bringup/prefix_override:/usr/lib/python3/dist-packages/colcon_core/task/python/colcon_distutils_commands:/home/raspberry/Auv_ws/install/auv_bringup/lib/python3.10/site-packages:${PYTHONPATH} /usr/bin/python3 -W ignore:setup.py install is deprecated -W ignore:easy_install command is deprecated setup.py egg_info --egg-base ../../build/auv_bringup build --build-base /home/raspberry/Auv_ws/build/auv_bringup/build install --record /home/raspberry/Auv_ws/build/auv_bringup/install.log --single-version-externally-managed install_data
