[5.679s] Invoking command in '/home/raspberry/Auv_ws/build/Auv_control': PYTHONPATH=/home/raspberry/Auv_ws/build/Auv_control/prefix_override:/usr/lib/python3/dist-packages/colcon_core/task/python/colcon_distutils_commands:/home/raspberry/Auv_ws/install/Auv_control/lib/python3.10/site-packages:${PYTHONPATH} /usr/bin/python3 -W ignore:setup.py install is deprecated -W ignore:easy_install command is deprecated setup.py develop --uninstall --editable --build-directory /home/raspberry/Auv_ws/build/Auv_control/build
[7.009s] running develop
[7.821s] Removing /home/raspberry/Auv_ws/install/Auv_control/lib/python3.10/site-packages/Auv-control.egg-link (link to .)
[8.065s] Invoked command in '/home/raspberry/Auv_ws/build/Auv_control' returned '0': PYTHONPATH=/home/raspberry/Auv_ws/build/Auv_control/prefix_override:/usr/lib/python3/dist-packages/colcon_core/task/python/colcon_distutils_commands:/home/raspberry/Auv_ws/install/Auv_control/lib/python3.10/site-packages:${PYTHONPATH} /usr/bin/python3 -W ignore:setup.py install is deprecated -W ignore:easy_install command is deprecated setup.py develop --uninstall --editable --build-directory /home/raspberry/Auv_ws/build/Auv_control/build
[8.071s] Invoking command in '/home/raspberry/Auv_ws/src/Auv_control': PYTHONPATH=/home/raspberry/Auv_ws/build/Auv_control/prefix_override:/usr/lib/python3/dist-packages/colcon_core/task/python/colcon_distutils_commands:/home/raspberry/Auv_ws/install/Auv_control/lib/python3.10/site-packages:${PYTHONPATH} /usr/bin/python3 -W ignore:setup.py install is deprecated -W ignore:easy_install command is deprecated setup.py egg_info --egg-base ../../build/Auv_control build --build-base /home/raspberry/Auv_ws/build/Auv_control/build install --record /home/raspberry/Auv_ws/build/Auv_control/install.log --single-version-externally-managed install_data --force
[9.300s] running egg_info
[9.302s] writing ../../build/Auv_control/Auv_control.egg-info/PKG-INFO
[9.304s] writing dependency_links to ../../build/Auv_control/Auv_control.egg-info/dependency_links.txt
[9.307s] writing entry points to ../../build/Auv_control/Auv_control.egg-info/entry_points.txt
[9.309s] writing requirements to ../../build/Auv_control/Auv_control.egg-info/requires.txt
[9.309s] writing top-level names to ../../build/Auv_control/Auv_control.egg-info/top_level.txt
[9.318s] reading manifest file '../../build/Auv_control/Auv_control.egg-info/SOURCES.txt'
[9.323s] writing manifest file '../../build/Auv_control/Auv_control.egg-info/SOURCES.txt'
[9.325s] running build
[9.325s] running build_py
[9.327s] running install
[9.329s] running install_lib
[9.333s] creating /home/raspberry/Auv_ws/install/Auv_control/lib/python3.10/site-packages/Auv_control
[9.334s] copying /home/raspberry/Auv_ws/build/Auv_control/build/lib/Auv_control/__init__.py -> /home/raspberry/Auv_ws/install/Auv_control/lib/python3.10/site-packages/Auv_control
[9.337s] copying /home/raspberry/Auv_ws/build/Auv_control/build/lib/Auv_control/depth_controller.py -> /home/raspberry/Auv_ws/install/Auv_control/lib/python3.10/site-packages/Auv_control
[9.338s] copying /home/raspberry/Auv_ws/build/Auv_control/build/lib/Auv_control/heading_controller.py -> /home/raspberry/Auv_ws/install/Auv_control/lib/python3.10/site-packages/Auv_control
[9.345s] byte-compiling /home/raspberry/Auv_ws/install/Auv_control/lib/python3.10/site-packages/Auv_control/__init__.py to __init__.cpython-310.pyc
[9.346s] byte-compiling /home/raspberry/Auv_ws/install/Auv_control/lib/python3.10/site-packages/Auv_control/depth_controller.py to depth_controller.cpython-310.pyc
[9.352s] byte-compiling /home/raspberry/Auv_ws/install/Auv_control/lib/python3.10/site-packages/Auv_control/heading_controller.py to heading_controller.cpython-310.pyc
[9.358s] running install_data
[9.359s] copying resource/Auv_control -> /home/raspberry/Auv_ws/install/Auv_control/share/ament_index/resource_index/packages
[9.360s] copying package.xml -> /home/raspberry/Auv_ws/install/Auv_control/share/Auv_control
[9.360s] running install_egg_info
[9.361s] Copying ../../build/Auv_control/Auv_control.egg-info to /home/raspberry/Auv_ws/install/Auv_control/lib/python3.10/site-packages/Auv_control-0.0.0-py3.10.egg-info
[9.368s] running install_scripts
[9.468s] Installing heading_controller script to /home/raspberry/Auv_ws/install/Auv_control/lib/Auv_control
[9.476s] writing list of installed files to '/home/raspberry/Auv_ws/build/Auv_control/install.log'
[9.787s] Invoked command in '/home/raspberry/Auv_ws/src/Auv_control' returned '0': PYTHONPATH=/home/raspberry/Auv_ws/build/Auv_control/prefix_override:/usr/lib/python3/dist-packages/colcon_core/task/python/colcon_distutils_commands:/home/raspberry/Auv_ws/install/Auv_control/lib/python3.10/site-packages:${PYTHONPATH} /usr/bin/python3 -W ignore:setup.py install is deprecated -W ignore:easy_install command is deprecated setup.py egg_info --egg-base ../../build/Auv_control build --build-base /home/raspberry/Auv_ws/build/Auv_control/build install --record /home/raspberry/Auv_ws/build/Auv_control/install.log --single-version-externally-managed install_data --force
