[2.535s] Invoking command in '/home/raspberry/Auv_ws/src/Auv_teleop': PYTHONPATH=/home/raspberry/Auv_ws/build/Auv_teleop/prefix_override:/usr/lib/python3/dist-packages/colcon_core/task/python/colcon_distutils_commands:/home/raspberry/Auv_ws/install/Auv_teleop/lib/python3.10/site-packages:${PYTHONPATH} /usr/bin/python3 -W ignore:setup.py install is deprecated -W ignore:easy_install command is deprecated setup.py egg_info --egg-base ../../build/Auv_teleop build --build-base /home/raspberry/Auv_ws/build/Auv_teleop/build install --record /home/raspberry/Auv_ws/build/Auv_teleop/install.log --single-version-externally-managed install_data
[3.483s] running egg_info
[3.486s] writing ../../build/Auv_teleop/Auv_teleop.egg-info/PKG-INFO
[3.487s] writing dependency_links to ../../build/Auv_teleop/Auv_teleop.egg-info/dependency_links.txt
[3.488s] writing entry points to ../../build/Auv_teleop/Auv_teleop.egg-info/entry_points.txt
[3.489s] writing requirements to ../../build/Auv_teleop/Auv_teleop.egg-info/requires.txt
[3.490s] writing top-level names to ../../build/Auv_teleop/Auv_teleop.egg-info/top_level.txt
[3.497s] reading manifest file '../../build/Auv_teleop/Auv_teleop.egg-info/SOURCES.txt'
[3.501s] writing manifest file '../../build/Auv_teleop/Auv_teleop.egg-info/SOURCES.txt'
[3.502s] running build
[3.502s] running build_py
[3.503s] copying Auv_teleop/teleop_xbox_node.py -> /home/raspberry/Auv_ws/build/Auv_teleop/build/lib/Auv_teleop
[3.504s] running install
[3.505s] running install_lib
[3.508s] copying /home/raspberry/Auv_ws/build/Auv_teleop/build/lib/Auv_teleop/teleop_xbox_node.py -> /home/raspberry/Auv_ws/install/Auv_teleop/lib/python3.10/site-packages/Auv_teleop
[3.511s] byte-compiling /home/raspberry/Auv_ws/install/Auv_teleop/lib/python3.10/site-packages/Auv_teleop/teleop_xbox_node.py to teleop_xbox_node.cpython-310.pyc
[3.515s] running install_data
[3.516s] running install_egg_info
[3.523s] removing '/home/raspberry/Auv_ws/install/Auv_teleop/lib/python3.10/site-packages/Auv_teleop-0.0.0-py3.10.egg-info' (and everything under it)
[3.524s] Copying ../../build/Auv_teleop/Auv_teleop.egg-info to /home/raspberry/Auv_ws/install/Auv_teleop/lib/python3.10/site-packages/Auv_teleop-0.0.0-py3.10.egg-info
[3.530s] running install_scripts
[3.607s] Installing teleop_xbox_node script to /home/raspberry/Auv_ws/install/Auv_teleop/lib/Auv_teleop
[3.609s] writing list of installed files to '/home/raspberry/Auv_ws/build/Auv_teleop/install.log'
[3.725s] Invoked command in '/home/raspberry/Auv_ws/src/Auv_teleop' returned '0': PYTHONPATH=/home/raspberry/Auv_ws/build/Auv_teleop/prefix_override:/usr/lib/python3/dist-packages/colcon_core/task/python/colcon_distutils_commands:/home/raspberry/Auv_ws/install/Auv_teleop/lib/python3.10/site-packages:${PYTHONPATH} /usr/bin/python3 -W ignore:setup.py install is deprecated -W ignore:easy_install command is deprecated setup.py egg_info --egg-base ../../build/Auv_teleop build --build-base /home/raspberry/Auv_ws/build/Auv_teleop/build install --record /home/raspberry/Auv_ws/build/Auv_teleop/install.log --single-version-externally-managed install_data
