[5.362s] Invoking command in '/home/raspberry/Auv_ws/build/Auv_control': PYTHONPATH=/home/raspberry/Auv_ws/build/Auv_control/prefix_override:/usr/lib/python3/dist-packages/colcon_core/task/python/colcon_distutils_commands:/home/raspberry/Auv_ws/install/Auv_control/lib/python3.10/site-packages:${PYTHONPATH} /usr/bin/python3 -W ignore:setup.py install is deprecated -W ignore:easy_install command is deprecated setup.py develop --uninstall --editable --build-directory /home/raspberry/Auv_ws/build/Auv_control/build
[6.717s] running develop
[7.526s] Removing /home/raspberry/Auv_ws/install/Auv_control/lib/python3.10/site-packages/Auv-control.egg-link (link to .)
[7.722s] Invoked command in '/home/raspberry/Auv_ws/build/Auv_control' returned '0': PYTHONPATH=/home/raspberry/Auv_ws/build/Auv_control/prefix_override:/usr/lib/python3/dist-packages/colcon_core/task/python/colcon_distutils_commands:/home/raspberry/Auv_ws/install/Auv_control/lib/python3.10/site-packages:${PYTHONPATH} /usr/bin/python3 -W ignore:setup.py install is deprecated -W ignore:easy_install command is deprecated setup.py develop --uninstall --editable --build-directory /home/raspberry/Auv_ws/build/Auv_control/build
[7.730s] Invoking command in '/home/raspberry/Auv_ws/src/Auv_control': PYTHONPATH=/home/raspberry/Auv_ws/build/Auv_control/prefix_override:/usr/lib/python3/dist-packages/colcon_core/task/python/colcon_distutils_commands:/home/raspberry/Auv_ws/install/Auv_control/lib/python3.10/site-packages:${PYTHONPATH} /usr/bin/python3 -W ignore:setup.py install is deprecated -W ignore:easy_install command is deprecated setup.py egg_info --egg-base ../../build/Auv_control build --build-base /home/raspberry/Auv_ws/build/Auv_control/build install --record /home/raspberry/Auv_ws/build/Auv_control/install.log --single-version-externally-managed install_data --force
[8.834s] running egg_info
[8.838s] writing ../../build/Auv_control/Auv_control.egg-info/PKG-INFO
[8.840s] writing dependency_links to ../../build/Auv_control/Auv_control.egg-info/dependency_links.txt
[8.844s] writing entry points to ../../build/Auv_control/Auv_control.egg-info/entry_points.txt
[8.845s] writing requirements to ../../build/Auv_control/Auv_control.egg-info/requires.txt
[8.845s] writing top-level names to ../../build/Auv_control/Auv_control.egg-info/top_level.txt
[8.852s] reading manifest file '../../build/Auv_control/Auv_control.egg-info/SOURCES.txt'
[8.856s] writing manifest file '../../build/Auv_control/Auv_control.egg-info/SOURCES.txt'
[8.857s] running build
[8.857s] running build_py
[8.859s] running install
[8.861s] running install_lib
[8.864s] creating /home/raspberry/Auv_ws/install/Auv_control/lib/python3.10/site-packages/Auv_control
[8.865s] copying /home/raspberry/Auv_ws/build/Auv_control/build/lib/Auv_control/__init__.py -> /home/raspberry/Auv_ws/install/Auv_control/lib/python3.10/site-packages/Auv_control
[8.866s] copying /home/raspberry/Auv_ws/build/Auv_control/build/lib/Auv_control/depth_controller.py -> /home/raspberry/Auv_ws/install/Auv_control/lib/python3.10/site-packages/Auv_control
[8.866s] copying /home/raspberry/Auv_ws/build/Auv_control/build/lib/Auv_control/heading_controller.py -> /home/raspberry/Auv_ws/install/Auv_control/lib/python3.10/site-packages/Auv_control
[8.870s] byte-compiling /home/raspberry/Auv_ws/install/Auv_control/lib/python3.10/site-packages/Auv_control/__init__.py to __init__.cpython-310.pyc
[8.871s] byte-compiling /home/raspberry/Auv_ws/install/Auv_control/lib/python3.10/site-packages/Auv_control/depth_controller.py to depth_controller.cpython-310.pyc
[8.873s] byte-compiling /home/raspberry/Auv_ws/install/Auv_control/lib/python3.10/site-packages/Auv_control/heading_controller.py to heading_controller.cpython-310.pyc
[8.876s] running install_data
[8.876s] copying resource/Auv_control -> /home/raspberry/Auv_ws/install/Auv_control/share/ament_index/resource_index/packages
[8.877s] copying package.xml -> /home/raspberry/Auv_ws/install/Auv_control/share/Auv_control
[8.878s] running install_egg_info
[8.887s] Copying ../../build/Auv_control/Auv_control.egg-info to /home/raspberry/Auv_ws/install/Auv_control/lib/python3.10/site-packages/Auv_control-0.0.0-py3.10.egg-info
[8.894s] running install_scripts
[9.004s] Installing heading_controller script to /home/raspberry/Auv_ws/install/Auv_control/lib/Auv_control
[9.007s] writing list of installed files to '/home/raspberry/Auv_ws/build/Auv_control/install.log'
[9.161s] Invoked command in '/home/raspberry/Auv_ws/src/Auv_control' returned '0': PYTHONPATH=/home/raspberry/Auv_ws/build/Auv_control/prefix_override:/usr/lib/python3/dist-packages/colcon_core/task/python/colcon_distutils_commands:/home/raspberry/Auv_ws/install/Auv_control/lib/python3.10/site-packages:${PYTHONPATH} /usr/bin/python3 -W ignore:setup.py install is deprecated -W ignore:easy_install command is deprecated setup.py egg_info --egg-base ../../build/Auv_control build --build-base /home/raspberry/Auv_ws/build/Auv_control/build install --record /home/raspberry/Auv_ws/build/Auv_control/install.log --single-version-externally-managed install_data --force
