[6.864s] Invoking command in '/home/raspberry/Auv_ws/src/auv_camera_stream': PYTHONPATH=/home/raspberry/Auv_ws/build/auv_camera_stream/prefix_override:/usr/lib/python3/dist-packages/colcon_core/task/python/colcon_distutils_commands:/home/raspberry/Auv_ws/install/auv_camera_stream/lib/python3.10/site-packages:${PYTHONPATH} /usr/bin/python3 -W ignore:setup.py install is deprecated -W ignore:easy_install command is deprecated setup.py egg_info --egg-base ../../build/auv_camera_stream build --build-base /home/raspberry/Auv_ws/build/auv_camera_stream/build install --record /home/raspberry/Auv_ws/build/auv_camera_stream/install.log --single-version-externally-managed install_data
[8.425s] running egg_info
[8.429s] writing ../../build/auv_camera_stream/auv_camera_stream.egg-info/PKG-INFO
[8.433s] writing dependency_links to ../../build/auv_camera_stream/auv_camera_stream.egg-info/dependency_links.txt
[8.435s] writing entry points to ../../build/auv_camera_stream/auv_camera_stream.egg-info/entry_points.txt
[8.435s] writing requirements to ../../build/auv_camera_stream/auv_camera_stream.egg-info/requires.txt
[8.436s] writing top-level names to ../../build/auv_camera_stream/auv_camera_stream.egg-info/top_level.txt
[8.444s] reading manifest file '../../build/auv_camera_stream/auv_camera_stream.egg-info/SOURCES.txt'
[8.449s] writing manifest file '../../build/auv_camera_stream/auv_camera_stream.egg-info/SOURCES.txt'
[8.450s] running build
[8.451s] running build_py
[8.454s] running install
[8.458s] running install_lib
[8.464s] running install_data
[8.465s] running install_egg_info
[8.480s] removing '/home/raspberry/Auv_ws/install/auv_camera_stream/lib/python3.10/site-packages/auv_camera_stream-0.0.0-py3.10.egg-info' (and everything under it)
[8.485s] Copying ../../build/auv_camera_stream/auv_camera_stream.egg-info to /home/raspberry/Auv_ws/install/auv_camera_stream/lib/python3.10/site-packages/auv_camera_stream-0.0.0-py3.10.egg-info
[8.494s] running install_scripts
[8.597s] Installing camera_node script to /home/raspberry/Auv_ws/install/auv_camera_stream/lib/auv_camera_stream
[8.599s] writing list of installed files to '/home/raspberry/Auv_ws/build/auv_camera_stream/install.log'
[8.844s] Invoked command in '/home/raspberry/Auv_ws/src/auv_camera_stream' returned '0': PYTHONPATH=/home/raspberry/Auv_ws/build/auv_camera_stream/prefix_override:/usr/lib/python3/dist-packages/colcon_core/task/python/colcon_distutils_commands:/home/raspberry/Auv_ws/install/auv_camera_stream/lib/python3.10/site-packages:${PYTHONPATH} /usr/bin/python3 -W ignore:setup.py install is deprecated -W ignore:easy_install command is deprecated setup.py egg_info --egg-base ../../build/auv_camera_stream build --build-base /home/raspberry/Auv_ws/build/auv_camera_stream/build install --record /home/raspberry/Auv_ws/build/auv_camera_stream/install.log --single-version-externally-managed install_data
