[7.300s] Invoking command in '/home/raspberry/Auv_ws/src/auv_control': PYTHONPATH=/home/raspberry/Auv_ws/build/auv_control/prefix_override:/usr/lib/python3/dist-packages/colcon_core/task/python/colcon_distutils_commands:/home/raspberry/Auv_ws/install/auv_control/lib/python3.10/site-packages:${PYTHONPATH} /usr/bin/python3 -W ignore:setup.py install is deprecated -W ignore:easy_install command is deprecated setup.py egg_info --egg-base ../../build/auv_control build --build-base /home/raspberry/Auv_ws/build/auv_control/build install --record /home/raspberry/Auv_ws/build/auv_control/install.log --single-version-externally-managed install_data
[9.037s] running egg_info
[9.041s] writing ../../build/auv_control/auv_control.egg-info/PKG-INFO
[9.044s] writing dependency_links to ../../build/auv_control/auv_control.egg-info/dependency_links.txt
[9.047s] writing entry points to ../../build/auv_control/auv_control.egg-info/entry_points.txt
[9.047s] writing requirements to ../../build/auv_control/auv_control.egg-info/requires.txt
[9.048s] writing top-level names to ../../build/auv_control/auv_control.egg-info/top_level.txt
[9.055s] reading manifest file '../../build/auv_control/auv_control.egg-info/SOURCES.txt'
[9.061s] writing manifest file '../../build/auv_control/auv_control.egg-info/SOURCES.txt'
[9.062s] running build
[9.062s] running build_py
[9.065s] running install
[9.066s] running install_lib
[9.073s] byte-compiling /home/raspberry/Auv_ws/install/auv_control/lib/python3.10/site-packages/auv_control/path_planning.py to path_planning.cpython-310.pyc
[9.076s] Sorry: IndentationError: unindent does not match any outer indentation level (path_planning.py, line 150)
[9.078s] running install_data
[9.079s] running install_egg_info
[9.087s] removing '/home/raspberry/Auv_ws/install/auv_control/lib/python3.10/site-packages/auv_control-0.0.0-py3.10.egg-info' (and everything under it)
[9.091s] Copying ../../build/auv_control/auv_control.egg-info to /home/raspberry/Auv_ws/install/auv_control/lib/python3.10/site-packages/auv_control-0.0.0-py3.10.egg-info
[9.098s] running install_scripts
[9.207s] Installing heading_controller script to /home/raspberry/Auv_ws/install/auv_control/lib/auv_control
[9.210s] writing list of installed files to '/home/raspberry/Auv_ws/build/auv_control/install.log'
[9.388s] Invoked command in '/home/raspberry/Auv_ws/src/auv_control' returned '0': PYTHONPATH=/home/raspberry/Auv_ws/build/auv_control/prefix_override:/usr/lib/python3/dist-packages/colcon_core/task/python/colcon_distutils_commands:/home/raspberry/Auv_ws/install/auv_control/lib/python3.10/site-packages:${PYTHONPATH} /usr/bin/python3 -W ignore:setup.py install is deprecated -W ignore:easy_install command is deprecated setup.py egg_info --egg-base ../../build/auv_control build --build-base /home/raspberry/Auv_ws/build/auv_control/build install --record /home/raspberry/Auv_ws/build/auv_control/install.log --single-version-externally-managed install_data
