[3.865s] Invoking command in '/home/raspberry/Auv_ws/src/serial_bridge': PYTHONPATH=/home/raspberry/Auv_ws/build/serial_bridge/prefix_override:/usr/lib/python3/dist-packages/colcon_core/task/python/colcon_distutils_commands:/home/raspberry/Auv_ws/install/serial_bridge/lib/python3.10/site-packages:${PYTHONPATH} /usr/bin/python3 -W ignore:setup.py install is deprecated -W ignore:easy_install command is deprecated setup.py egg_info --egg-base ../../build/serial_bridge build --build-base /home/raspberry/Auv_ws/build/serial_bridge/build install --record /home/raspberry/Auv_ws/build/serial_bridge/install.log --single-version-externally-managed install_data
[5.192s] running egg_info
[5.196s] writing ../../build/serial_bridge/serial_bridge.egg-info/PKG-INFO
[5.198s] writing dependency_links to ../../build/serial_bridge/serial_bridge.egg-info/dependency_links.txt
[5.199s] writing entry points to ../../build/serial_bridge/serial_bridge.egg-info/entry_points.txt
[5.200s] writing requirements to ../../build/serial_bridge/serial_bridge.egg-info/requires.txt
[5.200s] writing top-level names to ../../build/serial_bridge/serial_bridge.egg-info/top_level.txt
[5.209s] reading manifest file '../../build/serial_bridge/serial_bridge.egg-info/SOURCES.txt'
[5.213s] writing manifest file '../../build/serial_bridge/serial_bridge.egg-info/SOURCES.txt'
[5.214s] running build
[5.214s] running build_py
[5.219s] running install
[5.220s] running install_lib
[5.235s] running install_data
[5.238s] running install_egg_info
[5.246s] removing '/home/raspberry/Auv_ws/install/serial_bridge/lib/python3.10/site-packages/serial_bridge-0.0.0-py3.10.egg-info' (and everything under it)
[5.248s] Copying ../../build/serial_bridge/serial_bridge.egg-info to /home/raspberry/Auv_ws/install/serial_bridge/lib/python3.10/site-packages/serial_bridge-0.0.0-py3.10.egg-info
[5.257s] running install_scripts
[5.356s] Installing arduino_bridge script to /home/raspberry/Auv_ws/install/serial_bridge/lib/serial_bridge
[5.357s] Installing imu_dashboard_adapter script to /home/raspberry/Auv_ws/install/serial_bridge/lib/serial_bridge
[5.360s] writing list of installed files to '/home/raspberry/Auv_ws/build/serial_bridge/install.log'
[5.500s] Invoked command in '/home/raspberry/Auv_ws/src/serial_bridge' returned '0': PYTHONPATH=/home/raspberry/Auv_ws/build/serial_bridge/prefix_override:/usr/lib/python3/dist-packages/colcon_core/task/python/colcon_distutils_commands:/home/raspberry/Auv_ws/install/serial_bridge/lib/python3.10/site-packages:${PYTHONPATH} /usr/bin/python3 -W ignore:setup.py install is deprecated -W ignore:easy_install command is deprecated setup.py egg_info --egg-base ../../build/serial_bridge build --build-base /home/raspberry/Auv_ws/build/serial_bridge/build install --record /home/raspberry/Auv_ws/build/serial_bridge/install.log --single-version-externally-managed install_data
