[7.100s] Invoking command in '/home/raspberry/Auv_ws/src/serial_bridge': PYTHONPATH=/home/raspberry/Auv_ws/build/serial_bridge/prefix_override:/usr/lib/python3/dist-packages/colcon_core/task/python/colcon_distutils_commands:/home/raspberry/Auv_ws/install/serial_bridge/lib/python3.10/site-packages:${PYTHONPATH} /usr/bin/python3 -W ignore:setup.py install is deprecated -W ignore:easy_install command is deprecated setup.py egg_info --egg-base ../../build/serial_bridge build --build-base /home/raspberry/Auv_ws/build/serial_bridge/build install --record /home/raspberry/Auv_ws/build/serial_bridge/install.log --single-version-externally-managed install_data
[8.595s] running egg_info
[8.601s] writing ../../build/serial_bridge/serial_bridge.egg-info/PKG-INFO
[8.607s] writing dependency_links to ../../build/serial_bridge/serial_bridge.egg-info/dependency_links.txt
[8.620s] writing entry points to ../../build/serial_bridge/serial_bridge.egg-info/entry_points.txt
[8.625s] writing requirements to ../../build/serial_bridge/serial_bridge.egg-info/requires.txt
[8.642s] writing top-level names to ../../build/serial_bridge/serial_bridge.egg-info/top_level.txt
[8.650s] reading manifest file '../../build/serial_bridge/serial_bridge.egg-info/SOURCES.txt'
[8.668s] writing manifest file '../../build/serial_bridge/serial_bridge.egg-info/SOURCES.txt'
[8.668s] running build
[8.670s] running build_py
[8.676s] running install
[8.678s] running install_lib
[8.690s] running install_data
[8.693s] running install_egg_info
[8.705s] removing '/home/raspberry/Auv_ws/install/serial_bridge/lib/python3.10/site-packages/serial_bridge-0.0.0-py3.10.egg-info' (and everything under it)
[8.717s] Copying ../../build/serial_bridge/serial_bridge.egg-info to /home/raspberry/Auv_ws/install/serial_bridge/lib/python3.10/site-packages/serial_bridge-0.0.0-py3.10.egg-info
[8.740s] running install_scripts
[8.934s] Installing arduino_bridge script to /home/raspberry/Auv_ws/install/serial_bridge/lib/serial_bridge
[8.942s] Installing imu_dashboard_adapter script to /home/raspberry/Auv_ws/install/serial_bridge/lib/serial_bridge
[8.953s] writing list of installed files to '/home/raspberry/Auv_ws/build/serial_bridge/install.log'
[9.262s] Invoked command in '/home/raspberry/Auv_ws/src/serial_bridge' returned '0': PYTHONPATH=/home/raspberry/Auv_ws/build/serial_bridge/prefix_override:/usr/lib/python3/dist-packages/colcon_core/task/python/colcon_distutils_commands:/home/raspberry/Auv_ws/install/serial_bridge/lib/python3.10/site-packages:${PYTHONPATH} /usr/bin/python3 -W ignore:setup.py install is deprecated -W ignore:easy_install command is deprecated setup.py egg_info --egg-base ../../build/serial_bridge build --build-base /home/raspberry/Auv_ws/build/serial_bridge/build install --record /home/raspberry/Auv_ws/build/serial_bridge/install.log --single-version-externally-managed install_data
