[6.994s] Invoking command in '/home/raspberry/Auv_ws/src/auv_teleop': PYTHONPATH=/home/raspberry/Auv_ws/build/auv_teleop/prefix_override:/usr/lib/python3/dist-packages/colcon_core/task/python/colcon_distutils_commands:/home/raspberry/Auv_ws/install/auv_teleop/lib/python3.10/site-packages:${PYTHONPATH} /usr/bin/python3 -W ignore:setup.py install is deprecated -W ignore:easy_install command is deprecated setup.py egg_info --egg-base ../../build/auv_teleop build --build-base /home/raspberry/Auv_ws/build/auv_teleop/build install --record /home/raspberry/Auv_ws/build/auv_teleop/install.log --single-version-externally-managed install_data
[8.738s] running egg_info
[8.755s] writing ../../build/auv_teleop/auv_teleop.egg-info/PKG-INFO
[8.765s] writing dependency_links to ../../build/auv_teleop/auv_teleop.egg-info/dependency_links.txt
[8.771s] writing entry points to ../../build/auv_teleop/auv_teleop.egg-info/entry_points.txt
[8.783s] writing requirements to ../../build/auv_teleop/auv_teleop.egg-info/requires.txt
[8.812s] writing top-level names to ../../build/auv_teleop/auv_teleop.egg-info/top_level.txt
[8.817s] reading manifest file '../../build/auv_teleop/auv_teleop.egg-info/SOURCES.txt'
[8.821s] writing manifest file '../../build/auv_teleop/auv_teleop.egg-info/SOURCES.txt'
[8.825s] running build
[8.829s] running build_py
[8.833s] running install
[8.837s] running install_lib
[8.879s] running install_data
[8.881s] running install_egg_info
[8.881s] removing '/home/raspberry/Auv_ws/install/auv_teleop/lib/python3.10/site-packages/auv_teleop-0.0.0-py3.10.egg-info' (and everything under it)
[8.882s] Copying ../../build/auv_teleop/auv_teleop.egg-info to /home/raspberry/Auv_ws/install/auv_teleop/lib/python3.10/site-packages/auv_teleop-0.0.0-py3.10.egg-info
[8.883s] running install_scripts
[8.966s] Installing teleop_xbox_node script to /home/raspberry/Auv_ws/install/auv_teleop/lib/auv_teleop
[8.968s] Installing xbox_node script to /home/raspberry/Auv_ws/install/auv_teleop/lib/auv_teleop
[8.970s] writing list of installed files to '/home/raspberry/Auv_ws/build/auv_teleop/install.log'
[10.194s] Invoked command in '/home/raspberry/Auv_ws/src/auv_teleop' returned '0': PYTHONPATH=/home/raspberry/Auv_ws/build/auv_teleop/prefix_override:/usr/lib/python3/dist-packages/colcon_core/task/python/colcon_distutils_commands:/home/raspberry/Auv_ws/install/auv_teleop/lib/python3.10/site-packages:${PYTHONPATH} /usr/bin/python3 -W ignore:setup.py install is deprecated -W ignore:easy_install command is deprecated setup.py egg_info --egg-base ../../build/auv_teleop build --build-base /home/raspberry/Auv_ws/build/auv_teleop/build install --record /home/raspberry/Auv_ws/build/auv_teleop/install.log --single-version-externally-managed install_data
