[2.520s] Invoking command in '/home/raspberry/Auv_ws/src/serial_bridge': PYTHONPATH=/home/raspberry/Auv_ws/build/serial_bridge/prefix_override:/usr/lib/python3/dist-packages/colcon_core/task/python/colcon_distutils_commands:/home/raspberry/Auv_ws/install/serial_bridge/lib/python3.10/site-packages:${PYTHONPATH} /usr/bin/python3 -W ignore:setup.py install is deprecated -W ignore:easy_install command is deprecated setup.py egg_info --egg-base ../../build/serial_bridge build --build-base /home/raspberry/Auv_ws/build/serial_bridge/build install --record /home/raspberry/Auv_ws/build/serial_bridge/install.log --single-version-externally-managed install_data
[3.472s] running egg_info
[3.474s] creating ../../build/serial_bridge/serial_bridge.egg-info
[3.475s] writing ../../build/serial_bridge/serial_bridge.egg-info/PKG-INFO
[3.476s] writing dependency_links to ../../build/serial_bridge/serial_bridge.egg-info/dependency_links.txt
[3.477s] writing entry points to ../../build/serial_bridge/serial_bridge.egg-info/entry_points.txt
[3.478s] writing requirements to ../../build/serial_bridge/serial_bridge.egg-info/requires.txt
[3.478s] writing top-level names to ../../build/serial_bridge/serial_bridge.egg-info/top_level.txt
[3.479s] writing manifest file '../../build/serial_bridge/serial_bridge.egg-info/SOURCES.txt'
[3.486s] reading manifest file '../../build/serial_bridge/serial_bridge.egg-info/SOURCES.txt'
[3.490s] writing manifest file '../../build/serial_bridge/serial_bridge.egg-info/SOURCES.txt'
[3.492s] running build
[3.493s] running build_py
[3.493s] creating /home/raspberry/Auv_ws/build/serial_bridge/build
[3.494s] creating /home/raspberry/Auv_ws/build/serial_bridge/build/lib
[3.495s] creating /home/raspberry/Auv_ws/build/serial_bridge/build/lib/serial_bridge
[3.496s] copying serial_bridge/__init__.py -> /home/raspberry/Auv_ws/build/serial_bridge/build/lib/serial_bridge
[3.496s] copying serial_bridge/arduino_bridge.py -> /home/raspberry/Auv_ws/build/serial_bridge/build/lib/serial_bridge
[3.496s] running install
[3.497s] running install_lib
[3.503s] creating /home/raspberry/Auv_ws/install/serial_bridge/lib/python3.10/site-packages/serial_bridge
[3.504s] copying /home/raspberry/Auv_ws/build/serial_bridge/build/lib/serial_bridge/__init__.py -> /home/raspberry/Auv_ws/install/serial_bridge/lib/python3.10/site-packages/serial_bridge
[3.504s] copying /home/raspberry/Auv_ws/build/serial_bridge/build/lib/serial_bridge/arduino_bridge.py -> /home/raspberry/Auv_ws/install/serial_bridge/lib/python3.10/site-packages/serial_bridge
[3.507s] byte-compiling /home/raspberry/Auv_ws/install/serial_bridge/lib/python3.10/site-packages/serial_bridge/__init__.py to __init__.cpython-310.pyc
[3.508s] byte-compiling /home/raspberry/Auv_ws/install/serial_bridge/lib/python3.10/site-packages/serial_bridge/arduino_bridge.py to arduino_bridge.cpython-310.pyc
[3.512s] running install_data
[3.513s] creating /home/raspberry/Auv_ws/install/serial_bridge/share/ament_index
[3.514s] creating /home/raspberry/Auv_ws/install/serial_bridge/share/ament_index/resource_index
[3.514s] creating /home/raspberry/Auv_ws/install/serial_bridge/share/ament_index/resource_index/packages
[3.515s] copying resource/serial_bridge -> /home/raspberry/Auv_ws/install/serial_bridge/share/ament_index/resource_index/packages
[3.515s] copying package.xml -> /home/raspberry/Auv_ws/install/serial_bridge/share/serial_bridge
[3.516s] running install_egg_info
[3.521s] Copying ../../build/serial_bridge/serial_bridge.egg-info to /home/raspberry/Auv_ws/install/serial_bridge/lib/python3.10/site-packages/serial_bridge-0.0.0-py3.10.egg-info
[3.527s] running install_scripts
[3.605s] Installing arduino_bridge script to /home/raspberry/Auv_ws/install/serial_bridge/lib/serial_bridge
[3.606s] writing list of installed files to '/home/raspberry/Auv_ws/build/serial_bridge/install.log'
[3.727s] Invoked command in '/home/raspberry/Auv_ws/src/serial_bridge' returned '0': PYTHONPATH=/home/raspberry/Auv_ws/build/serial_bridge/prefix_override:/usr/lib/python3/dist-packages/colcon_core/task/python/colcon_distutils_commands:/home/raspberry/Auv_ws/install/serial_bridge/lib/python3.10/site-packages:${PYTHONPATH} /usr/bin/python3 -W ignore:setup.py install is deprecated -W ignore:easy_install command is deprecated setup.py egg_info --egg-base ../../build/serial_bridge build --build-base /home/raspberry/Auv_ws/build/serial_bridge/build install --record /home/raspberry/Auv_ws/build/serial_bridge/install.log --single-version-externally-managed install_data
