running egg_info
writing ../../build/auv_control/auv_control.egg-info/PKG-INFO
writing dependency_links to ../../build/auv_control/auv_control.egg-info/dependency_links.txt
writing entry points to ../../build/auv_control/auv_control.egg-info/entry_points.txt
writing requirements to ../../build/auv_control/auv_control.egg-info/requires.txt
writing top-level names to ../../build/auv_control/auv_control.egg-info/top_level.txt
reading manifest file '../../build/auv_control/auv_control.egg-info/SOURCES.txt'
writing manifest file '../../build/auv_control/auv_control.egg-info/SOURCES.txt'
running build
running build_py
running install
running install_lib
byte-compiling /home/raspberry/Auv_ws/install/auv_control/lib/python3.10/site-packages/auv_control/path_planning.py to path_planning.cpython-310.pyc
running install_data
running install_egg_info
removing '/home/raspberry/Auv_ws/install/auv_control/lib/python3.10/site-packages/auv_control-0.0.0-py3.10.egg-info' (and everything under it)
Copying ../../build/auv_control/auv_control.egg-info to /home/raspberry/Auv_ws/install/auv_control/lib/python3.10/site-packages/auv_control-0.0.0-py3.10.egg-info
running install_scripts
Installing heading_controller script to /home/raspberry/Auv_ws/install/auv_control/lib/auv_control
writing list of installed files to '/home/raspberry/Auv_ws/build/auv_control/install.log'
