[9.071s] Invoking command in '/home/raspberry/Auv_ws/src/auv_control': PYTHONPATH=/home/raspberry/Auv_ws/build/auv_control/prefix_override:/usr/lib/python3/dist-packages/colcon_core/task/python/colcon_distutils_commands:/home/raspberry/Auv_ws/install/auv_control/lib/python3.10/site-packages:${PYTHONPATH} /usr/bin/python3 -W ignore:setup.py install is deprecated -W ignore:easy_install command is deprecated setup.py egg_info --egg-base ../../build/auv_control build --build-base /home/raspberry/Auv_ws/build/auv_control/build install --record /home/raspberry/Auv_ws/build/auv_control/install.log --single-version-externally-managed install_data
[11.350s] running egg_info
[11.360s] writing ../../build/auv_control/auv_control.egg-info/PKG-INFO
[11.364s] writing dependency_links to ../../build/auv_control/auv_control.egg-info/dependency_links.txt
[11.368s] writing entry points to ../../build/auv_control/auv_control.egg-info/entry_points.txt
[11.372s] writing requirements to ../../build/auv_control/auv_control.egg-info/requires.txt
[11.374s] writing top-level names to ../../build/auv_control/auv_control.egg-info/top_level.txt
[11.390s] reading manifest file '../../build/auv_control/auv_control.egg-info/SOURCES.txt'
[11.396s] writing manifest file '../../build/auv_control/auv_control.egg-info/SOURCES.txt'
[11.399s] running build
[11.402s] running build_py
[11.407s] running install
[11.410s] running install_lib
[11.422s] byte-compiling /home/raspberry/Auv_ws/install/auv_control/lib/python3.10/site-packages/auv_control/path_planning.py to path_planning.cpython-310.pyc
[11.426s] Sorry: IndentationError: unindent does not match any outer indentation level (path_planning.py, line 150)
[11.428s] running install_data
[11.430s] running install_egg_info
[11.443s] removing '/home/raspberry/Auv_ws/install/auv_control/lib/python3.10/site-packages/auv_control-0.0.0-py3.10.egg-info' (and everything under it)
[11.447s] Copying ../../build/auv_control/auv_control.egg-info to /home/raspberry/Auv_ws/install/auv_control/lib/python3.10/site-packages/auv_control-0.0.0-py3.10.egg-info
[11.457s] running install_scripts
[11.679s] Installing heading_controller script to /home/raspberry/Auv_ws/install/auv_control/lib/auv_control
[11.683s] writing list of installed files to '/home/raspberry/Auv_ws/build/auv_control/install.log'
[11.962s] Invoked command in '/home/raspberry/Auv_ws/src/auv_control' returned '0': PYTHONPATH=/home/raspberry/Auv_ws/build/auv_control/prefix_override:/usr/lib/python3/dist-packages/colcon_core/task/python/colcon_distutils_commands:/home/raspberry/Auv_ws/install/auv_control/lib/python3.10/site-packages:${PYTHONPATH} /usr/bin/python3 -W ignore:setup.py install is deprecated -W ignore:easy_install command is deprecated setup.py egg_info --egg-base ../../build/auv_control build --build-base /home/raspberry/Auv_ws/build/auv_control/build install --record /home/raspberry/Auv_ws/build/auv_control/install.log --single-version-externally-managed install_data
