[2.658s] Invoking command in '/home/raspberry/Auv_ws/build/auv_teleop': PYTHONPATH=/home/raspberry/Auv_ws/build/auv_teleop/prefix_override:/usr/lib/python3/dist-packages/colcon_core/task/python/colcon_distutils_commands:/home/raspberry/Auv_ws/install/auv_teleop/lib/python3.10/site-packages:${PYTHONPATH} /usr/bin/python3 -W ignore:setup.py install is deprecated -W ignore:easy_install command is deprecated setup.py develop --uninstall --editable --build-directory /home/raspberry/Auv_ws/build/auv_teleop/build
[3.698s] running develop
[4.336s] Removing /home/raspberry/Auv_ws/install/auv_teleop/lib/python3.10/site-packages/auv-teleop.egg-link (link to .)
[4.455s] Invoked command in '/home/raspberry/Auv_ws/build/auv_teleop' returned '0': PYTHONPATH=/home/raspberry/Auv_ws/build/auv_teleop/prefix_override:/usr/lib/python3/dist-packages/colcon_core/task/python/colcon_distutils_commands:/home/raspberry/Auv_ws/install/auv_teleop/lib/python3.10/site-packages:${PYTHONPATH} /usr/bin/python3 -W ignore:setup.py install is deprecated -W ignore:easy_install command is deprecated setup.py develop --uninstall --editable --build-directory /home/raspberry/Auv_ws/build/auv_teleop/build
[4.462s] Invoking command in '/home/raspberry/Auv_ws/src/auv_teleop': PYTHONPATH=/home/raspberry/Auv_ws/build/auv_teleop/prefix_override:/usr/lib/python3/dist-packages/colcon_core/task/python/colcon_distutils_commands:/home/raspberry/Auv_ws/install/auv_teleop/lib/python3.10/site-packages:${PYTHONPATH} /usr/bin/python3 -W ignore:setup.py install is deprecated -W ignore:easy_install command is deprecated setup.py egg_info --egg-base ../../build/auv_teleop build --build-base /home/raspberry/Auv_ws/build/auv_teleop/build install --record /home/raspberry/Auv_ws/build/auv_teleop/install.log --single-version-externally-managed install_data --force
[5.461s] running egg_info
[5.464s] writing ../../build/auv_teleop/auv_teleop.egg-info/PKG-INFO
[5.465s] writing dependency_links to ../../build/auv_teleop/auv_teleop.egg-info/dependency_links.txt
[5.466s] writing entry points to ../../build/auv_teleop/auv_teleop.egg-info/entry_points.txt
[5.467s] writing requirements to ../../build/auv_teleop/auv_teleop.egg-info/requires.txt
[5.468s] writing top-level names to ../../build/auv_teleop/auv_teleop.egg-info/top_level.txt
[5.476s] reading manifest file '../../build/auv_teleop/auv_teleop.egg-info/SOURCES.txt'
[5.480s] writing manifest file '../../build/auv_teleop/auv_teleop.egg-info/SOURCES.txt'
[5.480s] running build
[5.481s] running build_py
[5.482s] copying auv_teleop/xbox_node.py -> /home/raspberry/Auv_ws/build/auv_teleop/build/lib/auv_teleop
[5.483s] running install
[5.484s] running install_lib
[5.488s] copying /home/raspberry/Auv_ws/build/auv_teleop/build/lib/auv_teleop/teleop_xbox_node.py -> /home/raspberry/Auv_ws/install/auv_teleop/lib/python3.10/site-packages/auv_teleop
[5.488s] copying /home/raspberry/Auv_ws/build/auv_teleop/build/lib/auv_teleop/__init__.py -> /home/raspberry/Auv_ws/install/auv_teleop/lib/python3.10/site-packages/auv_teleop
[5.489s] copying /home/raspberry/Auv_ws/build/auv_teleop/build/lib/auv_teleop/xbox_node.py -> /home/raspberry/Auv_ws/install/auv_teleop/lib/python3.10/site-packages/auv_teleop
[5.492s] byte-compiling /home/raspberry/Auv_ws/install/auv_teleop/lib/python3.10/site-packages/auv_teleop/teleop_xbox_node.py to teleop_xbox_node.cpython-310.pyc
[5.495s] byte-compiling /home/raspberry/Auv_ws/install/auv_teleop/lib/python3.10/site-packages/auv_teleop/__init__.py to __init__.cpython-310.pyc
[5.498s] byte-compiling /home/raspberry/Auv_ws/install/auv_teleop/lib/python3.10/site-packages/auv_teleop/xbox_node.py to xbox_node.cpython-310.pyc
[5.503s] running install_data
[5.503s] copying resource/auv_teleop -> /home/raspberry/Auv_ws/install/auv_teleop/share/ament_index/resource_index/packages
[5.504s] copying package.xml -> /home/raspberry/Auv_ws/install/auv_teleop/share/auv_teleop
[5.506s] copying config/mapping.yaml -> /home/raspberry/Auv_ws/install/auv_teleop/share/auv_teleop/config
[5.507s] running install_egg_info
[5.512s] Copying ../../build/auv_teleop/auv_teleop.egg-info to /home/raspberry/Auv_ws/install/auv_teleop/lib/python3.10/site-packages/auv_teleop-0.0.0-py3.10.egg-info
[5.518s] running install_scripts
[5.595s] Installing teleop_xbox_node script to /home/raspberry/Auv_ws/install/auv_teleop/lib/auv_teleop
[5.595s] Installing xbox_node script to /home/raspberry/Auv_ws/install/auv_teleop/lib/auv_teleop
[5.598s] writing list of installed files to '/home/raspberry/Auv_ws/build/auv_teleop/install.log'
[5.709s] Invoked command in '/home/raspberry/Auv_ws/src/auv_teleop' returned '0': PYTHONPATH=/home/raspberry/Auv_ws/build/auv_teleop/prefix_override:/usr/lib/python3/dist-packages/colcon_core/task/python/colcon_distutils_commands:/home/raspberry/Auv_ws/install/auv_teleop/lib/python3.10/site-packages:${PYTHONPATH} /usr/bin/python3 -W ignore:setup.py install is deprecated -W ignore:easy_install command is deprecated setup.py egg_info --egg-base ../../build/auv_teleop build --build-base /home/raspberry/Auv_ws/build/auv_teleop/build install --record /home/raspberry/Auv_ws/build/auv_teleop/install.log --single-version-externally-managed install_data --force
