[2.858s] Invoking command in '/home/raspberry/Auv_ws/src/auv_teleop': PYTHONPATH=/home/raspberry/Auv_ws/build/auv_teleop/prefix_override:/usr/lib/python3/dist-packages/colcon_core/task/python/colcon_distutils_commands:/home/raspberry/Auv_ws/install/auv_teleop/lib/python3.10/site-packages:${PYTHONPATH} /usr/bin/python3 -W ignore:setup.py install is deprecated -W ignore:easy_install command is deprecated setup.py egg_info --egg-base ../../build/auv_teleop build --build-base /home/raspberry/Auv_ws/build/auv_teleop/build install --record /home/raspberry/Auv_ws/build/auv_teleop/install.log --single-version-externally-managed install_data
[3.937s] running egg_info
[3.939s] writing ../../build/auv_teleop/auv_teleop.egg-info/PKG-INFO
[3.941s] writing dependency_links to ../../build/auv_teleop/auv_teleop.egg-info/dependency_links.txt
[3.942s] writing entry points to ../../build/auv_teleop/auv_teleop.egg-info/entry_points.txt
[3.943s] writing requirements to ../../build/auv_teleop/auv_teleop.egg-info/requires.txt
[3.943s] writing top-level names to ../../build/auv_teleop/auv_teleop.egg-info/top_level.txt
[3.952s] reading manifest file '../../build/auv_teleop/auv_teleop.egg-info/SOURCES.txt'
[3.957s] writing manifest file '../../build/auv_teleop/auv_teleop.egg-info/SOURCES.txt'
[3.957s] running build
[3.958s] running build_py
[3.959s] copying auv_teleop/xbox_node.py -> /home/raspberry/Auv_ws/build/auv_teleop/build/lib/auv_teleop
[3.960s] running install
[3.961s] running install_lib
[3.965s] copying /home/raspberry/Auv_ws/build/auv_teleop/build/lib/auv_teleop/xbox_node.py -> /home/raspberry/Auv_ws/install/auv_teleop/lib/python3.10/site-packages/auv_teleop
[3.969s] byte-compiling /home/raspberry/Auv_ws/install/auv_teleop/lib/python3.10/site-packages/auv_teleop/xbox_node.py to xbox_node.cpython-310.pyc
[3.974s] running install_data
[3.975s] copying config/mapping.yaml -> /home/raspberry/Auv_ws/install/auv_teleop/share/auv_teleop/config
[3.975s] running install_egg_info
[3.983s] removing '/home/raspberry/Auv_ws/install/auv_teleop/lib/python3.10/site-packages/auv_teleop-0.0.0-py3.10.egg-info' (and everything under it)
[3.984s] Copying ../../build/auv_teleop/auv_teleop.egg-info to /home/raspberry/Auv_ws/install/auv_teleop/lib/python3.10/site-packages/auv_teleop-0.0.0-py3.10.egg-info
[3.991s] running install_scripts
[4.072s] Installing teleop_xbox_node script to /home/raspberry/Auv_ws/install/auv_teleop/lib/auv_teleop
[4.073s] Installing xbox_node script to /home/raspberry/Auv_ws/install/auv_teleop/lib/auv_teleop
[4.075s] writing list of installed files to '/home/raspberry/Auv_ws/build/auv_teleop/install.log'
[4.189s] Invoked command in '/home/raspberry/Auv_ws/src/auv_teleop' returned '0': PYTHONPATH=/home/raspberry/Auv_ws/build/auv_teleop/prefix_override:/usr/lib/python3/dist-packages/colcon_core/task/python/colcon_distutils_commands:/home/raspberry/Auv_ws/install/auv_teleop/lib/python3.10/site-packages:${PYTHONPATH} /usr/bin/python3 -W ignore:setup.py install is deprecated -W ignore:easy_install command is deprecated setup.py egg_info --egg-base ../../build/auv_teleop build --build-base /home/raspberry/Auv_ws/build/auv_teleop/build install --record /home/raspberry/Auv_ws/build/auv_teleop/install.log --single-version-externally-managed install_data
