[6.984s] Invoking command in '/home/raspberry/Auv_ws/src/auv_control': PYTHONPATH=/home/raspberry/Auv_ws/build/auv_control/prefix_override:/usr/lib/python3/dist-packages/colcon_core/task/python/colcon_distutils_commands:/home/raspberry/Auv_ws/install/auv_control/lib/python3.10/site-packages:${PYTHONPATH} /usr/bin/python3 -W ignore:setup.py install is deprecated -W ignore:easy_install command is deprecated setup.py egg_info --egg-base ../../build/auv_control build --build-base /home/raspberry/Auv_ws/build/auv_control/build install --record /home/raspberry/Auv_ws/build/auv_control/install.log --single-version-externally-managed install_data
[8.480s] running egg_info
[8.498s] writing ../../build/auv_control/auv_control.egg-info/PKG-INFO
[8.514s] writing dependency_links to ../../build/auv_control/auv_control.egg-info/dependency_links.txt
[8.522s] writing entry points to ../../build/auv_control/auv_control.egg-info/entry_points.txt
[8.525s] writing requirements to ../../build/auv_control/auv_control.egg-info/requires.txt
[8.526s] writing top-level names to ../../build/auv_control/auv_control.egg-info/top_level.txt
[8.529s] reading manifest file '../../build/auv_control/auv_control.egg-info/SOURCES.txt'
[8.536s] writing manifest file '../../build/auv_control/auv_control.egg-info/SOURCES.txt'
[8.538s] running build
[8.539s] running build_py
[8.542s] running install
[8.545s] running install_lib
[8.556s] running install_data
[8.558s] running install_egg_info
[8.571s] removing '/home/raspberry/Auv_ws/install/auv_control/lib/python3.10/site-packages/auv_control-0.0.0-py3.10.egg-info' (and everything under it)
[8.575s] Copying ../../build/auv_control/auv_control.egg-info to /home/raspberry/Auv_ws/install/auv_control/lib/python3.10/site-packages/auv_control-0.0.0-py3.10.egg-info
[8.585s] running install_scripts
[8.779s] Installing heading_controller script to /home/raspberry/Auv_ws/install/auv_control/lib/auv_control
[8.786s] writing list of installed files to '/home/raspberry/Auv_ws/build/auv_control/install.log'
[9.103s] Invoked command in '/home/raspberry/Auv_ws/src/auv_control' returned '0': PYTHONPATH=/home/raspberry/Auv_ws/build/auv_control/prefix_override:/usr/lib/python3/dist-packages/colcon_core/task/python/colcon_distutils_commands:/home/raspberry/Auv_ws/install/auv_control/lib/python3.10/site-packages:${PYTHONPATH} /usr/bin/python3 -W ignore:setup.py install is deprecated -W ignore:easy_install command is deprecated setup.py egg_info --egg-base ../../build/auv_control build --build-base /home/raspberry/Auv_ws/build/auv_control/build install --record /home/raspberry/Auv_ws/build/auv_control/install.log --single-version-externally-managed install_data
