[6.799s] Invoking command in '/home/raspberry/Auv_ws/src/auv_bringup': PYTHONPATH=/home/raspberry/Auv_ws/build/auv_bringup/prefix_override:/usr/lib/python3/dist-packages/colcon_core/task/python/colcon_distutils_commands:/home/raspberry/Auv_ws/install/auv_bringup/lib/python3.10/site-packages:${PYTHONPATH} /usr/bin/python3 -W ignore:setup.py install is deprecated -W ignore:easy_install command is deprecated setup.py egg_info --egg-base ../../build/auv_bringup build --build-base /home/raspberry/Auv_ws/build/auv_bringup/build install --record /home/raspberry/Auv_ws/build/auv_bringup/install.log --single-version-externally-managed install_data
[8.393s] running egg_info
[8.396s] writing ../../build/auv_bringup/auv_bringup.egg-info/PKG-INFO
[8.398s] writing dependency_links to ../../build/auv_bringup/auv_bringup.egg-info/dependency_links.txt
[8.400s] writing entry points to ../../build/auv_bringup/auv_bringup.egg-info/entry_points.txt
[8.401s] writing requirements to ../../build/auv_bringup/auv_bringup.egg-info/requires.txt
[8.401s] writing top-level names to ../../build/auv_bringup/auv_bringup.egg-info/top_level.txt
[8.412s] reading manifest file '../../build/auv_bringup/auv_bringup.egg-info/SOURCES.txt'
[8.426s] writing manifest file '../../build/auv_bringup/auv_bringup.egg-info/SOURCES.txt'
[8.431s] running build
[8.432s] running build_py
[8.433s] running install
[8.435s] running install_lib
[8.446s] running install_data
[8.447s] running install_egg_info
[8.452s] removing '/home/raspberry/Auv_ws/install/auv_bringup/lib/python3.10/site-packages/auv_bringup-0.0.0-py3.10.egg-info' (and everything under it)
[8.453s] Copying ../../build/auv_bringup/auv_bringup.egg-info to /home/raspberry/Auv_ws/install/auv_bringup/lib/python3.10/site-packages/auv_bringup-0.0.0-py3.10.egg-info
[8.453s] running install_scripts
[8.555s] writing list of installed files to '/home/raspberry/Auv_ws/build/auv_bringup/install.log'
[8.968s] Invoked command in '/home/raspberry/Auv_ws/src/auv_bringup' returned '0': PYTHONPATH=/home/raspberry/Auv_ws/build/auv_bringup/prefix_override:/usr/lib/python3/dist-packages/colcon_core/task/python/colcon_distutils_commands:/home/raspberry/Auv_ws/install/auv_bringup/lib/python3.10/site-packages:${PYTHONPATH} /usr/bin/python3 -W ignore:setup.py install is deprecated -W ignore:easy_install command is deprecated setup.py egg_info --egg-base ../../build/auv_bringup build --build-base /home/raspberry/Auv_ws/build/auv_bringup/build install --record /home/raspberry/Auv_ws/build/auv_bringup/install.log --single-version-externally-managed install_data
