[8.389s] Invoking command in '/home/raspberry/Auv_ws/src/serial_bridge': PYTHONPATH=/home/raspberry/Auv_ws/build/serial_bridge/prefix_override:/usr/lib/python3/dist-packages/colcon_core/task/python/colcon_distutils_commands:/home/raspberry/Auv_ws/install/serial_bridge/lib/python3.10/site-packages:${PYTHONPATH} /usr/bin/python3 -W ignore:setup.py install is deprecated -W ignore:easy_install command is deprecated setup.py egg_info --egg-base ../../build/serial_bridge build --build-base /home/raspberry/Auv_ws/build/serial_bridge/build install --record /home/raspberry/Auv_ws/build/serial_bridge/install.log --single-version-externally-managed install_data
[10.668s] running egg_info
[10.673s] writing ../../build/serial_bridge/serial_bridge.egg-info/PKG-INFO
[10.675s] writing dependency_links to ../../build/serial_bridge/serial_bridge.egg-info/dependency_links.txt
[10.677s] writing entry points to ../../build/serial_bridge/serial_bridge.egg-info/entry_points.txt
[10.678s] writing requirements to ../../build/serial_bridge/serial_bridge.egg-info/requires.txt
[10.680s] writing top-level names to ../../build/serial_bridge/serial_bridge.egg-info/top_level.txt
[10.691s] reading manifest file '../../build/serial_bridge/serial_bridge.egg-info/SOURCES.txt'
[10.697s] writing manifest file '../../build/serial_bridge/serial_bridge.egg-info/SOURCES.txt'
[10.698s] running build
[10.699s] running build_py
[10.702s] running install
[10.704s] running install_lib
[10.713s] running install_data
[10.715s] running install_egg_info
[10.724s] removing '/home/raspberry/Auv_ws/install/serial_bridge/lib/python3.10/site-packages/serial_bridge-0.0.0-py3.10.egg-info' (and everything under it)
[10.727s] Copying ../../build/serial_bridge/serial_bridge.egg-info to /home/raspberry/Auv_ws/install/serial_bridge/lib/python3.10/site-packages/serial_bridge-0.0.0-py3.10.egg-info
[10.738s] running install_scripts
[10.846s] Installing arduino_bridge script to /home/raspberry/Auv_ws/install/serial_bridge/lib/serial_bridge
[10.847s] Installing imu_dashboard_adapter script to /home/raspberry/Auv_ws/install/serial_bridge/lib/serial_bridge
[10.850s] writing list of installed files to '/home/raspberry/Auv_ws/build/serial_bridge/install.log'
[11.078s] Invoked command in '/home/raspberry/Auv_ws/src/serial_bridge' returned '0': PYTHONPATH=/home/raspberry/Auv_ws/build/serial_bridge/prefix_override:/usr/lib/python3/dist-packages/colcon_core/task/python/colcon_distutils_commands:/home/raspberry/Auv_ws/install/serial_bridge/lib/python3.10/site-packages:${PYTHONPATH} /usr/bin/python3 -W ignore:setup.py install is deprecated -W ignore:easy_install command is deprecated setup.py egg_info --egg-base ../../build/serial_bridge build --build-base /home/raspberry/Auv_ws/build/serial_bridge/build install --record /home/raspberry/Auv_ws/build/serial_bridge/install.log --single-version-externally-managed install_data
