[2.760s] Invoking command in '/home/raspberry/Auv_ws/build/serial_bridge': PYTHONPATH=/home/raspberry/Auv_ws/build/serial_bridge/prefix_override:/usr/lib/python3/dist-packages/colcon_core/task/python/colcon_distutils_commands:/home/raspberry/Auv_ws/install/serial_bridge/lib/python3.10/site-packages:${PYTHONPATH} /usr/bin/python3 -W ignore:setup.py install is deprecated -W ignore:easy_install command is deprecated setup.py develop --editable --build-directory /home/raspberry/Auv_ws/build/serial_bridge/build --no-deps symlink_data --force
[3.830s] running develop
[4.441s] running egg_info
[4.442s] writing serial_bridge.egg-info/PKG-INFO
[4.444s] writing dependency_links to serial_bridge.egg-info/dependency_links.txt
[4.444s] writing entry points to serial_bridge.egg-info/entry_points.txt
[4.445s] writing requirements to serial_bridge.egg-info/requires.txt
[4.446s] writing top-level names to serial_bridge.egg-info/top_level.txt
[4.453s] reading manifest file 'serial_bridge.egg-info/SOURCES.txt'
[4.505s] writing manifest file 'serial_bridge.egg-info/SOURCES.txt'
[4.512s] running build_ext
[4.512s] Creating /home/raspberry/Auv_ws/install/serial_bridge/lib/python3.10/site-packages/serial-bridge.egg-link (link to .)
[4.516s] Installing arduino_bridge script to /home/raspberry/Auv_ws/install/serial_bridge/lib/serial_bridge
[4.516s] Installing imu_dashboard_adapter script to /home/raspberry/Auv_ws/install/serial_bridge/lib/serial_bridge
[4.518s] 
[4.518s] Installed /home/raspberry/Auv_ws/build/serial_bridge
[4.519s] running symlink_data
[4.519s] symbolically linking /home/raspberry/Auv_ws/build/serial_bridge/resource/serial_bridge -> /home/raspberry/Auv_ws/install/serial_bridge/share/ament_index/resource_index/packages
[4.519s] symbolically linking /home/raspberry/Auv_ws/build/serial_bridge/package.xml -> /home/raspberry/Auv_ws/install/serial_bridge/share/serial_bridge
[4.647s] Invoked command in '/home/raspberry/Auv_ws/build/serial_bridge' returned '0': PYTHONPATH=/home/raspberry/Auv_ws/build/serial_bridge/prefix_override:/usr/lib/python3/dist-packages/colcon_core/task/python/colcon_distutils_commands:/home/raspberry/Auv_ws/install/serial_bridge/lib/python3.10/site-packages:${PYTHONPATH} /usr/bin/python3 -W ignore:setup.py install is deprecated -W ignore:easy_install command is deprecated setup.py develop --editable --build-directory /home/raspberry/Auv_ws/build/serial_bridge/build --no-deps symlink_data --force
